[<<][5cad08a845324674004707][DEFAULT][/lnl.php][19/Apr/9 21:03:36][19/Apr/9 21:03:36][took 0.00060700000000002 secs]
[<<][5cad08a84d034852959662][DEFAULT][/lib/results/printDocument.php][19/Apr/9 21:03:36][19/Apr/9 21:03:36][took 0.003353 secs]
[>>][5cad08a84ddfa546779937][DEFAULT][/lib/results/printDocument.php][19/Apr/9 21:03:36]
[<<][5cad08a84ddfa546779937][DEFAULT][/lib/results/printDocument.php][19/Apr/9 21:03:36][19/Apr/9 21:03:38][took 2.31864 secs]
[<<][5cad08eaa787c594753046][DEFAULT][/index.php][19/Apr/9 21:04:42][19/Apr/9 21:04:42][took 0.003627 secs]
[>>][5cad08eaa8773803017749][DEFAULT][/index.php][19/Apr/9 21:04:42]
[<<][5cad08eaa8773803017749][DEFAULT][/index.php][19/Apr/9 21:04:42][19/Apr/9 21:04:42][took 0.00065300000000001 secs]
[<<][5cad0abcda5df605565450][DEFAULT][/lnl.php][19/Apr/9 21:12:28][19/Apr/9 21:12:28][took 0.003462 secs]
[>>][5cad0abcdb443717667645][DEFAULT][/lnl.php][19/Apr/9 21:12:28]
[<<][5cad0abcec32c587186070][DEFAULT][/lnl.php][19/Apr/9 21:12:28][19/Apr/9 21:12:28][took 0.00043499999999996 secs]
[<<][5cad0abcf375e646264982][DEFAULT][/lib/results/printDocument.php][19/Apr/9 21:12:28][19/Apr/9 21:12:28][took 0.003432 secs]
[>>][5cad0abd0034b037561368][DEFAULT][/lib/results/printDocument.php][19/Apr/9 21:12:28]
[<<][5cad0abd0034b037561368][DEFAULT][/lib/results/printDocument.php][19/Apr/9 21:12:28][19/Apr/9 21:12:31][took 2.090692 secs]
[<<][5cad0ac4ddaea395486508][DEFAULT][/lib/results/printDocOptions.php][19/Apr/9 21:12:36][19/Apr/9 21:12:36][took 0.003363 secs]
[>>][5cad0ac4de8d2408810228][DEFAULT][/lib/results/printDocOptions.php][19/Apr/9 21:12:36]
[<<][5cad0ac4de8d2408810228][DEFAULT][/lib/results/printDocOptions.php][19/Apr/9 21:12:36][19/Apr/9 21:12:36][took 9.7000000000014E-5 secs]
[<<][5cad0ac4ed07f788347662][DEFAULT][/login.php][19/Apr/9 21:12:36][19/Apr/9 21:12:36][took 0.0030939999999999 secs]
[>>][5cad0ac4edd58448056536][DEFAULT][/login.php][19/Apr/9 21:12:36]
[<<][5cafb7166a899042116458][DEFAULT][/lnl.php][19/Apr/11 21:52:22][19/Apr/11 21:52:22][took 0.00071399999999999 secs]
[<<][5cafb716734a8077344787][DEFAULT][/lib/results/metricsDashboard.php][19/Apr/11 21:52:22][19/Apr/11 21:52:22][took 0.003317 secs]
[>>][5cafb71674252408163575][DEFAULT][/lib/results/metricsDashboard.php][19/Apr/11 21:52:22]
	[19/Apr/11 21:52:22][WARNING][<nosession>][GUI]
		E_NOTICE
Undefined property: stdClass::$tplan_id - in /opt/bitnami/apps/testlink/htdocs/lib/functions/common.php - Line 1314
[<<][5cafb71674252408163575][DEFAULT][/lib/results/metricsDashboard.php][19/Apr/11 21:52:22][19/Apr/11 21:52:22][took 0.061472 secs]
[<<][5cafb724c4ec0571486061][DEFAULT][/lib/results/metricsDashboard.php][19/Apr/11 21:52:36][19/Apr/11 21:52:36][took 0.003529 secs]
[>>][5cafb724c5d56566690088][DEFAULT][/lib/results/metricsDashboard.php][19/Apr/11 21:52:36]
[<<][5cafb724c5d56566690088][DEFAULT][/lib/results/metricsDashboard.php][19/Apr/11 21:52:36][19/Apr/11 21:52:36][took 8.7999999999977E-5 secs]
[<<][5cafb724d3a61329057650][DEFAULT][/login.php][19/Apr/11 21:52:36][19/Apr/11 21:52:36][took 0.0026079999999999 secs]
[>>][5cafb724d452e227842481][DEFAULT][/login.php][19/Apr/11 21:52:36]
[<<][5d1a880d7a4fd433181170][DEFAULT][/lnl.php][19/Jul/1 22:24:13][19/Jul/1 22:24:13][took 0.00066200000000005 secs]
[<<][5d1a880d8392f521797197][DEFAULT][/lib/results/printDocument.php][19/Jul/1 22:24:13][19/Jul/1 22:24:13][took 0.003316 secs]
[>>][5d1a880d84718444398622][DEFAULT][/lib/results/printDocument.php][19/Jul/1 22:24:13]
[<<][5d1a880d84718444398622][DEFAULT][/lib/results/printDocument.php][19/Jul/1 22:24:13][19/Jul/1 22:24:14][took 0.614631 secs]
[<<][5d1b675827b8a433543948][DEFAULT][/index.php][19/Jul/2 14:16:56][19/Jul/2 14:16:56][took 0.003586 secs]
[>>][5d1b675828a65772198116][DEFAULT][/index.php][19/Jul/2 14:16:56]
[<<][5d1b675828a65772198116][DEFAULT][/index.php][19/Jul/2 14:16:56][19/Jul/2 14:16:56][took 0.000635 secs]
[<<][5d1b675846216977587894][DEFAULT][/login.php][19/Jul/2 14:16:56][19/Jul/2 14:16:56][took 0.002899 secs]
[>>][5d1b675846e25459590207][DEFAULT][/login.php][19/Jul/2 14:16:56]
[<<][5d1b675846e25459590207][DEFAULT][/login.php][19/Jul/2 14:16:56][19/Jul/2 14:16:56][took 0.002553 secs]
[<<][5d1b67648922d199301625][DEFAULT][/login.php][19/Jul/2 14:17:08][19/Jul/2 14:17:08][took 0.00326 secs]
[>>][5d1b676489fc8753254988][DEFAULT][/login.php][19/Jul/2 14:17:08]
[<<][5d1b676489fc8753254988][DEFAULT][/login.php][19/Jul/2 14:17:08][19/Jul/2 14:17:08][took 0.004363 secs]
[>>][5d1b67648b175781694664][DEFAULT][/login.php][19/Jul/2 14:17:08]
