	[19/Sep/20 03:40:10][AUDIT][d8ebf4pk7gs7mvhuckni8i2o0a][GUI - Test Project ID : 71110]
		Login for 'brian.stewart' from '76.27.106.37' succeeded
[<<][5d844a1a2e003071309070][DEFAULT][/login.php][19/Sep/20 03:40:10][19/Sep/20 03:40:10][took 0.04455 secs]
[<<][5d844a1a51315795805521][DEFAULT][/index.php][19/Sep/20 03:40:10][19/Sep/20 03:40:10][took 0.0033879999999999 secs]
[>>][5d844a1a52111540991166][DEFAULT][/index.php][19/Sep/20 03:40:10]
[<<][5d844a1a52111540991166][DEFAULT][/index.php][19/Sep/20 03:40:10][19/Sep/20 03:40:10][took 0.00181 secs]
[<<][5d844a1a637ce170221501][DEFAULT][/lib/general/navBar.php][19/Sep/20 03:40:10][19/Sep/20 03:40:10][took 0.003082 secs]
[>>][5d844a1a6448d703432534][DEFAULT][/lib/general/navBar.php][19/Sep/20 03:40:10]
[<<][5d844a1a6448d703432534][DEFAULT][/lib/general/navBar.php][19/Sep/20 03:40:10][19/Sep/20 03:40:10][took 0.004668 secs]
[>>][5d844a1a65768153060891][DEFAULT][/lib/general/navBar.php][19/Sep/20 03:40:10]
[<<][5d844a1a65768153060891][DEFAULT][/lib/general/navBar.php][19/Sep/20 03:40:10][19/Sep/20 03:40:10][took 0.009273 secs]
[<<][5d844a1a64c70083624027][DEFAULT][/lib/general/mainPage.php][19/Sep/20 03:40:10][19/Sep/20 03:40:10][took 0.021932 secs]
[>>][5d844a1a6a2c7851090253][DEFAULT][/lib/general/mainPage.php][19/Sep/20 03:40:10]
[<<][5d844a1a6a2c7851090253][DEFAULT][/lib/general/mainPage.php][19/Sep/20 03:40:10][19/Sep/20 03:40:10][took 0.001566 secs]
[>>][5d844a1a6a970607906470][DEFAULT][/lib/general/mainPage.php][19/Sep/20 03:40:10]
	[19/Sep/20 03:40:10][WARNING][d8ebf4pk7gs7mvhuckni8i2o0a][GUI - Test Project ID : 71110]
		E_NOTICE
Undefined index: platform_view - in /opt/bitnami/apps/testlink/htdocs/gui/templates_c/835a037b28214872edd369779d57f903f1734c6a.file.mainPageLeft.tpl.php - Line 205
[<<][5d844a1a6a970607906470][DEFAULT][/lib/general/mainPage.php][19/Sep/20 03:40:10][19/Sep/20 03:40:10][took 0.079731 secs]
[<<][5d844a49332c6021278077][DEFAULT][/index.php][19/Sep/20 03:40:57][19/Sep/20 03:40:57][took 0.004106 secs]
[>>][5d844a49343a5738711086][DEFAULT][/index.php][19/Sep/20 03:40:57]
[<<][5d844a49343a5738711086][DEFAULT][/index.php][19/Sep/20 03:40:57][19/Sep/20 03:40:57][took 0.001948 secs]
[<<][5d844a4949348150652730][DEFAULT][/lib/general/navBar.php][19/Sep/20 03:40:57][19/Sep/20 03:40:57][took 0.003072 secs]
[>>][5d844a4949fff285730330][DEFAULT][/lib/general/navBar.php][19/Sep/20 03:40:57]
[<<][5d844a4949fff285730330][DEFAULT][/lib/general/navBar.php][19/Sep/20 03:40:57][19/Sep/20 03:40:57][took 0.002106 secs]
[>>][5d844a494a8d9479031986][DEFAULT][/lib/general/navBar.php][19/Sep/20 03:40:57]
[<<][5d844a494a8d9479031986][DEFAULT][/lib/general/navBar.php][19/Sep/20 03:40:57][19/Sep/20 03:40:57][took 0.008069 secs]
[<<][5d844a49493b7244747680][DEFAULT][/lib/general/mainPage.php][19/Sep/20 03:40:57][19/Sep/20 03:40:57][took 0.015356 secs]
[>>][5d844a494d05a566872341][DEFAULT][/lib/general/mainPage.php][19/Sep/20 03:40:57]
[<<][5d844a494d05a566872341][DEFAULT][/lib/general/mainPage.php][19/Sep/20 03:40:57][19/Sep/20 03:40:57][took 0.001416 secs]
[>>][5d844a494d66d244890415][DEFAULT][/lib/general/mainPage.php][19/Sep/20 03:40:57]
	[19/Sep/20 03:40:57][WARNING][d8ebf4pk7gs7mvhuckni8i2o0a][GUI - Test Project ID : 71110]
		E_NOTICE
Undefined index: platform_view - in /opt/bitnami/apps/testlink/htdocs/gui/templates_c/835a037b28214872edd369779d57f903f1734c6a.file.mainPageLeft.tpl.php - Line 205
[<<][5d844a494d66d244890415][DEFAULT][/lib/general/mainPage.php][19/Sep/20 03:40:57][19/Sep/20 03:40:57][took 0.042389 secs]
