	[19/Aug/27 16:27:57][AUDIT][2p3kqtknsbvk2pmjatnqeg9bnr][GUI - Test Project ID : 71110]
		Login for 'richard.hoyt' from '209.253.35.146' succeeded
[<<][5d655a0d74f14673619895][DEFAULT][/login.php][19/Aug/27 16:27:57][19/Aug/27 16:27:57][took 0.045953 secs]
[<<][5d655a0d8f814159823218][DEFAULT][/index.php][19/Aug/27 16:27:57][19/Aug/27 16:27:57][took 0.003899 secs]
[>>][5d655a0d90816354355626][DEFAULT][/index.php][19/Aug/27 16:27:57]
[<<][5d655a0d90816354355626][DEFAULT][/index.php][19/Aug/27 16:27:57][19/Aug/27 16:27:57][took 0.001597 secs]
[<<][5d655a0d9f9c5537472022][DEFAULT][/lib/general/navBar.php][19/Aug/27 16:27:57][19/Aug/27 16:27:57][took 0.003298 secs]
[>>][5d655a0da076e268794935][DEFAULT][/lib/general/navBar.php][19/Aug/27 16:27:57]
[<<][5d655a0da076e268794935][DEFAULT][/lib/general/navBar.php][19/Aug/27 16:27:57][19/Aug/27 16:27:57][took 0.002019 secs]
[>>][5d655a0da0fef129616457][DEFAULT][/lib/general/navBar.php][19/Aug/27 16:27:57]
[<<][5d655a0da0fef129616457][DEFAULT][/lib/general/navBar.php][19/Aug/27 16:27:57][19/Aug/27 16:27:57][took 0.008826 secs]
[<<][5d655a0d9f9c4915380041][DEFAULT][/lib/general/mainPage.php][19/Aug/27 16:27:57][19/Aug/27 16:27:57][took 0.016409 secs]
[>>][5d655a0da3aa2199935259][DEFAULT][/lib/general/mainPage.php][19/Aug/27 16:27:57]
[<<][5d655a0da3aa2199935259][DEFAULT][/lib/general/mainPage.php][19/Aug/27 16:27:57][19/Aug/27 16:27:57][took 0.017342 secs]
[>>][5d655a0da7efb080380841][DEFAULT][/lib/general/mainPage.php][19/Aug/27 16:27:57]
[<<][5d655a0da7efb080380841][DEFAULT][/lib/general/mainPage.php][19/Aug/27 16:27:57][19/Aug/27 16:27:57][took 0.011522 secs]
[<<][5d655a14c6552891219247][DEFAULT][/index.php][19/Aug/27 16:28:04][19/Aug/27 16:28:04][took 0.003448 secs]
[>>][5d655a14c7398742310387][DEFAULT][/index.php][19/Aug/27 16:28:04]
[<<][5d655a14c7398742310387][DEFAULT][/index.php][19/Aug/27 16:28:04][19/Aug/27 16:28:04][took 0.002344 secs]
[<<][5d655a14dc889850155008][DEFAULT][/lib/general/navBar.php][19/Aug/27 16:28:04][19/Aug/27 16:28:04][took 0.0032989999999999 secs]
[>>][5d655a14dd640744118312][DEFAULT][/lib/general/navBar.php][19/Aug/27 16:28:04]
[<<][5d655a14dd640744118312][DEFAULT][/lib/general/navBar.php][19/Aug/27 16:28:04][19/Aug/27 16:28:04][took 0.0060530000000001 secs]
[>>][5d655a14dee80642768918][DEFAULT][/lib/general/navBar.php][19/Aug/27 16:28:04]
[<<][5d655a14dee80642768918][DEFAULT][/lib/general/navBar.php][19/Aug/27 16:28:04][19/Aug/27 16:28:04][took 0.004124 secs]
[<<][5d655a14dcc88134180899][DEFAULT][/lib/general/mainPage.php][19/Aug/27 16:28:04][19/Aug/27 16:28:04][took 0.015611 secs]
[>>][5d655a14e0a30299532592][DEFAULT][/lib/general/mainPage.php][19/Aug/27 16:28:04]
[<<][5d655a14e0a30299532592][DEFAULT][/lib/general/mainPage.php][19/Aug/27 16:28:04][19/Aug/27 16:28:04][took 0.001398 secs]
[>>][5d655a14e1032403072429][DEFAULT][/lib/general/mainPage.php][19/Aug/27 16:28:04]
[<<][5d655a14e1032403072429][DEFAULT][/lib/general/mainPage.php][19/Aug/27 16:28:04][19/Aug/27 16:28:04][took 0.009823 secs]
[<<][5d655a1954eb0571620668][DEFAULT][/lib/general/navBar.php][19/Aug/27 16:28:09][19/Aug/27 16:28:09][took 0.00344 secs]
[>>][5d655a1955cf9505142394][DEFAULT][/lib/general/navBar.php][19/Aug/27 16:28:09]
[<<][5d655a1955cf9505142394][DEFAULT][/lib/general/navBar.php][19/Aug/27 16:28:09][19/Aug/27 16:28:09][took 0.00243 secs]
[>>][5d655a1956715499807525][DEFAULT][/lib/general/navBar.php][19/Aug/27 16:28:09]
	[19/Aug/27 16:28:09][WARNING][2p3kqtknsbvk2pmjatnqeg9bnr][GUI - Test Project ID : 21]
		E_NOTICE
Undefined property: stdClass::$prefix - in /opt/bitnami/apps/testlink/htdocs/lib/general/navBar.php - Line 173
[<<][5d655a1956715499807525][DEFAULT][/lib/general/navBar.php][19/Aug/27 16:28:09][19/Aug/27 16:28:09][took 0.047101 secs]
[<<][5d655a19898c2156598893][DEFAULT][/lib/general/mainPage.php][19/Aug/27 16:28:09][19/Aug/27 16:28:09][took 0.0043270000000001 secs]
[>>][5d655a198aae0397766470][DEFAULT][/lib/general/mainPage.php][19/Aug/27 16:28:09]
[<<][5d655a198aae0397766470][DEFAULT][/lib/general/mainPage.php][19/Aug/27 16:28:09][19/Aug/27 16:28:09][took 0.001779 secs]
[>>][5d655a198b2a2307987577][DEFAULT][/lib/general/mainPage.php][19/Aug/27 16:28:09]
[<<][5d655a198b2a2307987577][DEFAULT][/lib/general/mainPage.php][19/Aug/27 16:28:09][19/Aug/27 16:28:09][took 0.009304 secs]
[<<][5d655a2305a41441012233][DEFAULT][/lib/general/mainPage.php][19/Aug/27 16:28:19][19/Aug/27 16:28:19][took 0.003297 secs]
[>>][5d655a23067de732609659][DEFAULT][/lib/general/mainPage.php][19/Aug/27 16:28:19]
[<<][5d655a23067de732609659][DEFAULT][/lib/general/mainPage.php][19/Aug/27 16:28:19][19/Aug/27 16:28:19][took 0.001773 secs]
[>>][5d655a2306f6b525617201][DEFAULT][/lib/general/mainPage.php][19/Aug/27 16:28:19]
[<<][5d655a2306f6b525617201][DEFAULT][/lib/general/mainPage.php][19/Aug/27 16:28:19][19/Aug/27 16:28:19][took 0.009197 secs]
[<<][5d655a25ba65f868928835][DEFAULT][/lib/general/mainPage.php][19/Aug/27 16:28:21][19/Aug/27 16:28:21][took 0.003256 secs]
[>>][5d655a25bb3d6058696255][DEFAULT][/lib/general/mainPage.php][19/Aug/27 16:28:21]
[<<][5d655a25bb3d6058696255][DEFAULT][/lib/general/mainPage.php][19/Aug/27 16:28:21][19/Aug/27 16:28:21][took 0.001953 secs]
[>>][5d655a25bbc15235728945][DEFAULT][/lib/general/mainPage.php][19/Aug/27 16:28:21]
[<<][5d655a25bbc15235728945][DEFAULT][/lib/general/mainPage.php][19/Aug/27 16:28:21][19/Aug/27 16:28:21][took 0.005421 secs]
[<<][5d655a29526df694992525][DEFAULT][/index.php][19/Aug/27 16:28:25][19/Aug/27 16:28:25][took 0.003547 secs]
[>>][5d655a2953585627106630][DEFAULT][/index.php][19/Aug/27 16:28:25]
[<<][5d655a2953585627106630][DEFAULT][/index.php][19/Aug/27 16:28:25][19/Aug/27 16:28:25][took 0.001505 secs]
[<<][5d655a296763e838640642][DEFAULT][/lib/general/navBar.php][19/Aug/27 16:28:25][19/Aug/27 16:28:25][took 0.004114 secs]
[>>][5d655a2968791085448661][DEFAULT][/lib/general/navBar.php][19/Aug/27 16:28:25]
[<<][5d655a2968791085448661][DEFAULT][/lib/general/navBar.php][19/Aug/27 16:28:25][19/Aug/27 16:28:25][took 0.002451 secs]
[>>][5d655a29691ca073643927][DEFAULT][/lib/general/navBar.php][19/Aug/27 16:28:25]
[<<][5d655a29691ca073643927][DEFAULT][/lib/general/navBar.php][19/Aug/27 16:28:25][19/Aug/27 16:28:25][took 0.004861 secs]
[<<][5d655a29754af889180201][DEFAULT][/lib/general/mainPage.php][19/Aug/27 16:28:25][19/Aug/27 16:28:25][took 0.003106 secs]
[>>][5d655a297618d027041985][DEFAULT][/lib/general/mainPage.php][19/Aug/27 16:28:25]
[<<][5d655a297618d027041985][DEFAULT][/lib/general/mainPage.php][19/Aug/27 16:28:25][19/Aug/27 16:28:25][took 0.001852 secs]
[>>][5d655a297695a143033364][DEFAULT][/lib/general/mainPage.php][19/Aug/27 16:28:25]
[<<][5d655a297695a143033364][DEFAULT][/lib/general/mainPage.php][19/Aug/27 16:28:25][19/Aug/27 16:28:25][took 0.005244 secs]
[<<][5d6560b31473e160504508][DEFAULT][/index.php][19/Aug/27 16:56:19][19/Aug/27 16:56:19][took 0.003577 secs]
[>>][5d6560b315604479494606][DEFAULT][/index.php][19/Aug/27 16:56:19]
[<<][5d6560b315604479494606][DEFAULT][/index.php][19/Aug/27 16:56:19][19/Aug/27 16:56:19][took 0.002206 secs]
[<<][5d6560b323c9d143215150][DEFAULT][/lib/general/mainPage.php][19/Aug/27 16:56:19][19/Aug/27 16:56:19][took 0.003256 secs]
[>>][5d6560b324a23540903621][DEFAULT][/lib/general/mainPage.php][19/Aug/27 16:56:19]
[<<][5d6560b324a23540903621][DEFAULT][/lib/general/mainPage.php][19/Aug/27 16:56:19][19/Aug/27 16:56:19][took 0.002334 secs]
[>>][5d6560b3253ee421660291][DEFAULT][/lib/general/mainPage.php][19/Aug/27 16:56:19]
	[19/Aug/27 16:56:19][WARNING][2p3kqtknsbvk2pmjatnqeg9bnr][GUI - Test Project ID : 21]
		E_NOTICE
Undefined index: platform_view - in /opt/bitnami/apps/testlink/htdocs/gui/templates_c/835a037b28214872edd369779d57f903f1734c6a.file.mainPageLeft.tpl.php - Line 205
[<<][5d6560b3253ee421660291][DEFAULT][/lib/general/mainPage.php][19/Aug/27 16:56:19][19/Aug/27 16:56:19][took 0.064527 secs]
[<<][5d6560b323c9e818579745][DEFAULT][/lib/general/navBar.php][19/Aug/27 16:56:19][19/Aug/27 16:56:19][took 0.103148 secs]
[>>][5d6560b33d09f609985033][DEFAULT][/lib/general/navBar.php][19/Aug/27 16:56:19]
[<<][5d6560b33d09f609985033][DEFAULT][/lib/general/navBar.php][19/Aug/27 16:56:19][19/Aug/27 16:56:19][took 0.002132 secs]
[>>][5d6560b33d9f3658521307][DEFAULT][/lib/general/navBar.php][19/Aug/27 16:56:19]
[<<][5d6560b33d9f3658521307][DEFAULT][/lib/general/navBar.php][19/Aug/27 16:56:19][19/Aug/27 16:56:19][took 0.018286 secs]
[<<][5d6560b71f3c5148363780][DEFAULT][/lib/general/frmWorkArea.php][19/Aug/27 16:56:23][19/Aug/27 16:56:23][took 0.002804 secs]
[>>][5d6560b71ff72040073982][DEFAULT][/lib/general/frmWorkArea.php][19/Aug/27 16:56:23]
[<<][5d6560b71ff72040073982][DEFAULT][/lib/general/frmWorkArea.php][19/Aug/27 16:56:23][19/Aug/27 16:56:23][took 0.001751 secs]
[>>][5d6560b7206d4660335379][DEFAULT][/lib/general/frmWorkArea.php][19/Aug/27 16:56:23]
[<<][5d6560b7206d4660335379][DEFAULT][/lib/general/frmWorkArea.php][19/Aug/27 16:56:23][19/Aug/27 16:56:23][took 0.00081700000000001 secs]
[<<][5d6560b72af1b605172428][DEFAULT][/lib/testcases/listTestCases.php][19/Aug/27 16:56:23][19/Aug/27 16:56:23][took 0.00269 secs]
[>>][5d6560b72ba4d436216098][DEFAULT][/lib/testcases/listTestCases.php][19/Aug/27 16:56:23]
[<<][5d6560b72ba4d436216098][DEFAULT][/lib/testcases/listTestCases.php][19/Aug/27 16:56:23][19/Aug/27 16:56:23][took 0.001711 secs]
[>>][5d6560b72c184826898567][DEFAULT][/lib/testcases/listTestCases.php][19/Aug/27 16:56:23]
[<<][5d6560b72c184826898567][DEFAULT][/lib/testcases/listTestCases.php][19/Aug/27 16:56:23][19/Aug/27 16:56:23][took 0.018824 secs]
[<<][5d6560b72bb8b425460450][DEFAULT][/lib/testcases/archiveData.php][19/Aug/27 16:56:23][19/Aug/27 16:56:23][took 0.025641 secs]
[>>][5d6560b732062848137962][DEFAULT][/lib/testcases/archiveData.php][19/Aug/27 16:56:23]
[<<][5d6560b732062848137962][DEFAULT][/lib/testcases/archiveData.php][19/Aug/27 16:56:23][19/Aug/27 16:56:23][took 0.001802 secs]
[>>][5d6560b7327f9145529886][DEFAULT][/lib/testcases/archiveData.php][19/Aug/27 16:56:23]
[<<][5d6560b7327f9145529886][DEFAULT][/lib/testcases/archiveData.php][19/Aug/27 16:56:23][19/Aug/27 16:56:23][took 0.007309 secs]
[<<][5d6560b761034008470338][DEFAULT][/lib/ajax/gettprojectnodes.php][19/Aug/27 16:56:23][19/Aug/27 16:56:23][took 0.003561 secs]
[>>][5d6560b761ed2792108637][DEFAULT][/lib/ajax/gettprojectnodes.php][19/Aug/27 16:56:23]
[<<][5d6560b761ed2792108637][DEFAULT][/lib/ajax/gettprojectnodes.php][19/Aug/27 16:56:23][19/Aug/27 16:56:23][took 0.002615 secs]
[>>][5d6560b7629ea430914556][DEFAULT][/lib/ajax/gettprojectnodes.php][19/Aug/27 16:56:23]
[<<][5d6560b7629ea430914556][DEFAULT][/lib/ajax/gettprojectnodes.php][19/Aug/27 16:56:23][19/Aug/27 16:56:23][took 0.019102 secs]
[<<][5d6560e23436b617948643][DEFAULT][/lib/ajax/gettprojectnodes.php][19/Aug/27 16:57:06][19/Aug/27 16:57:06][took 0.003397 secs]
[>>][5d6560e2351af637770679][DEFAULT][/lib/ajax/gettprojectnodes.php][19/Aug/27 16:57:06]
[<<][5d6560e2351af637770679][DEFAULT][/lib/ajax/gettprojectnodes.php][19/Aug/27 16:57:06][19/Aug/27 16:57:06][took 0.002194 secs]
[>>][5d6560e235ae4939177127][DEFAULT][/lib/ajax/gettprojectnodes.php][19/Aug/27 16:57:06]
[<<][5d6560e235ae4939177127][DEFAULT][/lib/ajax/gettprojectnodes.php][19/Aug/27 16:57:06][19/Aug/27 16:57:06][took 0.002054 secs]
[<<][5d6560f8503d9920088231][DEFAULT][/lib/testcases/archiveData.php][19/Aug/27 16:57:28][19/Aug/27 16:57:28][took 0.003593 secs]
[>>][5d6560f8512a0568909678][DEFAULT][/lib/testcases/archiveData.php][19/Aug/27 16:57:28]
[<<][5d6560f8512a0568909678][DEFAULT][/lib/testcases/archiveData.php][19/Aug/27 16:57:28][19/Aug/27 16:57:28][took 0.0022 secs]
[>>][5d6560f851bda423182800][DEFAULT][/lib/testcases/archiveData.php][19/Aug/27 16:57:28]
[<<][5d6560f851bda423182800][DEFAULT][/lib/testcases/archiveData.php][19/Aug/27 16:57:28][19/Aug/27 16:57:28][took 0.008846 secs]
[<<][5d65610b46fa5857598153][DEFAULT][/lib/testcases/listTestCases.php][19/Aug/27 16:57:47][19/Aug/27 16:57:47][took 0.003026 secs]
[>>][5d65610b47c49310604487][DEFAULT][/lib/testcases/listTestCases.php][19/Aug/27 16:57:47]
[<<][5d65610b47c49310604487][DEFAULT][/lib/testcases/listTestCases.php][19/Aug/27 16:57:47][19/Aug/27 16:57:47][took 0.002224 secs]
[>>][5d65610b4859c190589763][DEFAULT][/lib/testcases/listTestCases.php][19/Aug/27 16:57:47]
[<<][5d65610b4859c190589763][DEFAULT][/lib/testcases/listTestCases.php][19/Aug/27 16:57:47][19/Aug/27 16:57:47][took 0.107782 secs]
[<<][5d65611112b74996952209][DEFAULT][/lib/testcases/listTestCases.php][19/Aug/27 16:57:53][19/Aug/27 16:57:53][took 0.003356 secs]
[>>][5d65611113957995681329][DEFAULT][/lib/testcases/listTestCases.php][19/Aug/27 16:57:53]
[<<][5d65611113957995681329][DEFAULT][/lib/testcases/listTestCases.php][19/Aug/27 16:57:53][19/Aug/27 16:57:53][took 0.002444 secs]
[>>][5d65611114384779552591][DEFAULT][/lib/testcases/listTestCases.php][19/Aug/27 16:57:53]
[<<][5d65611114384779552591][DEFAULT][/lib/testcases/listTestCases.php][19/Aug/27 16:57:53][19/Aug/27 16:57:53][took 0.018283 secs]
[<<][5d6561113b168539183341][DEFAULT][/lib/ajax/gettprojectnodes.php][19/Aug/27 16:57:53][19/Aug/27 16:57:53][took 0.003513 secs]
[>>][5d6561113bfee053370286][DEFAULT][/lib/ajax/gettprojectnodes.php][19/Aug/27 16:57:53]
[<<][5d6561113bfee053370286][DEFAULT][/lib/ajax/gettprojectnodes.php][19/Aug/27 16:57:53][19/Aug/27 16:57:53][took 0.002487 secs]
[>>][5d6561113ca3b649585162][DEFAULT][/lib/ajax/gettprojectnodes.php][19/Aug/27 16:57:53]
[<<][5d6561113ca3b649585162][DEFAULT][/lib/ajax/gettprojectnodes.php][19/Aug/27 16:57:53][19/Aug/27 16:57:53][took 0.020292 secs]
[<<][5d65611155c35281153609][DEFAULT][/lib/ajax/gettprojectnodes.php][19/Aug/27 16:57:53][19/Aug/27 16:57:53][took 0.003485 secs]
[>>][5d65611156a94036742942][DEFAULT][/lib/ajax/gettprojectnodes.php][19/Aug/27 16:57:53]
[<<][5d65611156a94036742942][DEFAULT][/lib/ajax/gettprojectnodes.php][19/Aug/27 16:57:53][19/Aug/27 16:57:53][took 0.002336 secs]
[>>][5d65611157453797627910][DEFAULT][/lib/ajax/gettprojectnodes.php][19/Aug/27 16:57:53]
[<<][5d65611157453797627910][DEFAULT][/lib/ajax/gettprojectnodes.php][19/Aug/27 16:57:53][19/Aug/27 16:57:53][took 0.002031 secs]
[<<][5d65612fd9c74079959432][DEFAULT][/lib/general/navBar.php][19/Aug/27 16:58:23][19/Aug/27 16:58:23][took 0.0032909999999999 secs]
[>>][5d65612fdaa2d988911171][DEFAULT][/lib/general/navBar.php][19/Aug/27 16:58:23]
[<<][5d65612fdaa2d988911171][DEFAULT][/lib/general/navBar.php][19/Aug/27 16:58:23][19/Aug/27 16:58:23][took 0.002454 secs]
[>>][5d65612fdb465482677928][DEFAULT][/lib/general/navBar.php][19/Aug/27 16:58:23]
	[19/Aug/27 16:58:23][WARNING][2p3kqtknsbvk2pmjatnqeg9bnr][GUI - Test Project ID : 1]
		E_NOTICE
Undefined property: stdClass::$prefix - in /opt/bitnami/apps/testlink/htdocs/lib/general/navBar.php - Line 173
[<<][5d65612fdb465482677928][DEFAULT][/lib/general/navBar.php][19/Aug/27 16:58:23][19/Aug/27 16:58:23][took 0.04123 secs]
[<<][5d65613010ac1422737604][DEFAULT][/lib/general/mainPage.php][19/Aug/27 16:58:24][19/Aug/27 16:58:24][took 0.003258 secs]
[>>][5d65613011861274218619][DEFAULT][/lib/general/mainPage.php][19/Aug/27 16:58:24]
[<<][5d65613011861274218619][DEFAULT][/lib/general/mainPage.php][19/Aug/27 16:58:24][19/Aug/27 16:58:24][took 0.002015 secs]
[>>][5d656130120f2968596857][DEFAULT][/lib/general/mainPage.php][19/Aug/27 16:58:24]
[<<][5d656130120f2968596857][DEFAULT][/lib/general/mainPage.php][19/Aug/27 16:58:24][19/Aug/27 16:58:24][took 0.009933 secs]
[<<][5d656134c847c503991815][DEFAULT][/lib/general/navBar.php][19/Aug/27 16:58:28][19/Aug/27 16:58:28][took 0.0031370000000001 secs]
[>>][5d656134c9199736336549][DEFAULT][/lib/general/navBar.php][19/Aug/27 16:58:28]
[<<][5d656134c9199736336549][DEFAULT][/lib/general/navBar.php][19/Aug/27 16:58:28][19/Aug/27 16:58:28][took 0.00275 secs]
[>>][5d656134c9cec538083405][DEFAULT][/lib/general/navBar.php][19/Aug/27 16:58:28]
	[19/Aug/27 16:58:28][WARNING][2p3kqtknsbvk2pmjatnqeg9bnr][GUI - Test Project ID : 21]
		E_NOTICE
Undefined property: stdClass::$prefix - in /opt/bitnami/apps/testlink/htdocs/lib/general/navBar.php - Line 173
[<<][5d656134c9cec538083405][DEFAULT][/lib/general/navBar.php][19/Aug/27 16:58:28][19/Aug/27 16:58:28][took 0.050784 secs]
[<<][5d656134ef1df534387527][DEFAULT][/lib/general/mainPage.php][19/Aug/27 16:58:28][19/Aug/27 16:58:28][took 0.003436 secs]
[>>][5d656134f001d996733235][DEFAULT][/lib/general/mainPage.php][19/Aug/27 16:58:28]
[<<][5d656134f001d996733235][DEFAULT][/lib/general/mainPage.php][19/Aug/27 16:58:28][19/Aug/27 16:58:28][took 0.006525 secs]
[>>][5d656134f1a54782672814][DEFAULT][/lib/general/mainPage.php][19/Aug/27 16:58:28]
	[19/Aug/27 16:58:29][WARNING][2p3kqtknsbvk2pmjatnqeg9bnr][GUI - Test Project ID : 21]
		E_NOTICE
Undefined index: platform_view - in /opt/bitnami/apps/testlink/htdocs/gui/templates_c/835a037b28214872edd369779d57f903f1734c6a.file.mainPageLeft.tpl.php - Line 205
[<<][5d656134f1a54782672814][DEFAULT][/lib/general/mainPage.php][19/Aug/27 16:58:28][19/Aug/27 16:58:29][took 0.076683 secs]
[<<][5d656138202d4974982865][DEFAULT][/lib/general/frmWorkArea.php][19/Aug/27 16:58:32][19/Aug/27 16:58:32][took 0.003794 secs]
[>>][5d65613821291331191213][DEFAULT][/lib/general/frmWorkArea.php][19/Aug/27 16:58:32]
[<<][5d65613821291331191213][DEFAULT][/lib/general/frmWorkArea.php][19/Aug/27 16:58:32][19/Aug/27 16:58:32][took 0.002546 secs]
[>>][5d65613821d23587421404][DEFAULT][/lib/general/frmWorkArea.php][19/Aug/27 16:58:32]
[<<][5d65613821d23587421404][DEFAULT][/lib/general/frmWorkArea.php][19/Aug/27 16:58:32][19/Aug/27 16:58:32][took 0.00084200000000001 secs]
[<<][5d6561382f18c050996057][DEFAULT][/lib/testcases/listTestCases.php][19/Aug/27 16:58:32][19/Aug/27 16:58:32][took 0.003383 secs]
[>>][5d6561382ff8e933557098][DEFAULT][/lib/testcases/listTestCases.php][19/Aug/27 16:58:32]
[<<][5d6561382ff8e933557098][DEFAULT][/lib/testcases/listTestCases.php][19/Aug/27 16:58:32][19/Aug/27 16:58:32][took 0.002488 secs]
[>>][5d656138309e6965715610][DEFAULT][/lib/testcases/listTestCases.php][19/Aug/27 16:58:32]
[<<][5d656138309e6965715610][DEFAULT][/lib/testcases/listTestCases.php][19/Aug/27 16:58:32][19/Aug/27 16:58:32][took 0.015127 secs]
[<<][5d6561382f18d485493589][DEFAULT][/lib/testcases/archiveData.php][19/Aug/27 16:58:32][19/Aug/27 16:58:32][took 0.02933 secs]
[>>][5d656138364d5427393284][DEFAULT][/lib/testcases/archiveData.php][19/Aug/27 16:58:32]
[<<][5d656138364d5427393284][DEFAULT][/lib/testcases/archiveData.php][19/Aug/27 16:58:32][19/Aug/27 16:58:32][took 0.005779 secs]
[>>][5d65613837bf3226981199][DEFAULT][/lib/testcases/archiveData.php][19/Aug/27 16:58:32]
[<<][5d65613837bf3226981199][DEFAULT][/lib/testcases/archiveData.php][19/Aug/27 16:58:32][19/Aug/27 16:58:32][took 0.00428 secs]
[<<][5d6561386201b325709051][DEFAULT][/lib/ajax/gettprojectnodes.php][19/Aug/27 16:58:32][19/Aug/27 16:58:32][took 0.006335 secs]
[>>][5d656138639a2347930805][DEFAULT][/lib/ajax/gettprojectnodes.php][19/Aug/27 16:58:32]
[<<][5d656138639a2347930805][DEFAULT][/lib/ajax/gettprojectnodes.php][19/Aug/27 16:58:32][19/Aug/27 16:58:32][took 0.002635 secs]
[>>][5d6561386448b423858772][DEFAULT][/lib/ajax/gettprojectnodes.php][19/Aug/27 16:58:32]
[<<][5d6561386448b423858772][DEFAULT][/lib/ajax/gettprojectnodes.php][19/Aug/27 16:58:32][19/Aug/27 16:58:32][took 0.008937 secs]
[<<][5d656141465f8562771036][DEFAULT][/lib/testcases/archiveData.php][19/Aug/27 16:58:41][19/Aug/27 16:58:41][took 0.002765 secs]
[>>][5d65614147173606374888][DEFAULT][/lib/testcases/archiveData.php][19/Aug/27 16:58:41]
[<<][5d65614147173606374888][DEFAULT][/lib/testcases/archiveData.php][19/Aug/27 16:58:41][19/Aug/27 16:58:41][took 0.001757 secs]
[>>][5d656141478d9159456546][DEFAULT][/lib/testcases/archiveData.php][19/Aug/27 16:58:41]
[<<][5d656141478d9159456546][DEFAULT][/lib/testcases/archiveData.php][19/Aug/27 16:58:41][19/Aug/27 16:58:41][took 0.009378 secs]
[<<][5d656147cb0ea471099500][DEFAULT][/lib/testcases/archiveData.php][19/Aug/27 16:58:47][19/Aug/27 16:58:47][took 0.003304 secs]
[>>][5d656147cbe8f998825119][DEFAULT][/lib/testcases/archiveData.php][19/Aug/27 16:58:47]
[<<][5d656147cbe8f998825119][DEFAULT][/lib/testcases/archiveData.php][19/Aug/27 16:58:47][19/Aug/27 16:58:47][took 0.002322 secs]
[>>][5d656147cc83f174906393][DEFAULT][/lib/testcases/archiveData.php][19/Aug/27 16:58:47]
[<<][5d656147cc83f174906393][DEFAULT][/lib/testcases/archiveData.php][19/Aug/27 16:58:47][19/Aug/27 16:58:47][took 0.004896 secs]
[<<][5d656149d21c5987482676][DEFAULT][/lib/testcases/archiveData.php][19/Aug/27 16:58:49][19/Aug/27 16:58:49][took 0.003488 secs]
[>>][5d656149d3046619795930][DEFAULT][/lib/testcases/archiveData.php][19/Aug/27 16:58:49]
[<<][5d656149d3046619795930][DEFAULT][/lib/testcases/archiveData.php][19/Aug/27 16:58:49][19/Aug/27 16:58:49][took 0.002436 secs]
[>>][5d656149d3a6d111671742][DEFAULT][/lib/testcases/archiveData.php][19/Aug/27 16:58:49]
[<<][5d656149d3a6d111671742][DEFAULT][/lib/testcases/archiveData.php][19/Aug/27 16:58:49][19/Aug/27 16:58:49][took 0.0052490000000001 secs]
[<<][5d65614c5c814587278452][DEFAULT][/lib/general/frmWorkArea.php][19/Aug/27 16:58:52][19/Aug/27 16:58:52][took 0.003292 secs]
[>>][5d65614c5d5b4592929827][DEFAULT][/lib/general/frmWorkArea.php][19/Aug/27 16:58:52]
[<<][5d65614c5d5b4592929827][DEFAULT][/lib/general/frmWorkArea.php][19/Aug/27 16:58:52][19/Aug/27 16:58:52][took 0.002402 secs]
[>>][5d65614c5dfb7538132028][DEFAULT][/lib/general/frmWorkArea.php][19/Aug/27 16:58:52]
[<<][5d65614c5dfb7538132028][DEFAULT][/lib/general/frmWorkArea.php][19/Aug/27 16:58:52][19/Aug/27 16:58:52][took 0.00079999999999997 secs]
[<<][5d65614c6b013325609885][DEFAULT][/lib/testcases/listTestCases.php][19/Aug/27 16:58:52][19/Aug/27 16:58:52][took 0.00323 secs]
[>>][5d65614c6bd69059485647][DEFAULT][/lib/testcases/listTestCases.php][19/Aug/27 16:58:52]
[<<][5d65614c6bd69059485647][DEFAULT][/lib/testcases/listTestCases.php][19/Aug/27 16:58:52][19/Aug/27 16:58:52][took 0.002264 secs]
[>>][5d65614c6c6e1851472747][DEFAULT][/lib/testcases/listTestCases.php][19/Aug/27 16:58:52]
[<<][5d65614c6c6e1851472747][DEFAULT][/lib/testcases/listTestCases.php][19/Aug/27 16:58:52][19/Aug/27 16:58:52][took 0.01567 secs]
[<<][5d65614c76856056127065][DEFAULT][/lib/testcases/archiveData.php][19/Aug/27 16:58:52][19/Aug/27 16:58:52][took 0.002976 secs]
[>>][5d65614c7749d937222533][DEFAULT][/lib/testcases/archiveData.php][19/Aug/27 16:58:52]
[<<][5d65614c7749d937222533][DEFAULT][/lib/testcases/archiveData.php][19/Aug/27 16:58:52][19/Aug/27 16:58:52][took 0.001997 secs]
[>>][5d65614c77d08121613276][DEFAULT][/lib/testcases/archiveData.php][19/Aug/27 16:58:52]
[<<][5d65614c77d08121613276][DEFAULT][/lib/testcases/archiveData.php][19/Aug/27 16:58:52][19/Aug/27 16:58:52][took 0.003429 secs]
[<<][5d65614c90043268564381][DEFAULT][/lib/ajax/gettprojectnodes.php][19/Aug/27 16:58:52][19/Aug/27 16:58:52][took 0.003197 secs]
[>>][5d65614c90d8d407576153][DEFAULT][/lib/ajax/gettprojectnodes.php][19/Aug/27 16:58:52]
[<<][5d65614c90d8d407576153][DEFAULT][/lib/ajax/gettprojectnodes.php][19/Aug/27 16:58:52][19/Aug/27 16:58:52][took 0.002517 secs]
[>>][5d65614c917f4764838256][DEFAULT][/lib/ajax/gettprojectnodes.php][19/Aug/27 16:58:52]
[<<][5d65614c917f4764838256][DEFAULT][/lib/ajax/gettprojectnodes.php][19/Aug/27 16:58:52][19/Aug/27 16:58:52][took 0.008866 secs]
[<<][5d65615462577879780562][DEFAULT][/lib/ajax/gettprojectnodes.php][19/Aug/27 16:59:00][19/Aug/27 16:59:00][took 0.003561 secs]
[>>][5d6561546342d046246881][DEFAULT][/lib/ajax/gettprojectnodes.php][19/Aug/27 16:59:00]
[<<][5d6561546342d046246881][DEFAULT][/lib/ajax/gettprojectnodes.php][19/Aug/27 16:59:00][19/Aug/27 16:59:00][took 0.002357 secs]
[>>][5d65615463e03856829276][DEFAULT][/lib/ajax/gettprojectnodes.php][19/Aug/27 16:59:00]
[<<][5d65615463e03856829276][DEFAULT][/lib/ajax/gettprojectnodes.php][19/Aug/27 16:59:00][19/Aug/27 16:59:00][took 0.050144 secs]
[<<][5d6561617a97d997048251][DEFAULT][/lib/testcases/archiveData.php][19/Aug/27 16:59:13][19/Aug/27 16:59:13][took 0.0031960000000001 secs]
[>>][5d6561617b6b3856642411][DEFAULT][/lib/testcases/archiveData.php][19/Aug/27 16:59:13]
[<<][5d6561617b6b3856642411][DEFAULT][/lib/testcases/archiveData.php][19/Aug/27 16:59:13][19/Aug/27 16:59:13][took 0.002359 secs]
[>>][5d6561617c08e316631258][DEFAULT][/lib/testcases/archiveData.php][19/Aug/27 16:59:13]
[<<][5d6561617c08e316631258][DEFAULT][/lib/testcases/archiveData.php][19/Aug/27 16:59:13][19/Aug/27 16:59:13][took 0.005545 secs]
[<<][5d656163bf039879911815][DEFAULT][/lib/ajax/gettprojectnodes.php][19/Aug/27 16:59:15][19/Aug/27 16:59:15][took 0.00349 secs]
[>>][5d656163bfe9f356171543][DEFAULT][/lib/ajax/gettprojectnodes.php][19/Aug/27 16:59:15]
[<<][5d656163bfe9f356171543][DEFAULT][/lib/ajax/gettprojectnodes.php][19/Aug/27 16:59:15][19/Aug/27 16:59:15][took 0.0025860000000001 secs]
[>>][5d656163c096d297987942][DEFAULT][/lib/ajax/gettprojectnodes.php][19/Aug/27 16:59:15]
[<<][5d656163c096d297987942][DEFAULT][/lib/ajax/gettprojectnodes.php][19/Aug/27 16:59:15][19/Aug/27 16:59:15][took 0.007833 secs]
[<<][5d65616c58f1e427776473][DEFAULT][/lib/ajax/gettprojectnodes.php][19/Aug/27 16:59:24][19/Aug/27 16:59:24][took 0.003328 secs]
[>>][5d65616c59ce0672564510][DEFAULT][/lib/ajax/gettprojectnodes.php][19/Aug/27 16:59:24]
[<<][5d65616c59ce0672564510][DEFAULT][/lib/ajax/gettprojectnodes.php][19/Aug/27 16:59:24][19/Aug/27 16:59:24][took 0.002496 secs]
[>>][5d65616c5a747718781766][DEFAULT][/lib/ajax/gettprojectnodes.php][19/Aug/27 16:59:24]
[<<][5d65616c5a747718781766][DEFAULT][/lib/ajax/gettprojectnodes.php][19/Aug/27 16:59:24][19/Aug/27 16:59:24][took 0.005953 secs]
[<<][5d65616f91647250194299][DEFAULT][/lib/testcases/archiveData.php][19/Aug/27 16:59:27][19/Aug/27 16:59:27][took 0.003328 secs]
[>>][5d65616f92415691376113][DEFAULT][/lib/testcases/archiveData.php][19/Aug/27 16:59:27]
[<<][5d65616f92415691376113][DEFAULT][/lib/testcases/archiveData.php][19/Aug/27 16:59:27][19/Aug/27 16:59:27][took 0.002466 secs]
[>>][5d65616f92e56936195419][DEFAULT][/lib/testcases/archiveData.php][19/Aug/27 16:59:27]
[<<][5d65616f92e56936195419][DEFAULT][/lib/testcases/archiveData.php][19/Aug/27 16:59:27][19/Aug/27 16:59:27][took 0.009581 secs]
[<<][5d656171b51ff557712613][DEFAULT][/lib/ajax/gettprojectnodes.php][19/Aug/27 16:59:29][19/Aug/27 16:59:29][took 0.003332 secs]
[>>][5d656171b5ff2211256300][DEFAULT][/lib/ajax/gettprojectnodes.php][19/Aug/27 16:59:29]
[<<][5d656171b5ff2211256300][DEFAULT][/lib/ajax/gettprojectnodes.php][19/Aug/27 16:59:29][19/Aug/27 16:59:29][took 0.002423 secs]
[>>][5d656171b6a11621221489][DEFAULT][/lib/ajax/gettprojectnodes.php][19/Aug/27 16:59:29]
[<<][5d656171b6a11621221489][DEFAULT][/lib/ajax/gettprojectnodes.php][19/Aug/27 16:59:29][19/Aug/27 16:59:29][took 0.004348 secs]
[<<][5d6561748bc5d403040057][DEFAULT][/lib/ajax/gettprojectnodes.php][19/Aug/27 16:59:32][19/Aug/27 16:59:32][took 0.003409 secs]
[>>][5d6561748ca7d429669009][DEFAULT][/lib/ajax/gettprojectnodes.php][19/Aug/27 16:59:32]
[<<][5d6561748ca7d429669009][DEFAULT][/lib/ajax/gettprojectnodes.php][19/Aug/27 16:59:32][19/Aug/27 16:59:32][took 0.002432 secs]
[>>][5d6561748d49d896938731][DEFAULT][/lib/ajax/gettprojectnodes.php][19/Aug/27 16:59:32]
[<<][5d6561748d49d896938731][DEFAULT][/lib/ajax/gettprojectnodes.php][19/Aug/27 16:59:32][19/Aug/27 16:59:32][took 0.0017590000000001 secs]
[<<][5d6561780c6f4960510935][DEFAULT][/lib/ajax/gettprojectnodes.php][19/Aug/27 16:59:36][19/Aug/27 16:59:36][took 0.003534 secs]
[>>][5d6561780d57e776686319][DEFAULT][/lib/ajax/gettprojectnodes.php][19/Aug/27 16:59:36]
[<<][5d6561780d57e776686319][DEFAULT][/lib/ajax/gettprojectnodes.php][19/Aug/27 16:59:36][19/Aug/27 16:59:36][took 0.002324 secs]
[>>][5d6561780df33360191972][DEFAULT][/lib/ajax/gettprojectnodes.php][19/Aug/27 16:59:36]
[<<][5d6561780df33360191972][DEFAULT][/lib/ajax/gettprojectnodes.php][19/Aug/27 16:59:36][19/Aug/27 16:59:36][took 0.001884 secs]
[<<][5d6561b7c89c6002914260][DEFAULT][/lib/testcases/archiveData.php][19/Aug/27 17:00:39][19/Aug/27 17:00:39][took 0.003599 secs]
[>>][5d6561b7c98ae825598737][DEFAULT][/lib/testcases/archiveData.php][19/Aug/27 17:00:39]
[<<][5d6561b7c98ae825598737][DEFAULT][/lib/testcases/archiveData.php][19/Aug/27 17:00:39][19/Aug/27 17:00:39][took 0.002467 secs]
[>>][5d6561b7ca2f4148856038][DEFAULT][/lib/testcases/archiveData.php][19/Aug/27 17:00:39]
[<<][5d6561b7ca2f4148856038][DEFAULT][/lib/testcases/archiveData.php][19/Aug/27 17:00:39][19/Aug/27 17:00:39][took 0.010178 secs]
[<<][5d6561bb421a4688622454][DEFAULT][/lib/ajax/gettprojectnodes.php][19/Aug/27 17:00:43][19/Aug/27 17:00:43][took 0.003346 secs]
[>>][5d6561bb42f9a954867932][DEFAULT][/lib/ajax/gettprojectnodes.php][19/Aug/27 17:00:43]
[<<][5d6561bb42f9a954867932][DEFAULT][/lib/ajax/gettprojectnodes.php][19/Aug/27 17:00:43][19/Aug/27 17:00:43][took 0.00246 secs]
[>>][5d6561bb439e9169598374][DEFAULT][/lib/ajax/gettprojectnodes.php][19/Aug/27 17:00:43]
[<<][5d6561bb439e9169598374][DEFAULT][/lib/ajax/gettprojectnodes.php][19/Aug/27 17:00:43][19/Aug/27 17:00:43][took 0.004087 secs]
[<<][5d6561be8b9e9694451761][DEFAULT][/lib/testcases/archiveData.php][19/Aug/27 17:00:46][19/Aug/27 17:00:46][took 0.00334 secs]
[>>][5d6561be8c7cc981099785][DEFAULT][/lib/testcases/archiveData.php][19/Aug/27 17:00:46]
[<<][5d6561be8c7cc981099785][DEFAULT][/lib/testcases/archiveData.php][19/Aug/27 17:00:46][19/Aug/27 17:00:46][took 0.002317 secs]
[>>][5d6561be8d192689445889][DEFAULT][/lib/testcases/archiveData.php][19/Aug/27 17:00:46]
[<<][5d6561be8d192689445889][DEFAULT][/lib/testcases/archiveData.php][19/Aug/27 17:00:46][19/Aug/27 17:00:46][took 0.0050829999999999 secs]
[<<][5d6561c101790280139730][DEFAULT][/lib/ajax/gettprojectnodes.php][19/Aug/27 17:00:49][19/Aug/27 17:00:49][took 0.003314 secs]
[>>][5d6561c102572387083954][DEFAULT][/lib/ajax/gettprojectnodes.php][19/Aug/27 17:00:49]
[<<][5d6561c102572387083954][DEFAULT][/lib/ajax/gettprojectnodes.php][19/Aug/27 17:00:49][19/Aug/27 17:00:49][took 0.002403 secs]
[>>][5d6561c102f7c037040476][DEFAULT][/lib/ajax/gettprojectnodes.php][19/Aug/27 17:00:49]
[<<][5d6561c102f7c037040476][DEFAULT][/lib/ajax/gettprojectnodes.php][19/Aug/27 17:00:49][19/Aug/27 17:00:49][took 0.002039 secs]
[<<][5d6561c26988e956427113][DEFAULT][/lib/testcases/archiveData.php][19/Aug/27 17:00:50][19/Aug/27 17:00:50][took 0.0033 secs]
[>>][5d6561c26a646416841873][DEFAULT][/lib/testcases/archiveData.php][19/Aug/27 17:00:50]
[<<][5d6561c26a646416841873][DEFAULT][/lib/testcases/archiveData.php][19/Aug/27 17:00:50][19/Aug/27 17:00:50][took 0.00219 secs]
[>>][5d6561c26b008234354373][DEFAULT][/lib/testcases/archiveData.php][19/Aug/27 17:00:50]
[<<][5d6561c26b008234354373][DEFAULT][/lib/testcases/archiveData.php][19/Aug/27 17:00:50][19/Aug/27 17:00:50][took 0.082599 secs]
[<<][5d656203e1ded938076405][DEFAULT][/lib/ajax/gettprojectnodes.php][19/Aug/27 17:01:55][19/Aug/27 17:01:55][took 0.0035999999999999 secs]
[>>][5d656203e2cc6593528663][DEFAULT][/lib/ajax/gettprojectnodes.php][19/Aug/27 17:01:55]
[<<][5d656203e2cc6593528663][DEFAULT][/lib/ajax/gettprojectnodes.php][19/Aug/27 17:01:55][19/Aug/27 17:01:55][took 0.002402 secs]
[>>][5d656203e36c9972860702][DEFAULT][/lib/ajax/gettprojectnodes.php][19/Aug/27 17:01:55]
[<<][5d656203e36c9972860702][DEFAULT][/lib/ajax/gettprojectnodes.php][19/Aug/27 17:01:55][19/Aug/27 17:01:55][took 0.007298 secs]
[<<][5d656257c430f524200015][DEFAULT][/lib/testcases/archiveData.php][19/Aug/27 17:03:19][19/Aug/27 17:03:19][took 0.003605 secs]
[>>][5d656257c51fd218520134][DEFAULT][/lib/testcases/archiveData.php][19/Aug/27 17:03:19]
[<<][5d656257c51fd218520134][DEFAULT][/lib/testcases/archiveData.php][19/Aug/27 17:03:19][19/Aug/27 17:03:19][took 0.002449 secs]
[>>][5d656257c5c30595757727][DEFAULT][/lib/testcases/archiveData.php][19/Aug/27 17:03:19]
[<<][5d656257c5c30595757727][DEFAULT][/lib/testcases/archiveData.php][19/Aug/27 17:03:19][19/Aug/27 17:03:19][took 0.052748 secs]
[<<][5d6562ed03c1c085083781][DEFAULT][/lib/testcases/archiveData.php][19/Aug/27 17:05:49][19/Aug/27 17:05:49][took 0.003899 secs]
[>>][5d6562ed04c34440062304][DEFAULT][/lib/testcases/archiveData.php][19/Aug/27 17:05:49]
[<<][5d6562ed04c34440062304][DEFAULT][/lib/testcases/archiveData.php][19/Aug/27 17:05:49][19/Aug/27 17:05:49][took 0.002266 secs]
[>>][5d6562ed055b8978399092][DEFAULT][/lib/testcases/archiveData.php][19/Aug/27 17:05:49]
[<<][5d6562ed055b8978399092][DEFAULT][/lib/testcases/archiveData.php][19/Aug/27 17:05:49][19/Aug/27 17:05:49][took 0.085313 secs]
[<<][5d6562ff7ead0134682788][DEFAULT][/lib/testcases/archiveData.php][19/Aug/27 17:06:07][19/Aug/27 17:06:07][took 0.0028819999999999 secs]
[>>][5d6562ff7f706170689153][DEFAULT][/lib/testcases/archiveData.php][19/Aug/27 17:06:07]
[<<][5d6562ff7f706170689153][DEFAULT][/lib/testcases/archiveData.php][19/Aug/27 17:06:07][19/Aug/27 17:06:07][took 0.0020800000000001 secs]
[>>][5d6562ff7ffd2632431669][DEFAULT][/lib/testcases/archiveData.php][19/Aug/27 17:06:07]
[<<][5d6562ff7ffd2632431669][DEFAULT][/lib/testcases/archiveData.php][19/Aug/27 17:06:07][19/Aug/27 17:06:07][took 0.070636 secs]
	[19/Aug/27 23:05:15][AUDIT][2p3kqtknsbvk2pmjatnqeg9bnr][GUI - Test Project ID : 21]
		Login for 'richard.hoyt' from '209.253.35.146' succeeded
[<<][5d65b72b8f035635492646][DEFAULT][/login.php][19/Aug/27 23:05:15][19/Aug/27 23:05:15][took 0.041149 secs]
[<<][5d65b72bac41e682313508][DEFAULT][/index.php][19/Aug/27 23:05:15][19/Aug/27 23:05:15][took 0.003258 secs]
[>>][5d65b72bad196936600036][DEFAULT][/index.php][19/Aug/27 23:05:15]
[<<][5d65b72bad196936600036][DEFAULT][/index.php][19/Aug/27 23:05:15][19/Aug/27 23:05:15][took 0.001833 secs]
[<<][5d65b72bb8ed7091353327][DEFAULT][/lib/general/navBar.php][19/Aug/27 23:05:15][19/Aug/27 23:05:15][took 0.002997 secs]
[>>][5d65b72bb9b4b081781751][DEFAULT][/lib/general/navBar.php][19/Aug/27 23:05:15]
[<<][5d65b72bb9b4b081781751][DEFAULT][/lib/general/navBar.php][19/Aug/27 23:05:15][19/Aug/27 23:05:15][took 0.0027569999999999 secs]
[>>][5d65b72bba6b2569065473][DEFAULT][/lib/general/navBar.php][19/Aug/27 23:05:15]
[<<][5d65b72bba6b2569065473][DEFAULT][/lib/general/navBar.php][19/Aug/27 23:05:15][19/Aug/27 23:05:15][took 0.009436 secs]
[<<][5d65b72bb91d3900005131][DEFAULT][/lib/general/mainPage.php][19/Aug/27 23:05:15][19/Aug/27 23:05:15][took 0.015978 secs]
[>>][5d65b72bbd0da082149745][DEFAULT][/lib/general/mainPage.php][19/Aug/27 23:05:15]
[<<][5d65b72bbd0da082149745][DEFAULT][/lib/general/mainPage.php][19/Aug/27 23:05:15][19/Aug/27 23:05:15][took 0.012827 secs]
[>>][5d65b72bc038f894801745][DEFAULT][/lib/general/mainPage.php][19/Aug/27 23:05:15]
	[19/Aug/27 23:05:15][WARNING][2p3kqtknsbvk2pmjatnqeg9bnr][GUI - Test Project ID : 21]
		E_NOTICE
Undefined index: platform_view - in /opt/bitnami/apps/testlink/htdocs/gui/templates_c/835a037b28214872edd369779d57f903f1734c6a.file.mainPageLeft.tpl.php - Line 205
[<<][5d65b72bc038f894801745][DEFAULT][/lib/general/mainPage.php][19/Aug/27 23:05:15][19/Aug/27 23:05:15][took 0.057508 secs]
[<<][5d65b72e63821146541077][DEFAULT][/lib/general/frmWorkArea.php][19/Aug/27 23:05:18][19/Aug/27 23:05:18][took 0.006709 secs]
[>>][5d65b72e65317128335353][DEFAULT][/lib/general/frmWorkArea.php][19/Aug/27 23:05:18]
[<<][5d65b72e65317128335353][DEFAULT][/lib/general/frmWorkArea.php][19/Aug/27 23:05:18][19/Aug/27 23:05:18][took 0.001772 secs]
[>>][5d65b72e65a94005118263][DEFAULT][/lib/general/frmWorkArea.php][19/Aug/27 23:05:18]
[<<][5d65b72e65a94005118263][DEFAULT][/lib/general/frmWorkArea.php][19/Aug/27 23:05:18][19/Aug/27 23:05:18][took 0.00086899999999995 secs]
[<<][5d65b72e72739336487395][DEFAULT][/lib/testcases/listTestCases.php][19/Aug/27 23:05:18][19/Aug/27 23:05:18][took 0.00299 secs]
[>>][5d65b72e733a1875079793][DEFAULT][/lib/testcases/listTestCases.php][19/Aug/27 23:05:18]
[<<][5d65b72e733a1875079793][DEFAULT][/lib/testcases/listTestCases.php][19/Aug/27 23:05:18][19/Aug/27 23:05:18][took 0.002809 secs]
[>>][5d65b72e73f37835750944][DEFAULT][/lib/testcases/listTestCases.php][19/Aug/27 23:05:18]
[<<][5d65b72e73f37835750944][DEFAULT][/lib/testcases/listTestCases.php][19/Aug/27 23:05:18][19/Aug/27 23:05:18][took 0.023926 secs]
[<<][5d65b72e72b67625713121][DEFAULT][/lib/testcases/archiveData.php][19/Aug/27 23:05:18][19/Aug/27 23:05:18][took 0.030671 secs]
[>>][5d65b72e7a3f1655734044][DEFAULT][/lib/testcases/archiveData.php][19/Aug/27 23:05:18]
[<<][5d65b72e7a3f1655734044][DEFAULT][/lib/testcases/archiveData.php][19/Aug/27 23:05:18][19/Aug/27 23:05:18][took 0.002248 secs]
[>>][5d65b72e7ada8399420351][DEFAULT][/lib/testcases/archiveData.php][19/Aug/27 23:05:18]
[<<][5d65b72e7ada8399420351][DEFAULT][/lib/testcases/archiveData.php][19/Aug/27 23:05:18][19/Aug/27 23:05:18][took 0.020143 secs]
[<<][5d65b72ea9ea6228843840][DEFAULT][/lib/ajax/gettprojectnodes.php][19/Aug/27 23:05:18][19/Aug/27 23:05:18][took 0.003315 secs]
[>>][5d65b72eaac52358427584][DEFAULT][/lib/ajax/gettprojectnodes.php][19/Aug/27 23:05:18]
[<<][5d65b72eaac52358427584][DEFAULT][/lib/ajax/gettprojectnodes.php][19/Aug/27 23:05:18][19/Aug/27 23:05:18][took 0.002298 secs]
[>>][5d65b72eab610075932158][DEFAULT][/lib/ajax/gettprojectnodes.php][19/Aug/27 23:05:18]
[<<][5d65b72eab610075932158][DEFAULT][/lib/ajax/gettprojectnodes.php][19/Aug/27 23:05:18][19/Aug/27 23:05:18][took 0.012549 secs]
[<<][5d65b730caeea721007578][DEFAULT][/lib/testcases/archiveData.php][19/Aug/27 23:05:20][19/Aug/27 23:05:20][took 0.0035299999999999 secs]
[>>][5d65b730cbd77739809601][DEFAULT][/lib/testcases/archiveData.php][19/Aug/27 23:05:20]
[<<][5d65b730cbd77739809601][DEFAULT][/lib/testcases/archiveData.php][19/Aug/27 23:05:20][19/Aug/27 23:05:20][took 0.002289 secs]
[>>][5d65b730cc708100589221][DEFAULT][/lib/testcases/archiveData.php][19/Aug/27 23:05:20]
[<<][5d65b730cc708100589221][DEFAULT][/lib/testcases/archiveData.php][19/Aug/27 23:05:20][19/Aug/27 23:05:20][took 0.004378 secs]
[<<][5d65b732b92be158475527][DEFAULT][/lib/ajax/gettprojectnodes.php][19/Aug/27 23:05:22][19/Aug/27 23:05:22][took 0.003305 secs]
[>>][5d65b732ba08d198389496][DEFAULT][/lib/ajax/gettprojectnodes.php][19/Aug/27 23:05:22]
[<<][5d65b732ba08d198389496][DEFAULT][/lib/ajax/gettprojectnodes.php][19/Aug/27 23:05:22][19/Aug/27 23:05:22][took 0.002452 secs]
[>>][5d65b732baac0768134279][DEFAULT][/lib/ajax/gettprojectnodes.php][19/Aug/27 23:05:22]
[<<][5d65b732baac0768134279][DEFAULT][/lib/ajax/gettprojectnodes.php][19/Aug/27 23:05:22][19/Aug/27 23:05:22][took 0.002027 secs]
[<<][5d65b7358b5f7523912428][DEFAULT][/lib/ajax/gettprojectnodes.php][19/Aug/27 23:05:25][19/Aug/27 23:05:25][took 0.00326 secs]
[>>][5d65b7358c36f814086001][DEFAULT][/lib/ajax/gettprojectnodes.php][19/Aug/27 23:05:25]
[<<][5d65b7358c36f814086001][DEFAULT][/lib/ajax/gettprojectnodes.php][19/Aug/27 23:05:25][19/Aug/27 23:05:25][took 0.002407 secs]
[>>][5d65b7358cd77636146676][DEFAULT][/lib/ajax/gettprojectnodes.php][19/Aug/27 23:05:25]
[<<][5d65b7358cd77636146676][DEFAULT][/lib/ajax/gettprojectnodes.php][19/Aug/27 23:05:25][19/Aug/27 23:05:25][took 0.001857 secs]
[<<][5d65b73853684634596740][DEFAULT][/lib/testcases/archiveData.php][19/Aug/27 23:05:28][19/Aug/27 23:05:28][took 0.003291 secs]
[>>][5d65b7385441f396641378][DEFAULT][/lib/testcases/archiveData.php][19/Aug/27 23:05:28]
[<<][5d65b7385441f396641378][DEFAULT][/lib/testcases/archiveData.php][19/Aug/27 23:05:28][19/Aug/27 23:05:28][took 0.002359 secs]
[>>][5d65b73854df6126090553][DEFAULT][/lib/testcases/archiveData.php][19/Aug/27 23:05:28]
[<<][5d65b73854df6126090553][DEFAULT][/lib/testcases/archiveData.php][19/Aug/27 23:05:28][19/Aug/27 23:05:28][took 0.004781 secs]
[<<][5d65b7456c46a905915421][DEFAULT][/lib/general/frmWorkArea.php][19/Aug/27 23:05:41][19/Aug/27 23:05:41][took 0.002787 secs]
[>>][5d65b7456cffd474095995][DEFAULT][/lib/general/frmWorkArea.php][19/Aug/27 23:05:41]
[<<][5d65b7456cffd474095995][DEFAULT][/lib/general/frmWorkArea.php][19/Aug/27 23:05:41][19/Aug/27 23:05:41][took 0.002071 secs]
[>>][5d65b7456d8ac650779430][DEFAULT][/lib/general/frmWorkArea.php][19/Aug/27 23:05:41]
[<<][5d65b7456d8ac650779430][DEFAULT][/lib/general/frmWorkArea.php][19/Aug/27 23:05:41][19/Aug/27 23:05:41][took 0.006796 secs]
[<<][5d65b7457adcf790330002][DEFAULT][/lib/results/resultsNavigator.php][19/Aug/27 23:05:41][19/Aug/27 23:05:41][took 0.003333 secs]
[>>][5d65b7457bb93801135638][DEFAULT][/lib/results/resultsNavigator.php][19/Aug/27 23:05:41]
[<<][5d65b7457bb93801135638][DEFAULT][/lib/results/resultsNavigator.php][19/Aug/27 23:05:41][19/Aug/27 23:05:41][took 0.002421 secs]
[>>][5d65b7457c5a6427278963][DEFAULT][/lib/results/resultsNavigator.php][19/Aug/27 23:05:41]
	[19/Aug/27 23:05:41][L18N][2p3kqtknsbvk2pmjatnqeg9bnr][GUI - Test Project ID : 21]
		string 'link_report_test_flat_custom' is not localized for locale 'en_GB' 
	[19/Aug/27 23:05:41][L18N][2p3kqtknsbvk2pmjatnqeg9bnr][GUI - Test Project ID : 21]
		string 'format_pds' is not localized for locale 'en_GB' 
[<<][5d65b7457c5a6427278963][DEFAULT][/lib/results/resultsNavigator.php][19/Aug/27 23:05:41][19/Aug/27 23:05:41][took 0.055448 secs]
[<<][5d65b74587098177012253][DEFAULT][/lib/general/staticPage.php][19/Aug/27 23:05:41][19/Aug/27 23:05:41][took 0.045538 secs]
[>>][5d65b74592317622168667][DEFAULT][/lib/general/staticPage.php][19/Aug/27 23:05:41]
[<<][5d65b74592317622168667][DEFAULT][/lib/general/staticPage.php][19/Aug/27 23:05:41][19/Aug/27 23:05:41][took 0.004599 secs]
[>>][5d65b745935a0816113143][DEFAULT][/lib/general/staticPage.php][19/Aug/27 23:05:41]
[<<][5d65b745935a0816113143][DEFAULT][/lib/general/staticPage.php][19/Aug/27 23:05:41][19/Aug/27 23:05:41][took 0.00093799999999999 secs]
[<<][5d65b745aa9fe523764697][DEFAULT][/lib/general/staticPage.php][19/Aug/27 23:05:41][19/Aug/27 23:05:41][took 0.003969 secs]
[>>][5d65b745aba31953138853][DEFAULT][/lib/general/staticPage.php][19/Aug/27 23:05:41]
[<<][5d65b745aba31953138853][DEFAULT][/lib/general/staticPage.php][19/Aug/27 23:05:41][19/Aug/27 23:05:41][took 0.0022979999999999 secs]
[>>][5d65b745ac3c8676618495][DEFAULT][/lib/general/staticPage.php][19/Aug/27 23:05:41]
[<<][5d65b745ac3c8676618495][DEFAULT][/lib/general/staticPage.php][19/Aug/27 23:05:41][19/Aug/27 23:05:41][took 0.00087099999999996 secs]
[<<][5d65b74d8a4fc265885342][DEFAULT][/lib/results/printDocOptions.php][19/Aug/27 23:05:49][19/Aug/27 23:05:49][took 0.003445 secs]
[>>][5d65b74d8b333897099253][DEFAULT][/lib/results/printDocOptions.php][19/Aug/27 23:05:49]
[<<][5d65b74d8b333897099253][DEFAULT][/lib/results/printDocOptions.php][19/Aug/27 23:05:49][19/Aug/27 23:05:49][took 0.00224 secs]
[>>][5d65b74d8bc93520305657][DEFAULT][/lib/results/printDocOptions.php][19/Aug/27 23:05:49]
[<<][5d65b74d8bc93520305657][DEFAULT][/lib/results/printDocOptions.php][19/Aug/27 23:05:49][19/Aug/27 23:05:49][took 0.044229 secs]
	[19/Sep/25 16:03:28][AUDIT][po42bnm58tuhi3kc624fl0jjgl][GUI - Test Project ID : 21]
		Login for 'richard.hoyt' from '209.253.35.146' succeeded
[<<][5d8b8fd09dc9f499446053][DEFAULT][/login.php][19/Sep/25 16:03:28][19/Sep/25 16:03:28][took 0.046036 secs]
[<<][5d8b8fd0d24bc002056573][DEFAULT][/index.php][19/Sep/25 16:03:28][19/Sep/25 16:03:28][took 0.0035660000000001 secs]
[>>][5d8b8fd0d3370133473358][DEFAULT][/index.php][19/Sep/25 16:03:28]
[<<][5d8b8fd0d3370133473358][DEFAULT][/index.php][19/Sep/25 16:03:28][19/Sep/25 16:03:28][took 0.002001 secs]
[<<][5d8b8fd0e02ab973042630][DEFAULT][/lib/general/navBar.php][19/Sep/25 16:03:28][19/Sep/25 16:03:28][took 0.003146 secs]
[>>][5d8b8fd0e0fb2732921744][DEFAULT][/lib/general/navBar.php][19/Sep/25 16:03:28]
[<<][5d8b8fd0e0fb2732921744][DEFAULT][/lib/general/navBar.php][19/Sep/25 16:03:28][19/Sep/25 16:03:28][took 0.004201 secs]
[>>][5d8b8fd0e20bc472809083][DEFAULT][/lib/general/navBar.php][19/Sep/25 16:03:28]
[<<][5d8b8fd0e20bc472809083][DEFAULT][/lib/general/navBar.php][19/Sep/25 16:03:28][19/Sep/25 16:03:28][took 0.0091840000000001 secs]
[<<][5d8b8fd0e04b8918308098][DEFAULT][/lib/general/mainPage.php][19/Sep/25 16:03:28][19/Sep/25 16:03:28][took 0.018283 secs]
[>>][5d8b8fd0e4cca309119163][DEFAULT][/lib/general/mainPage.php][19/Sep/25 16:03:28]
[<<][5d8b8fd0e4cca309119163][DEFAULT][/lib/general/mainPage.php][19/Sep/25 16:03:28][19/Sep/25 16:03:28][took 0.008852 secs]
[>>][5d8b8fd0e6ff3814187653][DEFAULT][/lib/general/mainPage.php][19/Sep/25 16:03:28]
	[19/Sep/25 16:03:28][WARNING][po42bnm58tuhi3kc624fl0jjgl][GUI - Test Project ID : 21]
		E_NOTICE
Undefined index: platform_view - in /opt/bitnami/apps/testlink/htdocs/gui/templates_c/835a037b28214872edd369779d57f903f1734c6a.file.mainPageLeft.tpl.php - Line 205
[<<][5d8b8fd0e6ff3814187653][DEFAULT][/lib/general/mainPage.php][19/Sep/25 16:03:28][19/Sep/25 16:03:29][took 0.092944 secs]
[<<][5d8b8fddb6983863689747][DEFAULT][/lib/general/mainPage.php][19/Sep/25 16:03:41][19/Sep/25 16:03:41][took 0.003281 secs]
[>>][5d8b8fddb771e701101448][DEFAULT][/lib/general/mainPage.php][19/Sep/25 16:03:41]
[<<][5d8b8fddb771e701101448][DEFAULT][/lib/general/mainPage.php][19/Sep/25 16:03:41][19/Sep/25 16:03:41][took 0.001961 secs]
[>>][5d8b8fddb7f5f502288897][DEFAULT][/lib/general/mainPage.php][19/Sep/25 16:03:41]
	[19/Sep/25 16:03:41][WARNING][po42bnm58tuhi3kc624fl0jjgl][GUI - Test Project ID : 21]
		E_NOTICE
Undefined index: platform_view - in /opt/bitnami/apps/testlink/htdocs/gui/templates_c/835a037b28214872edd369779d57f903f1734c6a.file.mainPageLeft.tpl.php - Line 205
[<<][5d8b8fddb7f5f502288897][DEFAULT][/lib/general/mainPage.php][19/Sep/25 16:03:41][19/Sep/25 16:03:41][took 0.048146 secs]
[<<][5d8b8fe1d61fa505870079][DEFAULT][/lib/general/mainPage.php][19/Sep/25 16:03:45][19/Sep/25 16:03:45][took 0.002877 secs]
[>>][5d8b8fe1d6de8307844140][DEFAULT][/lib/general/mainPage.php][19/Sep/25 16:03:45]
[<<][5d8b8fe1d6de8307844140][DEFAULT][/lib/general/mainPage.php][19/Sep/25 16:03:45][19/Sep/25 16:03:45][took 0.00576 secs]
[>>][5d8b8fe1d84f7319748495][DEFAULT][/lib/general/mainPage.php][19/Sep/25 16:03:45]
	[19/Sep/25 16:03:45][WARNING][po42bnm58tuhi3kc624fl0jjgl][GUI - Test Project ID : 21]
		E_NOTICE
Undefined index: platform_view - in /opt/bitnami/apps/testlink/htdocs/gui/templates_c/835a037b28214872edd369779d57f903f1734c6a.file.mainPageLeft.tpl.php - Line 205
[<<][5d8b8fe1d84f7319748495][DEFAULT][/lib/general/mainPage.php][19/Sep/25 16:03:45][19/Sep/25 16:03:45][took 0.056966 secs]
[<<][5d8b8feee3da8348971776][DEFAULT][/lib/general/frmWorkArea.php][19/Sep/25 16:03:58][19/Sep/25 16:03:58][took 0.003337 secs]
[>>][5d8b8feee4b7a111660003][DEFAULT][/lib/general/frmWorkArea.php][19/Sep/25 16:03:58]
[<<][5d8b8feee4b7a111660003][DEFAULT][/lib/general/frmWorkArea.php][19/Sep/25 16:03:58][19/Sep/25 16:03:58][took 0.0030159999999999 secs]
[>>][5d8b8feee57de335288655][DEFAULT][/lib/general/frmWorkArea.php][19/Sep/25 16:03:58]
[<<][5d8b8feee57de335288655][DEFAULT][/lib/general/frmWorkArea.php][19/Sep/25 16:03:58][19/Sep/25 16:03:58][took 0.050275 secs]
[<<][5d8b8fef0959c289925760][DEFAULT][/lib/execute/execNavigator.php][19/Sep/25 16:03:59][19/Sep/25 16:03:59][took 0.012102 secs]
[>>][5d8b8fef0c587223506700][DEFAULT][/lib/execute/execNavigator.php][19/Sep/25 16:03:59]
[<<][5d8b8fef0c587223506700][DEFAULT][/lib/execute/execNavigator.php][19/Sep/25 16:03:59][19/Sep/25 16:03:59][took 0.002334 secs]
[>>][5d8b8fef0cfd3816871258][DEFAULT][/lib/execute/execNavigator.php][19/Sep/25 16:03:59]
[<<][5d8b8fef0cfd3816871258][DEFAULT][/lib/execute/execNavigator.php][19/Sep/25 16:03:59][19/Sep/25 16:03:59][took 0.414305 secs]
[<<][5d8b8fef17172743368266][DEFAULT][/lib/execute/execDashboard.php][19/Sep/25 16:03:59][19/Sep/25 16:03:59][took 0.388417 secs]
[>>][5d8b8fef76101139767520][DEFAULT][/lib/execute/execDashboard.php][19/Sep/25 16:03:59]
[<<][5d8b8fef76101139767520][DEFAULT][/lib/execute/execDashboard.php][19/Sep/25 16:03:59][19/Sep/25 16:03:59][took 0.007042 secs]
[>>][5d8b8fef77d21569383243][DEFAULT][/lib/execute/execDashboard.php][19/Sep/25 16:03:59]
[<<][5d8b8fef77d21569383243][DEFAULT][/lib/execute/execDashboard.php][19/Sep/25 16:03:59][19/Sep/25 16:03:59][took 0.053349 secs]
[<<][5d8b8fefba29e809483678][DEFAULT][/lib/execute/execDashboard.php][19/Sep/25 16:03:59][19/Sep/25 16:03:59][took 0.003032 secs]
[>>][5d8b8fefbaf4e438773151][DEFAULT][/lib/execute/execDashboard.php][19/Sep/25 16:03:59]
[<<][5d8b8fefbaf4e438773151][DEFAULT][/lib/execute/execDashboard.php][19/Sep/25 16:03:59][19/Sep/25 16:03:59][took 0.0022180000000001 secs]
[>>][5d8b8fefbb88b851741906][DEFAULT][/lib/execute/execDashboard.php][19/Sep/25 16:03:59]
[<<][5d8b8fefbb88b851741906][DEFAULT][/lib/execute/execDashboard.php][19/Sep/25 16:03:59][19/Sep/25 16:03:59][took 0.010659 secs]
[<<][5d8b8ffdc5920210749676][DEFAULT][/lib/execute/execSetResults.php][19/Sep/25 16:04:13][19/Sep/25 16:04:13][took 0.009143 secs]
[>>][5d8b8ffdc7d9a545511025][DEFAULT][/lib/execute/execSetResults.php][19/Sep/25 16:04:13]
[<<][5d8b8ffdc7d9a545511025][DEFAULT][/lib/execute/execSetResults.php][19/Sep/25 16:04:13][19/Sep/25 16:04:13][took 0.002154 secs]
[>>][5d8b8ffdc86a3471311051][DEFAULT][/lib/execute/execSetResults.php][19/Sep/25 16:04:13]
	[19/Sep/25 16:04:14][WARNING][po42bnm58tuhi3kc624fl0jjgl][GUI - Test Project ID : 21]
		E_WARNING
Invalid argument supplied for foreach() - in /opt/bitnami/apps/testlink/htdocs/lib/functions/testcase.class.php - Line 8474
	[19/Sep/25 16:04:14][WARNING][po42bnm58tuhi3kc624fl0jjgl][GUI - Test Project ID : 21]
		E_WARNING
Invalid argument supplied for foreach() - in /opt/bitnami/apps/testlink/htdocs/lib/functions/testcase.class.php - Line 8474
	[19/Sep/25 16:04:14][WARNING][po42bnm58tuhi3kc624fl0jjgl][GUI - Test Project ID : 21]
		E_NOTICE
Undefined property: stdClass::$execution_time_cfields - in /opt/bitnami/apps/testlink/htdocs/gui/templates_c/fa5494a1f7ee0de32544f2117a99abd82d147fb7.file.inc_exec_show_tc_exec.tpl.php - Line 650
[<<][5d8b8ffdc86a3471311051][DEFAULT][/lib/execute/execSetResults.php][19/Sep/25 16:04:13][19/Sep/25 16:04:14][took 0.690574 secs]
[<<][5d8b900458438493032345][DEFAULT][/lib/execute/execSetResults.php][19/Sep/25 16:04:20][19/Sep/25 16:04:20][took 0.004041 secs]
[>>][5d8b900459517055192486][DEFAULT][/lib/execute/execSetResults.php][19/Sep/25 16:04:20]
[<<][5d8b900459517055192486][DEFAULT][/lib/execute/execSetResults.php][19/Sep/25 16:04:20][19/Sep/25 16:04:20][took 0.002205 secs]
[>>][5d8b900459e57603724088][DEFAULT][/lib/execute/execSetResults.php][19/Sep/25 16:04:20]
	[19/Sep/25 16:04:20][WARNING][po42bnm58tuhi3kc624fl0jjgl][GUI - Test Project ID : 21]
		E_WARNING
Invalid argument supplied for foreach() - in /opt/bitnami/apps/testlink/htdocs/lib/functions/testcase.class.php - Line 8474
	[19/Sep/25 16:04:20][WARNING][po42bnm58tuhi3kc624fl0jjgl][GUI - Test Project ID : 21]
		E_WARNING
Invalid argument supplied for foreach() - in /opt/bitnami/apps/testlink/htdocs/lib/functions/testcase.class.php - Line 8474
	[19/Sep/25 16:04:20][WARNING][po42bnm58tuhi3kc624fl0jjgl][GUI - Test Project ID : 21]
		E_NOTICE
Undefined property: stdClass::$execution_time_cfields - in /opt/bitnami/apps/testlink/htdocs/gui/templates_c/fa5494a1f7ee0de32544f2117a99abd82d147fb7.file.inc_exec_show_tc_exec.tpl.php - Line 650
[<<][5d8b900459e57603724088][DEFAULT][/lib/execute/execSetResults.php][19/Sep/25 16:04:20][19/Sep/25 16:04:20][took 0.123558 secs]
[<<][5d8b900fe6dd5826409864][DEFAULT][/lib/execute/execSetResults.php][19/Sep/25 16:04:31][19/Sep/25 16:04:31][took 0.0036510000000001 secs]
[>>][5d8b900fe7cd5936142031][DEFAULT][/lib/execute/execSetResults.php][19/Sep/25 16:04:31]
[<<][5d8b900fe7cd5936142031][DEFAULT][/lib/execute/execSetResults.php][19/Sep/25 16:04:31][19/Sep/25 16:04:31][took 0.0023719999999999 secs]
[>>][5d8b900fe86b8908364686][DEFAULT][/lib/execute/execSetResults.php][19/Sep/25 16:04:31]
	[19/Sep/25 16:04:31][WARNING][po42bnm58tuhi3kc624fl0jjgl][GUI - Test Project ID : 21]
		E_WARNING
Invalid argument supplied for foreach() - in /opt/bitnami/apps/testlink/htdocs/lib/functions/testcase.class.php - Line 8474
	[19/Sep/25 16:04:32][WARNING][po42bnm58tuhi3kc624fl0jjgl][GUI - Test Project ID : 21]
		E_WARNING
Invalid argument supplied for foreach() - in /opt/bitnami/apps/testlink/htdocs/lib/functions/testcase.class.php - Line 8474
	[19/Sep/25 16:04:32][WARNING][po42bnm58tuhi3kc624fl0jjgl][GUI - Test Project ID : 21]
		E_NOTICE
Undefined property: stdClass::$execution_time_cfields - in /opt/bitnami/apps/testlink/htdocs/gui/templates_c/fa5494a1f7ee0de32544f2117a99abd82d147fb7.file.inc_exec_show_tc_exec.tpl.php - Line 650
[<<][5d8b900fe86b8908364686][DEFAULT][/lib/execute/execSetResults.php][19/Sep/25 16:04:31][19/Sep/25 16:04:32][took 0.133582 secs]
