	[19/Jan/22 23:14:08][AUDIT][178rtic3kkvttq7h61l1v1iv7g][GUI - Test Project ID : 1]
		Login for 'Joey.Maxfield@asirobots.com' from '10.10.100.158' succeeded
[<<][5c47a3c069617850616471][DEFAULT][/login.php][19/Jan/22 23:14:08][19/Jan/22 23:14:08][took 0.063853 secs]
[<<][5c47a3c092ebd054500513][DEFAULT][/index.php][19/Jan/22 23:14:08][19/Jan/22 23:14:08][took 0.009812 secs]
[>>][5c47a3c0955c4304773236][DEFAULT][/index.php][19/Jan/22 23:14:08]
[<<][5c47a3c0955c4304773236][DEFAULT][/index.php][19/Jan/22 23:14:08][19/Jan/22 23:14:08][took 0.014631 secs]
[<<][5c47a3c0a2496926864008][DEFAULT][/lib/general/navBar.php][19/Jan/22 23:14:08][19/Jan/22 23:14:08][took 0.010733 secs]
[>>][5c47a3c0a4f79941088016][DEFAULT][/lib/general/navBar.php][19/Jan/22 23:14:08]
[<<][5c47a3c0a4f79941088016][DEFAULT][/lib/general/navBar.php][19/Jan/22 23:14:08][19/Jan/22 23:14:08][took 0.009008 secs]
[>>][5c47a3c0a732c350827797][DEFAULT][/lib/general/navBar.php][19/Jan/22 23:14:08]
[<<][5c47a3c0a732c350827797][DEFAULT][/lib/general/navBar.php][19/Jan/22 23:14:08][19/Jan/22 23:14:08][took 0.029542 secs]
[<<][5c47a3c0a9d31411400441][DEFAULT][/lib/general/mainPage.php][19/Jan/22 23:14:08][19/Jan/22 23:14:08][took 0.02836 secs]
[>>][5c47a3c0b0c97677855376][DEFAULT][/lib/general/mainPage.php][19/Jan/22 23:14:08]
[<<][5c47a3c0b0c97677855376][DEFAULT][/lib/general/mainPage.php][19/Jan/22 23:14:08][19/Jan/22 23:14:08][took 0.011281 secs]
[>>][5c47a3c0b3943835912227][DEFAULT][/lib/general/mainPage.php][19/Jan/22 23:14:08]
	[19/Jan/22 23:14:08][WARNING][178rtic3kkvttq7h61l1v1iv7g][GUI - Test Project ID : 1]
		E_NOTICE
Undefined index: platform_view - in /opt/bitnami/apps/testlink/htdocs/gui/templates_c/835a037b28214872edd369779d57f903f1734c6a.file.mainPageLeft.tpl.php - Line 205
[<<][5c47a3c0b3943835912227][DEFAULT][/lib/general/mainPage.php][19/Jan/22 23:14:08][19/Jan/22 23:14:08][took 0.101648 secs]
[<<][5c47a3c85a1bc723651159][DEFAULT][/lib/general/frmWorkArea.php][19/Jan/22 23:14:16][19/Jan/22 23:14:16][took 0.006971 secs]
[>>][5c47a3c85bdaf292459081][DEFAULT][/lib/general/frmWorkArea.php][19/Jan/22 23:14:16]
[<<][5c47a3c85bdaf292459081][DEFAULT][/lib/general/frmWorkArea.php][19/Jan/22 23:14:16][19/Jan/22 23:14:16][took 0.008723 secs]
[>>][5c47a3c85e05a724582779][DEFAULT][/lib/general/frmWorkArea.php][19/Jan/22 23:14:16]
[<<][5c47a3c85e05a724582779][DEFAULT][/lib/general/frmWorkArea.php][19/Jan/22 23:14:16][19/Jan/22 23:14:16][took 0.011755 secs]
[<<][5c47a3c872679778063714][DEFAULT][/lib/testcases/listTestCases.php][19/Jan/22 23:14:16][19/Jan/22 23:14:16][took 0.017785 secs]
[>>][5c47a3c876c95457963962][DEFAULT][/lib/testcases/listTestCases.php][19/Jan/22 23:14:16]
[<<][5c47a3c876c95457963962][DEFAULT][/lib/testcases/listTestCases.php][19/Jan/22 23:14:16][19/Jan/22 23:14:16][took 0.003682 secs]
[>>][5c47a3c877b7d774395389][DEFAULT][/lib/testcases/listTestCases.php][19/Jan/22 23:14:16]
[<<][5c47a3c877b7d774395389][DEFAULT][/lib/testcases/listTestCases.php][19/Jan/22 23:14:16][19/Jan/22 23:14:17][took 0.671022 secs]
[<<][5c47a3c87a07c431343086][DEFAULT][/lib/testcases/archiveData.php][19/Jan/22 23:14:16][19/Jan/22 23:14:17][took 0.671372 secs]
[>>][5c47a3c929d8b792058596][DEFAULT][/lib/testcases/archiveData.php][19/Jan/22 23:14:17]
[<<][5c47a3c929d8b792058596][DEFAULT][/lib/testcases/archiveData.php][19/Jan/22 23:14:17][19/Jan/22 23:14:17][took 0.002118 secs]
[>>][5c47a3c92a663886450741][DEFAULT][/lib/testcases/archiveData.php][19/Jan/22 23:14:17]
[<<][5c47a3c92a663886450741][DEFAULT][/lib/testcases/archiveData.php][19/Jan/22 23:14:17][19/Jan/22 23:14:17][took 0.28629 secs]
[<<][5c47a3c977bf8724883437][DEFAULT][/lib/ajax/gettprojectnodes.php][19/Jan/22 23:14:17][19/Jan/22 23:14:17][took 0.229145 secs]
[>>][5c47a3c9afbde209371961][DEFAULT][/lib/ajax/gettprojectnodes.php][19/Jan/22 23:14:17]
[<<][5c47a3c9afbde209371961][DEFAULT][/lib/ajax/gettprojectnodes.php][19/Jan/22 23:14:17][19/Jan/22 23:14:17][took 0.09132 secs]
[>>][5c47a3c9c614b205513043][DEFAULT][/lib/ajax/gettprojectnodes.php][19/Jan/22 23:14:17]
[<<][5c47a3c9c614b205513043][DEFAULT][/lib/ajax/gettprojectnodes.php][19/Jan/22 23:14:17][19/Jan/22 23:14:17][took 0.058419 secs]
[<<][5c47a3cc9f462939079574][DEFAULT][/index.php][19/Jan/22 23:14:20][19/Jan/22 23:14:20][took 0.010509 secs]
[>>][5c47a3cca1e2b823940921][DEFAULT][/index.php][19/Jan/22 23:14:20]
[<<][5c47a3cca1e2b823940921][DEFAULT][/index.php][19/Jan/22 23:14:20][19/Jan/22 23:14:20][took 0.001207 secs]
[<<][5c47a3ccb696a309318090][DEFAULT][/lib/general/navBar.php][19/Jan/22 23:14:20][19/Jan/22 23:14:20][took 0.011555 secs]
[>>][5c47a3ccb9763729924712][DEFAULT][/lib/general/navBar.php][19/Jan/22 23:14:20]
[<<][5c47a3ccb9763729924712][DEFAULT][/lib/general/navBar.php][19/Jan/22 23:14:20][19/Jan/22 23:14:20][took 0.009336 secs]
[>>][5c47a3ccbbc69594735478][DEFAULT][/lib/general/navBar.php][19/Jan/22 23:14:20]
[<<][5c47a3ccbbc69594735478][DEFAULT][/lib/general/navBar.php][19/Jan/22 23:14:20][19/Jan/22 23:14:20][took 0.021661 secs]
[<<][5c47a3ccbebac457469716][DEFAULT][/lib/general/mainPage.php][19/Jan/22 23:14:20][19/Jan/22 23:14:20][took 0.020156 secs]
[>>][5c47a3ccc3b0f575076571][DEFAULT][/lib/general/mainPage.php][19/Jan/22 23:14:20]
[<<][5c47a3ccc3b0f575076571][DEFAULT][/lib/general/mainPage.php][19/Jan/22 23:14:20][19/Jan/22 23:14:20][took 0.019206 secs]
[>>][5c47a3ccc8712154381833][DEFAULT][/lib/general/mainPage.php][19/Jan/22 23:14:20]
	[19/Jan/22 23:14:20][WARNING][178rtic3kkvttq7h61l1v1iv7g][GUI - Test Project ID : 1]
		E_NOTICE
Undefined index: platform_view - in /opt/bitnami/apps/testlink/htdocs/gui/templates_c/835a037b28214872edd369779d57f903f1734c6a.file.mainPageLeft.tpl.php - Line 205
[<<][5c47a3ccc8712154381833][DEFAULT][/lib/general/mainPage.php][19/Jan/22 23:14:20][19/Jan/22 23:14:20][took 0.136846 secs]
[<<][5c47a3cf52abb790956810][DEFAULT][/lib/keywords/keywordsView.php][19/Jan/22 23:14:23][19/Jan/22 23:14:23][took 0.00967 secs]
[>>][5c47a3cf5515a984831039][DEFAULT][/lib/keywords/keywordsView.php][19/Jan/22 23:14:23]
[<<][5c47a3cf5515a984831039][DEFAULT][/lib/keywords/keywordsView.php][19/Jan/22 23:14:23][19/Jan/22 23:14:23][took 0.003187 secs]
[>>][5c47a3cf55e5e041731763][DEFAULT][/lib/keywords/keywordsView.php][19/Jan/22 23:14:23]
[<<][5c47a3cf55e5e041731763][DEFAULT][/lib/keywords/keywordsView.php][19/Jan/22 23:14:23][19/Jan/22 23:14:23][took 0.078452 secs]
[<<][5c47a3d0e7863939807345][DEFAULT][/index.php][19/Jan/22 23:14:24][19/Jan/22 23:14:24][took 0.002885 secs]
[>>][5c47a3d0e8457823704644][DEFAULT][/index.php][19/Jan/22 23:14:24]
[<<][5c47a3d0e8457823704644][DEFAULT][/index.php][19/Jan/22 23:14:24][19/Jan/22 23:14:24][took 0.008236 secs]
[<<][5c47a3d100a46787758343][DEFAULT][/lib/general/mainPage.php][19/Jan/22 23:14:25][19/Jan/22 23:14:25][took 0.012317 secs]
[>>][5c47a3d103b38443130395][DEFAULT][/lib/general/mainPage.php][19/Jan/22 23:14:25]
[<<][5c47a3d103b38443130395][DEFAULT][/lib/general/mainPage.php][19/Jan/22 23:14:25][19/Jan/22 23:14:25][took 0.008087 secs]
[>>][5c47a3d105b5f824043077][DEFAULT][/lib/general/mainPage.php][19/Jan/22 23:14:25]
	[19/Jan/22 23:14:25][WARNING][178rtic3kkvttq7h61l1v1iv7g][GUI - Test Project ID : 1]
		E_NOTICE
Undefined index: platform_view - in /opt/bitnami/apps/testlink/htdocs/gui/templates_c/835a037b28214872edd369779d57f903f1734c6a.file.mainPageLeft.tpl.php - Line 205
[<<][5c47a3d105b5f824043077][DEFAULT][/lib/general/mainPage.php][19/Jan/22 23:14:25][19/Jan/22 23:14:25][took 0.065502 secs]
[<<][5c47a3d101644192120021][DEFAULT][/lib/general/navBar.php][19/Jan/22 23:14:25][19/Jan/22 23:14:25][took 0.111345 secs]
[>>][5c47a3d11c9cd588752138][DEFAULT][/lib/general/navBar.php][19/Jan/22 23:14:25]
[<<][5c47a3d11c9cd588752138][DEFAULT][/lib/general/navBar.php][19/Jan/22 23:14:25][19/Jan/22 23:14:25][took 0.004421 secs]
[>>][5c47a3d11dc64380803603][DEFAULT][/lib/general/navBar.php][19/Jan/22 23:14:25]
[<<][5c47a3d11dc64380803603][DEFAULT][/lib/general/navBar.php][19/Jan/22 23:14:25][19/Jan/22 23:14:25][took 0.021822 secs]
[<<][5c47a3d2018a4469775829][DEFAULT][/lib/general/frmWorkArea.php][19/Jan/22 23:14:26][19/Jan/22 23:14:26][took 0.010026 secs]
[>>][5c47a3d204086206286842][DEFAULT][/lib/general/frmWorkArea.php][19/Jan/22 23:14:26]
[<<][5c47a3d204086206286842][DEFAULT][/lib/general/frmWorkArea.php][19/Jan/22 23:14:26][19/Jan/22 23:14:26][took 0.002055 secs]
[>>][5c47a3d20628f273740502][DEFAULT][/lib/general/frmWorkArea.php][19/Jan/22 23:14:26]
[<<][5c47a3d20628f273740502][DEFAULT][/lib/general/frmWorkArea.php][19/Jan/22 23:14:26][19/Jan/22 23:14:26][took 0.001204 secs]
[<<][5c47a3d2190ba400593182][DEFAULT][/lib/testcases/archiveData.php][19/Jan/22 23:14:26][19/Jan/22 23:14:26][took 0.017762 secs]
[>>][5c47a3d21d6d4618373609][DEFAULT][/lib/testcases/archiveData.php][19/Jan/22 23:14:26]
[<<][5c47a3d21d6d4618373609][DEFAULT][/lib/testcases/archiveData.php][19/Jan/22 23:14:26][19/Jan/22 23:14:26][took 0.001347 secs]
[>>][5c47a3d21dc97818767071][DEFAULT][/lib/testcases/archiveData.php][19/Jan/22 23:14:26]
[<<][5c47a3d21dc97818767071][DEFAULT][/lib/testcases/archiveData.php][19/Jan/22 23:14:26][19/Jan/22 23:14:26][took 0.020929 secs]
[<<][5c47a3d21b14f693922227][DEFAULT][/lib/testcases/listTestCases.php][19/Jan/22 23:14:26][19/Jan/22 23:14:26][took 0.059363 secs]
[>>][5c47a3d229a15522773524][DEFAULT][/lib/testcases/listTestCases.php][19/Jan/22 23:14:26]
[<<][5c47a3d229a15522773524][DEFAULT][/lib/testcases/listTestCases.php][19/Jan/22 23:14:26][19/Jan/22 23:14:26][took 0.008377 secs]
[>>][5c47a3d22bb76894270636][DEFAULT][/lib/testcases/listTestCases.php][19/Jan/22 23:14:26]
[<<][5c47a3d22bb76894270636][DEFAULT][/lib/testcases/listTestCases.php][19/Jan/22 23:14:26][19/Jan/22 23:14:26][took 0.035346 secs]
[<<][5c47a3d25f593822975460][DEFAULT][/lib/ajax/gettprojectnodes.php][19/Jan/22 23:14:26][19/Jan/22 23:14:26][took 0.005465 secs]
[>>][5c47a3d260ba0144959035][DEFAULT][/lib/ajax/gettprojectnodes.php][19/Jan/22 23:14:26]
[<<][5c47a3d260ba0144959035][DEFAULT][/lib/ajax/gettprojectnodes.php][19/Jan/22 23:14:26][19/Jan/22 23:14:26][took 0.010062 secs]
[>>][5c47a3d263389049755218][DEFAULT][/lib/ajax/gettprojectnodes.php][19/Jan/22 23:14:26]
[<<][5c47a3d263389049755218][DEFAULT][/lib/ajax/gettprojectnodes.php][19/Jan/22 23:14:26][19/Jan/22 23:14:26][took 0.00048899999999996 secs]
[<<][5c47a3d51c0f0311656766][DEFAULT][/logout.php][19/Jan/22 23:14:29][19/Jan/22 23:14:29][took 0.004925 secs]
[>>][5c47a3d51d506931967865][DEFAULT][/logout.php][19/Jan/22 23:14:29]
[<<][5c47a3d51d506931967865][DEFAULT][/logout.php][19/Jan/22 23:14:29][19/Jan/22 23:14:29][took 0.013801 secs]
[>>][5c47a3d520b7f561243571][DEFAULT][/logout.php][19/Jan/22 23:14:29]
	[19/Jan/22 23:14:29][AUDIT][178rtic3kkvttq7h61l1v1iv7g][GUI - Test Project ID : 1]
		Logout of 'Joey.Maxfield@asirobots.com'
	[19/Jan/22 23:14:33][AUDIT][178rtic3kkvttq7h61l1v1iv7g][GUI - Test Project ID : 1]
		Login for 'Joey.Maxfield@asirobots.com' from '10.10.100.158' succeeded
[<<][5c47a3d99ae93543863038][DEFAULT][/login.php][19/Jan/22 23:14:33][19/Jan/22 23:14:33][took 0.031684 secs]
[<<][5c47a3d9bcead858085769][DEFAULT][/index.php][19/Jan/22 23:14:33][19/Jan/22 23:14:33][took 0.011364 secs]
[>>][5c47a3d9bfbf5597850000][DEFAULT][/index.php][19/Jan/22 23:14:33]
[<<][5c47a3d9bfbf5597850000][DEFAULT][/index.php][19/Jan/22 23:14:33][19/Jan/22 23:14:33][took 0.008189 secs]
[<<][5c47a3d9ca5af392177871][DEFAULT][/lib/general/navBar.php][19/Jan/22 23:14:33][19/Jan/22 23:14:33][took 0.010321 secs]
[>>][5c47a3d9cceac118929920][DEFAULT][/lib/general/navBar.php][19/Jan/22 23:14:33]
[<<][5c47a3d9cceac118929920][DEFAULT][/lib/general/navBar.php][19/Jan/22 23:14:33][19/Jan/22 23:14:33][took 0.007549 secs]
[>>][5c47a3d9cecad734430866][DEFAULT][/lib/general/navBar.php][19/Jan/22 23:14:33]
[<<][5c47a3d9cecad734430866][DEFAULT][/lib/general/navBar.php][19/Jan/22 23:14:33][19/Jan/22 23:14:33][took 0.024348 secs]
[<<][5c47a3d9d0e7f809688464][DEFAULT][/lib/general/mainPage.php][19/Jan/22 23:14:33][19/Jan/22 23:14:33][took 0.036119 secs]
[>>][5c47a3d9d9c45313225765][DEFAULT][/lib/general/mainPage.php][19/Jan/22 23:14:33]
[<<][5c47a3d9d9c45313225765][DEFAULT][/lib/general/mainPage.php][19/Jan/22 23:14:33][19/Jan/22 23:14:33][took 0.010666 secs]
[>>][5c47a3d9dc67b054218205][DEFAULT][/lib/general/mainPage.php][19/Jan/22 23:14:33]
	[19/Jan/22 23:14:33][WARNING][178rtic3kkvttq7h61l1v1iv7g][GUI - Test Project ID : 1]
		E_NOTICE
Undefined index: platform_view - in /opt/bitnami/apps/testlink/htdocs/gui/templates_c/835a037b28214872edd369779d57f903f1734c6a.file.mainPageLeft.tpl.php - Line 205
[<<][5c47a3d9dc67b054218205][DEFAULT][/lib/general/mainPage.php][19/Jan/22 23:14:33][19/Jan/22 23:14:33][took 0.095698 secs]
[<<][5c47a3e591d57190148061][DEFAULT][/lib/usermanagement/userInfo.php][19/Jan/22 23:14:45][19/Jan/22 23:14:45][took 0.010765 secs]
[>>][5c47a3e594848986621313][DEFAULT][/lib/usermanagement/userInfo.php][19/Jan/22 23:14:45]
[<<][5c47a3e594848986621313][DEFAULT][/lib/usermanagement/userInfo.php][19/Jan/22 23:14:45][19/Jan/22 23:14:45][took 0.002394 secs]
[>>][5c47a3e595227667134606][DEFAULT][/lib/usermanagement/userInfo.php][19/Jan/22 23:14:45]
	[19/Jan/22 23:14:45][WARNING][178rtic3kkvttq7h61l1v1iv7g][GUI - Test Project ID : 1]
		E_WARNING
A non-numeric value encountered - in /opt/bitnami/apps/testlink/htdocs/locale/ja_JP/strings.txt - Line 2045
	[19/Jan/22 23:14:45][WARNING][178rtic3kkvttq7h61l1v1iv7g][GUI - Test Project ID : 1]
		E_WARNING
A non-numeric value encountered - in /opt/bitnami/apps/testlink/htdocs/locale/ja_JP/strings.txt - Line 2045
	[19/Jan/22 23:14:45][WARNING][178rtic3kkvttq7h61l1v1iv7g][GUI - Test Project ID : 1]
		E_WARNING
A non-numeric value encountered - in /opt/bitnami/apps/testlink/htdocs/locale/ja_JP/strings.txt - Line 2046
	[19/Jan/22 23:14:45][WARNING][178rtic3kkvttq7h61l1v1iv7g][GUI - Test Project ID : 1]
		E_WARNING
A non-numeric value encountered - in /opt/bitnami/apps/testlink/htdocs/locale/ja_JP/strings.txt - Line 2046
	[19/Jan/22 23:14:45][WARNING][178rtic3kkvttq7h61l1v1iv7g][GUI - Test Project ID : 1]
		E_WARNING
A non-numeric value encountered - in /opt/bitnami/apps/testlink/htdocs/locale/ja_JP/strings.txt - Line 2047
	[19/Jan/22 23:14:45][WARNING][178rtic3kkvttq7h61l1v1iv7g][GUI - Test Project ID : 1]
		E_WARNING
A non-numeric value encountered - in /opt/bitnami/apps/testlink/htdocs/locale/ja_JP/strings.txt - Line 2047
	[19/Jan/22 23:14:45][WARNING][178rtic3kkvttq7h61l1v1iv7g][GUI - Test Project ID : 1]
		E_WARNING
A non-numeric value encountered - in /opt/bitnami/apps/testlink/htdocs/locale/ja_JP/strings.txt - Line 3265
	[19/Jan/22 23:14:45][WARNING][178rtic3kkvttq7h61l1v1iv7g][GUI - Test Project ID : 1]
		E_WARNING
A non-numeric value encountered - in /opt/bitnami/apps/testlink/htdocs/locale/ja_JP/strings.txt - Line 3265
[<<][5c47a3e595227667134606][DEFAULT][/lib/usermanagement/userInfo.php][19/Jan/22 23:14:45][19/Jan/22 23:14:45][took 0.355536 secs]
[<<][5c47a3eb6ee3f200265219][DEFAULT][/lib/general/frmWorkArea.php][19/Jan/22 23:14:51][19/Jan/22 23:14:51][took 0.01005 secs]
[>>][5c47a3eb71653783576195][DEFAULT][/lib/general/frmWorkArea.php][19/Jan/22 23:14:51]
[<<][5c47a3eb71653783576195][DEFAULT][/lib/general/frmWorkArea.php][19/Jan/22 23:14:51][19/Jan/22 23:14:51][took 0.003572 secs]
[>>][5c47a3eb724f0656661238][DEFAULT][/lib/general/frmWorkArea.php][19/Jan/22 23:14:51]
[<<][5c47a3eb724f0656661238][DEFAULT][/lib/general/frmWorkArea.php][19/Jan/22 23:14:51][19/Jan/22 23:14:51][took 0.001175 secs]
[<<][5c47a3eb833ab230240938][DEFAULT][/lib/testcases/listTestCases.php][19/Jan/22 23:14:51][19/Jan/22 23:14:51][took 0.0036010000000001 secs]
[>>][5c47a3eb8426b624104440][DEFAULT][/lib/testcases/listTestCases.php][19/Jan/22 23:14:51]
[<<][5c47a3eb8426b624104440][DEFAULT][/lib/testcases/listTestCases.php][19/Jan/22 23:14:51][19/Jan/22 23:14:51][took 0.010987 secs]
[>>][5c47a3eb86de2026605157][DEFAULT][/lib/testcases/listTestCases.php][19/Jan/22 23:14:51]
[<<][5c47a3eb86de2026605157][DEFAULT][/lib/testcases/listTestCases.php][19/Jan/22 23:14:51][19/Jan/22 23:14:51][took 0.030207 secs]
[<<][5c47a3eb896da400707807][DEFAULT][/lib/testcases/archiveData.php][19/Jan/22 23:14:51][19/Jan/22 23:14:51][took 0.242174 secs]
[>>][5c47a3ebc49cf851188679][DEFAULT][/lib/testcases/archiveData.php][19/Jan/22 23:14:51]
[<<][5c47a3ebc49cf851188679][DEFAULT][/lib/testcases/archiveData.php][19/Jan/22 23:14:51][19/Jan/22 23:14:51][took 0.002414 secs]
[>>][5c47a3ebc5403402837415][DEFAULT][/lib/testcases/archiveData.php][19/Jan/22 23:14:51]
[<<][5c47a3ebc5403402837415][DEFAULT][/lib/testcases/archiveData.php][19/Jan/22 23:14:51][19/Jan/22 23:14:51][took 0.0051650000000001 secs]
[<<][5c47a3ebbc0ca482970087][DEFAULT][/lib/ajax/gettprojectnodes.php][19/Jan/22 23:14:51][19/Jan/22 23:14:51][took 0.072498 secs]
[>>][5c47a3ebcdcb3824123317][DEFAULT][/lib/ajax/gettprojectnodes.php][19/Jan/22 23:14:51]
[<<][5c47a3ebcdcb3824123317][DEFAULT][/lib/ajax/gettprojectnodes.php][19/Jan/22 23:14:51][19/Jan/22 23:14:51][took 0.008686 secs]
[>>][5c47a3ebcff2b358501400][DEFAULT][/lib/ajax/gettprojectnodes.php][19/Jan/22 23:14:51]
[<<][5c47a3ebcff2b358501400][DEFAULT][/lib/ajax/gettprojectnodes.php][19/Jan/22 23:14:51][19/Jan/22 23:14:51][took 0.00036599999999998 secs]
[<<][5c47a3f04fa42038750030][DEFAULT][/index.php][19/Jan/22 23:14:56][19/Jan/22 23:14:56][took 0.014123 secs]
[>>][5c47a3f05322d697888435][DEFAULT][/index.php][19/Jan/22 23:14:56]
[<<][5c47a3f05322d697888435][DEFAULT][/index.php][19/Jan/22 23:14:56][19/Jan/22 23:14:56][took 0.001767 secs]
[<<][5c47a3f068830858174001][DEFAULT][/lib/general/navBar.php][19/Jan/22 23:14:56][19/Jan/22 23:14:56][took 0.011754 secs]
[>>][5c47a3f06b6df653792117][DEFAULT][/lib/general/navBar.php][19/Jan/22 23:14:56]
[<<][5c47a3f06b6df653792117][DEFAULT][/lib/general/navBar.php][19/Jan/22 23:14:56][19/Jan/22 23:14:56][took 0.001333 secs]
[>>][5c47a3f06bc94666635219][DEFAULT][/lib/general/navBar.php][19/Jan/22 23:14:56]
[<<][5c47a3f06bc94666635219][DEFAULT][/lib/general/navBar.php][19/Jan/22 23:14:56][19/Jan/22 23:14:56][took 0.028096 secs]
[<<][5c47a3f06e097494754679][DEFAULT][/lib/general/mainPage.php][19/Jan/22 23:14:56][19/Jan/22 23:14:56][took 0.036648 secs]
[>>][5c47a3f077097352134303][DEFAULT][/lib/general/mainPage.php][19/Jan/22 23:14:56]
[<<][5c47a3f077097352134303][DEFAULT][/lib/general/mainPage.php][19/Jan/22 23:14:56][19/Jan/22 23:14:56][took 0.002126 secs]
[>>][5c47a3f07796b927088156][DEFAULT][/lib/general/mainPage.php][19/Jan/22 23:14:56]
	[19/Jan/22 23:14:56][WARNING][178rtic3kkvttq7h61l1v1iv7g][GUI - Test Project ID : 1]
		E_NOTICE
Undefined index: platform_view - in /opt/bitnami/apps/testlink/htdocs/gui/templates_c/835a037b28214872edd369779d57f903f1734c6a.file.mainPageLeft.tpl.php - Line 205
[<<][5c47a3f07796b927088156][DEFAULT][/lib/general/mainPage.php][19/Jan/22 23:14:56][19/Jan/22 23:14:56][took 0.078883 secs]
[<<][5c47a3f21070c006977522][DEFAULT][/lib/general/frmWorkArea.php][19/Jan/22 23:14:58][19/Jan/22 23:14:58][took 0.010937 secs]
[>>][5c47a3f213274395814490][DEFAULT][/lib/general/frmWorkArea.php][19/Jan/22 23:14:58]
[<<][5c47a3f213274395814490][DEFAULT][/lib/general/frmWorkArea.php][19/Jan/22 23:14:58][19/Jan/22 23:14:58][took 0.002653 secs]
[>>][5c47a3f213d54176070925][DEFAULT][/lib/general/frmWorkArea.php][19/Jan/22 23:14:58]
[<<][5c47a3f213d54176070925][DEFAULT][/lib/general/frmWorkArea.php][19/Jan/22 23:14:58][19/Jan/22 23:14:58][took 0.007571 secs]
[<<][5c47a3f22adea179186922][DEFAULT][/lib/testcases/listTestCases.php][19/Jan/22 23:14:58][19/Jan/22 23:14:58][took 0.012204 secs]
[>>][5c47a3f22de34548799852][DEFAULT][/lib/testcases/listTestCases.php][19/Jan/22 23:14:58]
[<<][5c47a3f22de34548799852][DEFAULT][/lib/testcases/listTestCases.php][19/Jan/22 23:14:58][19/Jan/22 23:14:58][took 0.007864 secs]
[>>][5c47a3f22fd7e384744377][DEFAULT][/lib/testcases/listTestCases.php][19/Jan/22 23:14:58]
[<<][5c47a3f22fd7e384744377][DEFAULT][/lib/testcases/listTestCases.php][19/Jan/22 23:14:58][19/Jan/22 23:14:58][took 0.020596 secs]
[<<][5c47a3f228c1c856312918][DEFAULT][/lib/testcases/archiveData.php][19/Jan/22 23:14:58][19/Jan/22 23:14:58][took 0.059244 secs]
[>>][5c47a3f23744a231776635][DEFAULT][/lib/testcases/archiveData.php][19/Jan/22 23:14:58]
[<<][5c47a3f23744a231776635][DEFAULT][/lib/testcases/archiveData.php][19/Jan/22 23:14:58][19/Jan/22 23:14:58][took 0.009362 secs]
[>>][5c47a3f239975279591665][DEFAULT][/lib/testcases/archiveData.php][19/Jan/22 23:14:58]
[<<][5c47a3f239975279591665][DEFAULT][/lib/testcases/archiveData.php][19/Jan/22 23:14:58][19/Jan/22 23:14:58][took 0.029152 secs]
[<<][5c47a3f269706420882352][DEFAULT][/lib/ajax/gettprojectnodes.php][19/Jan/22 23:14:58][19/Jan/22 23:14:58][took 0.017588 secs]
[>>][5c47a3f26dc8b404557710][DEFAULT][/lib/ajax/gettprojectnodes.php][19/Jan/22 23:14:58]
[<<][5c47a3f26dc8b404557710][DEFAULT][/lib/ajax/gettprojectnodes.php][19/Jan/22 23:14:58][19/Jan/22 23:14:58][took 0.00202 secs]
[>>][5c47a3f26e547468245537][DEFAULT][/lib/ajax/gettprojectnodes.php][19/Jan/22 23:14:58]
[<<][5c47a3f26e547468245537][DEFAULT][/lib/ajax/gettprojectnodes.php][19/Jan/22 23:14:58][19/Jan/22 23:14:58][took 0.000803 secs]
[<<][5c47a3fb3c79b306759945][DEFAULT][/index.php][19/Jan/22 23:15:07][19/Jan/22 23:15:07][took 0.009706 secs]
[>>][5c47a3fb3ee46102668785][DEFAULT][/index.php][19/Jan/22 23:15:07]
[<<][5c47a3fb3ee46102668785][DEFAULT][/index.php][19/Jan/22 23:15:07][19/Jan/22 23:15:07][took 0.008801 secs]
[<<][5c47a3fb4b6f2611032421][DEFAULT][/lib/general/navBar.php][19/Jan/22 23:15:07][19/Jan/22 23:15:07][took 0.003023 secs]
[>>][5c47a3fb4c36e690657026][DEFAULT][/lib/general/navBar.php][19/Jan/22 23:15:07]
[<<][5c47a3fb4c36e690657026][DEFAULT][/lib/general/navBar.php][19/Jan/22 23:15:07][19/Jan/22 23:15:07][took 0.037996 secs]
[>>][5c47a3fb55c0d553811826][DEFAULT][/lib/general/navBar.php][19/Jan/22 23:15:07]
[<<][5c47a3fb55c0d553811826][DEFAULT][/lib/general/navBar.php][19/Jan/22 23:15:07][19/Jan/22 23:15:07][took 0.019772 secs]
[<<][5c47a3fb52be3034716682][DEFAULT][/lib/general/mainPage.php][19/Jan/22 23:15:07][19/Jan/22 23:15:07][took 0.052703 secs]
[>>][5c47a3fb5fa7d226144647][DEFAULT][/lib/general/mainPage.php][19/Jan/22 23:15:07]
[<<][5c47a3fb5fa7d226144647][DEFAULT][/lib/general/mainPage.php][19/Jan/22 23:15:07][19/Jan/22 23:15:07][took 0.011699 secs]
[>>][5c47a3fb62916711711104][DEFAULT][/lib/general/mainPage.php][19/Jan/22 23:15:07]
[<<][5c47a3fb62916711711104][DEFAULT][/lib/general/mainPage.php][19/Jan/22 23:15:07][19/Jan/22 23:15:07][took 0.022243 secs]
[<<][5c47a4027114b186955613][DEFAULT][/lib/usermanagement/usersAssign.php][19/Jan/22 23:15:14][19/Jan/22 23:15:14][took 0.202992 secs]
[>>][5c47a402a2adc697412529][DEFAULT][/lib/usermanagement/usersAssign.php][19/Jan/22 23:15:14]
[<<][5c47a402a2adc697412529][DEFAULT][/lib/usermanagement/usersAssign.php][19/Jan/22 23:15:14][19/Jan/22 23:15:14][took 0.029914 secs]
[>>][5c47a402aa058666380409][DEFAULT][/lib/usermanagement/usersAssign.php][19/Jan/22 23:15:14]
[<<][5c47a402aa058666380409][DEFAULT][/lib/usermanagement/usersAssign.php][19/Jan/22 23:15:14][19/Jan/22 23:15:14][took 0.060839 secs]
[<<][5c47a41b710df999576686][DEFAULT][/index.php][19/Jan/22 23:15:39][19/Jan/22 23:15:39][took 0.028447 secs]
[>>][5c47a41b780f6953479365][DEFAULT][/index.php][19/Jan/22 23:15:39]
[<<][5c47a41b780f6953479365][DEFAULT][/index.php][19/Jan/22 23:15:39][19/Jan/22 23:15:39][took 0.019355 secs]
[<<][5c47a41b8590e525713818][DEFAULT][/lib/general/navBar.php][19/Jan/22 23:15:39][19/Jan/22 23:15:39][took 0.011399 secs]
[>>][5c47a41b8866b410155083][DEFAULT][/lib/general/navBar.php][19/Jan/22 23:15:39]
[<<][5c47a41b8866b410155083][DEFAULT][/lib/general/navBar.php][19/Jan/22 23:15:39][19/Jan/22 23:15:39][took 0.02786 secs]
[>>][5c47a41b8f443704446392][DEFAULT][/lib/general/navBar.php][19/Jan/22 23:15:39]
[<<][5c47a41b8f443704446392][DEFAULT][/lib/general/navBar.php][19/Jan/22 23:15:39][19/Jan/22 23:15:39][took 0.017606 secs]
[<<][5c47a41b8bb06358882791][DEFAULT][/lib/general/mainPage.php][19/Jan/22 23:15:39][19/Jan/22 23:15:39][took 0.041327 secs]
[>>][5c47a41b95d5f837067128][DEFAULT][/lib/general/mainPage.php][19/Jan/22 23:15:39]
[<<][5c47a41b95d5f837067128][DEFAULT][/lib/general/mainPage.php][19/Jan/22 23:15:39][19/Jan/22 23:15:39][took 0.021669 secs]
[>>][5c47a41b9b2b6042930761][DEFAULT][/lib/general/mainPage.php][19/Jan/22 23:15:39]
[<<][5c47a41b9b2b6042930761][DEFAULT][/lib/general/mainPage.php][19/Jan/22 23:15:39][19/Jan/22 23:15:39][took 0.01869 secs]
[<<][5c47a41df41f9293135723][DEFAULT][/lib/general/frmWorkArea.php][19/Jan/22 23:15:41][19/Jan/22 23:15:42][took 0.011079 secs]
[>>][5c47a41e02bb9351028944][DEFAULT][/lib/general/frmWorkArea.php][19/Jan/22 23:15:42]
[<<][5c47a41e02bb9351028944][DEFAULT][/lib/general/frmWorkArea.php][19/Jan/22 23:15:42][19/Jan/22 23:15:42][took 0.0103 secs]
[>>][5c47a41e05478977596568][DEFAULT][/lib/general/frmWorkArea.php][19/Jan/22 23:15:42]
[<<][5c47a41e05478977596568][DEFAULT][/lib/general/frmWorkArea.php][19/Jan/22 23:15:42][19/Jan/22 23:15:42][took 0.000823 secs]
[<<][5c47a41e11b6f056147030][DEFAULT][/lib/testcases/listTestCases.php][19/Jan/22 23:15:42][19/Jan/22 23:15:42][took 0.003941 secs]
[>>][5c47a41e12b7b282050704][DEFAULT][/lib/testcases/listTestCases.php][19/Jan/22 23:15:42]
[<<][5c47a41e12b7b282050704][DEFAULT][/lib/testcases/listTestCases.php][19/Jan/22 23:15:42][19/Jan/22 23:15:42][took 0.009972 secs]
[>>][5c47a41e15308117046340][DEFAULT][/lib/testcases/listTestCases.php][19/Jan/22 23:15:42]
[<<][5c47a41e15308117046340][DEFAULT][/lib/testcases/listTestCases.php][19/Jan/22 23:15:42][19/Jan/22 23:15:42][took 0.02967 secs]
[<<][5c47a41e178a7457994972][DEFAULT][/lib/testcases/archiveData.php][19/Jan/22 23:15:42][19/Jan/22 23:15:42][took 0.041156 secs]
[>>][5c47a41e21a23531518707][DEFAULT][/lib/testcases/archiveData.php][19/Jan/22 23:15:42]
[<<][5c47a41e21a23531518707][DEFAULT][/lib/testcases/archiveData.php][19/Jan/22 23:15:42][19/Jan/22 23:15:42][took 0.013469 secs]
[>>][5c47a41e268e9823695808][DEFAULT][/lib/testcases/archiveData.php][19/Jan/22 23:15:42]
[<<][5c47a41e268e9823695808][DEFAULT][/lib/testcases/archiveData.php][19/Jan/22 23:15:42][19/Jan/22 23:15:42][took 0.011531 secs]
[<<][5c47a41e55f8a308580990][DEFAULT][/lib/ajax/gettprojectnodes.php][19/Jan/22 23:15:42][19/Jan/22 23:15:42][took 0.014258 secs]
[>>][5c47a41e597f3170839622][DEFAULT][/lib/ajax/gettprojectnodes.php][19/Jan/22 23:15:42]
[<<][5c47a41e597f3170839622][DEFAULT][/lib/ajax/gettprojectnodes.php][19/Jan/22 23:15:42][19/Jan/22 23:15:42][took 0.010264 secs]
[>>][5c47a41e5c0aa708669750][DEFAULT][/lib/ajax/gettprojectnodes.php][19/Jan/22 23:15:42]
[<<][5c47a41e5c0aa708669750][DEFAULT][/lib/ajax/gettprojectnodes.php][19/Jan/22 23:15:42][19/Jan/22 23:15:42][took 0.000498 secs]
[<<][5c47a41f5021f842336516][DEFAULT][/index.php][19/Jan/22 23:15:43][19/Jan/22 23:15:43][took 0.004152 secs]
[>>][5c47a41f51317849345873][DEFAULT][/index.php][19/Jan/22 23:15:43]
[<<][5c47a41f51317849345873][DEFAULT][/index.php][19/Jan/22 23:15:43][19/Jan/22 23:15:43][took 0.008612 secs]
[<<][5c47a41f5d697384542706][DEFAULT][/lib/general/mainPage.php][19/Jan/22 23:15:43][19/Jan/22 23:15:43][took 0.02038 secs]
[>>][5c47a41f626ed841844281][DEFAULT][/lib/general/mainPage.php][19/Jan/22 23:15:43]
[<<][5c47a41f626ed841844281][DEFAULT][/lib/general/mainPage.php][19/Jan/22 23:15:43][19/Jan/22 23:15:43][took 0.214516 secs]
[>>][5c47a41f96dbd312287419][DEFAULT][/lib/general/mainPage.php][19/Jan/22 23:15:43]
[<<][5c47a41f96dbd312287419][DEFAULT][/lib/general/mainPage.php][19/Jan/22 23:15:43][19/Jan/22 23:15:43][took 0.027976 secs]
[<<][5c47a41f5cec3102633551][DEFAULT][/lib/general/navBar.php][19/Jan/22 23:15:43][19/Jan/22 23:15:43][took 0.266819 secs]
[>>][5c47a41fa202a996039916][DEFAULT][/lib/general/navBar.php][19/Jan/22 23:15:43]
[<<][5c47a41fa202a996039916][DEFAULT][/lib/general/navBar.php][19/Jan/22 23:15:43][19/Jan/22 23:15:43][took 0.0019290000000001 secs]
[>>][5c47a41fa287c396840450][DEFAULT][/lib/general/navBar.php][19/Jan/22 23:15:43]
[<<][5c47a41fa287c396840450][DEFAULT][/lib/general/navBar.php][19/Jan/22 23:15:43][19/Jan/22 23:15:43][took 0.033441 secs]
[<<][5c47a4257fe88420511182][DEFAULT][/lib/platforms/platformsView.php][19/Jan/22 23:15:49][19/Jan/22 23:15:49][took 0.0097309999999999 secs]
[>>][5c47a4258252a805016810][DEFAULT][/lib/platforms/platformsView.php][19/Jan/22 23:15:49]
[<<][5c47a4258252a805016810][DEFAULT][/lib/platforms/platformsView.php][19/Jan/22 23:15:49][19/Jan/22 23:15:49][took 0.010323 secs]
[>>][5c47a42584ec4395281859][DEFAULT][/lib/platforms/platformsView.php][19/Jan/22 23:15:49]
[<<][5c47a42584ec4395281859][DEFAULT][/lib/platforms/platformsView.php][19/Jan/22 23:15:49][19/Jan/22 23:15:49][took 0.100883 secs]
[<<][5c47a428ea227107090059][DEFAULT][/index.php][19/Jan/22 23:15:52][19/Jan/22 23:15:52][took 0.009808 secs]
[>>][5c47a428ec938708429348][DEFAULT][/index.php][19/Jan/22 23:15:52]
[<<][5c47a428ec938708429348][DEFAULT][/index.php][19/Jan/22 23:15:52][19/Jan/22 23:15:52][took 0.0017060000000001 secs]
[<<][5c47a42902e6e282204014][DEFAULT][/lib/general/navBar.php][19/Jan/22 23:15:53][19/Jan/22 23:15:53][took 0.002672 secs]
[>>][5c47a4290397c746276798][DEFAULT][/lib/general/navBar.php][19/Jan/22 23:15:53]
[<<][5c47a4290397c746276798][DEFAULT][/lib/general/navBar.php][19/Jan/22 23:15:53][19/Jan/22 23:15:53][took 0.008448 secs]
[>>][5c47a42905b00824009805][DEFAULT][/lib/general/navBar.php][19/Jan/22 23:15:53]
[<<][5c47a42905b00824009805][DEFAULT][/lib/general/navBar.php][19/Jan/22 23:15:53][19/Jan/22 23:15:53][took 0.01083 secs]
[<<][5c47a4290a715205602925][DEFAULT][/lib/general/mainPage.php][19/Jan/22 23:15:53][19/Jan/22 23:15:53][took 0.02885 secs]
[>>][5c47a42911876109469911][DEFAULT][/lib/general/mainPage.php][19/Jan/22 23:15:53]
[<<][5c47a42911876109469911][DEFAULT][/lib/general/mainPage.php][19/Jan/22 23:15:53][19/Jan/22 23:15:53][took 0.001706 secs]
[>>][5c47a42911fa3044615110][DEFAULT][/lib/general/mainPage.php][19/Jan/22 23:15:53]
[<<][5c47a42911fa3044615110][DEFAULT][/lib/general/mainPage.php][19/Jan/22 23:15:53][19/Jan/22 23:15:53][took 0.019443 secs]
[<<][5c47a42bd4fc5002494253][DEFAULT][/lib/usermanagement/usersAssign.php][19/Jan/22 23:15:55][19/Jan/22 23:15:55][took 0.010667 secs]
[>>][5c47a42bd7a92464396720][DEFAULT][/lib/usermanagement/usersAssign.php][19/Jan/22 23:15:55]
[<<][5c47a42bd7a92464396720][DEFAULT][/lib/usermanagement/usersAssign.php][19/Jan/22 23:15:55][19/Jan/22 23:15:55][took 0.010433 secs]
[>>][5c47a42bda3e6510334637][DEFAULT][/lib/usermanagement/usersAssign.php][19/Jan/22 23:15:55]
[<<][5c47a42bda3e6510334637][DEFAULT][/lib/usermanagement/usersAssign.php][19/Jan/22 23:15:55][19/Jan/22 23:15:55][took 0.029823 secs]
[<<][5c47a434bf9ab051096964][DEFAULT][/lib/usermanagement/userInfo.php][19/Jan/22 23:16:04][19/Jan/22 23:16:04][took 0.0098349999999999 secs]
[>>][5c47a434c20fd674826833][DEFAULT][/lib/usermanagement/userInfo.php][19/Jan/22 23:16:04]
[<<][5c47a434c20fd674826833][DEFAULT][/lib/usermanagement/userInfo.php][19/Jan/22 23:16:04][19/Jan/22 23:16:04][took 0.0017860000000001 secs]
[>>][5c47a434c287b928206571][DEFAULT][/lib/usermanagement/userInfo.php][19/Jan/22 23:16:04]
	[19/Jan/22 23:16:04][WARNING][178rtic3kkvttq7h61l1v1iv7g][GUI - Test Project ID : 1]
		E_WARNING
A non-numeric value encountered - in /opt/bitnami/apps/testlink/htdocs/locale/ja_JP/strings.txt - Line 2045
	[19/Jan/22 23:16:04][WARNING][178rtic3kkvttq7h61l1v1iv7g][GUI - Test Project ID : 1]
		E_WARNING
A non-numeric value encountered - in /opt/bitnami/apps/testlink/htdocs/locale/ja_JP/strings.txt - Line 2045
	[19/Jan/22 23:16:04][WARNING][178rtic3kkvttq7h61l1v1iv7g][GUI - Test Project ID : 1]
		E_WARNING
A non-numeric value encountered - in /opt/bitnami/apps/testlink/htdocs/locale/ja_JP/strings.txt - Line 2046
	[19/Jan/22 23:16:04][WARNING][178rtic3kkvttq7h61l1v1iv7g][GUI - Test Project ID : 1]
		E_WARNING
A non-numeric value encountered - in /opt/bitnami/apps/testlink/htdocs/locale/ja_JP/strings.txt - Line 2046
	[19/Jan/22 23:16:05][WARNING][178rtic3kkvttq7h61l1v1iv7g][GUI - Test Project ID : 1]
		E_WARNING
A non-numeric value encountered - in /opt/bitnami/apps/testlink/htdocs/locale/ja_JP/strings.txt - Line 2047
	[19/Jan/22 23:16:05][WARNING][178rtic3kkvttq7h61l1v1iv7g][GUI - Test Project ID : 1]
		E_WARNING
A non-numeric value encountered - in /opt/bitnami/apps/testlink/htdocs/locale/ja_JP/strings.txt - Line 2047
	[19/Jan/22 23:16:05][WARNING][178rtic3kkvttq7h61l1v1iv7g][GUI - Test Project ID : 1]
		E_WARNING
A non-numeric value encountered - in /opt/bitnami/apps/testlink/htdocs/locale/ja_JP/strings.txt - Line 3265
	[19/Jan/22 23:16:05][WARNING][178rtic3kkvttq7h61l1v1iv7g][GUI - Test Project ID : 1]
		E_WARNING
A non-numeric value encountered - in /opt/bitnami/apps/testlink/htdocs/locale/ja_JP/strings.txt - Line 3265
[<<][5c47a434c287b928206571][DEFAULT][/lib/usermanagement/userInfo.php][19/Jan/22 23:16:04][19/Jan/22 23:16:05][took 0.372965 secs]
[<<][5c47a438c3803982780006][DEFAULT][/lib/usermanagement/userInfo.php][19/Jan/22 23:16:08][19/Jan/22 23:16:08][took 0.003178 secs]
[>>][5c47a438c452b292281264][DEFAULT][/lib/usermanagement/userInfo.php][19/Jan/22 23:16:08]
[<<][5c47a438c452b292281264][DEFAULT][/lib/usermanagement/userInfo.php][19/Jan/22 23:16:08][19/Jan/22 23:16:08][took 0.009123 secs]
[>>][5c47a438c6978339329396][DEFAULT][/lib/usermanagement/userInfo.php][19/Jan/22 23:16:08]
	[19/Jan/22 23:16:08][WARNING][178rtic3kkvttq7h61l1v1iv7g][GUI - Test Project ID : 1]
		E_WARNING
A non-numeric value encountered - in /opt/bitnami/apps/testlink/htdocs/locale/ja_JP/strings.txt - Line 2045
	[19/Jan/22 23:16:08][WARNING][178rtic3kkvttq7h61l1v1iv7g][GUI - Test Project ID : 1]
		E_WARNING
A non-numeric value encountered - in /opt/bitnami/apps/testlink/htdocs/locale/ja_JP/strings.txt - Line 2045
	[19/Jan/22 23:16:08][WARNING][178rtic3kkvttq7h61l1v1iv7g][GUI - Test Project ID : 1]
		E_WARNING
A non-numeric value encountered - in /opt/bitnami/apps/testlink/htdocs/locale/ja_JP/strings.txt - Line 2046
	[19/Jan/22 23:16:08][WARNING][178rtic3kkvttq7h61l1v1iv7g][GUI - Test Project ID : 1]
		E_WARNING
A non-numeric value encountered - in /opt/bitnami/apps/testlink/htdocs/locale/ja_JP/strings.txt - Line 2046
	[19/Jan/22 23:16:09][WARNING][178rtic3kkvttq7h61l1v1iv7g][GUI - Test Project ID : 1]
		E_WARNING
A non-numeric value encountered - in /opt/bitnami/apps/testlink/htdocs/locale/ja_JP/strings.txt - Line 2047
	[19/Jan/22 23:16:09][WARNING][178rtic3kkvttq7h61l1v1iv7g][GUI - Test Project ID : 1]
		E_WARNING
A non-numeric value encountered - in /opt/bitnami/apps/testlink/htdocs/locale/ja_JP/strings.txt - Line 2047
	[19/Jan/22 23:16:09][WARNING][178rtic3kkvttq7h61l1v1iv7g][GUI - Test Project ID : 1]
		E_WARNING
A non-numeric value encountered - in /opt/bitnami/apps/testlink/htdocs/locale/ja_JP/strings.txt - Line 3265
	[19/Jan/22 23:16:09][WARNING][178rtic3kkvttq7h61l1v1iv7g][GUI - Test Project ID : 1]
		E_WARNING
A non-numeric value encountered - in /opt/bitnami/apps/testlink/htdocs/locale/ja_JP/strings.txt - Line 3265
[<<][5c47a438c6978339329396][DEFAULT][/lib/usermanagement/userInfo.php][19/Jan/22 23:16:08][19/Jan/22 23:16:09][took 0.328799 secs]
[<<][5c47a43b32d55826566023][DEFAULT][/lib/usermanagement/userInfo.php][19/Jan/22 23:16:11][19/Jan/22 23:16:11][took 0.009367 secs]
[>>][5c47a43b352a4517128261][DEFAULT][/lib/usermanagement/userInfo.php][19/Jan/22 23:16:11]
[<<][5c47a43b352a4517128261][DEFAULT][/lib/usermanagement/userInfo.php][19/Jan/22 23:16:11][19/Jan/22 23:16:11][took 0.009713 secs]
[>>][5c47a43b3793b922611062][DEFAULT][/lib/usermanagement/userInfo.php][19/Jan/22 23:16:11]
	[19/Jan/22 23:16:11][WARNING][178rtic3kkvttq7h61l1v1iv7g][GUI - Test Project ID : 1]
		E_WARNING
A non-numeric value encountered - in /opt/bitnami/apps/testlink/htdocs/locale/ja_JP/strings.txt - Line 2045
	[19/Jan/22 23:16:11][WARNING][178rtic3kkvttq7h61l1v1iv7g][GUI - Test Project ID : 1]
		E_WARNING
A non-numeric value encountered - in /opt/bitnami/apps/testlink/htdocs/locale/ja_JP/strings.txt - Line 2045
	[19/Jan/22 23:16:11][WARNING][178rtic3kkvttq7h61l1v1iv7g][GUI - Test Project ID : 1]
		E_WARNING
A non-numeric value encountered - in /opt/bitnami/apps/testlink/htdocs/locale/ja_JP/strings.txt - Line 2046
	[19/Jan/22 23:16:11][WARNING][178rtic3kkvttq7h61l1v1iv7g][GUI - Test Project ID : 1]
		E_WARNING
A non-numeric value encountered - in /opt/bitnami/apps/testlink/htdocs/locale/ja_JP/strings.txt - Line 2046
	[19/Jan/22 23:16:11][WARNING][178rtic3kkvttq7h61l1v1iv7g][GUI - Test Project ID : 1]
		E_WARNING
A non-numeric value encountered - in /opt/bitnami/apps/testlink/htdocs/locale/ja_JP/strings.txt - Line 2047
	[19/Jan/22 23:16:11][WARNING][178rtic3kkvttq7h61l1v1iv7g][GUI - Test Project ID : 1]
		E_WARNING
A non-numeric value encountered - in /opt/bitnami/apps/testlink/htdocs/locale/ja_JP/strings.txt - Line 2047
	[19/Jan/22 23:16:11][WARNING][178rtic3kkvttq7h61l1v1iv7g][GUI - Test Project ID : 1]
		E_WARNING
A non-numeric value encountered - in /opt/bitnami/apps/testlink/htdocs/locale/ja_JP/strings.txt - Line 3265
	[19/Jan/22 23:16:11][WARNING][178rtic3kkvttq7h61l1v1iv7g][GUI - Test Project ID : 1]
		E_WARNING
A non-numeric value encountered - in /opt/bitnami/apps/testlink/htdocs/locale/ja_JP/strings.txt - Line 3265
[<<][5c47a43b3793b922611062][DEFAULT][/lib/usermanagement/userInfo.php][19/Jan/22 23:16:11][19/Jan/22 23:16:11][took 0.314909 secs]
[<<][5c47a43e3f191878371042][DEFAULT][/index.php][19/Jan/22 23:16:14][19/Jan/22 23:16:14][took 0.002939 secs]
[>>][5c47a43e3fdc1621175951][DEFAULT][/index.php][19/Jan/22 23:16:14]
[<<][5c47a43e3fdc1621175951][DEFAULT][/index.php][19/Jan/22 23:16:14][19/Jan/22 23:16:14][took 0.008498 secs]
[<<][5c47a43e4d8d3701022578][DEFAULT][/lib/general/navBar.php][19/Jan/22 23:16:14][19/Jan/22 23:16:14][took 0.010052 secs]
[>>][5c47a43e5017d814091896][DEFAULT][/lib/general/navBar.php][19/Jan/22 23:16:14]
[<<][5c47a43e5017d814091896][DEFAULT][/lib/general/navBar.php][19/Jan/22 23:16:14][19/Jan/22 23:16:14][took 0.023459 secs]
[>>][5c47a43e55de1194898028][DEFAULT][/lib/general/navBar.php][19/Jan/22 23:16:14]
[<<][5c47a43e55de1194898028][DEFAULT][/lib/general/navBar.php][19/Jan/22 23:16:14][19/Jan/22 23:16:14][took 0.02082 secs]
[<<][5c47a43e539f5176035627][DEFAULT][/lib/general/mainPage.php][19/Jan/22 23:16:14][19/Jan/22 23:16:14][took 0.048272 secs]
[>>][5c47a43e5f730187211173][DEFAULT][/lib/general/mainPage.php][19/Jan/22 23:16:14]
[<<][5c47a43e5f730187211173][DEFAULT][/lib/general/mainPage.php][19/Jan/22 23:16:14][19/Jan/22 23:16:14][took 0.020555 secs]
[>>][5c47a43e64821991675244][DEFAULT][/lib/general/mainPage.php][19/Jan/22 23:16:14]
[<<][5c47a43e64821991675244][DEFAULT][/lib/general/mainPage.php][19/Jan/22 23:16:14][19/Jan/22 23:16:14][took 0.07395 secs]
[<<][5c47a457265ad190537749][DEFAULT][/lib/usermanagement/usersAssign.php][19/Jan/22 23:16:39][19/Jan/22 23:16:39][took 0.009387 secs]
[>>][5c47a45728b17258614545][DEFAULT][/lib/usermanagement/usersAssign.php][19/Jan/22 23:16:39]
[<<][5c47a45728b17258614545][DEFAULT][/lib/usermanagement/usersAssign.php][19/Jan/22 23:16:39][19/Jan/22 23:16:39][took 0.002468 secs]
[>>][5c47a4572af28325906743][DEFAULT][/lib/usermanagement/usersAssign.php][19/Jan/22 23:16:39]
[<<][5c47a4572af28325906743][DEFAULT][/lib/usermanagement/usersAssign.php][19/Jan/22 23:16:39][19/Jan/22 23:16:39][took 0.029713 secs]
[<<][5c47a45d28d02556151786][DEFAULT][/lib/usermanagement/usersView.php][19/Jan/22 23:16:45][19/Jan/22 23:16:45][took 0.010212 secs]
[>>][5c47a45d2b595903436758][DEFAULT][/lib/usermanagement/usersView.php][19/Jan/22 23:16:45]
[<<][5c47a45d2b595903436758][DEFAULT][/lib/usermanagement/usersView.php][19/Jan/22 23:16:45][19/Jan/22 23:16:45][took 0.018928 secs]
[>>][5c47a45d30016385012764][DEFAULT][/lib/usermanagement/usersView.php][19/Jan/22 23:16:45]
[<<][5c47a45d30016385012764][DEFAULT][/lib/usermanagement/usersView.php][19/Jan/22 23:16:45][19/Jan/22 23:16:45][took 0.035195 secs]
[<<][5c47a46e72a55513929866][DEFAULT][/lib/usermanagement/usersView.php][19/Jan/22 23:17:02][19/Jan/22 23:17:02][took 0.009467 secs]
[>>][5c47a46e7502c070196206][DEFAULT][/lib/usermanagement/usersView.php][19/Jan/22 23:17:02]
[<<][5c47a46e7502c070196206][DEFAULT][/lib/usermanagement/usersView.php][19/Jan/22 23:17:02][19/Jan/22 23:17:02][took 0.009156 secs]
[>>][5c47a46e7748b806130100][DEFAULT][/lib/usermanagement/usersView.php][19/Jan/22 23:17:02]
	[19/Jan/22 23:17:02][AUDIT][178rtic3kkvttq7h61l1v1iv7g][GUI - Test Project ID : 1]
		User 'Matt.Hale' was disabled
[<<][5c47a46e7748b806130100][DEFAULT][/lib/usermanagement/usersView.php][19/Jan/22 23:17:02][19/Jan/22 23:17:02][took 0.071883 secs]
[<<][5c47a4737d3c0968273461][DEFAULT][/lib/usermanagement/usersEdit.php][19/Jan/22 23:17:07][19/Jan/22 23:17:07][took 0.002926 secs]
[>>][5c47a4737dfe1149817680][DEFAULT][/lib/usermanagement/usersEdit.php][19/Jan/22 23:17:07]
[<<][5c47a4737dfe1149817680][DEFAULT][/lib/usermanagement/usersEdit.php][19/Jan/22 23:17:07][19/Jan/22 23:17:07][took 0.0096810000000001 secs]
[>>][5c47a47380655181647142][DEFAULT][/lib/usermanagement/usersEdit.php][19/Jan/22 23:17:07]
[<<][5c47a47380655181647142][DEFAULT][/lib/usermanagement/usersEdit.php][19/Jan/22 23:17:07][19/Jan/22 23:17:07][took 0.019334 secs]
[<<][5c47a49611243787560454][DEFAULT][/lib/usermanagement/usersEdit.php][19/Jan/22 23:17:42][19/Jan/22 23:17:42][took 0.003042 secs]
[>>][5c47a49611efa274238033][DEFAULT][/lib/usermanagement/usersEdit.php][19/Jan/22 23:17:42]
[<<][5c47a49611efa274238033][DEFAULT][/lib/usermanagement/usersEdit.php][19/Jan/22 23:17:42][19/Jan/22 23:17:42][took 0.009324 secs]
[>>][5c47a496143ed088301351][DEFAULT][/lib/usermanagement/usersEdit.php][19/Jan/22 23:17:42]
	[19/Jan/22 23:17:42][AUDIT][178rtic3kkvttq7h61l1v1iv7g][GUI - Test Project ID : 1]
		User 'Matt.Hale' was saved
[<<][5c47a496143ed088301351][DEFAULT][/lib/usermanagement/usersEdit.php][19/Jan/22 23:17:42][19/Jan/22 23:17:42][took 0.101951 secs]
[<<][5c47a4963b742677177753][DEFAULT][/lib/usermanagement/usersView.php][19/Jan/22 23:17:42][19/Jan/22 23:17:42][took 0.003144 secs]
[>>][5c47a4963c43b932529920][DEFAULT][/lib/usermanagement/usersView.php][19/Jan/22 23:17:42]
[<<][5c47a4963c43b932529920][DEFAULT][/lib/usermanagement/usersView.php][19/Jan/22 23:17:42][19/Jan/22 23:17:42][took 0.009114 secs]
[>>][5c47a4963e86a816172541][DEFAULT][/lib/usermanagement/usersView.php][19/Jan/22 23:17:42]
[<<][5c47a4963e86a816172541][DEFAULT][/lib/usermanagement/usersView.php][19/Jan/22 23:17:42][19/Jan/22 23:17:42][took 0.015593 secs]
[<<][5c47a498f1f63344809134][DEFAULT][/lib/usermanagement/usersView.php][19/Jan/22 23:17:44][19/Jan/22 23:17:44][took 0.009781 secs]
[>>][5c47a49900412067190272][DEFAULT][/lib/usermanagement/usersView.php][19/Jan/22 23:17:44]
[<<][5c47a49900412067190272][DEFAULT][/lib/usermanagement/usersView.php][19/Jan/22 23:17:44][19/Jan/22 23:17:45][took 0.009042 secs]
[>>][5c47a499027ed684055402][DEFAULT][/lib/usermanagement/usersView.php][19/Jan/22 23:17:45]
[<<][5c47a499027ed684055402][DEFAULT][/lib/usermanagement/usersView.php][19/Jan/22 23:17:45][19/Jan/22 23:17:45][took 0.00967 secs]
[<<][5c47a53d6d139928212479][DEFAULT][/lib/usermanagement/rolesView.php][19/Jan/22 23:20:29][19/Jan/22 23:20:29][took 0.009797 secs]
[>>][5c47a53d6f862457463648][DEFAULT][/lib/usermanagement/rolesView.php][19/Jan/22 23:20:29]
[<<][5c47a53d6f862457463648][DEFAULT][/lib/usermanagement/rolesView.php][19/Jan/22 23:20:29][19/Jan/22 23:20:29][took 0.009149 secs]
[>>][5c47a53d71cb0260380863][DEFAULT][/lib/usermanagement/rolesView.php][19/Jan/22 23:20:29]
[<<][5c47a53d71cb0260380863][DEFAULT][/lib/usermanagement/rolesView.php][19/Jan/22 23:20:29][19/Jan/22 23:20:29][took 0.011518 secs]
[<<][5c47a53f3bc17874800874][DEFAULT][/lib/usermanagement/usersAssign.php][19/Jan/22 23:20:31][19/Jan/22 23:20:31][took 0.00978 secs]
[>>][5c47a53f3e311235802611][DEFAULT][/lib/usermanagement/usersAssign.php][19/Jan/22 23:20:31]
[<<][5c47a53f3e311235802611][DEFAULT][/lib/usermanagement/usersAssign.php][19/Jan/22 23:20:31][19/Jan/22 23:20:31][took 0.00935 secs]
[>>][5c47a53f4082b684151090][DEFAULT][/lib/usermanagement/usersAssign.php][19/Jan/22 23:20:31]
[<<][5c47a53f4082b684151090][DEFAULT][/lib/usermanagement/usersAssign.php][19/Jan/22 23:20:31][19/Jan/22 23:20:31][took 0.02961 secs]
[<<][5c47a5426e88e104349342][DEFAULT][/lib/usermanagement/usersAssign.php][19/Jan/22 23:20:34][19/Jan/22 23:20:34][took 0.002934 secs]
[>>][5c47a5426f4ba630133928][DEFAULT][/lib/usermanagement/usersAssign.php][19/Jan/22 23:20:34]
[<<][5c47a5426f4ba630133928][DEFAULT][/lib/usermanagement/usersAssign.php][19/Jan/22 23:20:34][19/Jan/22 23:20:34][took 0.010255 secs]
[>>][5c47a54271d65862108055][DEFAULT][/lib/usermanagement/usersAssign.php][19/Jan/22 23:20:34]
[<<][5c47a54271d65862108055][DEFAULT][/lib/usermanagement/usersAssign.php][19/Jan/22 23:20:34][19/Jan/22 23:20:34][took 0.027537 secs]
[<<][5c47a5442f818690628797][DEFAULT][/lib/usermanagement/usersAssign.php][19/Jan/22 23:20:36][19/Jan/22 23:20:36][took 0.011308 secs]
[>>][5c47a544324f6805440831][DEFAULT][/lib/usermanagement/usersAssign.php][19/Jan/22 23:20:36]
[<<][5c47a544324f6805440831][DEFAULT][/lib/usermanagement/usersAssign.php][19/Jan/22 23:20:36][19/Jan/22 23:20:36][took 0.00949 secs]
[>>][5c47a54434aad948516325][DEFAULT][/lib/usermanagement/usersAssign.php][19/Jan/22 23:20:36]
[<<][5c47a54434aad948516325][DEFAULT][/lib/usermanagement/usersAssign.php][19/Jan/22 23:20:36][19/Jan/22 23:20:36][took 0.02356 secs]
[<<][5c47a547d5590448567924][DEFAULT][/lib/usermanagement/usersView.php][19/Jan/22 23:20:39][19/Jan/22 23:20:39][took 0.003312 secs]
[>>][5c47a547d632b823877506][DEFAULT][/lib/usermanagement/usersView.php][19/Jan/22 23:20:39]
[<<][5c47a547d632b823877506][DEFAULT][/lib/usermanagement/usersView.php][19/Jan/22 23:20:39][19/Jan/22 23:20:39][took 0.019554 secs]
[>>][5c47a547db052837405152][DEFAULT][/lib/usermanagement/usersView.php][19/Jan/22 23:20:39]
[<<][5c47a547db052837405152][DEFAULT][/lib/usermanagement/usersView.php][19/Jan/22 23:20:39][19/Jan/22 23:20:39][took 0.020567 secs]
[<<][5c47a59761e5d653455377][DEFAULT][/lib/usermanagement/usersView.php][19/Jan/22 23:21:59][19/Jan/22 23:21:59][took 0.009587 secs]
[>>][5c47a5976447c620478559][DEFAULT][/lib/usermanagement/usersView.php][19/Jan/22 23:21:59]
[<<][5c47a5976447c620478559][DEFAULT][/lib/usermanagement/usersView.php][19/Jan/22 23:21:59][19/Jan/22 23:21:59][took 0.009036 secs]
[>>][5c47a5976685b205283207][DEFAULT][/lib/usermanagement/usersView.php][19/Jan/22 23:21:59]
[<<][5c47a5976685b205283207][DEFAULT][/lib/usermanagement/usersView.php][19/Jan/22 23:21:59][19/Jan/22 23:21:59][took 0.010319 secs]
[<<][5c47a5a151606760587496][DEFAULT][/lib/usermanagement/usersEdit.php][19/Jan/22 23:22:09][19/Jan/22 23:22:09][took 0.009685 secs]
[>>][5c47a5a153cbd028860579][DEFAULT][/lib/usermanagement/usersEdit.php][19/Jan/22 23:22:09]
[<<][5c47a5a153cbd028860579][DEFAULT][/lib/usermanagement/usersEdit.php][19/Jan/22 23:22:09][19/Jan/22 23:22:09][took 0.00857 secs]
[>>][5c47a5a155ebf219297870][DEFAULT][/lib/usermanagement/usersEdit.php][19/Jan/22 23:22:09]
	[19/Jan/22 23:22:09][WARNING][178rtic3kkvttq7h61l1v1iv7g][GUI - Test Project ID : 1]
		E_NOTICE
Trying to get property of non-object - in /opt/bitnami/apps/testlink/htdocs/lib/usermanagement/usersEdit.php - Line 86
	[19/Jan/22 23:22:09][WARNING][178rtic3kkvttq7h61l1v1iv7g][GUI - Test Project ID : 1]
		E_NOTICE
Trying to get property of non-object - in /opt/bitnami/apps/testlink/htdocs/gui/templates_c/b1d5c75fbe5bc9c5032308c22ce5648dfb92079c.file.usersEdit.tpl.php - Line 224
	[19/Jan/22 23:22:09][WARNING][178rtic3kkvttq7h61l1v1iv7g][GUI - Test Project ID : 1]
		E_NOTICE
Trying to get property of non-object - in /opt/bitnami/apps/testlink/htdocs/gui/templates_c/b1d5c75fbe5bc9c5032308c22ce5648dfb92079c.file.usersEdit.tpl.php - Line 225
	[19/Jan/22 23:22:09][WARNING][178rtic3kkvttq7h61l1v1iv7g][GUI - Test Project ID : 1]
		E_NOTICE
Trying to get property of non-object - in /opt/bitnami/apps/testlink/htdocs/gui/templates_c/b1d5c75fbe5bc9c5032308c22ce5648dfb92079c.file.usersEdit.tpl.php - Line 233
	[19/Jan/22 23:22:09][WARNING][178rtic3kkvttq7h61l1v1iv7g][GUI - Test Project ID : 1]
		E_NOTICE
Trying to get property of non-object - in /opt/bitnami/apps/testlink/htdocs/gui/templates_c/b1d5c75fbe5bc9c5032308c22ce5648dfb92079c.file.usersEdit.tpl.php - Line 278
	[19/Jan/22 23:22:09][WARNING][178rtic3kkvttq7h61l1v1iv7g][GUI - Test Project ID : 1]
		E_NOTICE
Trying to get property of non-object - in /opt/bitnami/apps/testlink/htdocs/gui/templates_c/b1d5c75fbe5bc9c5032308c22ce5648dfb92079c.file.usersEdit.tpl.php - Line 287
	[19/Jan/22 23:22:09][WARNING][178rtic3kkvttq7h61l1v1iv7g][GUI - Test Project ID : 1]
		E_NOTICE
Trying to get property of non-object - in /opt/bitnami/apps/testlink/htdocs/gui/templates_c/b1d5c75fbe5bc9c5032308c22ce5648dfb92079c.file.usersEdit.tpl.php - Line 298
	[19/Jan/22 23:22:09][WARNING][178rtic3kkvttq7h61l1v1iv7g][GUI - Test Project ID : 1]
		E_NOTICE
Trying to get property of non-object - in /opt/bitnami/apps/testlink/htdocs/gui/templates_c/b1d5c75fbe5bc9c5032308c22ce5648dfb92079c.file.usersEdit.tpl.php - Line 328
	[19/Jan/22 23:22:09][WARNING][178rtic3kkvttq7h61l1v1iv7g][GUI - Test Project ID : 1]
		E_NOTICE
Trying to get property of non-object - in /opt/bitnami/apps/testlink/htdocs/gui/templates_c/b1d5c75fbe5bc9c5032308c22ce5648dfb92079c.file.usersEdit.tpl.php - Line 341
	[19/Jan/22 23:22:09][WARNING][178rtic3kkvttq7h61l1v1iv7g][GUI - Test Project ID : 1]
		E_NOTICE
Trying to get property of non-object - in /opt/bitnami/apps/testlink/htdocs/gui/templates_c/b1d5c75fbe5bc9c5032308c22ce5648dfb92079c.file.usersEdit.tpl.php - Line 342
	[19/Jan/22 23:22:09][WARNING][178rtic3kkvttq7h61l1v1iv7g][GUI - Test Project ID : 1]
		E_NOTICE
Trying to get property of non-object - in /opt/bitnami/apps/testlink/htdocs/gui/templates_c/b1d5c75fbe5bc9c5032308c22ce5648dfb92079c.file.usersEdit.tpl.php - Line 367
	[19/Jan/22 23:22:09][WARNING][178rtic3kkvttq7h61l1v1iv7g][GUI - Test Project ID : 1]
		E_NOTICE
Trying to get property of non-object - in /opt/bitnami/apps/testlink/htdocs/gui/templates_c/b1d5c75fbe5bc9c5032308c22ce5648dfb92079c.file.usersEdit.tpl.php - Line 368
	[19/Jan/22 23:22:09][WARNING][178rtic3kkvttq7h61l1v1iv7g][GUI - Test Project ID : 1]
		E_NOTICE
Trying to get property of non-object - in /opt/bitnami/apps/testlink/htdocs/gui/templates_c/b1d5c75fbe5bc9c5032308c22ce5648dfb92079c.file.usersEdit.tpl.php - Line 384
	[19/Jan/22 23:22:09][WARNING][178rtic3kkvttq7h61l1v1iv7g][GUI - Test Project ID : 1]
		E_NOTICE
Trying to get property of non-object - in /opt/bitnami/apps/testlink/htdocs/gui/templates_c/b1d5c75fbe5bc9c5032308c22ce5648dfb92079c.file.usersEdit.tpl.php - Line 395
	[19/Jan/22 23:22:09][WARNING][178rtic3kkvttq7h61l1v1iv7g][GUI - Test Project ID : 1]
		E_NOTICE
Trying to get property of non-object - in /opt/bitnami/apps/testlink/htdocs/gui/templates_c/b1d5c75fbe5bc9c5032308c22ce5648dfb92079c.file.usersEdit.tpl.php - Line 406
[<<][5c47a5a155ebf219297870][DEFAULT][/lib/usermanagement/usersEdit.php][19/Jan/22 23:22:09][19/Jan/22 23:22:09][took 0.39639 secs]
[<<][5c47a5a4e44e0490336539][DEFAULT][/lib/usermanagement/usersView.php][19/Jan/22 23:22:12][19/Jan/22 23:22:12][took 0.0027950000000001 secs]
[>>][5c47a5a4e507d370096079][DEFAULT][/lib/usermanagement/usersView.php][19/Jan/22 23:22:12]
[<<][5c47a5a4e507d370096079][DEFAULT][/lib/usermanagement/usersView.php][19/Jan/22 23:22:12][19/Jan/22 23:22:12][took 0.0093920000000001 secs]
[>>][5c47a5a4e75bb124645427][DEFAULT][/lib/usermanagement/usersView.php][19/Jan/22 23:22:12]
[<<][5c47a5a4e75bb124645427][DEFAULT][/lib/usermanagement/usersView.php][19/Jan/22 23:22:12][19/Jan/22 23:22:12][took 0.009957 secs]
[<<][5c47a5ab236f7875728526][DEFAULT][/lib/usermanagement/usersEdit.php][19/Jan/22 23:22:19][19/Jan/22 23:22:19][took 0.009085 secs]
[>>][5c47a5ab25b25787084442][DEFAULT][/lib/usermanagement/usersEdit.php][19/Jan/22 23:22:19]
[<<][5c47a5ab25b25787084442][DEFAULT][/lib/usermanagement/usersEdit.php][19/Jan/22 23:22:19][19/Jan/22 23:22:19][took 0.008754 secs]
[>>][5c47a5ab27de8830621582][DEFAULT][/lib/usermanagement/usersEdit.php][19/Jan/22 23:22:19]
[<<][5c47a5ab27de8830621582][DEFAULT][/lib/usermanagement/usersEdit.php][19/Jan/22 23:22:19][19/Jan/22 23:22:19][took 0.020132 secs]
[<<][5c47a5ae4d85c628823275][DEFAULT][/lib/usermanagement/usersView.php][19/Jan/22 23:22:22][19/Jan/22 23:22:22][took 0.010856 secs]
[>>][5c47a5ae50382947423542][DEFAULT][/lib/usermanagement/usersView.php][19/Jan/22 23:22:22]
[<<][5c47a5ae50382947423542][DEFAULT][/lib/usermanagement/usersView.php][19/Jan/22 23:22:22][19/Jan/22 23:22:22][took 0.00912 secs]
[>>][5c47a5ae527ba676492379][DEFAULT][/lib/usermanagement/usersView.php][19/Jan/22 23:22:22]
[<<][5c47a5ae527ba676492379][DEFAULT][/lib/usermanagement/usersView.php][19/Jan/22 23:22:22][19/Jan/22 23:22:22][took 0.009268 secs]
[<<][5c47ab56e9899283767639][DEFAULT][/lib/usermanagement/usersEdit.php][19/Jan/22 23:46:30][19/Jan/22 23:46:30][took 0.0031 secs]
[>>][5c47ab56ea56e826843486][DEFAULT][/lib/usermanagement/usersEdit.php][19/Jan/22 23:46:30]
[<<][5c47ab56ea56e826843486][DEFAULT][/lib/usermanagement/usersEdit.php][19/Jan/22 23:46:30][19/Jan/22 23:46:30][took 0.009622 secs]
[>>][5c47ab56ecba6374964302][DEFAULT][/lib/usermanagement/usersEdit.php][19/Jan/22 23:46:30]
[<<][5c47ab56ecba6374964302][DEFAULT][/lib/usermanagement/usersEdit.php][19/Jan/22 23:46:30][19/Jan/22 23:46:30][took 0.0209 secs]
[<<][5c47ab650a304742209929][DEFAULT][/lib/usermanagement/usersView.php][19/Jan/22 23:46:45][19/Jan/22 23:46:45][took 0.002684 secs]
[>>][5c47ab650ae32576839744][DEFAULT][/lib/usermanagement/usersView.php][19/Jan/22 23:46:45]
[<<][5c47ab650ae32576839744][DEFAULT][/lib/usermanagement/usersView.php][19/Jan/22 23:46:45][19/Jan/22 23:46:45][took 0.009422 secs]
[>>][5c47ab650d386283454065][DEFAULT][/lib/usermanagement/usersView.php][19/Jan/22 23:46:45]
[<<][5c47ab650d386283454065][DEFAULT][/lib/usermanagement/usersView.php][19/Jan/22 23:46:45][19/Jan/22 23:46:45][took 0.010695 secs]
[<<][5c47ab6b1f210457480089][DEFAULT][/lib/usermanagement/usersEdit.php][19/Jan/22 23:46:51][19/Jan/22 23:46:51][took 0.00278 secs]
[>>][5c47ab6b21901878987820][DEFAULT][/lib/usermanagement/usersEdit.php][19/Jan/22 23:46:51]
[<<][5c47ab6b21901878987820][DEFAULT][/lib/usermanagement/usersEdit.php][19/Jan/22 23:46:51][19/Jan/22 23:46:51][took 0.002695 secs]
[>>][5c47ab6b22422591942259][DEFAULT][/lib/usermanagement/usersEdit.php][19/Jan/22 23:46:51]
[<<][5c47ab6b22422591942259][DEFAULT][/lib/usermanagement/usersEdit.php][19/Jan/22 23:46:51][19/Jan/22 23:46:51][took 0.019679 secs]
[<<][5c47ab9da8101793487413][DEFAULT][/lib/usermanagement/usersEdit.php][19/Jan/22 23:47:41][19/Jan/22 23:47:41][took 0.009916 secs]
[>>][5c47ab9daa874502612907][DEFAULT][/lib/usermanagement/usersEdit.php][19/Jan/22 23:47:41]
[<<][5c47ab9daa874502612907][DEFAULT][/lib/usermanagement/usersEdit.php][19/Jan/22 23:47:41][19/Jan/22 23:47:41][took 0.002344 secs]
[>>][5c47ab9dab21c565821237][DEFAULT][/lib/usermanagement/usersEdit.php][19/Jan/22 23:47:41]
	[19/Jan/22 23:47:41][AUDIT][178rtic3kkvttq7h61l1v1iv7g][GUI - Test Project ID : 1]
		User 'Chris.Wilson@asirobots.com' was created
[<<][5c47ab9dab21c565821237][DEFAULT][/lib/usermanagement/usersEdit.php][19/Jan/22 23:47:41][19/Jan/22 23:47:41][took 0.115837 secs]
[<<][5c47ab9dd5f76473654506][DEFAULT][/lib/usermanagement/usersView.php][19/Jan/22 23:47:41][19/Jan/22 23:47:41][took 0.0030530000000001 secs]
[>>][5c47ab9dd6c11464941396][DEFAULT][/lib/usermanagement/usersView.php][19/Jan/22 23:47:41]
[<<][5c47ab9dd6c11464941396][DEFAULT][/lib/usermanagement/usersView.php][19/Jan/22 23:47:41][19/Jan/22 23:47:41][took 0.009528 secs]
[>>][5c47ab9dd91d2768269649][DEFAULT][/lib/usermanagement/usersView.php][19/Jan/22 23:47:41]
[<<][5c47ab9dd91d2768269649][DEFAULT][/lib/usermanagement/usersView.php][19/Jan/22 23:47:41][19/Jan/22 23:47:41][took 0.017203 secs]
[<<][5c47aba459b2c093024128][DEFAULT][/lib/usermanagement/usersEdit.php][19/Jan/22 23:47:48][19/Jan/22 23:47:48][took 0.005142 secs]
[>>][5c47aba45affd513875172][DEFAULT][/lib/usermanagement/usersEdit.php][19/Jan/22 23:47:48]
[<<][5c47aba45affd513875172][DEFAULT][/lib/usermanagement/usersEdit.php][19/Jan/22 23:47:48][19/Jan/22 23:47:48][took 0.009594 secs]
[>>][5c47aba45d610072961673][DEFAULT][/lib/usermanagement/usersEdit.php][19/Jan/22 23:47:48]
[<<][5c47aba45d610072961673][DEFAULT][/lib/usermanagement/usersEdit.php][19/Jan/22 23:47:48][19/Jan/22 23:47:48][took 0.017393 secs]
[<<][5c47abcd98df9219547312][DEFAULT][/lib/usermanagement/usersEdit.php][19/Jan/22 23:48:29][19/Jan/22 23:48:29][took 0.0028550000000001 secs]
[>>][5c47abcd999d9803812169][DEFAULT][/lib/usermanagement/usersEdit.php][19/Jan/22 23:48:29]
[<<][5c47abcd999d9803812169][DEFAULT][/lib/usermanagement/usersEdit.php][19/Jan/22 23:48:29][19/Jan/22 23:48:29][took 0.0031530000000001 secs]
[>>][5c47abcd9a6b4605303406][DEFAULT][/lib/usermanagement/usersEdit.php][19/Jan/22 23:48:29]
	[19/Jan/22 23:48:29][AUDIT][178rtic3kkvttq7h61l1v1iv7g][GUI - Test Project ID : 1]
		User 'Brady.Bodily@asirobots.com' was created
[<<][5c47abcd9a6b4605303406][DEFAULT][/lib/usermanagement/usersEdit.php][19/Jan/22 23:48:29][19/Jan/22 23:48:29][took 0.137508 secs]
[<<][5c47abcdcfe9a121208714][DEFAULT][/lib/usermanagement/usersView.php][19/Jan/22 23:48:29][19/Jan/22 23:48:29][took 0.002783 secs]
[>>][5c47abcdd0a39475507222][DEFAULT][/lib/usermanagement/usersView.php][19/Jan/22 23:48:29]
[<<][5c47abcdd0a39475507222][DEFAULT][/lib/usermanagement/usersView.php][19/Jan/22 23:48:29][19/Jan/22 23:48:29][took 0.009344 secs]
[>>][5c47abcdd2f47569797279][DEFAULT][/lib/usermanagement/usersView.php][19/Jan/22 23:48:29]
[<<][5c47abcdd2f47569797279][DEFAULT][/lib/usermanagement/usersView.php][19/Jan/22 23:48:29][19/Jan/22 23:48:29][took 0.017031 secs]
[<<][5c47acf36ee2f323283554][DEFAULT][/index.php][19/Jan/22 23:53:23][19/Jan/22 23:53:23][took 0.003194 secs]
[>>][5c47acf36fb70351538761][DEFAULT][/index.php][19/Jan/22 23:53:23]
[<<][5c47acf36fb70351538761][DEFAULT][/index.php][19/Jan/22 23:53:23][19/Jan/22 23:53:23][took 0.018617 secs]
[<<][5c47acf3891fa404795768][DEFAULT][/lib/general/navBar.php][19/Jan/22 23:53:23][19/Jan/22 23:53:23][took 0.009538 secs]
[>>][5c47acf38b800522648007][DEFAULT][/lib/general/navBar.php][19/Jan/22 23:53:23]
[<<][5c47acf38b800522648007][DEFAULT][/lib/general/navBar.php][19/Jan/22 23:53:23][19/Jan/22 23:53:23][took 0.0086090000000001 secs]
[>>][5c47acf38da2f197067241][DEFAULT][/lib/general/navBar.php][19/Jan/22 23:53:23]
[<<][5c47acf38da2f197067241][DEFAULT][/lib/general/navBar.php][19/Jan/22 23:53:23][19/Jan/22 23:53:23][took 0.026467 secs]
[<<][5c47acf38fa8b710139742][DEFAULT][/lib/general/mainPage.php][19/Jan/22 23:53:23][19/Jan/22 23:53:23][took 0.036995 secs]
[>>][5c47acf398bc9012995444][DEFAULT][/lib/general/mainPage.php][19/Jan/22 23:53:23]
[<<][5c47acf398bc9012995444][DEFAULT][/lib/general/mainPage.php][19/Jan/22 23:53:23][19/Jan/22 23:53:23][took 0.038108 secs]
[>>][5c47acf3a2143118031428][DEFAULT][/lib/general/mainPage.php][19/Jan/22 23:53:23]
[<<][5c47acf3a2143118031428][DEFAULT][/lib/general/mainPage.php][19/Jan/22 23:53:23][19/Jan/22 23:53:23][took 0.019647 secs]
[<<][5c47acf7154d0222260407][DEFAULT][/lib/usermanagement/usersAssign.php][19/Jan/22 23:53:27][19/Jan/22 23:53:27][took 0.002777 secs]
[>>][5c47acf716057538792786][DEFAULT][/lib/usermanagement/usersAssign.php][19/Jan/22 23:53:27]
[<<][5c47acf716057538792786][DEFAULT][/lib/usermanagement/usersAssign.php][19/Jan/22 23:53:27][19/Jan/22 23:53:27][took 0.011365 secs]
[>>][5c47acf719691719956919][DEFAULT][/lib/usermanagement/usersAssign.php][19/Jan/22 23:53:27]
[<<][5c47acf719691719956919][DEFAULT][/lib/usermanagement/usersAssign.php][19/Jan/22 23:53:27][19/Jan/22 23:53:27][took 0.026071 secs]
[<<][5c47ad1b47a4b915244907][DEFAULT][/lib/usermanagement/usersView.php][19/Jan/22 23:54:03][19/Jan/22 23:54:03][took 0.00966 secs]
[>>][5c47ad1b4a0c9143993009][DEFAULT][/lib/usermanagement/usersView.php][19/Jan/22 23:54:03]
[<<][5c47ad1b4a0c9143993009][DEFAULT][/lib/usermanagement/usersView.php][19/Jan/22 23:54:03][19/Jan/22 23:54:03][took 0.002299 secs]
[>>][5c47ad1b4aa46761413391][DEFAULT][/lib/usermanagement/usersView.php][19/Jan/22 23:54:03]
[<<][5c47ad1b4aa46761413391][DEFAULT][/lib/usermanagement/usersView.php][19/Jan/22 23:54:03][19/Jan/22 23:54:03][took 0.0114 secs]
[<<][5c47ad1df2466812565965][DEFAULT][/lib/usermanagement/usersEdit.php][19/Jan/22 23:54:05][19/Jan/22 23:54:05][took 0.002776 secs]
[>>][5c47ad1df2fec144566146][DEFAULT][/lib/usermanagement/usersEdit.php][19/Jan/22 23:54:05]
[<<][5c47ad1df2fec144566146][DEFAULT][/lib/usermanagement/usersEdit.php][19/Jan/22 23:54:05][19/Jan/22 23:54:06][took 0.009382 secs]
[>>][5c47ad1e012d9173361867][DEFAULT][/lib/usermanagement/usersEdit.php][19/Jan/22 23:54:06]
[<<][5c47ad1e012d9173361867][DEFAULT][/lib/usermanagement/usersEdit.php][19/Jan/22 23:54:06][19/Jan/22 23:54:06][took 0.018979 secs]
[<<][5c47ad2541ba3146976902][DEFAULT][/lib/usermanagement/usersView.php][19/Jan/22 23:54:13][19/Jan/22 23:54:13][took 0.013045 secs]
[>>][5c47ad2544ff1406527029][DEFAULT][/lib/usermanagement/usersView.php][19/Jan/22 23:54:13]
[<<][5c47ad2544ff1406527029][DEFAULT][/lib/usermanagement/usersView.php][19/Jan/22 23:54:13][19/Jan/22 23:54:13][took 0.009581 secs]
[>>][5c47ad2547602336534688][DEFAULT][/lib/usermanagement/usersView.php][19/Jan/22 23:54:13]
[<<][5c47ad2547602336534688][DEFAULT][/lib/usermanagement/usersView.php][19/Jan/22 23:54:13][19/Jan/22 23:54:13][took 0.010101 secs]
	[19/Mar/22 18:31:55][AUDIT][vs9m26lsr36qiqokqae16nfduv][GUI - Test Project ID : 2]
		Login for 'Joey.Maxfield@asirobots.com' from '10.10.100.158' succeeded
[<<][5c952a1b89fed833834452][DEFAULT][/login.php][19/Mar/22 18:31:55][19/Mar/22 18:31:55][took 0.053062 secs]
[<<][5c952a1bb108e776788098][DEFAULT][/index.php][19/Mar/22 18:31:55][19/Mar/22 18:31:55][took 0.003097 secs]
[>>][5c952a1bb1d70451421055][DEFAULT][/index.php][19/Mar/22 18:31:55]
[<<][5c952a1bb1d70451421055][DEFAULT][/index.php][19/Mar/22 18:31:55][19/Mar/22 18:31:55][took 0.002646 secs]
[<<][5c952a1bbd7b2761853867][DEFAULT][/lib/general/navBar.php][19/Mar/22 18:31:55][19/Mar/22 18:31:55][took 0.002923 secs]
[>>][5c952a1bbe3ce739659706][DEFAULT][/lib/general/navBar.php][19/Mar/22 18:31:55]
[<<][5c952a1bbe3ce739659706][DEFAULT][/lib/general/navBar.php][19/Mar/22 18:31:55][19/Mar/22 18:31:55][took 0.0033380000000001 secs]
[>>][5c952a1bbf16d860012438][DEFAULT][/lib/general/navBar.php][19/Mar/22 18:31:55]
[<<][5c952a1bbf16d860012438][DEFAULT][/lib/general/navBar.php][19/Mar/22 18:31:55][19/Mar/22 18:31:55][took 0.004731 secs]
[<<][5c952a1bbd7d1240732143][DEFAULT][/lib/general/mainPage.php][19/Mar/22 18:31:55][19/Mar/22 18:31:55][took 0.016412 secs]
[>>][5c952a1bc1892789211363][DEFAULT][/lib/general/mainPage.php][19/Mar/22 18:31:55]
[<<][5c952a1bc1892789211363][DEFAULT][/lib/general/mainPage.php][19/Mar/22 18:31:55][19/Mar/22 18:31:55][took 0.013693 secs]
[>>][5c952a1bc4eaa197971054][DEFAULT][/lib/general/mainPage.php][19/Mar/22 18:31:55]
[<<][5c952a1bc4eaa197971054][DEFAULT][/lib/general/mainPage.php][19/Mar/22 18:31:55][19/Mar/22 18:31:55][took 0.017252 secs]
[<<][5c952a310aaac956122377][DEFAULT][/index.php][19/Mar/22 18:32:17][19/Mar/22 18:32:17][took 0.003294 secs]
[>>][5c952a310b854628788356][DEFAULT][/index.php][19/Mar/22 18:32:17]
[<<][5c952a310b854628788356][DEFAULT][/index.php][19/Mar/22 18:32:17][19/Mar/22 18:32:17][took 0.003177 secs]
[<<][5c952a3120bd3751389192][DEFAULT][/lib/general/navBar.php][19/Mar/22 18:32:17][19/Mar/22 18:32:17][took 0.003022 secs]
[>>][5c952a312185b205981928][DEFAULT][/lib/general/navBar.php][19/Mar/22 18:32:17]
[<<][5c952a312185b205981928][DEFAULT][/lib/general/navBar.php][19/Mar/22 18:32:17][19/Mar/22 18:32:17][took 0.003321 secs]
[>>][5c952a31225f1128746884][DEFAULT][/lib/general/navBar.php][19/Mar/22 18:32:17]
[<<][5c952a31225f1128746884][DEFAULT][/lib/general/navBar.php][19/Mar/22 18:32:17][19/Mar/22 18:32:17][took 0.003467 secs]
[<<][5c952a3126b5b213754192][DEFAULT][/lib/general/mainPage.php][19/Mar/22 18:32:17][19/Mar/22 18:32:17][took 0.002917 secs]
[>>][5c952a312775d782453394][DEFAULT][/lib/general/mainPage.php][19/Mar/22 18:32:17]
[<<][5c952a312775d782453394][DEFAULT][/lib/general/mainPage.php][19/Mar/22 18:32:17][19/Mar/22 18:32:17][took 0.002476 secs]
[>>][5c952a3128197762415034][DEFAULT][/lib/general/mainPage.php][19/Mar/22 18:32:17]
[<<][5c952a3128197762415034][DEFAULT][/lib/general/mainPage.php][19/Mar/22 18:32:17][19/Mar/22 18:32:17][took 0.009306 secs]
	[19/Mar/26 17:12:30][AUDIT][29dvscn6h4786fsgrguimub9t1][GUI - Test Project ID : 2]
		Login for 'Joey.Maxfield@asirobots.com' from '10.10.100.158' succeeded
[<<][5c9a5d7e9b80a374938545][DEFAULT][/login.php][19/Mar/26 17:12:30][19/Mar/26 17:12:30][took 0.053165 secs]
[<<][5c9a5d7ec15b5322930864][DEFAULT][/index.php][19/Mar/26 17:12:30][19/Mar/26 17:12:30][took 0.003151 secs]
[>>][5c9a5d7ec22d9892016031][DEFAULT][/index.php][19/Mar/26 17:12:30]
[<<][5c9a5d7ec22d9892016031][DEFAULT][/index.php][19/Mar/26 17:12:30][19/Mar/26 17:12:30][took 0.002521 secs]
[<<][5c9a5d7ecbe15070134615][DEFAULT][/lib/general/navBar.php][19/Mar/26 17:12:30][19/Mar/26 17:12:30][took 0.002901 secs]
[>>][5c9a5d7ecca23759986407][DEFAULT][/lib/general/navBar.php][19/Mar/26 17:12:30]
[<<][5c9a5d7ecca23759986407][DEFAULT][/lib/general/navBar.php][19/Mar/26 17:12:30][19/Mar/26 17:12:30][took 0.003512 secs]
[>>][5c9a5d7ecd876322211645][DEFAULT][/lib/general/navBar.php][19/Mar/26 17:12:30]
[<<][5c9a5d7ecd876322211645][DEFAULT][/lib/general/navBar.php][19/Mar/26 17:12:30][19/Mar/26 17:12:30][took 0.005596 secs]
[<<][5c9a5d7ed2d5f354561635][DEFAULT][/lib/general/mainPage.php][19/Mar/26 17:12:30][19/Mar/26 17:12:30][took 0.002609 secs]
[>>][5c9a5d7ed3831306724899][DEFAULT][/lib/general/mainPage.php][19/Mar/26 17:12:30]
[<<][5c9a5d7ed3831306724899][DEFAULT][/lib/general/mainPage.php][19/Mar/26 17:12:30][19/Mar/26 17:12:30][took 0.0076310000000001 secs]
[>>][5c9a5d7ed568f919259448][DEFAULT][/lib/general/mainPage.php][19/Mar/26 17:12:30]
[<<][5c9a5d7ed568f919259448][DEFAULT][/lib/general/mainPage.php][19/Mar/26 17:12:30][19/Mar/26 17:12:30][took 0.020344 secs]
