	[19/May/30 20:15:26][AUDIT][la3rqe4vrsp53cj8690nujni8f][GUI - Test Project ID : 68073]
		Login for 'chad.jeppesen@asirobots.com' from '209.253.35.146' succeeded
[<<][5cf039de6c352222251953][DEFAULT][/login.php][19/May/30 20:15:26][19/May/30 20:15:26][took 0.042762 secs]
[<<][5cf039de99581619947239][DEFAULT][/index.php][19/May/30 20:15:26][19/May/30 20:15:26][took 0.003301 secs]
[>>][5cf039de9a31c260548222][DEFAULT][/index.php][19/May/30 20:15:26]
[<<][5cf039de9a31c260548222][DEFAULT][/index.php][19/May/30 20:15:26][19/May/30 20:15:26][took 0.0020349999999999 secs]
[<<][5cf039deb0679496014518][DEFAULT][/lib/general/navBar.php][19/May/30 20:15:26][19/May/30 20:15:26][took 0.003124 secs]
[>>][5cf039deb135c549552613][DEFAULT][/lib/general/navBar.php][19/May/30 20:15:26]
[<<][5cf039deb135c549552613][DEFAULT][/lib/general/navBar.php][19/May/30 20:15:26][19/May/30 20:15:26][took 0.0025660000000001 secs]
[>>][5cf039deb1df5665713212][DEFAULT][/lib/general/navBar.php][19/May/30 20:15:26]
[<<][5cf039deb1df5665713212][DEFAULT][/lib/general/navBar.php][19/May/30 20:15:26][19/May/30 20:15:26][took 0.009207 secs]
[<<][5cf039deb0961617634417][DEFAULT][/lib/general/mainPage.php][19/May/30 20:15:26][19/May/30 20:15:26][took 0.015592 secs]
[>>][5cf039deb46e3680104277][DEFAULT][/lib/general/mainPage.php][19/May/30 20:15:26]
[<<][5cf039deb46e3680104277][DEFAULT][/lib/general/mainPage.php][19/May/30 20:15:26][19/May/30 20:15:26][took 0.0017199999999999 secs]
[>>][5cf039deb4e1c599253355][DEFAULT][/lib/general/mainPage.php][19/May/30 20:15:26]
	[19/May/30 20:15:26][WARNING][la3rqe4vrsp53cj8690nujni8f][GUI - Test Project ID : 68073]
		E_NOTICE
Undefined index: platform_view - in /opt/bitnami/apps/testlink/htdocs/gui/templates_c/835a037b28214872edd369779d57f903f1734c6a.file.mainPageLeft.tpl.php - Line 205
[<<][5cf039deb4e1c599253355][DEFAULT][/lib/general/mainPage.php][19/May/30 20:15:26][19/May/30 20:15:26][took 0.057549 secs]
[<<][5cf03a748daa1454291784][DEFAULT][/lib/project/projectView.php][19/May/30 20:17:56][19/May/30 20:17:56][took 0.0034850000000001 secs]
[>>][5cf03a748e903682866533][DEFAULT][/lib/project/projectView.php][19/May/30 20:17:56]
[<<][5cf03a748e903682866533][DEFAULT][/lib/project/projectView.php][19/May/30 20:17:56][19/May/30 20:17:56][took 0.002459 secs]
[>>][5cf03a748f335375891663][DEFAULT][/lib/project/projectView.php][19/May/30 20:17:56]
[<<][5cf03a748f335375891663][DEFAULT][/lib/project/projectView.php][19/May/30 20:17:56][19/May/30 20:17:56][took 0.004537 secs]
[<<][5cf03a7b529dc654538702][DEFAULT][/lib/general/navBar.php][19/May/30 20:18:03][19/May/30 20:18:03][took 0.003154 secs]
[>>][5cf03a7b536f4744472050][DEFAULT][/lib/general/navBar.php][19/May/30 20:18:03]
[<<][5cf03a7b536f4744472050][DEFAULT][/lib/general/navBar.php][19/May/30 20:18:03][19/May/30 20:18:03][took 0.002262 secs]
[>>][5cf03a7b5405e275339775][DEFAULT][/lib/general/navBar.php][19/May/30 20:18:03]
	[19/May/30 20:18:03][WARNING][la3rqe4vrsp53cj8690nujni8f][GUI - Test Project ID : 21]
		E_NOTICE
Undefined property: stdClass::$prefix - in /opt/bitnami/apps/testlink/htdocs/lib/general/navBar.php - Line 173
[<<][5cf03a7b5405e275339775][DEFAULT][/lib/general/navBar.php][19/May/30 20:18:03][19/May/30 20:18:03][took 0.068287 secs]
[<<][5cf03a7b8ee66965720964][DEFAULT][/lib/general/mainPage.php][19/May/30 20:18:03][19/May/30 20:18:03][took 0.003319 secs]
[>>][5cf03a7b8fc13160191137][DEFAULT][/lib/general/mainPage.php][19/May/30 20:18:03]
[<<][5cf03a7b8fc13160191137][DEFAULT][/lib/general/mainPage.php][19/May/30 20:18:03][19/May/30 20:18:03][took 0.0026200000000001 secs]
[>>][5cf03a7b906e3219621092][DEFAULT][/lib/general/mainPage.php][19/May/30 20:18:03]
	[19/May/30 20:18:03][WARNING][la3rqe4vrsp53cj8690nujni8f][GUI - Test Project ID : 21]
		E_NOTICE
Undefined index: platform_view - in /opt/bitnami/apps/testlink/htdocs/gui/templates_c/835a037b28214872edd369779d57f903f1734c6a.file.mainPageLeft.tpl.php - Line 205
[<<][5cf03a7b906e3219621092][DEFAULT][/lib/general/mainPage.php][19/May/30 20:18:03][19/May/30 20:18:03][took 0.053912 secs]
[<<][5cf03a7fb8923017129127][DEFAULT][/lib/general/frmWorkArea.php][19/May/30 20:18:07][19/May/30 20:18:07][took 0.002977 secs]
[>>][5cf03a7fb9594605357178][DEFAULT][/lib/general/frmWorkArea.php][19/May/30 20:18:07]
[<<][5cf03a7fb9594605357178][DEFAULT][/lib/general/frmWorkArea.php][19/May/30 20:18:07][19/May/30 20:18:07][took 0.002216 secs]
[>>][5cf03a7fb9ef8642859792][DEFAULT][/lib/general/frmWorkArea.php][19/May/30 20:18:07]
[<<][5cf03a7fb9ef8642859792][DEFAULT][/lib/general/frmWorkArea.php][19/May/30 20:18:07][19/May/30 20:18:07][took 0.00078 secs]
[<<][5cf03a7fc6401812714429][DEFAULT][/lib/testcases/listTestCases.php][19/May/30 20:18:07][19/May/30 20:18:07][took 0.00315 secs]
[>>][5cf03a7fc70f2813504241][DEFAULT][/lib/testcases/listTestCases.php][19/May/30 20:18:07]
[<<][5cf03a7fc70f2813504241][DEFAULT][/lib/testcases/listTestCases.php][19/May/30 20:18:07][19/May/30 20:18:07][took 0.0024189999999999 secs]
[>>][5cf03a7fc7afc470933724][DEFAULT][/lib/testcases/listTestCases.php][19/May/30 20:18:07]
[<<][5cf03a7fc7afc470933724][DEFAULT][/lib/testcases/listTestCases.php][19/May/30 20:18:07][19/May/30 20:18:07][took 0.014254 secs]
[<<][5cf03a7fc6423596555075][DEFAULT][/lib/testcases/archiveData.php][19/May/30 20:18:07][19/May/30 20:18:07][took 0.024494 secs]
[>>][5cf03a7fcc46a583171269][DEFAULT][/lib/testcases/archiveData.php][19/May/30 20:18:07]
[<<][5cf03a7fcc46a583171269][DEFAULT][/lib/testcases/archiveData.php][19/May/30 20:18:07][19/May/30 20:18:07][took 0.001737 secs]
[>>][5cf03a7fccbb4954400235][DEFAULT][/lib/testcases/archiveData.php][19/May/30 20:18:07]
[<<][5cf03a7fccbb4954400235][DEFAULT][/lib/testcases/archiveData.php][19/May/30 20:18:07][19/May/30 20:18:07][took 0.003714 secs]
[<<][5cf03a8015240375536669][DEFAULT][/lib/ajax/gettprojectnodes.php][19/May/30 20:18:08][19/May/30 20:18:08][took 0.003155 secs]
[>>][5cf03a8015f4c060225428][DEFAULT][/lib/ajax/gettprojectnodes.php][19/May/30 20:18:08]
[<<][5cf03a8015f4c060225428][DEFAULT][/lib/ajax/gettprojectnodes.php][19/May/30 20:18:08][19/May/30 20:18:08][took 0.002416 secs]
[>>][5cf03a801694f780591790][DEFAULT][/lib/ajax/gettprojectnodes.php][19/May/30 20:18:08]
[<<][5cf03a801694f780591790][DEFAULT][/lib/ajax/gettprojectnodes.php][19/May/30 20:18:08][19/May/30 20:18:08][took 0.01189 secs]
[<<][5cf03a8fbf02b482577454][DEFAULT][/lib/ajax/gettprojectnodes.php][19/May/30 20:18:23][19/May/30 20:18:23][took 0.0033299999999999 secs]
[>>][5cf03a8fbfdf0937407993][DEFAULT][/lib/ajax/gettprojectnodes.php][19/May/30 20:18:23]
[<<][5cf03a8fbfdf0937407993][DEFAULT][/lib/ajax/gettprojectnodes.php][19/May/30 20:18:23][19/May/30 20:18:23][took 0.002434 secs]
[>>][5cf03a8fc0807430611817][DEFAULT][/lib/ajax/gettprojectnodes.php][19/May/30 20:18:23]
[<<][5cf03a8fc0807430611817][DEFAULT][/lib/ajax/gettprojectnodes.php][19/May/30 20:18:23][19/May/30 20:18:23][took 0.0017619999999999 secs]
[<<][5cf03a91ad233614309940][DEFAULT][/lib/ajax/gettprojectnodes.php][19/May/30 20:18:25][19/May/30 20:18:25][took 0.003318 secs]
[>>][5cf03a91adfe8671692621][DEFAULT][/lib/ajax/gettprojectnodes.php][19/May/30 20:18:25]
[<<][5cf03a91adfe8671692621][DEFAULT][/lib/ajax/gettprojectnodes.php][19/May/30 20:18:25][19/May/30 20:18:25][took 0.002349 secs]
[>>][5cf03a91ae9a9877619574][DEFAULT][/lib/ajax/gettprojectnodes.php][19/May/30 20:18:25]
[<<][5cf03a91ae9a9877619574][DEFAULT][/lib/ajax/gettprojectnodes.php][19/May/30 20:18:25][19/May/30 20:18:25][took 0.0017940000000001 secs]
[<<][5cf03a935654b378096341][DEFAULT][/lib/ajax/gettprojectnodes.php][19/May/30 20:18:27][19/May/30 20:18:27][took 0.003252 secs]
[>>][5cf03a93572c0309428514][DEFAULT][/lib/ajax/gettprojectnodes.php][19/May/30 20:18:27]
[<<][5cf03a93572c0309428514][DEFAULT][/lib/ajax/gettprojectnodes.php][19/May/30 20:18:27][19/May/30 20:18:27][took 0.002393 secs]
[>>][5cf03a9357caf118569590][DEFAULT][/lib/ajax/gettprojectnodes.php][19/May/30 20:18:27]
[<<][5cf03a9357caf118569590][DEFAULT][/lib/ajax/gettprojectnodes.php][19/May/30 20:18:27][19/May/30 20:18:27][took 0.00107 secs]
[<<][5cf03a95dfafe811068378][DEFAULT][/lib/testcases/archiveData.php][19/May/30 20:18:29][19/May/30 20:18:29][took 0.003258 secs]
[>>][5cf03a95e0882205133435][DEFAULT][/lib/testcases/archiveData.php][19/May/30 20:18:29]
[<<][5cf03a95e0882205133435][DEFAULT][/lib/testcases/archiveData.php][19/May/30 20:18:29][19/May/30 20:18:29][took 0.002431 secs]
[>>][5cf03a95e1295241344948][DEFAULT][/lib/testcases/archiveData.php][19/May/30 20:18:29]
[<<][5cf03a95e1295241344948][DEFAULT][/lib/testcases/archiveData.php][19/May/30 20:18:29][19/May/30 20:18:29][took 0.04711 secs]
[<<][5cf03ab262cbf435043644][DEFAULT][/lib/ajax/gettprojectnodes.php][19/May/30 20:18:58][19/May/30 20:18:58][took 0.003512 secs]
[>>][5cf03ab263b8e029505719][DEFAULT][/lib/ajax/gettprojectnodes.php][19/May/30 20:18:58]
[<<][5cf03ab263b8e029505719][DEFAULT][/lib/ajax/gettprojectnodes.php][19/May/30 20:18:58][19/May/30 20:18:58][took 0.002333 secs]
[>>][5cf03ab264544869340503][DEFAULT][/lib/ajax/gettprojectnodes.php][19/May/30 20:18:58]
[<<][5cf03ab264544869340503][DEFAULT][/lib/ajax/gettprojectnodes.php][19/May/30 20:18:58][19/May/30 20:18:58][took 0.001074 secs]
[<<][5cf03b0fa07ab763008404][DEFAULT][/lib/ajax/gettprojectnodes.php][19/May/30 20:20:31][19/May/30 20:20:31][took 0.002858 secs]
[>>][5cf03b0fa13d3583057912][DEFAULT][/lib/ajax/gettprojectnodes.php][19/May/30 20:20:31]
[<<][5cf03b0fa13d3583057912][DEFAULT][/lib/ajax/gettprojectnodes.php][19/May/30 20:20:31][19/May/30 20:20:31][took 0.001963 secs]
[>>][5cf03b0fa1c0d278053342][DEFAULT][/lib/ajax/gettprojectnodes.php][19/May/30 20:20:31]
[<<][5cf03b0fa1c0d278053342][DEFAULT][/lib/ajax/gettprojectnodes.php][19/May/30 20:20:31][19/May/30 20:20:31][took 0.001214 secs]
[<<][5cf03b1212e89114764736][DEFAULT][/lib/testcases/archiveData.php][19/May/30 20:20:34][19/May/30 20:20:34][took 0.003238 secs]
[>>][5cf03b1213c13979473302][DEFAULT][/lib/testcases/archiveData.php][19/May/30 20:20:34]
[<<][5cf03b1213c13979473302][DEFAULT][/lib/testcases/archiveData.php][19/May/30 20:20:34][19/May/30 20:20:34][took 0.002258 secs]
[>>][5cf03b121457b405676339][DEFAULT][/lib/testcases/archiveData.php][19/May/30 20:20:34]
[<<][5cf03b121457b405676339][DEFAULT][/lib/testcases/archiveData.php][19/May/30 20:20:34][19/May/30 20:20:34][took 0.032275 secs]
[<<][5cf03c3aebcdf879678001][DEFAULT][/index.php][19/May/30 20:25:30][19/May/30 20:25:30][took 0.0033789999999999 secs]
[>>][5cf03c3aecad5285714853][DEFAULT][/index.php][19/May/30 20:25:30]
[<<][5cf03c3aecad5285714853][DEFAULT][/index.php][19/May/30 20:25:30][19/May/30 20:25:30][took 0.002244 secs]
[<<][5cf03c3b158fd267180019][DEFAULT][/lib/general/mainPage.php][19/May/30 20:25:31][19/May/30 20:25:31][took 0.003265 secs]
[>>][5cf03c3b16679757319997][DEFAULT][/lib/general/mainPage.php][19/May/30 20:25:31]
[<<][5cf03c3b16679757319997][DEFAULT][/lib/general/mainPage.php][19/May/30 20:25:31][19/May/30 20:25:31][took 0.002487 secs]
[>>][5cf03c3b170c5875480918][DEFAULT][/lib/general/mainPage.php][19/May/30 20:25:31]
	[19/May/30 20:25:31][WARNING][la3rqe4vrsp53cj8690nujni8f][GUI - Test Project ID : 21]
		E_NOTICE
Undefined index: platform_view - in /opt/bitnami/apps/testlink/htdocs/gui/templates_c/835a037b28214872edd369779d57f903f1734c6a.file.mainPageLeft.tpl.php - Line 205
[<<][5cf03c3b170c5875480918][DEFAULT][/lib/general/mainPage.php][19/May/30 20:25:31][19/May/30 20:25:31][took 0.096421 secs]
[<<][5cf03c3b158fe788388139][DEFAULT][/lib/general/navBar.php][19/May/30 20:25:31][19/May/30 20:25:31][took 0.130635 secs]
[>>][5cf03c3b357f0485860022][DEFAULT][/lib/general/navBar.php][19/May/30 20:25:31]
[<<][5cf03c3b357f0485860022][DEFAULT][/lib/general/navBar.php][19/May/30 20:25:31][19/May/30 20:25:31][took 0.001737 secs]
[>>][5cf03c3b35f3a488236192][DEFAULT][/lib/general/navBar.php][19/May/30 20:25:31]
[<<][5cf03c3b35f3a488236192][DEFAULT][/lib/general/navBar.php][19/May/30 20:25:31][19/May/30 20:25:31][took 0.003929 secs]
[<<][5cf03c435389d396220689][DEFAULT][/lib/plan/planView.php][19/May/30 20:25:39][19/May/30 20:25:39][took 0.003397 secs]
[>>][5cf03c435469d831128989][DEFAULT][/lib/plan/planView.php][19/May/30 20:25:39]
[<<][5cf03c435469d831128989][DEFAULT][/lib/plan/planView.php][19/May/30 20:25:39][19/May/30 20:25:39][took 0.002482 secs]
[>>][5cf03c43550f3082257552][DEFAULT][/lib/plan/planView.php][19/May/30 20:25:39]
[<<][5cf03c43550f3082257552][DEFAULT][/lib/plan/planView.php][19/May/30 20:25:39][19/May/30 20:25:39][took 0.015168 secs]
[<<][5cf03c580a460050828584][DEFAULT][/lib/plan/planEdit.php][19/May/30 20:26:00][19/May/30 20:26:00][took 0.003523 secs]
[>>][5cf03c580b2d8131671593][DEFAULT][/lib/plan/planEdit.php][19/May/30 20:26:00]
[<<][5cf03c580b2d8131671593][DEFAULT][/lib/plan/planEdit.php][19/May/30 20:26:00][19/May/30 20:26:00][took 0.002426 secs]
[>>][5cf03c580bce8287614442][DEFAULT][/lib/plan/planEdit.php][19/May/30 20:26:00]
[<<][5cf03c580bce8287614442][DEFAULT][/lib/plan/planEdit.php][19/May/30 20:26:00][19/May/30 20:26:00][took 0.007168 secs]
[<<][5cf03c862980d228672186][DEFAULT][/index.php][19/May/30 20:26:46][19/May/30 20:26:46][took 0.003454 secs]
[>>][5cf03c862a653002214680][DEFAULT][/index.php][19/May/30 20:26:46]
[<<][5cf03c862a653002214680][DEFAULT][/index.php][19/May/30 20:26:46][19/May/30 20:26:46][took 0.002167 secs]
[<<][5cf03c86380fe037339577][DEFAULT][/lib/general/mainPage.php][19/May/30 20:26:46][19/May/30 20:26:46][took 0.003148 secs]
[>>][5cf03c8638df2358012747][DEFAULT][/lib/general/mainPage.php][19/May/30 20:26:46]
[<<][5cf03c8638df2358012747][DEFAULT][/lib/general/mainPage.php][19/May/30 20:26:46][19/May/30 20:26:46][took 0.001897 secs]
[>>][5cf03c86395e3583380981][DEFAULT][/lib/general/mainPage.php][19/May/30 20:26:46]
	[19/May/30 20:26:46][WARNING][la3rqe4vrsp53cj8690nujni8f][GUI - Test Project ID : 21]
		E_NOTICE
Undefined index: platform_view - in /opt/bitnami/apps/testlink/htdocs/gui/templates_c/835a037b28214872edd369779d57f903f1734c6a.file.mainPageLeft.tpl.php - Line 205
[<<][5cf03c86395e3583380981][DEFAULT][/lib/general/mainPage.php][19/May/30 20:26:46][19/May/30 20:26:46][took 0.063091 secs]
[<<][5cf03c8638105311444914][DEFAULT][/lib/general/navBar.php][19/May/30 20:26:46][19/May/30 20:26:46][took 0.085132 secs]
[>>][5cf03c864ce31723377734][DEFAULT][/lib/general/navBar.php][19/May/30 20:26:46]
[<<][5cf03c864ce31723377734][DEFAULT][/lib/general/navBar.php][19/May/30 20:26:46][19/May/30 20:26:46][took 0.001753 secs]
[>>][5cf03c864d58d782702216][DEFAULT][/lib/general/navBar.php][19/May/30 20:26:46]
[<<][5cf03c864d58d782702216][DEFAULT][/lib/general/navBar.php][19/May/30 20:26:46][19/May/30 20:26:46][took 0.003747 secs]
[<<][5cf03c8893a18260274234][DEFAULT][/lib/plan/planView.php][19/May/30 20:26:48][19/May/30 20:26:48][took 0.002652 secs]
[>>][5cf03c8894501773471690][DEFAULT][/lib/plan/planView.php][19/May/30 20:26:48]
[<<][5cf03c8894501773471690][DEFAULT][/lib/plan/planView.php][19/May/30 20:26:48][19/May/30 20:26:48][took 0.00171 secs]
[>>][5cf03c8894c2e278971499][DEFAULT][/lib/plan/planView.php][19/May/30 20:26:48]
[<<][5cf03c8894c2e278971499][DEFAULT][/lib/plan/planView.php][19/May/30 20:26:48][19/May/30 20:26:48][took 0.007655 secs]
[<<][5cf03c8e4ec15554431466][DEFAULT][/lib/plan/planEdit.php][19/May/30 20:26:54][19/May/30 20:26:54][took 0.003288 secs]
[>>][5cf03c8e4f9ab090553194][DEFAULT][/lib/plan/planEdit.php][19/May/30 20:26:54]
[<<][5cf03c8e4f9ab090553194][DEFAULT][/lib/plan/planEdit.php][19/May/30 20:26:54][19/May/30 20:26:54][took 0.002468 secs]
[>>][5cf03c8e503e6048259388][DEFAULT][/lib/plan/planEdit.php][19/May/30 20:26:54]
[<<][5cf03c8e503e6048259388][DEFAULT][/lib/plan/planEdit.php][19/May/30 20:26:54][19/May/30 20:26:54][took 0.008247 secs]
[<<][5cf03ca2b8c0d095937535][DEFAULT][/index.php][19/May/30 20:27:14][19/May/30 20:27:14][took 0.003444 secs]
[>>][5cf03ca2b9a3c592356104][DEFAULT][/index.php][19/May/30 20:27:14]
[<<][5cf03ca2b9a3c592356104][DEFAULT][/index.php][19/May/30 20:27:14][19/May/30 20:27:14][took 0.00203 secs]
[<<][5cf03ca2c7c50640117731][DEFAULT][/lib/general/navBar.php][19/May/30 20:27:14][19/May/30 20:27:14][took 0.002462 secs]
[>>][5cf03ca2c868d968317704][DEFAULT][/lib/general/navBar.php][19/May/30 20:27:14]
[<<][5cf03ca2c868d968317704][DEFAULT][/lib/general/navBar.php][19/May/30 20:27:14][19/May/30 20:27:14][took 0.002784 secs]
[>>][5cf03ca2c9207365204178][DEFAULT][/lib/general/navBar.php][19/May/30 20:27:14]
[<<][5cf03ca2c9207365204178][DEFAULT][/lib/general/navBar.php][19/May/30 20:27:14][19/May/30 20:27:14][took 0.0036700000000001 secs]
[<<][5cf03ca2c7fd9392943322][DEFAULT][/lib/general/mainPage.php][19/May/30 20:27:14][19/May/30 20:27:14][took 0.013325 secs]
[>>][5cf03ca2cb47b879378618][DEFAULT][/lib/general/mainPage.php][19/May/30 20:27:14]
[<<][5cf03ca2cb47b879378618][DEFAULT][/lib/general/mainPage.php][19/May/30 20:27:14][19/May/30 20:27:14][took 0.003766 secs]
[>>][5cf03ca2cc3b6365447578][DEFAULT][/lib/general/mainPage.php][19/May/30 20:27:14]
	[19/May/30 20:27:14][WARNING][la3rqe4vrsp53cj8690nujni8f][GUI - Test Project ID : 21]
		E_NOTICE
Undefined index: platform_view - in /opt/bitnami/apps/testlink/htdocs/gui/templates_c/835a037b28214872edd369779d57f903f1734c6a.file.mainPageLeft.tpl.php - Line 205
[<<][5cf03ca2cc3b6365447578][DEFAULT][/lib/general/mainPage.php][19/May/30 20:27:14][19/May/30 20:27:14][took 0.055576 secs]
[<<][5cf03ca9d47aa501619375][DEFAULT][/lib/plan/planView.php][19/May/30 20:27:21][19/May/30 20:27:21][took 0.003323 secs]
[>>][5cf03ca9d5569902725545][DEFAULT][/lib/plan/planView.php][19/May/30 20:27:21]
[<<][5cf03ca9d5569902725545][DEFAULT][/lib/plan/planView.php][19/May/30 20:27:21][19/May/30 20:27:21][took 0.002537 secs]
[>>][5cf03ca9d5fe9291423021][DEFAULT][/lib/plan/planView.php][19/May/30 20:27:21]
[<<][5cf03ca9d5fe9291423021][DEFAULT][/lib/plan/planView.php][19/May/30 20:27:21][19/May/30 20:27:21][took 0.003915 secs]
[<<][5cf03cad05058533964886][DEFAULT][/lib/plan/planEdit.php][19/May/30 20:27:25][19/May/30 20:27:25][took 0.003334 secs]
[>>][5cf03cad05e2c966540598][DEFAULT][/lib/plan/planEdit.php][19/May/30 20:27:25]
[<<][5cf03cad05e2c966540598][DEFAULT][/lib/plan/planEdit.php][19/May/30 20:27:25][19/May/30 20:27:25][took 0.002426 secs]
[>>][5cf03cad0683d769422731][DEFAULT][/lib/plan/planEdit.php][19/May/30 20:27:25]
[<<][5cf03cad0683d769422731][DEFAULT][/lib/plan/planEdit.php][19/May/30 20:27:25][19/May/30 20:27:25][took 0.004643 secs]
[<<][5cf03cb1c8430273280723][DEFAULT][/lib/plan/planView.php][19/May/30 20:27:29][19/May/30 20:27:29][took 0.002837 secs]
[>>][5cf03cb1c900f555654970][DEFAULT][/lib/plan/planView.php][19/May/30 20:27:29]
[<<][5cf03cb1c900f555654970][DEFAULT][/lib/plan/planView.php][19/May/30 20:27:29][19/May/30 20:27:29][took 0.001957 secs]
[>>][5cf03cb1c983c483984197][DEFAULT][/lib/plan/planView.php][19/May/30 20:27:29]
[<<][5cf03cb1c983c483984197][DEFAULT][/lib/plan/planView.php][19/May/30 20:27:29][19/May/30 20:27:29][took 0.007833 secs]
[<<][5cf03ce228c09875076722][DEFAULT][/index.php][19/May/30 20:28:18][19/May/30 20:28:18][took 0.003066 secs]
[>>][5cf03ce2298c0625881657][DEFAULT][/index.php][19/May/30 20:28:18]
[<<][5cf03ce2298c0625881657][DEFAULT][/index.php][19/May/30 20:28:18][19/May/30 20:28:18][took 0.00204 secs]
[<<][5cf03ce23819e757936035][DEFAULT][/lib/general/navBar.php][19/May/30 20:28:18][19/May/30 20:28:18][took 0.002678 secs]
[>>][5cf03ce238cde005227830][DEFAULT][/lib/general/navBar.php][19/May/30 20:28:18]
[<<][5cf03ce238cde005227830][DEFAULT][/lib/general/navBar.php][19/May/30 20:28:18][19/May/30 20:28:18][took 0.002832 secs]
[>>][5cf03ce23987e252382502][DEFAULT][/lib/general/navBar.php][19/May/30 20:28:18]
[<<][5cf03ce23987e252382502][DEFAULT][/lib/general/navBar.php][19/May/30 20:28:18][19/May/30 20:28:18][took 0.003473 secs]
[<<][5cf03ce238505850843183][DEFAULT][/lib/general/mainPage.php][19/May/30 20:28:18][19/May/30 20:28:18][took 0.009585 secs]
[>>][5cf03ce23ab0a541262839][DEFAULT][/lib/general/mainPage.php][19/May/30 20:28:18]
[<<][5cf03ce23ab0a541262839][DEFAULT][/lib/general/mainPage.php][19/May/30 20:28:18][19/May/30 20:28:18][took 0.001798 secs]
[>>][5cf03ce23b293854900112][DEFAULT][/lib/general/mainPage.php][19/May/30 20:28:18]
	[19/May/30 20:28:18][WARNING][la3rqe4vrsp53cj8690nujni8f][GUI - Test Project ID : 21]
		E_NOTICE
Undefined index: platform_view - in /opt/bitnami/apps/testlink/htdocs/gui/templates_c/835a037b28214872edd369779d57f903f1734c6a.file.mainPageLeft.tpl.php - Line 205
[<<][5cf03ce23b293854900112][DEFAULT][/lib/general/mainPage.php][19/May/30 20:28:18][19/May/30 20:28:18][took 0.057586 secs]
[<<][5cf03d21e00c1672825663][DEFAULT][/lib/results/metricsDashboard.php][19/May/30 20:29:21][19/May/30 20:29:21][took 0.003652 secs]
[>>][5cf03d21e0fee246415203][DEFAULT][/lib/results/metricsDashboard.php][19/May/30 20:29:21]
[<<][5cf03d21e0fee246415203][DEFAULT][/lib/results/metricsDashboard.php][19/May/30 20:29:21][19/May/30 20:29:21][took 0.0025050000000001 secs]
[>>][5cf03d21e1a4f622173747][DEFAULT][/lib/results/metricsDashboard.php][19/May/30 20:29:21]
[<<][5cf03d21e1a4f622173747][DEFAULT][/lib/results/metricsDashboard.php][19/May/30 20:29:21][19/May/30 20:29:21][took 0.038467 secs]
[<<][5cf03d45503f8606069194][DEFAULT][/lib/general/mainPage.php][19/May/30 20:29:57][19/May/30 20:29:57][took 0.003405 secs]
[>>][5cf03d4551224009426212][DEFAULT][/lib/general/mainPage.php][19/May/30 20:29:57]
[<<][5cf03d4551224009426212][DEFAULT][/lib/general/mainPage.php][19/May/30 20:29:57][19/May/30 20:29:57][took 0.002367 secs]
[>>][5cf03d4551bfa238096644][DEFAULT][/lib/general/mainPage.php][19/May/30 20:29:57]
	[19/May/30 20:29:57][WARNING][la3rqe4vrsp53cj8690nujni8f][GUI - Test Project ID : 21]
		E_NOTICE
Undefined index: platform_view - in /opt/bitnami/apps/testlink/htdocs/gui/templates_c/835a037b28214872edd369779d57f903f1734c6a.file.mainPageLeft.tpl.php - Line 205
[<<][5cf03d4551bfa238096644][DEFAULT][/lib/general/mainPage.php][19/May/30 20:29:57][19/May/30 20:29:57][took 0.061119 secs]
[<<][5cf03d4a0f20e831025637][DEFAULT][/lib/general/frmWorkArea.php][19/May/30 20:30:02][19/May/30 20:30:02][took 0.003119 secs]
[>>][5cf03d4a0ff09163781215][DEFAULT][/lib/general/frmWorkArea.php][19/May/30 20:30:02]
[<<][5cf03d4a0ff09163781215][DEFAULT][/lib/general/frmWorkArea.php][19/May/30 20:30:02][19/May/30 20:30:02][took 0.002157 secs]
[>>][5cf03d4a107fe815138795][DEFAULT][/lib/general/frmWorkArea.php][19/May/30 20:30:02]
[<<][5cf03d4a107fe815138795][DEFAULT][/lib/general/frmWorkArea.php][19/May/30 20:30:02][19/May/30 20:30:02][took 0.002225 secs]
[<<][5cf03d4a1c31a374004938][DEFAULT][/lib/plan/planTCNavigator.php][19/May/30 20:30:02][19/May/30 20:30:02][took 0.003102 secs]
[>>][5cf03d4a1cfe1733681924][DEFAULT][/lib/plan/planTCNavigator.php][19/May/30 20:30:02]
[<<][5cf03d4a1cfe1733681924][DEFAULT][/lib/plan/planTCNavigator.php][19/May/30 20:30:02][19/May/30 20:30:02][took 0.00228 secs]
[>>][5cf03d4a1d95c076347020][DEFAULT][/lib/plan/planTCNavigator.php][19/May/30 20:30:02]
[<<][5cf03d4a1d95c076347020][DEFAULT][/lib/plan/planTCNavigator.php][19/May/30 20:30:02][19/May/30 20:30:02][took 0.275974 secs]
[<<][5cf03d4a2d89a725213902][DEFAULT][/lib/general/staticPage.php][19/May/30 20:30:02][19/May/30 20:30:02][took 0.218938 secs]
[>>][5cf03d4a63088554835880][DEFAULT][/lib/general/staticPage.php][19/May/30 20:30:02]
[<<][5cf03d4a63088554835880][DEFAULT][/lib/general/staticPage.php][19/May/30 20:30:02][19/May/30 20:30:02][took 0.001863 secs]
[>>][5cf03d4a63859707260440][DEFAULT][/lib/general/staticPage.php][19/May/30 20:30:02]
[<<][5cf03d4a63859707260440][DEFAULT][/lib/general/staticPage.php][19/May/30 20:30:02][19/May/30 20:30:02][took 0.001346 secs]
[<<][5cf03d67bed90391695379][DEFAULT][/lib/general/mainPage.php][19/May/30 20:30:31][19/May/30 20:30:31][took 0.0033430000000001 secs]
[>>][5cf03d67bfb71324002722][DEFAULT][/lib/general/mainPage.php][19/May/30 20:30:31]
[<<][5cf03d67bfb71324002722][DEFAULT][/lib/general/mainPage.php][19/May/30 20:30:31][19/May/30 20:30:31][took 0.0022179999999999 secs]
[>>][5cf03d67c04b2151253076][DEFAULT][/lib/general/mainPage.php][19/May/30 20:30:31]
	[19/May/30 20:30:31][WARNING][la3rqe4vrsp53cj8690nujni8f][GUI - Test Project ID : 21]
		E_NOTICE
Undefined index: platform_view - in /opt/bitnami/apps/testlink/htdocs/gui/templates_c/835a037b28214872edd369779d57f903f1734c6a.file.mainPageLeft.tpl.php - Line 205
[<<][5cf03d67c04b2151253076][DEFAULT][/lib/general/mainPage.php][19/May/30 20:30:31][19/May/30 20:30:31][took 0.062256 secs]
[<<][5cf03d6e4dfc0399370701][DEFAULT][/lib/testcases/tcAssignedToUser.php][19/May/30 20:30:38][19/May/30 20:30:38][took 0.003357 secs]
[>>][5cf03d6e4eda1261555105][DEFAULT][/lib/testcases/tcAssignedToUser.php][19/May/30 20:30:38]
[<<][5cf03d6e4eda1261555105][DEFAULT][/lib/testcases/tcAssignedToUser.php][19/May/30 20:30:38][19/May/30 20:30:38][took 0.002372 secs]
[>>][5cf03d6e4f77c288086011][DEFAULT][/lib/testcases/tcAssignedToUser.php][19/May/30 20:30:38]
[<<][5cf03d6e4f77c288086011][DEFAULT][/lib/testcases/tcAssignedToUser.php][19/May/30 20:30:38][19/May/30 20:30:38][took 0.007041 secs]
[<<][5cf03d74c5023603780706][DEFAULT][/lib/general/mainPage.php][19/May/30 20:30:44][19/May/30 20:30:44][took 0.0032800000000001 secs]
[>>][5cf03d74c5da8770896333][DEFAULT][/lib/general/mainPage.php][19/May/30 20:30:44]
[<<][5cf03d74c5da8770896333][DEFAULT][/lib/general/mainPage.php][19/May/30 20:30:44][19/May/30 20:30:44][took 0.0083040000000001 secs]
[>>][5cf03d74c7e9f416056981][DEFAULT][/lib/general/mainPage.php][19/May/30 20:30:44]
	[19/May/30 20:30:44][WARNING][la3rqe4vrsp53cj8690nujni8f][GUI - Test Project ID : 21]
		E_NOTICE
Undefined index: platform_view - in /opt/bitnami/apps/testlink/htdocs/gui/templates_c/835a037b28214872edd369779d57f903f1734c6a.file.mainPageLeft.tpl.php - Line 205
[<<][5cf03d74c7e9f416056981][DEFAULT][/lib/general/mainPage.php][19/May/30 20:30:44][19/May/30 20:30:44][took 0.062908 secs]
[<<][5cf03d78ad131794288056][DEFAULT][/lib/general/frmWorkArea.php][19/May/30 20:30:48][19/May/30 20:30:48][took 0.003375 secs]
[>>][5cf03d78adf2b088949142][DEFAULT][/lib/general/frmWorkArea.php][19/May/30 20:30:48]
[<<][5cf03d78adf2b088949142][DEFAULT][/lib/general/frmWorkArea.php][19/May/30 20:30:48][19/May/30 20:30:48][took 0.002092 secs]
[>>][5cf03d78ae7ec304151670][DEFAULT][/lib/general/frmWorkArea.php][19/May/30 20:30:48]
[<<][5cf03d78ae7ec304151670][DEFAULT][/lib/general/frmWorkArea.php][19/May/30 20:30:48][19/May/30 20:30:48][took 0.0020819999999999 secs]
[<<][5cf03d78c7871789082067][DEFAULT][/lib/execute/execNavigator.php][19/May/30 20:30:48][19/May/30 20:30:48][took 0.003181 secs]
[>>][5cf03d78c8585268631976][DEFAULT][/lib/execute/execNavigator.php][19/May/30 20:30:48]
[<<][5cf03d78c8585268631976][DEFAULT][/lib/execute/execNavigator.php][19/May/30 20:30:48][19/May/30 20:30:48][took 0.002278 secs]
[>>][5cf03d78c8eff871227629][DEFAULT][/lib/execute/execNavigator.php][19/May/30 20:30:48]
[<<][5cf03d78c8eff871227629][DEFAULT][/lib/execute/execNavigator.php][19/May/30 20:30:48][19/May/30 20:30:48][took 0.092206 secs]
[<<][5cf03d78d5fb7640296156][DEFAULT][/lib/execute/execDashboard.php][19/May/30 20:30:48][19/May/30 20:30:48][took 0.046086 secs]
[>>][5cf03d78e1452856467999][DEFAULT][/lib/execute/execDashboard.php][19/May/30 20:30:48]
[<<][5cf03d78e1452856467999][DEFAULT][/lib/execute/execDashboard.php][19/May/30 20:30:48][19/May/30 20:30:48][took 0.001927 secs]
[>>][5cf03d78e1c57223480256][DEFAULT][/lib/execute/execDashboard.php][19/May/30 20:30:48]
[<<][5cf03d78e1c57223480256][DEFAULT][/lib/execute/execDashboard.php][19/May/30 20:30:48][19/May/30 20:30:48][took 0.011161 secs]
[<<][5cf03d794c3e8411004748][DEFAULT][/lib/execute/execDashboard.php][19/May/30 20:30:49][19/May/30 20:30:49][took 0.003447 secs]
[>>][5cf03d794d20e959891384][DEFAULT][/lib/execute/execDashboard.php][19/May/30 20:30:49]
[<<][5cf03d794d20e959891384][DEFAULT][/lib/execute/execDashboard.php][19/May/30 20:30:49][19/May/30 20:30:49][took 0.002229 secs]
[>>][5cf03d794db5b068889102][DEFAULT][/lib/execute/execDashboard.php][19/May/30 20:30:49]
[<<][5cf03d794db5b068889102][DEFAULT][/lib/execute/execDashboard.php][19/May/30 20:30:49][19/May/30 20:30:49][took 0.004001 secs]
[<<][5cf03d80bd4f0615023517][DEFAULT][/lib/general/mainPage.php][19/May/30 20:30:56][19/May/30 20:30:56][took 0.002957 secs]
[>>][5cf03d80be12c787458773][DEFAULT][/lib/general/mainPage.php][19/May/30 20:30:56]
[<<][5cf03d80be12c787458773][DEFAULT][/lib/general/mainPage.php][19/May/30 20:30:56][19/May/30 20:30:56][took 0.002235 secs]
[>>][5cf03d80bea7d206148864][DEFAULT][/lib/general/mainPage.php][19/May/30 20:30:56]
	[19/May/30 20:30:56][WARNING][la3rqe4vrsp53cj8690nujni8f][GUI - Test Project ID : 21]
		E_NOTICE
Undefined index: platform_view - in /opt/bitnami/apps/testlink/htdocs/gui/templates_c/835a037b28214872edd369779d57f903f1734c6a.file.mainPageLeft.tpl.php - Line 205
[<<][5cf03d80bea7d206148864][DEFAULT][/lib/general/mainPage.php][19/May/30 20:30:56][19/May/30 20:30:56][took 0.054173 secs]
[<<][5cf03d9aaa82d095324135][DEFAULT][/lib/general/frmWorkArea.php][19/May/30 20:31:22][19/May/30 20:31:22][took 0.003289 secs]
[>>][5cf03d9aab5bf933970393][DEFAULT][/lib/general/frmWorkArea.php][19/May/30 20:31:22]
[<<][5cf03d9aab5bf933970393][DEFAULT][/lib/general/frmWorkArea.php][19/May/30 20:31:22][19/May/30 20:31:22][took 0.002302 secs]
[>>][5cf03d9aabf54563740747][DEFAULT][/lib/general/frmWorkArea.php][19/May/30 20:31:22]
[<<][5cf03d9aabf54563740747][DEFAULT][/lib/general/frmWorkArea.php][19/May/30 20:31:22][19/May/30 20:31:22][took 0.00078400000000001 secs]
[<<][5cf03d9ac580f303489390][DEFAULT][/lib/plan/planAddTCNavigator.php][19/May/30 20:31:22][19/May/30 20:31:22][took 0.0032759999999999 secs]
[>>][5cf03d9ac6595207850838][DEFAULT][/lib/plan/planAddTCNavigator.php][19/May/30 20:31:22]
[<<][5cf03d9ac6595207850838][DEFAULT][/lib/plan/planAddTCNavigator.php][19/May/30 20:31:22][19/May/30 20:31:22][took 0.002228 secs]
[>>][5cf03d9ac6ede181207685][DEFAULT][/lib/plan/planAddTCNavigator.php][19/May/30 20:31:22]
[<<][5cf03d9ac6ede181207685][DEFAULT][/lib/plan/planAddTCNavigator.php][19/May/30 20:31:22][19/May/30 20:31:22][took 0.009641 secs]
[<<][5cf03d9ad642d073553848][DEFAULT][/lib/results/printDocOptions.php][19/May/30 20:31:22][19/May/30 20:31:22][took 0.0032059999999999 secs]
[>>][5cf03d9ad7158611635924][DEFAULT][/lib/results/printDocOptions.php][19/May/30 20:31:22]
[<<][5cf03d9ad7158611635924][DEFAULT][/lib/results/printDocOptions.php][19/May/30 20:31:22][19/May/30 20:31:22][took 0.002148 secs]
[>>][5cf03d9ad7a50474563496][DEFAULT][/lib/results/printDocOptions.php][19/May/30 20:31:22]
[<<][5cf03d9ad7a50474563496][DEFAULT][/lib/results/printDocOptions.php][19/May/30 20:31:22][19/May/30 20:31:22][took 0.040631 secs]
[<<][5cf03d9b153ee907058914][DEFAULT][/lib/ajax/gettprojectnodes.php][19/May/30 20:31:23][19/May/30 20:31:23][took 0.003306 secs]
[>>][5cf03d9b16183517209290][DEFAULT][/lib/ajax/gettprojectnodes.php][19/May/30 20:31:23]
[<<][5cf03d9b16183517209290][DEFAULT][/lib/ajax/gettprojectnodes.php][19/May/30 20:31:23][19/May/30 20:31:23][took 0.00244 secs]
[>>][5cf03d9b16b9f659696001][DEFAULT][/lib/ajax/gettprojectnodes.php][19/May/30 20:31:23]
[<<][5cf03d9b16b9f659696001][DEFAULT][/lib/ajax/gettprojectnodes.php][19/May/30 20:31:23][19/May/30 20:31:23][took 0.011715 secs]
[<<][5cf03e160732e642332591][DEFAULT][/lib/ajax/gettprojectnodes.php][19/May/30 20:33:26][19/May/30 20:33:26][took 0.003546 secs]
[>>][5cf03e1608207062013382][DEFAULT][/lib/ajax/gettprojectnodes.php][19/May/30 20:33:26]
[<<][5cf03e1608207062013382][DEFAULT][/lib/ajax/gettprojectnodes.php][19/May/30 20:33:26][19/May/30 20:33:26][took 0.002406 secs]
[>>][5cf03e1608c03489284879][DEFAULT][/lib/ajax/gettprojectnodes.php][19/May/30 20:33:26]
[<<][5cf03e1608c03489284879][DEFAULT][/lib/ajax/gettprojectnodes.php][19/May/30 20:33:26][19/May/30 20:33:26][took 0.003276 secs]
[<<][5cf03e1829c80355613086][DEFAULT][/lib/ajax/gettprojectnodes.php][19/May/30 20:33:28][19/May/30 20:33:28][took 0.003301 secs]
[>>][5cf03e182aa1a251243865][DEFAULT][/lib/ajax/gettprojectnodes.php][19/May/30 20:33:28]
[<<][5cf03e182aa1a251243865][DEFAULT][/lib/ajax/gettprojectnodes.php][19/May/30 20:33:28][19/May/30 20:33:28][took 0.002357 secs]
[>>][5cf03e182b3e3725248751][DEFAULT][/lib/ajax/gettprojectnodes.php][19/May/30 20:33:28]
[<<][5cf03e182b3e3725248751][DEFAULT][/lib/ajax/gettprojectnodes.php][19/May/30 20:33:28][19/May/30 20:33:28][took 0.002649 secs]
[<<][5cf03e197d0a0816832913][DEFAULT][/lib/ajax/gettprojectnodes.php][19/May/30 20:33:29][19/May/30 20:33:29][took 0.003358 secs]
[>>][5cf03e197de83170883182][DEFAULT][/lib/ajax/gettprojectnodes.php][19/May/30 20:33:29]
[<<][5cf03e197de83170883182][DEFAULT][/lib/ajax/gettprojectnodes.php][19/May/30 20:33:29][19/May/30 20:33:29][took 0.0023299999999999 secs]
[>>][5cf03e197e846892486731][DEFAULT][/lib/ajax/gettprojectnodes.php][19/May/30 20:33:29]
[<<][5cf03e197e846892486731][DEFAULT][/lib/ajax/gettprojectnodes.php][19/May/30 20:33:29][19/May/30 20:33:29][took 0.003789 secs]
[<<][5cf03e280c78a815750588][DEFAULT][/lib/results/printDocument.php][19/May/30 20:33:44][19/May/30 20:33:44][took 0.003943 secs]
[>>][5cf03e280d7b7073295642][DEFAULT][/lib/results/printDocument.php][19/May/30 20:33:44]
[<<][5cf03e280d7b7073295642][DEFAULT][/lib/results/printDocument.php][19/May/30 20:33:44][19/May/30 20:33:44][took 0.002674 secs]
[>>][5cf03e280e326384689688][DEFAULT][/lib/results/printDocument.php][19/May/30 20:33:44]
	[19/May/30 20:33:44][WARNING][la3rqe4vrsp53cj8690nujni8f][GUI - Test Project ID : 21]
		E_WARNING
array_merge(): Argument #2 is not an array - in /opt/bitnami/apps/testlink/htdocs/lib/results/printDocument.php - Line 140
[<<][5cf03e280e326384689688][DEFAULT][/lib/results/printDocument.php][19/May/30 20:33:44][19/May/30 20:33:46][took 2.085558 secs]
[<<][5cf03e90b087b371096060][DEFAULT][/lib/results/printDocOptions.php][19/May/30 20:35:28][19/May/30 20:35:28][took 0.0033850000000001 secs]
[>>][5cf03e90b1669122554801][DEFAULT][/lib/results/printDocOptions.php][19/May/30 20:35:28]
[<<][5cf03e90b1669122554801][DEFAULT][/lib/results/printDocOptions.php][19/May/30 20:35:28][19/May/30 20:35:28][took 0.0026079999999999 secs]
[>>][5cf03e90b2135342381954][DEFAULT][/lib/results/printDocOptions.php][19/May/30 20:35:28]
[<<][5cf03e90b2135342381954][DEFAULT][/lib/results/printDocOptions.php][19/May/30 20:35:28][19/May/30 20:35:28][took 0.041235 secs]
[<<][5cf03e9591748855003041][DEFAULT][/lib/results/printDocument.php][19/May/30 20:35:33][19/May/30 20:35:33][took 0.003432 secs]
[>>][5cf03e959256a213290252][DEFAULT][/lib/results/printDocument.php][19/May/30 20:35:33]
[<<][5cf03e959256a213290252][DEFAULT][/lib/results/printDocument.php][19/May/30 20:35:33][19/May/30 20:35:33][took 0.002263 secs]
[>>][5cf03e9592ed9543733674][DEFAULT][/lib/results/printDocument.php][19/May/30 20:35:33]
	[19/May/30 20:35:33][WARNING][la3rqe4vrsp53cj8690nujni8f][GUI - Test Project ID : 21]
		E_WARNING
array_merge(): Argument #2 is not an array - in /opt/bitnami/apps/testlink/htdocs/lib/results/printDocument.php - Line 140
[<<][5cf03e9592ed9543733674][DEFAULT][/lib/results/printDocument.php][19/May/30 20:35:33][19/May/30 20:35:33][took 0.120352 secs]
[<<][5cf03f6345d71885119156][DEFAULT][/lib/results/printDocOptions.php][19/May/30 20:38:59][19/May/30 20:38:59][took 0.003569 secs]
[>>][5cf03f6346c2a721037354][DEFAULT][/lib/results/printDocOptions.php][19/May/30 20:38:59]
[<<][5cf03f6346c2a721037354][DEFAULT][/lib/results/printDocOptions.php][19/May/30 20:38:59][19/May/30 20:38:59][took 0.002396 secs]
[>>][5cf03f634761b361807591][DEFAULT][/lib/results/printDocOptions.php][19/May/30 20:38:59]
[<<][5cf03f634761b361807591][DEFAULT][/lib/results/printDocOptions.php][19/May/30 20:38:59][19/May/30 20:38:59][took 0.040945 secs]
[<<][5cf041cfa83a9783854936][DEFAULT][/lib/results/printDocument.php][19/May/30 20:49:19][19/May/30 20:49:19][took 0.003981 secs]
[>>][5cf041cfa9404006850195][DEFAULT][/lib/results/printDocument.php][19/May/30 20:49:19]
[<<][5cf041cfa9404006850195][DEFAULT][/lib/results/printDocument.php][19/May/30 20:49:19][19/May/30 20:49:19][took 0.002485 secs]
[>>][5cf041cfa9e51794048742][DEFAULT][/lib/results/printDocument.php][19/May/30 20:49:19]
	[19/May/30 20:49:19][WARNING][la3rqe4vrsp53cj8690nujni8f][GUI - Test Project ID : 21]
		E_WARNING
array_merge(): Argument #2 is not an array - in /opt/bitnami/apps/testlink/htdocs/lib/results/printDocument.php - Line 140
[<<][5cf041cfa9e51794048742][DEFAULT][/lib/results/printDocument.php][19/May/30 20:49:19][19/May/30 20:49:19][took 0.104623 secs]
[<<][5cf0429a7b230231271608][DEFAULT][/lib/results/printDocOptions.php][19/May/30 20:52:42][19/May/30 20:52:42][took 0.0036040000000001 secs]
[>>][5cf0429a7c10e524484107][DEFAULT][/lib/results/printDocOptions.php][19/May/30 20:52:42]
[<<][5cf0429a7c10e524484107][DEFAULT][/lib/results/printDocOptions.php][19/May/30 20:52:42][19/May/30 20:52:42][took 0.0074920000000001 secs]
[>>][5cf0429a7def3581038524][DEFAULT][/lib/results/printDocOptions.php][19/May/30 20:52:42]
[<<][5cf0429a7def3581038524][DEFAULT][/lib/results/printDocOptions.php][19/May/30 20:52:42][19/May/30 20:52:42][took 0.042343 secs]
	[19/Jul/22 21:06:05][AUDIT][54bdoshl129pf8la3t11s9fvol][GUI - Test Project ID : 71110]
		Login for 'chad.jeppesen@asirobots.com' from '209.253.35.146' succeeded
[<<][5d36253d4a61b804598734][DEFAULT][/login.php][19/Jul/22 21:06:05][19/Jul/22 21:06:05][took 0.049188 secs]
[<<][5d36253d6b321179385899][DEFAULT][/index.php][19/Jul/22 21:06:05][19/Jul/22 21:06:05][took 0.002854 secs]
[>>][5d36253d6befc340652144][DEFAULT][/index.php][19/Jul/22 21:06:05]
[<<][5d36253d6befc340652144][DEFAULT][/index.php][19/Jul/22 21:06:05][19/Jul/22 21:06:05][took 0.004862 secs]
[<<][5d36253d788d2665918450][DEFAULT][/lib/general/mainPage.php][19/Jul/22 21:06:05][19/Jul/22 21:06:05][took 0.002872 secs]
[>>][5d36253d794c3606940833][DEFAULT][/lib/general/mainPage.php][19/Jul/22 21:06:05]
[<<][5d36253d794c3606940833][DEFAULT][/lib/general/mainPage.php][19/Jul/22 21:06:05][19/Jul/22 21:06:05][took 0.002061 secs]
[>>][5d36253d79d69861777968][DEFAULT][/lib/general/mainPage.php][19/Jul/22 21:06:05]
	[19/Jul/22 21:06:05][WARNING][54bdoshl129pf8la3t11s9fvol][GUI - Test Project ID : 71110]
		E_NOTICE
Undefined index: platform_view - in /opt/bitnami/apps/testlink/htdocs/gui/templates_c/835a037b28214872edd369779d57f903f1734c6a.file.mainPageLeft.tpl.php - Line 205
[<<][5d36253d79d69861777968][DEFAULT][/lib/general/mainPage.php][19/Jul/22 21:06:05][19/Jul/22 21:06:05][took 0.060077 secs]
[<<][5d36253d788d1635772502][DEFAULT][/lib/general/navBar.php][19/Jul/22 21:06:05][19/Jul/22 21:06:05][took 0.095218 secs]
[>>][5d36253d8fd94010734164][DEFAULT][/lib/general/navBar.php][19/Jul/22 21:06:05]
[<<][5d36253d8fd94010734164][DEFAULT][/lib/general/navBar.php][19/Jul/22 21:06:05][19/Jul/22 21:06:05][took 0.001899 secs]
[>>][5d36253d9058e680041702][DEFAULT][/lib/general/navBar.php][19/Jul/22 21:06:05]
[<<][5d36253d9058e680041702][DEFAULT][/lib/general/navBar.php][19/Jul/22 21:06:05][19/Jul/22 21:06:05][took 0.004591 secs]
[<<][5d3625453489f145656718][DEFAULT][/lib/plan/planView.php][19/Jul/22 21:06:13][19/Jul/22 21:06:13][took 0.003267 secs]
[>>][5d3625453562d176399549][DEFAULT][/lib/plan/planView.php][19/Jul/22 21:06:13]
[<<][5d3625453562d176399549][DEFAULT][/lib/plan/planView.php][19/Jul/22 21:06:13][19/Jul/22 21:06:13][took 0.002592 secs]
[>>][5d362545360ee077887921][DEFAULT][/lib/plan/planView.php][19/Jul/22 21:06:13]
[<<][5d362545360ee077887921][DEFAULT][/lib/plan/planView.php][19/Jul/22 21:06:13][19/Jul/22 21:06:13][took 0.002683 secs]
[<<][5d36254b04033492214592][DEFAULT][/lib/general/frmWorkArea.php][19/Jul/22 21:06:19][19/Jul/22 21:06:19][took 0.003265 secs]
[>>][5d36254b04db8979524414][DEFAULT][/lib/general/frmWorkArea.php][19/Jul/22 21:06:19]
[<<][5d36254b04db8979524414][DEFAULT][/lib/general/frmWorkArea.php][19/Jul/22 21:06:19][19/Jul/22 21:06:19][took 0.003121 secs]
[>>][5d36254b05a86080853262][DEFAULT][/lib/general/frmWorkArea.php][19/Jul/22 21:06:19]
[<<][5d36254b05a86080853262][DEFAULT][/lib/general/frmWorkArea.php][19/Jul/22 21:06:19][19/Jul/22 21:06:19][took 0.000778 secs]
[<<][5d36254b0fd9d851452070][DEFAULT][/lib/testcases/listTestCases.php][19/Jul/22 21:06:19][19/Jul/22 21:06:19][took 0.003271 secs]
[>>][5d36254b10b38034062243][DEFAULT][/lib/testcases/listTestCases.php][19/Jul/22 21:06:19]
[<<][5d36254b10b38034062243][DEFAULT][/lib/testcases/listTestCases.php][19/Jul/22 21:06:19][19/Jul/22 21:06:19][took 0.002567 secs]
[>>][5d36254b115e1036131112][DEFAULT][/lib/testcases/listTestCases.php][19/Jul/22 21:06:19]
[<<][5d36254b115e1036131112][DEFAULT][/lib/testcases/listTestCases.php][19/Jul/22 21:06:19][19/Jul/22 21:06:19][took 0.010951 secs]
[<<][5d36254b1b6aa525847294][DEFAULT][/lib/testcases/archiveData.php][19/Jul/22 21:06:19][19/Jul/22 21:06:19][took 0.00327 secs]
[>>][5d36254b1c454541960481][DEFAULT][/lib/testcases/archiveData.php][19/Jul/22 21:06:19]
[<<][5d36254b1c454541960481][DEFAULT][/lib/testcases/archiveData.php][19/Jul/22 21:06:19][19/Jul/22 21:06:19][took 0.002283 secs]
[>>][5d36254b1cdf4178573200][DEFAULT][/lib/testcases/archiveData.php][19/Jul/22 21:06:19]
[<<][5d36254b1cdf4178573200][DEFAULT][/lib/testcases/archiveData.php][19/Jul/22 21:06:19][19/Jul/22 21:06:19][took 0.003866 secs]
[<<][5d36254b6511d631537794][DEFAULT][/lib/ajax/gettprojectnodes.php][19/Jul/22 21:06:19][19/Jul/22 21:06:19][took 0.002783 secs]
[>>][5d36254b65cb5902377591][DEFAULT][/lib/ajax/gettprojectnodes.php][19/Jul/22 21:06:19]
[<<][5d36254b65cb5902377591][DEFAULT][/lib/ajax/gettprojectnodes.php][19/Jul/22 21:06:19][19/Jul/22 21:06:19][took 0.002088 secs]
[>>][5d36254b6656b950305057][DEFAULT][/lib/ajax/gettprojectnodes.php][19/Jul/22 21:06:19]
[<<][5d36254b6656b950305057][DEFAULT][/lib/ajax/gettprojectnodes.php][19/Jul/22 21:06:19][19/Jul/22 21:06:19][took 0.004104 secs]
[<<][5d36255170f13673009050][DEFAULT][/lib/testcases/archiveData.php][19/Jul/22 21:06:25][19/Jul/22 21:06:25][took 0.003245 secs]
[>>][5d36255171c83935975735][DEFAULT][/lib/testcases/archiveData.php][19/Jul/22 21:06:25]
[<<][5d36255171c83935975735][DEFAULT][/lib/testcases/archiveData.php][19/Jul/22 21:06:25][19/Jul/22 21:06:25][took 0.002152 secs]
[>>][5d36255172582885063135][DEFAULT][/lib/testcases/archiveData.php][19/Jul/22 21:06:25]
[<<][5d36255172582885063135][DEFAULT][/lib/testcases/archiveData.php][19/Jul/22 21:06:25][19/Jul/22 21:06:25][took 0.008765 secs]
[<<][5d362558bcbbd324531307][DEFAULT][/lib/testcases/listTestCases.php][19/Jul/22 21:06:32][19/Jul/22 21:06:32][took 0.0034190000000001 secs]
[>>][5d362558bd9e2274478694][DEFAULT][/lib/testcases/listTestCases.php][19/Jul/22 21:06:32]
[<<][5d362558bd9e2274478694][DEFAULT][/lib/testcases/listTestCases.php][19/Jul/22 21:06:32][19/Jul/22 21:06:32][took 0.002387 secs]
[>>][5d362558be3d4443956904][DEFAULT][/lib/testcases/listTestCases.php][19/Jul/22 21:06:32]
[<<][5d362558be3d4443956904][DEFAULT][/lib/testcases/listTestCases.php][19/Jul/22 21:06:32][19/Jul/22 21:06:32][took 0.006659 secs]
[<<][5d36255905767888758272][DEFAULT][/lib/ajax/gettprojectnodes.php][19/Jul/22 21:06:33][19/Jul/22 21:06:33][took 0.003414 secs]
[>>][5d3625590657b021237609][DEFAULT][/lib/ajax/gettprojectnodes.php][19/Jul/22 21:06:33]
[<<][5d3625590657b021237609][DEFAULT][/lib/ajax/gettprojectnodes.php][19/Jul/22 21:06:33][19/Jul/22 21:06:33][took 0.002359 secs]
[>>][5d36255906f51912168377][DEFAULT][/lib/ajax/gettprojectnodes.php][19/Jul/22 21:06:33]
[<<][5d36255906f51912168377][DEFAULT][/lib/ajax/gettprojectnodes.php][19/Jul/22 21:06:33][19/Jul/22 21:06:33][took 0.002942 secs]
[<<][5d36256118db5016742047][DEFAULT][/lib/testcases/archiveData.php][19/Jul/22 21:06:41][19/Jul/22 21:06:41][took 0.002745 secs]
[>>][5d3625611991c639184928][DEFAULT][/lib/testcases/archiveData.php][19/Jul/22 21:06:41]
[<<][5d3625611991c639184928][DEFAULT][/lib/testcases/archiveData.php][19/Jul/22 21:06:41][19/Jul/22 21:06:41][took 0.00208 secs]
[>>][5d3625611a1d6285605058][DEFAULT][/lib/testcases/archiveData.php][19/Jul/22 21:06:41]
[<<][5d3625611a1d6285605058][DEFAULT][/lib/testcases/archiveData.php][19/Jul/22 21:06:41][19/Jul/22 21:06:41][took 0.010629 secs]
[<<][5d36256bb7f43818583643][DEFAULT][/lib/general/navBar.php][19/Jul/22 21:06:51][19/Jul/22 21:06:51][took 0.002804 secs]
[>>][5d36256bb8b29876916758][DEFAULT][/lib/general/navBar.php][19/Jul/22 21:06:51]
[<<][5d36256bb8b29876916758][DEFAULT][/lib/general/navBar.php][19/Jul/22 21:06:51][19/Jul/22 21:06:51][took 0.009369 secs]
[>>][5d36256bbb059541854327][DEFAULT][/lib/general/navBar.php][19/Jul/22 21:06:51]
	[19/Jul/22 21:06:51][WARNING][54bdoshl129pf8la3t11s9fvol][GUI - Test Project ID : 21]
		E_NOTICE
Undefined property: stdClass::$prefix - in /opt/bitnami/apps/testlink/htdocs/lib/general/navBar.php - Line 173
[<<][5d36256bbb059541854327][DEFAULT][/lib/general/navBar.php][19/Jul/22 21:06:51][19/Jul/22 21:06:51][took 0.042624 secs]
[<<][5d36256be5ea3922413972][DEFAULT][/lib/general/mainPage.php][19/Jul/22 21:06:51][19/Jul/22 21:06:51][took 0.003382 secs]
[>>][5d36256be6ca6934494040][DEFAULT][/lib/general/mainPage.php][19/Jul/22 21:06:51]
[<<][5d36256be6ca6934494040][DEFAULT][/lib/general/mainPage.php][19/Jul/22 21:06:51][19/Jul/22 21:06:51][took 0.002492 secs]
[>>][5d36256be7703845297625][DEFAULT][/lib/general/mainPage.php][19/Jul/22 21:06:51]
	[19/Jul/22 21:06:51][WARNING][54bdoshl129pf8la3t11s9fvol][GUI - Test Project ID : 21]
		E_NOTICE
Undefined index: platform_view - in /opt/bitnami/apps/testlink/htdocs/gui/templates_c/835a037b28214872edd369779d57f903f1734c6a.file.mainPageLeft.tpl.php - Line 205
[<<][5d36256be7703845297625][DEFAULT][/lib/general/mainPage.php][19/Jul/22 21:06:51][19/Jul/22 21:06:52][took 0.062883 secs]
[<<][5d36257262460249790262][DEFAULT][/lib/general/frmWorkArea.php][19/Jul/22 21:06:58][19/Jul/22 21:06:58][took 0.0032720000000001 secs]
[>>][5d36257263209894577536][DEFAULT][/lib/general/frmWorkArea.php][19/Jul/22 21:06:58]
[<<][5d36257263209894577536][DEFAULT][/lib/general/frmWorkArea.php][19/Jul/22 21:06:58][19/Jul/22 21:06:58][took 0.002437 secs]
[>>][5d36257263c2d391859124][DEFAULT][/lib/general/frmWorkArea.php][19/Jul/22 21:06:58]
[<<][5d36257263c2d391859124][DEFAULT][/lib/general/frmWorkArea.php][19/Jul/22 21:06:58][19/Jul/22 21:06:58][took 0.00078700000000004 secs]
[<<][5d36257275bbc804466055][DEFAULT][/lib/testcases/listTestCases.php][19/Jul/22 21:06:58][19/Jul/22 21:06:58][took 0.003335 secs]
[>>][5d36257276988335835078][DEFAULT][/lib/testcases/listTestCases.php][19/Jul/22 21:06:58]
[<<][5d36257276988335835078][DEFAULT][/lib/testcases/listTestCases.php][19/Jul/22 21:06:58][19/Jul/22 21:06:58][took 0.002555 secs]
[>>][5d36257277424548923740][DEFAULT][/lib/testcases/listTestCases.php][19/Jul/22 21:06:58]
[<<][5d36257277424548923740][DEFAULT][/lib/testcases/listTestCases.php][19/Jul/22 21:06:58][19/Jul/22 21:06:58][took 0.014823 secs]
[<<][5d36257284e66184848084][DEFAULT][/lib/testcases/archiveData.php][19/Jul/22 21:06:58][19/Jul/22 21:06:58][took 0.003163 secs]
[>>][5d36257285b82154161293][DEFAULT][/lib/testcases/archiveData.php][19/Jul/22 21:06:58]
[<<][5d36257285b82154161293][DEFAULT][/lib/testcases/archiveData.php][19/Jul/22 21:06:58][19/Jul/22 21:06:58][took 0.002033 secs]
[>>][5d36257286410389072317][DEFAULT][/lib/testcases/archiveData.php][19/Jul/22 21:06:58]
[<<][5d36257286410389072317][DEFAULT][/lib/testcases/archiveData.php][19/Jul/22 21:06:58][19/Jul/22 21:06:58][took 0.003394 secs]
[<<][5d362572b323b619182169][DEFAULT][/lib/ajax/gettprojectnodes.php][19/Jul/22 21:06:58][19/Jul/22 21:06:58][took 0.0033000000000001 secs]
[>>][5d362572b3fe3320783075][DEFAULT][/lib/ajax/gettprojectnodes.php][19/Jul/22 21:06:58]
[<<][5d362572b3fe3320783075][DEFAULT][/lib/ajax/gettprojectnodes.php][19/Jul/22 21:06:58][19/Jul/22 21:06:58][took 0.002298 secs]
[>>][5d362572b497b240785815][DEFAULT][/lib/ajax/gettprojectnodes.php][19/Jul/22 21:06:58]
[<<][5d362572b497b240785815][DEFAULT][/lib/ajax/gettprojectnodes.php][19/Jul/22 21:06:58][19/Jul/22 21:06:58][took 0.029026 secs]
[<<][5d362577887cd051952510][DEFAULT][/lib/ajax/gettprojectnodes.php][19/Jul/22 21:07:03][19/Jul/22 21:07:03][took 0.0032530000000001 secs]
[>>][5d36257789548447412594][DEFAULT][/lib/ajax/gettprojectnodes.php][19/Jul/22 21:07:03]
[<<][5d36257789548447412594][DEFAULT][/lib/ajax/gettprojectnodes.php][19/Jul/22 21:07:03][19/Jul/22 21:07:03][took 0.002174 secs]
[>>][5d36257789e65502860664][DEFAULT][/lib/ajax/gettprojectnodes.php][19/Jul/22 21:07:03]
[<<][5d36257789e65502860664][DEFAULT][/lib/ajax/gettprojectnodes.php][19/Jul/22 21:07:03][19/Jul/22 21:07:03][took 0.004364 secs]
[<<][5d36257a9a069539066398][DEFAULT][/lib/ajax/gettprojectnodes.php][19/Jul/22 21:07:06][19/Jul/22 21:07:06][took 0.003306 secs]
[>>][5d36257a9ae1d404843532][DEFAULT][/lib/ajax/gettprojectnodes.php][19/Jul/22 21:07:06]
[<<][5d36257a9ae1d404843532][DEFAULT][/lib/ajax/gettprojectnodes.php][19/Jul/22 21:07:06][19/Jul/22 21:07:06][took 0.0025219999999999 secs]
[>>][5d36257a9b897923621566][DEFAULT][/lib/ajax/gettprojectnodes.php][19/Jul/22 21:07:06]
[<<][5d36257a9b897923621566][DEFAULT][/lib/ajax/gettprojectnodes.php][19/Jul/22 21:07:06][19/Jul/22 21:07:06][took 0.001835 secs]
[<<][5d36257e3dc22264740732][DEFAULT][/lib/testcases/archiveData.php][19/Jul/22 21:07:10][19/Jul/22 21:07:10][took 0.003312 secs]
[>>][5d36257e3e9d4690920111][DEFAULT][/lib/testcases/archiveData.php][19/Jul/22 21:07:10]
[<<][5d36257e3e9d4690920111][DEFAULT][/lib/testcases/archiveData.php][19/Jul/22 21:07:10][19/Jul/22 21:07:10][took 0.002615 secs]
[>>][5d36257e3f4ad084739036][DEFAULT][/lib/testcases/archiveData.php][19/Jul/22 21:07:10]
[<<][5d36257e3f4ad084739036][DEFAULT][/lib/testcases/archiveData.php][19/Jul/22 21:07:10][19/Jul/22 21:07:10][took 0.02803 secs]
[<<][5d3625ba34a47998719862][DEFAULT][/lib/ajax/gettprojectnodes.php][19/Jul/22 21:08:10][19/Jul/22 21:08:10][took 0.003329 secs]
[>>][5d3625ba3580c426746339][DEFAULT][/lib/ajax/gettprojectnodes.php][19/Jul/22 21:08:10]
[<<][5d3625ba3580c426746339][DEFAULT][/lib/ajax/gettprojectnodes.php][19/Jul/22 21:08:10][19/Jul/22 21:08:10][took 0.002492 secs]
[>>][5d3625ba36269316021097][DEFAULT][/lib/ajax/gettprojectnodes.php][19/Jul/22 21:08:10]
[<<][5d3625ba36269316021097][DEFAULT][/lib/ajax/gettprojectnodes.php][19/Jul/22 21:08:10][19/Jul/22 21:08:10][took 0.001041 secs]
[<<][5d3625bbe4a29766544080][DEFAULT][/lib/testcases/archiveData.php][19/Jul/22 21:08:11][19/Jul/22 21:08:11][took 0.003312 secs]
[>>][5d3625bbe57e6492706987][DEFAULT][/lib/testcases/archiveData.php][19/Jul/22 21:08:11]
[<<][5d3625bbe57e6492706987][DEFAULT][/lib/testcases/archiveData.php][19/Jul/22 21:08:11][19/Jul/22 21:08:11][took 0.0024860000000001 secs]
[>>][5d3625bbe623e121307545][DEFAULT][/lib/testcases/archiveData.php][19/Jul/22 21:08:11]
[<<][5d3625bbe623e121307545][DEFAULT][/lib/testcases/archiveData.php][19/Jul/22 21:08:11][19/Jul/22 21:08:11][took 0.015735 secs]
[<<][5d3625c24ea98249056211][DEFAULT][/lib/testcases/archiveData.php][19/Jul/22 21:08:18][19/Jul/22 21:08:18][took 0.003429 secs]
[>>][5d3625c24f8dd816637190][DEFAULT][/lib/testcases/archiveData.php][19/Jul/22 21:08:18]
[<<][5d3625c24f8dd816637190][DEFAULT][/lib/testcases/archiveData.php][19/Jul/22 21:08:18][19/Jul/22 21:08:18][took 0.002443 secs]
[>>][5d3625c250309018866027][DEFAULT][/lib/testcases/archiveData.php][19/Jul/22 21:08:18]
[<<][5d3625c250309018866027][DEFAULT][/lib/testcases/archiveData.php][19/Jul/22 21:08:18][19/Jul/22 21:08:18][took 0.009928 secs]
[<<][5d3625c503105989145477][DEFAULT][/lib/ajax/gettprojectnodes.php][19/Jul/22 21:08:21][19/Jul/22 21:08:21][took 0.002996 secs]
[>>][5d3625c503d8a239093029][DEFAULT][/lib/ajax/gettprojectnodes.php][19/Jul/22 21:08:21]
[<<][5d3625c503d8a239093029][DEFAULT][/lib/ajax/gettprojectnodes.php][19/Jul/22 21:08:21][19/Jul/22 21:08:21][took 0.002086 secs]
[>>][5d3625c504644980909854][DEFAULT][/lib/ajax/gettprojectnodes.php][19/Jul/22 21:08:21]
[<<][5d3625c504644980909854][DEFAULT][/lib/ajax/gettprojectnodes.php][19/Jul/22 21:08:21][19/Jul/22 21:08:21][took 0.002283 secs]
[<<][5d3625c814b37816367358][DEFAULT][/lib/ajax/gettprojectnodes.php][19/Jul/22 21:08:24][19/Jul/22 21:08:24][took 0.003214 secs]
[>>][5d3625c815891325926810][DEFAULT][/lib/ajax/gettprojectnodes.php][19/Jul/22 21:08:24]
[<<][5d3625c815891325926810][DEFAULT][/lib/ajax/gettprojectnodes.php][19/Jul/22 21:08:24][19/Jul/22 21:08:24][took 0.0023 secs]
[>>][5d3625c816231474418560][DEFAULT][/lib/ajax/gettprojectnodes.php][19/Jul/22 21:08:24]
[<<][5d3625c816231474418560][DEFAULT][/lib/ajax/gettprojectnodes.php][19/Jul/22 21:08:24][19/Jul/22 21:08:24][took 0.001937 secs]
[<<][5d3625ca0c8b4692821094][DEFAULT][/lib/testcases/archiveData.php][19/Jul/22 21:08:26][19/Jul/22 21:08:26][took 0.002843 secs]
[>>][5d3625ca0d497402484066][DEFAULT][/lib/testcases/archiveData.php][19/Jul/22 21:08:26]
[<<][5d3625ca0d497402484066][DEFAULT][/lib/testcases/archiveData.php][19/Jul/22 21:08:26][19/Jul/22 21:08:26][took 0.006041 secs]
[>>][5d3625ca0ecd0078604297][DEFAULT][/lib/testcases/archiveData.php][19/Jul/22 21:08:26]
[<<][5d3625ca0ecd0078604297][DEFAULT][/lib/testcases/archiveData.php][19/Jul/22 21:08:26][19/Jul/22 21:08:26][took 0.041967 secs]
[<<][5d3625dc2dceb788750138][DEFAULT][/lib/testcases/archiveData.php][19/Jul/22 21:08:44][19/Jul/22 21:08:44][took 0.003328 secs]
[>>][5d3625dc2eab0838500607][DEFAULT][/lib/testcases/archiveData.php][19/Jul/22 21:08:44]
[<<][5d3625dc2eab0838500607][DEFAULT][/lib/testcases/archiveData.php][19/Jul/22 21:08:44][19/Jul/22 21:08:44][took 0.002356 secs]
[>>][5d3625dc2f487408225473][DEFAULT][/lib/testcases/archiveData.php][19/Jul/22 21:08:44]
[<<][5d3625dc2f487408225473][DEFAULT][/lib/testcases/archiveData.php][19/Jul/22 21:08:44][19/Jul/22 21:08:44][took 0.037491 secs]
[<<][5d3625e46a523555312196][DEFAULT][/lib/testcases/archiveData.php][19/Jul/22 21:08:52][19/Jul/22 21:08:52][took 0.003573 secs]
[>>][5d3625e46b3e7052419527][DEFAULT][/lib/testcases/archiveData.php][19/Jul/22 21:08:52]
[<<][5d3625e46b3e7052419527][DEFAULT][/lib/testcases/archiveData.php][19/Jul/22 21:08:52][19/Jul/22 21:08:52][took 0.002519 secs]
[>>][5d3625e46be5f869055341][DEFAULT][/lib/testcases/archiveData.php][19/Jul/22 21:08:52]
[<<][5d3625e46be5f869055341][DEFAULT][/lib/testcases/archiveData.php][19/Jul/22 21:08:52][19/Jul/22 21:08:52][took 0.034303 secs]
[<<][5d3625eb7f31b945104052][DEFAULT][/lib/ajax/gettprojectnodes.php][19/Jul/22 21:08:59][19/Jul/22 21:08:59][took 0.0034069999999999 secs]
[>>][5d3625eb80138569572137][DEFAULT][/lib/ajax/gettprojectnodes.php][19/Jul/22 21:08:59]
[<<][5d3625eb80138569572137][DEFAULT][/lib/ajax/gettprojectnodes.php][19/Jul/22 21:08:59][19/Jul/22 21:08:59][took 0.003489 secs]
[>>][5d3625eb80f7c355537270][DEFAULT][/lib/ajax/gettprojectnodes.php][19/Jul/22 21:08:59]
[<<][5d3625eb80f7c355537270][DEFAULT][/lib/ajax/gettprojectnodes.php][19/Jul/22 21:08:59][19/Jul/22 21:08:59][took 0.0076229999999999 secs]
