	[19/Feb/19 20:54:01][AUDIT][lkvpnonfeaau1o63foo6n8kncq][GUI - Test Project ID : 2]
		Login for 'levi.baker@asirobots.com' from '192.168.120.24' succeeded
[<<][5c6c6ce923f71349918874][DEFAULT][/login.php][19/Feb/19 20:54:01][19/Feb/19 20:54:01][took 0.065215 secs]
[<<][5c6c6ce9793ca587320834][DEFAULT][/index.php][19/Feb/19 20:54:01][19/Feb/19 20:54:01][took 0.010056 secs]
[>>][5c6c6ce97bbcd949794480][DEFAULT][/index.php][19/Feb/19 20:54:01]
[<<][5c6c6ce97bbcd949794480][DEFAULT][/index.php][19/Feb/19 20:54:01][19/Feb/19 20:54:01][took 0.008891 secs]
[<<][5c6c6cea47927791932644][DEFAULT][/lib/general/navBar.php][19/Feb/19 20:54:02][19/Feb/19 20:54:02][took 0.002734 secs]
[>>][5c6c6cea4c38b374685738][DEFAULT][/lib/general/navBar.php][19/Feb/19 20:54:02]
[<<][5c6c6cea4c38b374685738][DEFAULT][/lib/general/navBar.php][19/Feb/19 20:54:02][19/Feb/19 20:54:02][took 0.002135 secs]
[>>][5c6c6cea4cc6a876416499][DEFAULT][/lib/general/navBar.php][19/Feb/19 20:54:02]
[<<][5c6c6cea4cc6a876416499][DEFAULT][/lib/general/navBar.php][19/Feb/19 20:54:02][19/Feb/19 20:54:02][took 0.02207 secs]
[<<][5c6c6cea4a2f3639274857][DEFAULT][/lib/general/mainPage.php][19/Feb/19 20:54:02][19/Feb/19 20:54:02][took 0.043514 secs]
[>>][5c6c6cea54e01114260293][DEFAULT][/lib/general/mainPage.php][19/Feb/19 20:54:02]
[<<][5c6c6cea54e01114260293][DEFAULT][/lib/general/mainPage.php][19/Feb/19 20:54:02][19/Feb/19 20:54:02][took 0.01001 secs]
[>>][5c6c6cea575a9508451292][DEFAULT][/lib/general/mainPage.php][19/Feb/19 20:54:02]
[<<][5c6c6cea575a9508451292][DEFAULT][/lib/general/mainPage.php][19/Feb/19 20:54:02][19/Feb/19 20:54:02][took 0.081704 secs]
[<<][5c6c6cf31395b526650485][DEFAULT][/lib/cfields/cfieldsView.php][19/Feb/19 20:54:11][19/Feb/19 20:54:11][took 0.009556 secs]
[>>][5c6c6cf315f6c831816363][DEFAULT][/lib/cfields/cfieldsView.php][19/Feb/19 20:54:11]
[<<][5c6c6cf315f6c831816363][DEFAULT][/lib/cfields/cfieldsView.php][19/Feb/19 20:54:11][19/Feb/19 20:54:11][took 0.001946 secs]
[>>][5c6c6cf31678b284099419][DEFAULT][/lib/cfields/cfieldsView.php][19/Feb/19 20:54:11]
[<<][5c6c6cf31678b284099419][DEFAULT][/lib/cfields/cfieldsView.php][19/Feb/19 20:54:11][19/Feb/19 20:54:11][took 0.020167 secs]
[<<][5c6c6cf831a6f789466336][DEFAULT][/lib/general/mainPage.php][19/Feb/19 20:54:16][19/Feb/19 20:54:16][took 0.027471 secs]
[>>][5c6c6cf838675809525289][DEFAULT][/lib/general/mainPage.php][19/Feb/19 20:54:16]
[<<][5c6c6cf838675809525289][DEFAULT][/lib/general/mainPage.php][19/Feb/19 20:54:16][19/Feb/19 20:54:16][took 0.008784 secs]
[>>][5c6c6cf83a955245986019][DEFAULT][/lib/general/mainPage.php][19/Feb/19 20:54:16]
[<<][5c6c6cf83a955245986019][DEFAULT][/lib/general/mainPage.php][19/Feb/19 20:54:16][19/Feb/19 20:54:16][took 0.019477 secs]
[<<][5c6c6d0ce6218025491317][DEFAULT][/lib/project/projectView.php][19/Feb/19 20:54:36][19/Feb/19 20:54:36][took 0.009767 secs]
[>>][5c6c6d0ce8c44295268782][DEFAULT][/lib/project/projectView.php][19/Feb/19 20:54:36]
[<<][5c6c6d0ce8c44295268782][DEFAULT][/lib/project/projectView.php][19/Feb/19 20:54:36][19/Feb/19 20:54:36][took 0.008711 secs]
[>>][5c6c6d0ceaed6515027235][DEFAULT][/lib/project/projectView.php][19/Feb/19 20:54:36]
[<<][5c6c6d0ceaed6515027235][DEFAULT][/lib/project/projectView.php][19/Feb/19 20:54:36][19/Feb/19 20:54:36][took 0.031399 secs]
[<<][5c6c6d1225746608999415][DEFAULT][/lib/project/projectEdit.php][19/Feb/19 20:54:42][19/Feb/19 20:54:42][took 0.009942 secs]
[>>][5c6c6d1227ed7689512615][DEFAULT][/lib/project/projectEdit.php][19/Feb/19 20:54:42]
[<<][5c6c6d1227ed7689512615][DEFAULT][/lib/project/projectEdit.php][19/Feb/19 20:54:42][19/Feb/19 20:54:42][took 0.002054 secs]
[>>][5c6c6d1228767215362387][DEFAULT][/lib/project/projectEdit.php][19/Feb/19 20:54:42]
[<<][5c6c6d1228767215362387][DEFAULT][/lib/project/projectEdit.php][19/Feb/19 20:54:42][19/Feb/19 20:54:42][took 0.234822 secs]
[<<][5c6c6d6351d21250156775][DEFAULT][/lib/project/projectView.php][19/Feb/19 20:56:03][19/Feb/19 20:56:03][took 0.010489 secs]
[>>][5c6c6d6354917372801991][DEFAULT][/lib/project/projectView.php][19/Feb/19 20:56:03]
[<<][5c6c6d6354917372801991][DEFAULT][/lib/project/projectView.php][19/Feb/19 20:56:03][19/Feb/19 20:56:03][took 0.009065 secs]
[>>][5c6c6d6356d1f807729863][DEFAULT][/lib/project/projectView.php][19/Feb/19 20:56:03]
[<<][5c6c6d6356d1f807729863][DEFAULT][/lib/project/projectView.php][19/Feb/19 20:56:03][19/Feb/19 20:56:03][took 0.010755 secs]
[<<][5c6c6d6535cde112591451][DEFAULT][/lib/general/mainPage.php][19/Feb/19 20:56:05][19/Feb/19 20:56:05][took 0.009434 secs]
[>>][5c6c6d653826d664436337][DEFAULT][/lib/general/mainPage.php][19/Feb/19 20:56:05]
[<<][5c6c6d653826d664436337][DEFAULT][/lib/general/mainPage.php][19/Feb/19 20:56:05][19/Feb/19 20:56:05][took 0.001833 secs]
[>>][5c6c6d653a421908601556][DEFAULT][/lib/general/mainPage.php][19/Feb/19 20:56:05]
[<<][5c6c6d653a421908601556][DEFAULT][/lib/general/mainPage.php][19/Feb/19 20:56:05][19/Feb/19 20:56:05][took 0.019713 secs]
[<<][5c6c6d6abaf90982909650][DEFAULT][/lib/issuetrackers/issueTrackerView.php][19/Feb/19 20:56:10][19/Feb/19 20:56:10][took 0.0093569999999999 secs]
[>>][5c6c6d6abd4e3982400711][DEFAULT][/lib/issuetrackers/issueTrackerView.php][19/Feb/19 20:56:10]
[<<][5c6c6d6abd4e3982400711][DEFAULT][/lib/issuetrackers/issueTrackerView.php][19/Feb/19 20:56:10][19/Feb/19 20:56:10][took 0.008934 secs]
[>>][5c6c6d6abf851719061390][DEFAULT][/lib/issuetrackers/issueTrackerView.php][19/Feb/19 20:56:10]
[<<][5c6c6d6abf851719061390][DEFAULT][/lib/issuetrackers/issueTrackerView.php][19/Feb/19 20:56:10][19/Feb/19 20:56:10][took 0.013221 secs]
[<<][5c6c6d714b507893728354][DEFAULT][/lib/issuetrackers/issueTrackerEdit.php][19/Feb/19 20:56:17][19/Feb/19 20:56:17][took 0.010878 secs]
[>>][5c6c6d714e043968690738][DEFAULT][/lib/issuetrackers/issueTrackerEdit.php][19/Feb/19 20:56:17]
[<<][5c6c6d714e043968690738][DEFAULT][/lib/issuetrackers/issueTrackerEdit.php][19/Feb/19 20:56:17][19/Feb/19 20:56:17][took 0.009556 secs]
[>>][5c6c6d7150639951340948][DEFAULT][/lib/issuetrackers/issueTrackerEdit.php][19/Feb/19 20:56:17]
[<<][5c6c6d7150639951340948][DEFAULT][/lib/issuetrackers/issueTrackerEdit.php][19/Feb/19 20:56:17][19/Feb/19 20:56:17][took 0.019673 secs]
[<<][5c6c6dcb72afb308699447][DEFAULT][/lib/ajax/getissuetrackercfgtemplate.php][19/Feb/19 20:57:47][19/Feb/19 20:57:47][took 0.009259 secs]
[>>][5c6c6dcb74fdc118843447][DEFAULT][/lib/ajax/getissuetrackercfgtemplate.php][19/Feb/19 20:57:47]
[<<][5c6c6dcb74fdc118843447][DEFAULT][/lib/ajax/getissuetrackercfgtemplate.php][19/Feb/19 20:57:47][19/Feb/19 20:57:47][took 0.008377 secs]
[>>][5c6c6dcb77125275599188][DEFAULT][/lib/ajax/getissuetrackercfgtemplate.php][19/Feb/19 20:57:47]
[<<][5c6c6dcb77125275599188][DEFAULT][/lib/ajax/getissuetrackercfgtemplate.php][19/Feb/19 20:57:47][19/Feb/19 20:57:47][took 0.001415 secs]
[<<][5c6c6e0134ed8994480450][DEFAULT][/index.php][19/Feb/19 20:58:41][19/Feb/19 20:58:41][took 0.020642 secs]
[>>][5c6c6e013a041598027301][DEFAULT][/index.php][19/Feb/19 20:58:41]
[<<][5c6c6e013a041598027301][DEFAULT][/index.php][19/Feb/19 20:58:41][19/Feb/19 20:58:41][took 0.01822 secs]
[<<][5c6c6e01a3caa412953323][DEFAULT][/lib/general/navBar.php][19/Feb/19 20:58:41][19/Feb/19 20:58:41][took 0.009611 secs]
[>>][5c6c6e01a6300424984872][DEFAULT][/lib/general/navBar.php][19/Feb/19 20:58:41]
[<<][5c6c6e01a6300424984872][DEFAULT][/lib/general/navBar.php][19/Feb/19 20:58:41][19/Feb/19 20:58:41][took 0.0020889999999999 secs]
[>>][5c6c6e01a6bae934035220][DEFAULT][/lib/general/navBar.php][19/Feb/19 20:58:41]
[<<][5c6c6e01a6bae934035220][DEFAULT][/lib/general/navBar.php][19/Feb/19 20:58:41][19/Feb/19 20:58:41][took 0.026996 secs]
[<<][5c6c6e01ab304939362498][DEFAULT][/lib/general/mainPage.php][19/Feb/19 20:58:41][19/Feb/19 20:58:41][took 0.020144 secs]
[>>][5c6c6e01b0261334850894][DEFAULT][/lib/general/mainPage.php][19/Feb/19 20:58:41]
[<<][5c6c6e01b0261334850894][DEFAULT][/lib/general/mainPage.php][19/Feb/19 20:58:41][19/Feb/19 20:58:41][took 0.009572 secs]
[>>][5c6c6e01b285c988336481][DEFAULT][/lib/general/mainPage.php][19/Feb/19 20:58:41]
[<<][5c6c6e01b285c988336481][DEFAULT][/lib/general/mainPage.php][19/Feb/19 20:58:41][19/Feb/19 20:58:41][took 0.029161 secs]
[<<][5c6c6e0405640364148744][DEFAULT][/lib/general/frmWorkArea.php][19/Feb/19 20:58:44][19/Feb/19 20:58:44][took 0.009609 secs]
[>>][5c6c6e0407c92331987962][DEFAULT][/lib/general/frmWorkArea.php][19/Feb/19 20:58:44]
[<<][5c6c6e0407c92331987962][DEFAULT][/lib/general/frmWorkArea.php][19/Feb/19 20:58:44][19/Feb/19 20:58:44][took 0.002111 secs]
[>>][5c6c6e0408559152261116][DEFAULT][/lib/general/frmWorkArea.php][19/Feb/19 20:58:44]
[<<][5c6c6e0408559152261116][DEFAULT][/lib/general/frmWorkArea.php][19/Feb/19 20:58:44][19/Feb/19 20:58:44][took 0.007672 secs]
[<<][5c6c6e042989c645856725][DEFAULT][/lib/requirements/reqSpecListTree.php][19/Feb/19 20:58:44][19/Feb/19 20:58:44][took 0.009829 secs]
[>>][5c6c6e042bfba281903061][DEFAULT][/lib/requirements/reqSpecListTree.php][19/Feb/19 20:58:44]
[<<][5c6c6e042bfba281903061][DEFAULT][/lib/requirements/reqSpecListTree.php][19/Feb/19 20:58:44][19/Feb/19 20:58:44][took 0.008955 secs]
[>>][5c6c6e042e33e579780097][DEFAULT][/lib/requirements/reqSpecListTree.php][19/Feb/19 20:58:44]
[<<][5c6c6e042e33e579780097][DEFAULT][/lib/requirements/reqSpecListTree.php][19/Feb/19 20:58:44][19/Feb/19 20:58:44][took 0.02377 secs]
[<<][5c6c6e0430a25740936374][DEFAULT][/lib/project/project_req_spec_mgmt.php][19/Feb/19 20:58:44][19/Feb/19 20:58:44][took 0.022875 secs]
[>>][5c6c6e043641a744448140][DEFAULT][/lib/project/project_req_spec_mgmt.php][19/Feb/19 20:58:44]
[<<][5c6c6e043641a744448140][DEFAULT][/lib/project/project_req_spec_mgmt.php][19/Feb/19 20:58:44][19/Feb/19 20:58:44][took 0.001963 secs]
[>>][5c6c6e0436c46468425447][DEFAULT][/lib/project/project_req_spec_mgmt.php][19/Feb/19 20:58:44]
[<<][5c6c6e0436c46468425447][DEFAULT][/lib/project/project_req_spec_mgmt.php][19/Feb/19 20:58:44][19/Feb/19 20:58:44][took 0.015476 secs]
[<<][5c6c6e04a476b393113630][DEFAULT][/lib/ajax/getrequirementnodes.php][19/Feb/19 20:58:44][19/Feb/19 20:58:44][took 0.011151 secs]
[>>][5c6c6e04a73a5363031292][DEFAULT][/lib/ajax/getrequirementnodes.php][19/Feb/19 20:58:44]
[<<][5c6c6e04a73a5363031292][DEFAULT][/lib/ajax/getrequirementnodes.php][19/Feb/19 20:58:44][19/Feb/19 20:58:44][took 0.018228 secs]
[>>][5c6c6e04abb67410112868][DEFAULT][/lib/ajax/getrequirementnodes.php][19/Feb/19 20:58:44]
[<<][5c6c6e04abb67410112868][DEFAULT][/lib/ajax/getrequirementnodes.php][19/Feb/19 20:58:44][19/Feb/19 20:58:44][took 0.0087469999999999 secs]
[<<][5c6c6e078b424618411925][DEFAULT][/lib/ajax/getrequirementnodes.php][19/Feb/19 20:58:47][19/Feb/19 20:58:47][took 0.01096 secs]
[>>][5c6c6e078dfa3953123037][DEFAULT][/lib/ajax/getrequirementnodes.php][19/Feb/19 20:58:47]
[<<][5c6c6e078dfa3953123037][DEFAULT][/lib/ajax/getrequirementnodes.php][19/Feb/19 20:58:47][19/Feb/19 20:58:47][took 0.009232 secs]
[>>][5c6c6e0790457955971398][DEFAULT][/lib/ajax/getrequirementnodes.php][19/Feb/19 20:58:47]
[<<][5c6c6e0790457955971398][DEFAULT][/lib/ajax/getrequirementnodes.php][19/Feb/19 20:58:47][19/Feb/19 20:58:47][took 0.010131 secs]
[<<][5c6c6e08d6759482538398][DEFAULT][/lib/requirements/reqView.php][19/Feb/19 20:58:48][19/Feb/19 20:58:48][took 0.003267 secs]
[>>][5c6c6e08d74cb368216267][DEFAULT][/lib/requirements/reqView.php][19/Feb/19 20:58:48]
[<<][5c6c6e08d74cb368216267][DEFAULT][/lib/requirements/reqView.php][19/Feb/19 20:58:48][19/Feb/19 20:58:48][took 0.009436 secs]
[>>][5c6c6e08d9a2c038664571][DEFAULT][/lib/requirements/reqView.php][19/Feb/19 20:58:48]
[<<][5c6c6e08d9a2c038664571][DEFAULT][/lib/requirements/reqView.php][19/Feb/19 20:58:48][19/Feb/19 20:58:49][took 0.479865 secs]
[<<][5c6c6e09f3e31585501221][DEFAULT][/lib/ajax/requirements/getreqmonitors.php][19/Feb/19 20:58:49][19/Feb/19 20:58:50][took 0.002853 secs]
[>>][5c6c6e0a007bf352134304][DEFAULT][/lib/ajax/requirements/getreqmonitors.php][19/Feb/19 20:58:50]
[<<][5c6c6e0a007bf352134304][DEFAULT][/lib/ajax/requirements/getreqmonitors.php][19/Feb/19 20:58:50][19/Feb/19 20:58:50][took 0.009029 secs]
[>>][5c6c6e0a02bba972107479][DEFAULT][/lib/ajax/requirements/getreqmonitors.php][19/Feb/19 20:58:50]
[<<][5c6c6e0a02bba972107479][DEFAULT][/lib/ajax/requirements/getreqmonitors.php][19/Feb/19 20:58:50][19/Feb/19 20:58:50][took 0.008882 secs]
[<<][5c6c6e0c90852994775574][DEFAULT][/lib/general/navBar.php][19/Feb/19 20:58:52][19/Feb/19 20:58:52][took 0.0094270000000001 secs]
[>>][5c6c6e0c92dd9970933706][DEFAULT][/lib/general/navBar.php][19/Feb/19 20:58:52]
[<<][5c6c6e0c92dd9970933706][DEFAULT][/lib/general/navBar.php][19/Feb/19 20:58:52][19/Feb/19 20:58:52][took 0.0086820000000001 secs]
[>>][5c6c6e0c95056206771328][DEFAULT][/lib/general/navBar.php][19/Feb/19 20:58:52]
	[19/Feb/19 20:58:52][WARNING][lkvpnonfeaau1o63foo6n8kncq][GUI - Test Project ID : 21]
		E_NOTICE
Undefined property: stdClass::$prefix - in /opt/bitnami/apps/testlink/htdocs/lib/general/navBar.php - Line 173
[<<][5c6c6e0c95056206771328][DEFAULT][/lib/general/navBar.php][19/Feb/19 20:58:52][19/Feb/19 20:58:52][took 0.075416 secs]
[<<][5c6c6e0ce6f21692006815][DEFAULT][/lib/general/mainPage.php][19/Feb/19 20:58:52][19/Feb/19 20:58:52][took 0.010814 secs]
[>>][5c6c6e0ce9a19030405499][DEFAULT][/lib/general/mainPage.php][19/Feb/19 20:58:52]
[<<][5c6c6e0ce9a19030405499][DEFAULT][/lib/general/mainPage.php][19/Feb/19 20:58:52][19/Feb/19 20:58:52][took 0.009209 secs]
[>>][5c6c6e0cebe9e777544414][DEFAULT][/lib/general/mainPage.php][19/Feb/19 20:58:52]
[<<][5c6c6e0cebe9e777544414][DEFAULT][/lib/general/mainPage.php][19/Feb/19 20:58:52][19/Feb/19 20:58:52][took 0.03004 secs]
[<<][5c6c6e103327b027722444][DEFAULT][/lib/general/frmWorkArea.php][19/Feb/19 20:58:56][19/Feb/19 20:58:56][took 0.01941 secs]
[>>][5c6c6e1037f22573425017][DEFAULT][/lib/general/frmWorkArea.php][19/Feb/19 20:58:56]
[<<][5c6c6e1037f22573425017][DEFAULT][/lib/general/frmWorkArea.php][19/Feb/19 20:58:56][19/Feb/19 20:58:56][took 0.00203 secs]
[>>][5c6c6e1038798172375162][DEFAULT][/lib/general/frmWorkArea.php][19/Feb/19 20:58:56]
[<<][5c6c6e1038798172375162][DEFAULT][/lib/general/frmWorkArea.php][19/Feb/19 20:58:56][19/Feb/19 20:58:56][took 0.010116 secs]
[<<][5c6c6e105e95d708062076][DEFAULT][/lib/requirements/reqSpecListTree.php][19/Feb/19 20:58:56][19/Feb/19 20:58:56][took 0.009285 secs]
[>>][5c6c6e1060e61432214543][DEFAULT][/lib/requirements/reqSpecListTree.php][19/Feb/19 20:58:56]
[<<][5c6c6e1060e61432214543][DEFAULT][/lib/requirements/reqSpecListTree.php][19/Feb/19 20:58:56][19/Feb/19 20:58:56][took 0.008264 secs]
[>>][5c6c6e1062f3f335620107][DEFAULT][/lib/requirements/reqSpecListTree.php][19/Feb/19 20:58:56]
[<<][5c6c6e1062f3f335620107][DEFAULT][/lib/requirements/reqSpecListTree.php][19/Feb/19 20:58:56][19/Feb/19 20:58:56][took 0.03249 secs]
[<<][5c6c6e1065ac1258994724][DEFAULT][/lib/project/project_req_spec_mgmt.php][19/Feb/19 20:58:56][19/Feb/19 20:58:56][took 0.022636 secs]
[>>][5c6c6e106b3cb364036207][DEFAULT][/lib/project/project_req_spec_mgmt.php][19/Feb/19 20:58:56]
[<<][5c6c6e106b3cb364036207][DEFAULT][/lib/project/project_req_spec_mgmt.php][19/Feb/19 20:58:56][19/Feb/19 20:58:56][took 0.019185 secs]
[>>][5c6c6e106ff5b004649738][DEFAULT][/lib/project/project_req_spec_mgmt.php][19/Feb/19 20:58:56]
[<<][5c6c6e106ff5b004649738][DEFAULT][/lib/project/project_req_spec_mgmt.php][19/Feb/19 20:58:56][19/Feb/19 20:58:56][took 0.020565 secs]
[<<][5c6c6e10f22a3231699202][DEFAULT][/lib/ajax/getrequirementnodes.php][19/Feb/19 20:58:56][19/Feb/19 20:58:57][took 0.010606 secs]
[>>][5c6c6e1100a77341983394][DEFAULT][/lib/ajax/getrequirementnodes.php][19/Feb/19 20:58:57]
[<<][5c6c6e1100a77341983394][DEFAULT][/lib/ajax/getrequirementnodes.php][19/Feb/19 20:58:57][19/Feb/19 20:58:57][took 0.001921 secs]
[>>][5c6c6e110307d932506452][DEFAULT][/lib/ajax/getrequirementnodes.php][19/Feb/19 20:58:57]
[<<][5c6c6e110307d932506452][DEFAULT][/lib/ajax/getrequirementnodes.php][19/Feb/19 20:58:57][19/Feb/19 20:58:57][took 0.002034 secs]
[<<][5c6c6e1236fac596871955][DEFAULT][/lib/ajax/getrequirementnodes.php][19/Feb/19 20:58:58][19/Feb/19 20:58:58][took 0.002985 secs]
[>>][5c6c6e1237c06716968243][DEFAULT][/lib/ajax/getrequirementnodes.php][19/Feb/19 20:58:58]
[<<][5c6c6e1237c06716968243][DEFAULT][/lib/ajax/getrequirementnodes.php][19/Feb/19 20:58:58][19/Feb/19 20:58:58][took 0.008788 secs]
[>>][5c6c6e1239ee3591112135][DEFAULT][/lib/ajax/getrequirementnodes.php][19/Feb/19 20:58:58]
[<<][5c6c6e1239ee3591112135][DEFAULT][/lib/ajax/getrequirementnodes.php][19/Feb/19 20:58:58][19/Feb/19 20:58:58][took 0.003029 secs]
[<<][5c6c6e19384a7856933188][DEFAULT][/lib/requirements/reqView.php][19/Feb/19 20:59:05][19/Feb/19 20:59:05][took 0.009235 secs]
[>>][5c6c6e193a961489017588][DEFAULT][/lib/requirements/reqView.php][19/Feb/19 20:59:05]
[<<][5c6c6e193a961489017588][DEFAULT][/lib/requirements/reqView.php][19/Feb/19 20:59:05][19/Feb/19 20:59:05][took 0.00858 secs]
[>>][5c6c6e193cb6e785466796][DEFAULT][/lib/requirements/reqView.php][19/Feb/19 20:59:05]
[<<][5c6c6e193cb6e785466796][DEFAULT][/lib/requirements/reqView.php][19/Feb/19 20:59:05][19/Feb/19 20:59:05][took 0.067738 secs]
[<<][5c6c6e1a071e7574038303][DEFAULT][/lib/ajax/requirements/getreqmonitors.php][19/Feb/19 20:59:06][19/Feb/19 20:59:06][took 0.002743 secs]
[>>][5c6c6e1a07d43973114934][DEFAULT][/lib/ajax/requirements/getreqmonitors.php][19/Feb/19 20:59:06]
[<<][5c6c6e1a07d43973114934][DEFAULT][/lib/ajax/requirements/getreqmonitors.php][19/Feb/19 20:59:06][19/Feb/19 20:59:06][took 0.009229 secs]
[>>][5c6c6e1a0a1f6207085607][DEFAULT][/lib/ajax/requirements/getreqmonitors.php][19/Feb/19 20:59:06]
[<<][5c6c6e1a0a1f6207085607][DEFAULT][/lib/ajax/requirements/getreqmonitors.php][19/Feb/19 20:59:06][19/Feb/19 20:59:06][took 0.00847 secs]
[<<][5c6c6e312a71b157050520][DEFAULT][/lib/general/frmWorkArea.php][19/Feb/19 20:59:29][19/Feb/19 20:59:29][took 0.002705 secs]
[>>][5c6c6e312b261509788137][DEFAULT][/lib/general/frmWorkArea.php][19/Feb/19 20:59:29]
[<<][5c6c6e312b261509788137][DEFAULT][/lib/general/frmWorkArea.php][19/Feb/19 20:59:29][19/Feb/19 20:59:29][took 0.00836 secs]
[>>][5c6c6e312d391375434401][DEFAULT][/lib/general/frmWorkArea.php][19/Feb/19 20:59:29]
[<<][5c6c6e312d391375434401][DEFAULT][/lib/general/frmWorkArea.php][19/Feb/19 20:59:29][19/Feb/19 20:59:29][took 0.000746 secs]
[<<][5c6c6e3163351818219252][DEFAULT][/lib/testcases/listTestCases.php][19/Feb/19 20:59:29][19/Feb/19 20:59:29][took 0.01033 secs]
[>>][5c6c6e3165c51697376321][DEFAULT][/lib/testcases/listTestCases.php][19/Feb/19 20:59:29]
[<<][5c6c6e3165c51697376321][DEFAULT][/lib/testcases/listTestCases.php][19/Feb/19 20:59:29][19/Feb/19 20:59:29][took 0.027831 secs]
[>>][5c6c6e316c9a1145426783][DEFAULT][/lib/testcases/listTestCases.php][19/Feb/19 20:59:29]
[<<][5c6c6e316c9a1145426783][DEFAULT][/lib/testcases/listTestCases.php][19/Feb/19 20:59:29][19/Feb/19 20:59:29][took 0.030153 secs]
[<<][5c6c6e316a7eb080367745][DEFAULT][/lib/testcases/archiveData.php][19/Feb/19 20:59:29][19/Feb/19 20:59:29][took 0.046837 secs]
[>>][5c6c6e3175f87397078795][DEFAULT][/lib/testcases/archiveData.php][19/Feb/19 20:59:29]
[<<][5c6c6e3175f87397078795][DEFAULT][/lib/testcases/archiveData.php][19/Feb/19 20:59:29][19/Feb/19 20:59:29][took 0.008439 secs]
[>>][5c6c6e3178107164693244][DEFAULT][/lib/testcases/archiveData.php][19/Feb/19 20:59:29]
[<<][5c6c6e3178107164693244][DEFAULT][/lib/testcases/archiveData.php][19/Feb/19 20:59:29][19/Feb/19 20:59:29][took 0.035509 secs]
[<<][5c6c6e3274327572050980][DEFAULT][/lib/ajax/gettprojectnodes.php][19/Feb/19 20:59:30][19/Feb/19 20:59:30][took 0.011537 secs]
[>>][5c6c6e32770fa994086743][DEFAULT][/lib/ajax/gettprojectnodes.php][19/Feb/19 20:59:30]
[<<][5c6c6e32770fa994086743][DEFAULT][/lib/ajax/gettprojectnodes.php][19/Feb/19 20:59:30][19/Feb/19 20:59:30][took 0.009966 secs]
[>>][5c6c6e32798de688183989][DEFAULT][/lib/ajax/gettprojectnodes.php][19/Feb/19 20:59:30]
[<<][5c6c6e32798de688183989][DEFAULT][/lib/ajax/gettprojectnodes.php][19/Feb/19 20:59:30][19/Feb/19 20:59:30][took 0.01969 secs]
[<<][5c6c6e34c4b3d169147107][DEFAULT][/lib/ajax/gettprojectnodes.php][19/Feb/19 20:59:32][19/Feb/19 20:59:32][took 0.009763 secs]
[>>][5c6c6e34c720b344247249][DEFAULT][/lib/ajax/gettprojectnodes.php][19/Feb/19 20:59:32]
[<<][5c6c6e34c720b344247249][DEFAULT][/lib/ajax/gettprojectnodes.php][19/Feb/19 20:59:32][19/Feb/19 20:59:32][took 0.003521 secs]
[>>][5c6c6e34c8059444541266][DEFAULT][/lib/ajax/gettprojectnodes.php][19/Feb/19 20:59:32]
[<<][5c6c6e34c8059444541266][DEFAULT][/lib/ajax/gettprojectnodes.php][19/Feb/19 20:59:32][19/Feb/19 20:59:32][took 0.030029 secs]
[<<][5c6c6e36c5be8521454155][DEFAULT][/lib/ajax/gettprojectnodes.php][19/Feb/19 20:59:34][19/Feb/19 20:59:34][took 0.009443 secs]
[>>][5c6c6e36c8176413973079][DEFAULT][/lib/ajax/gettprojectnodes.php][19/Feb/19 20:59:34]
[<<][5c6c6e36c8176413973079][DEFAULT][/lib/ajax/gettprojectnodes.php][19/Feb/19 20:59:34][19/Feb/19 20:59:34][took 0.0029429999999999 secs]
[>>][5c6c6e36c8d7b000211767][DEFAULT][/lib/ajax/gettprojectnodes.php][19/Feb/19 20:59:34]
[<<][5c6c6e36c8d7b000211767][DEFAULT][/lib/ajax/gettprojectnodes.php][19/Feb/19 20:59:34][19/Feb/19 20:59:34][took 0.0097780000000001 secs]
[<<][5c6c6e382551e509946675][DEFAULT][/lib/testcases/archiveData.php][19/Feb/19 20:59:36][19/Feb/19 20:59:36][took 0.010144 secs]
[>>][5c6c6e3827d68164292977][DEFAULT][/lib/testcases/archiveData.php][19/Feb/19 20:59:36]
[<<][5c6c6e3827d68164292977][DEFAULT][/lib/testcases/archiveData.php][19/Feb/19 20:59:36][19/Feb/19 20:59:36][took 0.009074 secs]
[>>][5c6c6e382a15d336343765][DEFAULT][/lib/testcases/archiveData.php][19/Feb/19 20:59:36]
[<<][5c6c6e382a15d336343765][DEFAULT][/lib/testcases/archiveData.php][19/Feb/19 20:59:36][19/Feb/19 20:59:36][took 0.073385 secs]
[<<][5c6c6e4c686a1515139286][DEFAULT][/lib/ajax/gettprojectnodes.php][19/Feb/19 20:59:56][19/Feb/19 20:59:56][took 0.002988 secs]
[>>][5c6c6e4c692fc148498909][DEFAULT][/lib/ajax/gettprojectnodes.php][19/Feb/19 20:59:56]
[<<][5c6c6e4c692fc148498909][DEFAULT][/lib/ajax/gettprojectnodes.php][19/Feb/19 20:59:56][19/Feb/19 20:59:56][took 0.009433 secs]
[>>][5c6c6e4c6b85c367840458][DEFAULT][/lib/ajax/gettprojectnodes.php][19/Feb/19 20:59:56]
[<<][5c6c6e4c6b85c367840458][DEFAULT][/lib/ajax/gettprojectnodes.php][19/Feb/19 20:59:56][19/Feb/19 20:59:56][took 0.027892 secs]
[<<][5c6c6e4db6195556249716][DEFAULT][/lib/testcases/archiveData.php][19/Feb/19 20:59:57][19/Feb/19 20:59:57][took 0.009736 secs]
[>>][5c6c6e4db8851380977390][DEFAULT][/lib/testcases/archiveData.php][19/Feb/19 20:59:57]
[<<][5c6c6e4db8851380977390][DEFAULT][/lib/testcases/archiveData.php][19/Feb/19 20:59:57][19/Feb/19 20:59:57][took 0.0018820000000001 secs]
[>>][5c6c6e4db902d170163803][DEFAULT][/lib/testcases/archiveData.php][19/Feb/19 20:59:57]
[<<][5c6c6e4db902d170163803][DEFAULT][/lib/testcases/archiveData.php][19/Feb/19 20:59:57][19/Feb/19 20:59:57][took 0.093232 secs]
[<<][5c6c6ee98d11c813471062][DEFAULT][/index.php][19/Feb/19 21:02:33][19/Feb/19 21:02:33][took 0.0029079999999999 secs]
[>>][5c6c6ee98dd39530565841][DEFAULT][/index.php][19/Feb/19 21:02:33]
[<<][5c6c6ee98dd39530565841][DEFAULT][/index.php][19/Feb/19 21:02:33][19/Feb/19 21:02:33][took 0.008714 secs]
[<<][5c6c6ee9c38b0357376542][DEFAULT][/lib/general/navBar.php][19/Feb/19 21:02:33][19/Feb/19 21:02:33][took 0.0098659999999999 secs]
[>>][5c6c6ee9c6009997519832][DEFAULT][/lib/general/navBar.php][19/Feb/19 21:02:33]
[<<][5c6c6ee9c6009997519832][DEFAULT][/lib/general/navBar.php][19/Feb/19 21:02:33][19/Feb/19 21:02:33][took 0.00888 secs]
[>>][5c6c6ee9c835e110832051][DEFAULT][/lib/general/navBar.php][19/Feb/19 21:02:33]
[<<][5c6c6ee9c835e110832051][DEFAULT][/lib/general/navBar.php][19/Feb/19 21:02:33][19/Feb/19 21:02:33][took 0.011103 secs]
[<<][5c6c6ee9da33c282496007][DEFAULT][/lib/general/mainPage.php][19/Feb/19 21:02:33][19/Feb/19 21:02:33][took 0.0098159999999999 secs]
[>>][5c6c6ee9dca4e464026108][DEFAULT][/lib/general/mainPage.php][19/Feb/19 21:02:33]
[<<][5c6c6ee9dca4e464026108][DEFAULT][/lib/general/mainPage.php][19/Feb/19 21:02:33][19/Feb/19 21:02:33][took 0.0088200000000001 secs]
[>>][5c6c6ee9ded50597970388][DEFAULT][/lib/general/mainPage.php][19/Feb/19 21:02:33]
[<<][5c6c6ee9ded50597970388][DEFAULT][/lib/general/mainPage.php][19/Feb/19 21:02:33][19/Feb/19 21:02:33][took 0.021931 secs]
[<<][5c6c6eef6e507615335215][DEFAULT][/lib/general/frmWorkArea.php][19/Feb/19 21:02:39][19/Feb/19 21:02:39][took 0.018671 secs]
[>>][5c6c6eef72e91314537688][DEFAULT][/lib/general/frmWorkArea.php][19/Feb/19 21:02:39]
[<<][5c6c6eef72e91314537688][DEFAULT][/lib/general/frmWorkArea.php][19/Feb/19 21:02:39][19/Feb/19 21:02:39][took 0.018343 secs]
[>>][5c6c6eef776e6551945874][DEFAULT][/lib/general/frmWorkArea.php][19/Feb/19 21:02:39]
[<<][5c6c6eef776e6551945874][DEFAULT][/lib/general/frmWorkArea.php][19/Feb/19 21:02:39][19/Feb/19 21:02:39][took 0.00087200000000004 secs]
[<<][5c6c6eefa7cbc194096004][DEFAULT][/lib/testcases/listTestCases.php][19/Feb/19 21:02:39][19/Feb/19 21:02:39][took 0.010054 secs]
[>>][5c6c6eefaa49e897868525][DEFAULT][/lib/testcases/listTestCases.php][19/Feb/19 21:02:39]
[<<][5c6c6eefaa49e897868525][DEFAULT][/lib/testcases/listTestCases.php][19/Feb/19 21:02:39][19/Feb/19 21:02:39][took 0.009008 secs]
[>>][5c6c6eefac854759139807][DEFAULT][/lib/testcases/listTestCases.php][19/Feb/19 21:02:39]
[<<][5c6c6eefac854759139807][DEFAULT][/lib/testcases/listTestCases.php][19/Feb/19 21:02:39][19/Feb/19 21:02:39][took 0.027727 secs]
[<<][5c6c6eefa5c63672293941][DEFAULT][/lib/testcases/archiveData.php][19/Feb/19 21:02:39][19/Feb/19 21:02:39][took 0.056751 secs]
[>>][5c6c6eefb3abe592886455][DEFAULT][/lib/testcases/archiveData.php][19/Feb/19 21:02:39]
[<<][5c6c6eefb3abe592886455][DEFAULT][/lib/testcases/archiveData.php][19/Feb/19 21:02:39][19/Feb/19 21:02:39][took 0.017809 secs]
[>>][5c6c6eefb80da246123630][DEFAULT][/lib/testcases/archiveData.php][19/Feb/19 21:02:39]
[<<][5c6c6eefb80da246123630][DEFAULT][/lib/testcases/archiveData.php][19/Feb/19 21:02:39][19/Feb/19 21:02:39][took 0.021921 secs]
[<<][5c6c6ef0598a9235072267][DEFAULT][/lib/ajax/gettprojectnodes.php][19/Feb/19 21:02:40][19/Feb/19 21:02:40][took 0.003572 secs]
[>>][5c6c6ef05a758284582894][DEFAULT][/lib/ajax/gettprojectnodes.php][19/Feb/19 21:02:40]
[<<][5c6c6ef05a758284582894][DEFAULT][/lib/ajax/gettprojectnodes.php][19/Feb/19 21:02:40][19/Feb/19 21:02:40][took 0.008654 secs]
[>>][5c6c6ef05c9b8584020705][DEFAULT][/lib/ajax/gettprojectnodes.php][19/Feb/19 21:02:40]
[<<][5c6c6ef05c9b8584020705][DEFAULT][/lib/ajax/gettprojectnodes.php][19/Feb/19 21:02:40][19/Feb/19 21:02:40][took 0.018567 secs]
[<<][5c6c6ef0770b4189857574][DEFAULT][/lib/ajax/gettprojectnodes.php][19/Feb/19 21:02:40][19/Feb/19 21:02:40][took 0.009598 secs]
[>>][5c6c6ef0796f2684406631][DEFAULT][/lib/ajax/gettprojectnodes.php][19/Feb/19 21:02:40]
[<<][5c6c6ef0796f2684406631][DEFAULT][/lib/ajax/gettprojectnodes.php][19/Feb/19 21:02:40][19/Feb/19 21:02:40][took 0.002899 secs]
[>>][5c6c6ef07a2cd117111843][DEFAULT][/lib/ajax/gettprojectnodes.php][19/Feb/19 21:02:40]
[<<][5c6c6ef07a2cd117111843][DEFAULT][/lib/ajax/gettprojectnodes.php][19/Feb/19 21:02:40][19/Feb/19 21:02:40][took 0.029254 secs]
[<<][5c6c6ef099bf1279952973][DEFAULT][/lib/ajax/gettprojectnodes.php][19/Feb/19 21:02:40][19/Feb/19 21:02:40][took 0.010004 secs]
[>>][5c6c6ef09c3b7448108134][DEFAULT][/lib/ajax/gettprojectnodes.php][19/Feb/19 21:02:40]
[<<][5c6c6ef09c3b7448108134][DEFAULT][/lib/ajax/gettprojectnodes.php][19/Feb/19 21:02:40][19/Feb/19 21:02:40][took 0.0085150000000001 secs]
[>>][5c6c6ef09e586038519278][DEFAULT][/lib/ajax/gettprojectnodes.php][19/Feb/19 21:02:40]
[<<][5c6c6ef09e586038519278][DEFAULT][/lib/ajax/gettprojectnodes.php][19/Feb/19 21:02:40][19/Feb/19 21:02:40][took 0.00949 secs]
[<<][5c6c6ef2e2a99415876392][DEFAULT][/lib/testcases/archiveData.php][19/Feb/19 21:02:42][19/Feb/19 21:02:42][took 0.009908 secs]
[>>][5c6c6ef2e51ec381161409][DEFAULT][/lib/testcases/archiveData.php][19/Feb/19 21:02:42]
[<<][5c6c6ef2e51ec381161409][DEFAULT][/lib/testcases/archiveData.php][19/Feb/19 21:02:42][19/Feb/19 21:02:42][took 0.009046 secs]
[>>][5c6c6ef2e75cd795737828][DEFAULT][/lib/testcases/archiveData.php][19/Feb/19 21:02:42]
[<<][5c6c6ef2e75cd795737828][DEFAULT][/lib/testcases/archiveData.php][19/Feb/19 21:02:42][19/Feb/19 21:02:42][took 0.049366 secs]
[<<][5c6c6faa71c4b069632305][DEFAULT][/lib/testcases/archiveData.php][19/Feb/19 21:05:46][19/Feb/19 21:05:46][took 0.01006 secs]
[>>][5c6c6faa744f4132870382][DEFAULT][/lib/testcases/archiveData.php][19/Feb/19 21:05:46]
[<<][5c6c6faa744f4132870382][DEFAULT][/lib/testcases/archiveData.php][19/Feb/19 21:05:46][19/Feb/19 21:05:46][took 0.011025 secs]
[>>][5c6c6faa770ac417441035][DEFAULT][/lib/testcases/archiveData.php][19/Feb/19 21:05:46]
[<<][5c6c6faa770ac417441035][DEFAULT][/lib/testcases/archiveData.php][19/Feb/19 21:05:46][19/Feb/19 21:05:46][took 0.223878 secs]
[<<][5c6c6fac3d41d197692617][DEFAULT][/lib/testcases/archiveData.php][19/Feb/19 21:05:48][19/Feb/19 21:05:48][took 0.003045 secs]
[>>][5c6c6fac3e0c0122072727][DEFAULT][/lib/testcases/archiveData.php][19/Feb/19 21:05:48]
[<<][5c6c6fac3e0c0122072727][DEFAULT][/lib/testcases/archiveData.php][19/Feb/19 21:05:48][19/Feb/19 21:05:48][took 0.001933 secs]
[>>][5c6c6fac3e8ce786621836][DEFAULT][/lib/testcases/archiveData.php][19/Feb/19 21:05:48]
[<<][5c6c6fac3e8ce786621836][DEFAULT][/lib/testcases/archiveData.php][19/Feb/19 21:05:48][19/Feb/19 21:05:48][took 0.309754 secs]
[<<][5c6c6fbacd5b8542775875][DEFAULT][/lib/testcases/archiveData.php][19/Feb/19 21:06:02][19/Feb/19 21:06:02][took 0.009901 secs]
[>>][5c6c6fbacfd19664406595][DEFAULT][/lib/testcases/archiveData.php][19/Feb/19 21:06:02]
[<<][5c6c6fbacfd19664406595][DEFAULT][/lib/testcases/archiveData.php][19/Feb/19 21:06:02][19/Feb/19 21:06:02][took 0.0088180000000001 secs]
[>>][5c6c6fbad2012420279560][DEFAULT][/lib/testcases/archiveData.php][19/Feb/19 21:06:02]
[<<][5c6c6fbad2012420279560][DEFAULT][/lib/testcases/archiveData.php][19/Feb/19 21:06:02][19/Feb/19 21:06:02][took 0.068168 secs]
[<<][5c6c719f7f251112111843][DEFAULT][/lib/plugins/pluginView.php][19/Feb/19 21:14:07][19/Feb/19 21:14:07][took 0.0099760000000001 secs]
[>>][5c6c719f81a14632179958][DEFAULT][/lib/plugins/pluginView.php][19/Feb/19 21:14:07]
[<<][5c6c719f81a14632179958][DEFAULT][/lib/plugins/pluginView.php][19/Feb/19 21:14:07][19/Feb/19 21:14:07][took 0.008726 secs]
[>>][5c6c719f83cb5203745739][DEFAULT][/lib/plugins/pluginView.php][19/Feb/19 21:14:07]
[<<][5c6c719f83cb5203745739][DEFAULT][/lib/plugins/pluginView.php][19/Feb/19 21:14:07][19/Feb/19 21:14:07][took 0.0011 secs]
[>>][5c6c719f841ee481015010][DEFAULT][/lib/plugins/pluginView.php][19/Feb/19 21:14:07]
[<<][5c6c719f841ee481015010][DEFAULT][/lib/plugins/pluginView.php][19/Feb/19 21:14:07][19/Feb/19 21:14:07][took 0.010839 secs]
[<<][5c6c71a31125b515927919][DEFAULT][/lib/events/eventviewer.php][19/Feb/19 21:14:11][19/Feb/19 21:14:11][took 0.002841 secs]
[>>][5c6c71a31227b467937662][DEFAULT][/lib/events/eventviewer.php][19/Feb/19 21:14:11]
[<<][5c6c71a31227b467937662][DEFAULT][/lib/events/eventviewer.php][19/Feb/19 21:14:11][19/Feb/19 21:14:11][took 0.009515 secs]
[>>][5c6c71a31482b890272716][DEFAULT][/lib/events/eventviewer.php][19/Feb/19 21:14:11]
[<<][5c6c71a31482b890272716][DEFAULT][/lib/events/eventviewer.php][19/Feb/19 21:14:11][19/Feb/19 21:14:12][took 1.332907 secs]
[<<][5c6c71a8633e9273949746][DEFAULT][/lib/usermanagement/usersView.php][19/Feb/19 21:14:16][19/Feb/19 21:14:16][took 0.010742 secs]
[>>][5c6c71a865ea9083384279][DEFAULT][/lib/usermanagement/usersView.php][19/Feb/19 21:14:16]
[<<][5c6c71a865ea9083384279][DEFAULT][/lib/usermanagement/usersView.php][19/Feb/19 21:14:16][19/Feb/19 21:14:16][took 0.008708 secs]
[>>][5c6c71a86813f106634834][DEFAULT][/lib/usermanagement/usersView.php][19/Feb/19 21:14:16]
[<<][5c6c71a86813f106634834][DEFAULT][/lib/usermanagement/usersView.php][19/Feb/19 21:14:16][19/Feb/19 21:14:16][took 0.025926 secs]
[<<][5c6c71b5746f4297609051][DEFAULT][/lib/events/eventviewer.php][19/Feb/19 21:14:29][19/Feb/19 21:14:29][took 0.009826 secs]
[>>][5c6c71b576e07211546486][DEFAULT][/lib/events/eventviewer.php][19/Feb/19 21:14:29]
[<<][5c6c71b576e07211546486][DEFAULT][/lib/events/eventviewer.php][19/Feb/19 21:14:29][19/Feb/19 21:14:29][took 0.009086 secs]
[>>][5c6c71b57921c139544504][DEFAULT][/lib/events/eventviewer.php][19/Feb/19 21:14:29]
[<<][5c6c71b57921c139544504][DEFAULT][/lib/events/eventviewer.php][19/Feb/19 21:14:29][19/Feb/19 21:14:30][took 0.96104 secs]
[<<][5c6c71bfd72ca329953965][DEFAULT][/lib/general/frmWorkArea.php][19/Feb/19 21:14:39][19/Feb/19 21:14:39][took 0.00968 secs]
[>>][5c6c71bfd9983047148211][DEFAULT][/lib/general/frmWorkArea.php][19/Feb/19 21:14:39]
[<<][5c6c71bfd9983047148211][DEFAULT][/lib/general/frmWorkArea.php][19/Feb/19 21:14:39][19/Feb/19 21:14:39][took 0.0087700000000001 secs]
[>>][5c6c71bfdbc62184594175][DEFAULT][/lib/general/frmWorkArea.php][19/Feb/19 21:14:39]
[<<][5c6c71bfdbc62184594175][DEFAULT][/lib/general/frmWorkArea.php][19/Feb/19 21:14:39][19/Feb/19 21:14:39][took 0.00082099999999996 secs]
[<<][5c6c71c0116ae626386629][DEFAULT][/lib/testcases/listTestCases.php][19/Feb/19 21:14:40][19/Feb/19 21:14:40][took 0.002831 secs]
[>>][5c6c71c01226a640365935][DEFAULT][/lib/testcases/listTestCases.php][19/Feb/19 21:14:40]
[<<][5c6c71c01226a640365935][DEFAULT][/lib/testcases/listTestCases.php][19/Feb/19 21:14:40][19/Feb/19 21:14:40][took 0.008784 secs]
[>>][5c6c71c01453f773400084][DEFAULT][/lib/testcases/listTestCases.php][19/Feb/19 21:14:40]
[<<][5c6c71c01453f773400084][DEFAULT][/lib/testcases/listTestCases.php][19/Feb/19 21:14:40][19/Feb/19 21:14:40][took 0.027846 secs]
[<<][5c6c71c01e017634816950][DEFAULT][/lib/testcases/archiveData.php][19/Feb/19 21:14:40][19/Feb/19 21:14:40][took 0.010816 secs]
[>>][5c6c71c020af2300103141][DEFAULT][/lib/testcases/archiveData.php][19/Feb/19 21:14:40]
[<<][5c6c71c020af2300103141][DEFAULT][/lib/testcases/archiveData.php][19/Feb/19 21:14:40][19/Feb/19 21:14:40][took 0.037278 secs]
[>>][5c6c71c029d36927321394][DEFAULT][/lib/testcases/archiveData.php][19/Feb/19 21:14:40]
[<<][5c6c71c029d36927321394][DEFAULT][/lib/testcases/archiveData.php][19/Feb/19 21:14:40][19/Feb/19 21:14:40][took 0.017927 secs]
[<<][5c6c71c0983a7585078170][DEFAULT][/lib/ajax/gettprojectnodes.php][19/Feb/19 21:14:40][19/Feb/19 21:14:40][took 0.0099050000000001 secs]
[>>][5c6c71c09aaf9109234745][DEFAULT][/lib/ajax/gettprojectnodes.php][19/Feb/19 21:14:40]
[<<][5c6c71c09aaf9109234745][DEFAULT][/lib/ajax/gettprojectnodes.php][19/Feb/19 21:14:40][19/Feb/19 21:14:40][took 0.009422 secs]
[>>][5c6c71c09d04d979708389][DEFAULT][/lib/ajax/gettprojectnodes.php][19/Feb/19 21:14:40]
[<<][5c6c71c09d04d979708389][DEFAULT][/lib/ajax/gettprojectnodes.php][19/Feb/19 21:14:40][19/Feb/19 21:14:40][took 0.019566 secs]
[<<][5c6c71c0c356b675974491][DEFAULT][/lib/ajax/gettprojectnodes.php][19/Feb/19 21:14:40][19/Feb/19 21:14:40][took 0.009927 secs]
[>>][5c6c71c0c5ce3611204584][DEFAULT][/lib/ajax/gettprojectnodes.php][19/Feb/19 21:14:40]
[<<][5c6c71c0c5ce3611204584][DEFAULT][/lib/ajax/gettprojectnodes.php][19/Feb/19 21:14:40][19/Feb/19 21:14:40][took 0.001843 secs]
[>>][5c6c71c0c7f4c470031460][DEFAULT][/lib/ajax/gettprojectnodes.php][19/Feb/19 21:14:40]
[<<][5c6c71c0c7f4c470031460][DEFAULT][/lib/ajax/gettprojectnodes.php][19/Feb/19 21:14:40][19/Feb/19 21:14:40][took 0.051305 secs]
[<<][5c6c71c0e36e9605310110][DEFAULT][/lib/ajax/gettprojectnodes.php][19/Feb/19 21:14:40][19/Feb/19 21:14:40][took 0.010381 secs]
[>>][5c6c71c0e6026433876642][DEFAULT][/lib/ajax/gettprojectnodes.php][19/Feb/19 21:14:40]
[<<][5c6c71c0e6026433876642][DEFAULT][/lib/ajax/gettprojectnodes.php][19/Feb/19 21:14:40][19/Feb/19 21:14:40][took 0.008375 secs]
[>>][5c6c71c0e816b423756231][DEFAULT][/lib/ajax/gettprojectnodes.php][19/Feb/19 21:14:40]
[<<][5c6c71c0e816b423756231][DEFAULT][/lib/ajax/gettprojectnodes.php][19/Feb/19 21:14:40][19/Feb/19 21:14:40][took 0.019533 secs]
[<<][5c6c71c36bbe0437052696][DEFAULT][/lib/general/frmWorkArea.php][19/Feb/19 21:14:43][19/Feb/19 21:14:43][took 0.008535 secs]
[>>][5c6c71c36ddf9895707039][DEFAULT][/lib/general/frmWorkArea.php][19/Feb/19 21:14:43]
[<<][5c6c71c36ddf9895707039][DEFAULT][/lib/general/frmWorkArea.php][19/Feb/19 21:14:43][19/Feb/19 21:14:43][took 0.007684 secs]
[>>][5c6c71c36fc8e655792358][DEFAULT][/lib/general/frmWorkArea.php][19/Feb/19 21:14:43]
[<<][5c6c71c36fc8e655792358][DEFAULT][/lib/general/frmWorkArea.php][19/Feb/19 21:14:43][19/Feb/19 21:14:43][took 0.000751 secs]
[<<][5c6c71c39c000363026557][DEFAULT][/lib/requirements/reqSpecListTree.php][19/Feb/19 21:14:43][19/Feb/19 21:14:43][took 0.0093099999999999 secs]
[>>][5c6c71c39e512659292903][DEFAULT][/lib/requirements/reqSpecListTree.php][19/Feb/19 21:14:43]
[<<][5c6c71c39e512659292903][DEFAULT][/lib/requirements/reqSpecListTree.php][19/Feb/19 21:14:43][19/Feb/19 21:14:43][took 0.008413 secs]
[>>][5c6c71c3a0699020598806][DEFAULT][/lib/requirements/reqSpecListTree.php][19/Feb/19 21:14:43]
[<<][5c6c71c3a0699020598806][DEFAULT][/lib/requirements/reqSpecListTree.php][19/Feb/19 21:14:43][19/Feb/19 21:14:43][took 0.020359 secs]
[<<][5c6c71c3a34dc273817888][DEFAULT][/lib/project/project_req_spec_mgmt.php][19/Feb/19 21:14:43][19/Feb/19 21:14:43][took 0.035186 secs]
[>>][5c6c71c3abef1885723407][DEFAULT][/lib/project/project_req_spec_mgmt.php][19/Feb/19 21:14:43]
[<<][5c6c71c3abef1885723407][DEFAULT][/lib/project/project_req_spec_mgmt.php][19/Feb/19 21:14:43][19/Feb/19 21:14:43][took 0.009984 secs]
[>>][5c6c71c3ae6b4212698563][DEFAULT][/lib/project/project_req_spec_mgmt.php][19/Feb/19 21:14:43]
[<<][5c6c71c3ae6b4212698563][DEFAULT][/lib/project/project_req_spec_mgmt.php][19/Feb/19 21:14:43][19/Feb/19 21:14:43][took 0.001463 secs]
[<<][5c6c71c4970be654388404][DEFAULT][/lib/ajax/getrequirementnodes.php][19/Feb/19 21:14:44][19/Feb/19 21:14:44][took 0.002795 secs]
[>>][5c6c71c49b6d5022821377][DEFAULT][/lib/ajax/getrequirementnodes.php][19/Feb/19 21:14:44]
[<<][5c6c71c49b6d5022821377][DEFAULT][/lib/ajax/getrequirementnodes.php][19/Feb/19 21:14:44][19/Feb/19 21:14:44][took 0.002107 secs]
[>>][5c6c71c49db9c936526393][DEFAULT][/lib/ajax/getrequirementnodes.php][19/Feb/19 21:14:44]
[<<][5c6c71c49db9c936526393][DEFAULT][/lib/ajax/getrequirementnodes.php][19/Feb/19 21:14:44][19/Feb/19 21:14:44][took 0.00080599999999997 secs]
[<<][5c6c71c4ae0fc865077530][DEFAULT][/lib/ajax/getrequirementnodes.php][19/Feb/19 21:14:44][19/Feb/19 21:14:44][took 0.003028 secs]
[>>][5c6c71c4aed6c343176610][DEFAULT][/lib/ajax/getrequirementnodes.php][19/Feb/19 21:14:44]
[<<][5c6c71c4aed6c343176610][DEFAULT][/lib/ajax/getrequirementnodes.php][19/Feb/19 21:14:44][19/Feb/19 21:14:44][took 0.0095759999999999 secs]
[>>][5c6c71c4b1360711830411][DEFAULT][/lib/ajax/getrequirementnodes.php][19/Feb/19 21:14:44]
[<<][5c6c71c4b1360711830411][DEFAULT][/lib/ajax/getrequirementnodes.php][19/Feb/19 21:14:44][19/Feb/19 21:14:44][took 0.00072599999999989 secs]
[<<][5c6c71c64d480348225039][DEFAULT][/lib/requirements/reqView.php][19/Feb/19 21:14:46][19/Feb/19 21:14:46][took 0.010091 secs]
[>>][5c6c71c650053180002799][DEFAULT][/lib/requirements/reqView.php][19/Feb/19 21:14:46]
[<<][5c6c71c650053180002799][DEFAULT][/lib/requirements/reqView.php][19/Feb/19 21:14:46][19/Feb/19 21:14:46][took 0.00906 secs]
[>>][5c6c71c652447613778758][DEFAULT][/lib/requirements/reqView.php][19/Feb/19 21:14:46]
[<<][5c6c71c652447613778758][DEFAULT][/lib/requirements/reqView.php][19/Feb/19 21:14:46][19/Feb/19 21:14:46][took 0.036488 secs]
[<<][5c6c71c6e3fec413046394][DEFAULT][/lib/ajax/requirements/getreqmonitors.php][19/Feb/19 21:14:46][19/Feb/19 21:14:46][took 0.0096540000000001 secs]
[>>][5c6c71c6e6659593241099][DEFAULT][/lib/ajax/requirements/getreqmonitors.php][19/Feb/19 21:14:46]
[<<][5c6c71c6e6659593241099][DEFAULT][/lib/ajax/requirements/getreqmonitors.php][19/Feb/19 21:14:46][19/Feb/19 21:14:46][took 0.0019790000000001 secs]
[>>][5c6c71c6e6e96596112027][DEFAULT][/lib/ajax/requirements/getreqmonitors.php][19/Feb/19 21:14:46]
[<<][5c6c71c6e6e96596112027][DEFAULT][/lib/ajax/requirements/getreqmonitors.php][19/Feb/19 21:14:46][19/Feb/19 21:14:46][took 0.007681 secs]
[<<][5c6c71cdc590f081043750][DEFAULT][/lib/general/frmWorkArea.php][19/Feb/19 21:14:53][19/Feb/19 21:14:53][took 0.0099049999999999 secs]
[>>][5c6c71cdc8078009596453][DEFAULT][/lib/general/frmWorkArea.php][19/Feb/19 21:14:53]
[<<][5c6c71cdc8078009596453][DEFAULT][/lib/general/frmWorkArea.php][19/Feb/19 21:14:53][19/Feb/19 21:14:53][took 0.002057 secs]
[>>][5c6c71cdc890b811441418][DEFAULT][/lib/general/frmWorkArea.php][19/Feb/19 21:14:53]
[<<][5c6c71cdc890b811441418][DEFAULT][/lib/general/frmWorkArea.php][19/Feb/19 21:14:53][19/Feb/19 21:14:53][took 0.007609 secs]
[<<][5c6c71cdeb224782620205][DEFAULT][/lib/testcases/listTestCases.php][19/Feb/19 21:14:53][19/Feb/19 21:14:53][took 0.002806 secs]
[>>][5c6c71cdebdc4757848799][DEFAULT][/lib/testcases/listTestCases.php][19/Feb/19 21:14:53]
[<<][5c6c71cdebdc4757848799][DEFAULT][/lib/testcases/listTestCases.php][19/Feb/19 21:14:53][19/Feb/19 21:14:53][took 0.0088269999999999 secs]
[>>][5c6c71cdee0d6431058886][DEFAULT][/lib/testcases/listTestCases.php][19/Feb/19 21:14:53]
[<<][5c6c71cdee0d6431058886][DEFAULT][/lib/testcases/listTestCases.php][19/Feb/19 21:14:53][19/Feb/19 21:14:54][took 0.039002 secs]
[<<][5c6c71cdf2c5c242411004][DEFAULT][/lib/testcases/archiveData.php][19/Feb/19 21:14:53][19/Feb/19 21:14:54][took 0.028502 secs]
[>>][5c6c71ce05a17246451669][DEFAULT][/lib/testcases/archiveData.php][19/Feb/19 21:14:54]
[<<][5c6c71ce05a17246451669][DEFAULT][/lib/testcases/archiveData.php][19/Feb/19 21:14:54][19/Feb/19 21:14:54][took 0.011867 secs]
[>>][5c6c71ce088fd830117308][DEFAULT][/lib/testcases/archiveData.php][19/Feb/19 21:14:54]
[<<][5c6c71ce088fd830117308][DEFAULT][/lib/testcases/archiveData.php][19/Feb/19 21:14:54][19/Feb/19 21:14:54][took 0.03719 secs]
[<<][5c6c71cf1742a694228698][DEFAULT][/lib/ajax/gettprojectnodes.php][19/Feb/19 21:14:55][19/Feb/19 21:14:55][took 0.009406 secs]
[>>][5c6c71cf19983770038600][DEFAULT][/lib/ajax/gettprojectnodes.php][19/Feb/19 21:14:55]
[<<][5c6c71cf19983770038600][DEFAULT][/lib/ajax/gettprojectnodes.php][19/Feb/19 21:14:55][19/Feb/19 21:14:55][took 0.008902 secs]
[>>][5c6c71cf1bccf107167248][DEFAULT][/lib/ajax/gettprojectnodes.php][19/Feb/19 21:14:55]
[<<][5c6c71cf1bccf107167248][DEFAULT][/lib/ajax/gettprojectnodes.php][19/Feb/19 21:14:55][19/Feb/19 21:14:55][took 0.019418 secs]
[<<][5c6c71cf34fa5904106866][DEFAULT][/lib/ajax/gettprojectnodes.php][19/Feb/19 21:14:55][19/Feb/19 21:14:55][took 0.003565 secs]
[>>][5c6c71cf3794b060704884][DEFAULT][/lib/ajax/gettprojectnodes.php][19/Feb/19 21:14:55]
[<<][5c6c71cf3794b060704884][DEFAULT][/lib/ajax/gettprojectnodes.php][19/Feb/19 21:14:55][19/Feb/19 21:14:55][took 0.001931 secs]
[>>][5c6c71cf38165740034820][DEFAULT][/lib/ajax/gettprojectnodes.php][19/Feb/19 21:14:55]
[<<][5c6c71cf38165740034820][DEFAULT][/lib/ajax/gettprojectnodes.php][19/Feb/19 21:14:55][19/Feb/19 21:14:55][took 0.028891 secs]
[<<][5c6c71cf5134d295988276][DEFAULT][/lib/ajax/gettprojectnodes.php][19/Feb/19 21:14:55][19/Feb/19 21:14:55][took 0.003725 secs]
[>>][5c6c71cf53d85640551965][DEFAULT][/lib/ajax/gettprojectnodes.php][19/Feb/19 21:14:55]
[<<][5c6c71cf53d85640551965][DEFAULT][/lib/ajax/gettprojectnodes.php][19/Feb/19 21:14:55][19/Feb/19 21:14:55][took 0.00203 secs]
[>>][5c6c71cf54608874384578][DEFAULT][/lib/ajax/gettprojectnodes.php][19/Feb/19 21:14:55]
[<<][5c6c71cf54608874384578][DEFAULT][/lib/ajax/gettprojectnodes.php][19/Feb/19 21:14:55][19/Feb/19 21:14:55][took 0.010061 secs]
[<<][5c6c71e27405d627481572][DEFAULT][/lib/ajax/gettprojectnodes.php][19/Feb/19 21:15:14][19/Feb/19 21:15:14][took 0.002843 secs]
[>>][5c6c71e27655c899173723][DEFAULT][/lib/ajax/gettprojectnodes.php][19/Feb/19 21:15:14]
[<<][5c6c71e27655c899173723][DEFAULT][/lib/ajax/gettprojectnodes.php][19/Feb/19 21:15:14][19/Feb/19 21:15:14][took 0.001956 secs]
[>>][5c6c71e276d97076622136][DEFAULT][/lib/ajax/gettprojectnodes.php][19/Feb/19 21:15:14]
[<<][5c6c71e276d97076622136][DEFAULT][/lib/ajax/gettprojectnodes.php][19/Feb/19 21:15:14][19/Feb/19 21:15:14][took 0.009174 secs]
[<<][5c6c71e78b53b062556893][DEFAULT][/lib/testcases/archiveData.php][19/Feb/19 21:15:19][19/Feb/19 21:15:19][took 0.00956 secs]
[>>][5c6c71e78db4f988852460][DEFAULT][/lib/testcases/archiveData.php][19/Feb/19 21:15:19]
[<<][5c6c71e78db4f988852460][DEFAULT][/lib/testcases/archiveData.php][19/Feb/19 21:15:19][19/Feb/19 21:15:19][took 0.0021610000000001 secs]
[>>][5c6c71e78e444715895592][DEFAULT][/lib/testcases/archiveData.php][19/Feb/19 21:15:19]
[<<][5c6c71e78e444715895592][DEFAULT][/lib/testcases/archiveData.php][19/Feb/19 21:15:19][19/Feb/19 21:15:19][took 0.068011 secs]
[<<][5c6c71fdc7383452084291][DEFAULT][/lib/ajax/gettprojectnodes.php][19/Feb/19 21:15:41][19/Feb/19 21:15:41][took 0.010174 secs]
[>>][5c6c71fdc9c03448397435][DEFAULT][/lib/ajax/gettprojectnodes.php][19/Feb/19 21:15:41]
[<<][5c6c71fdc9c03448397435][DEFAULT][/lib/ajax/gettprojectnodes.php][19/Feb/19 21:15:41][19/Feb/19 21:15:41][took 0.009119 secs]
[>>][5c6c71fdcc040280134260][DEFAULT][/lib/ajax/gettprojectnodes.php][19/Feb/19 21:15:41]
[<<][5c6c71fdcc040280134260][DEFAULT][/lib/ajax/gettprojectnodes.php][19/Feb/19 21:15:41][19/Feb/19 21:15:41][took 0.009848 secs]
[<<][5c6c71feb6f1a255947582][DEFAULT][/lib/testcases/archiveData.php][19/Feb/19 21:15:42][19/Feb/19 21:15:42][took 0.0099 secs]
[>>][5c6c71feb96a0327406443][DEFAULT][/lib/testcases/archiveData.php][19/Feb/19 21:15:42]
[<<][5c6c71feb96a0327406443][DEFAULT][/lib/testcases/archiveData.php][19/Feb/19 21:15:42][19/Feb/19 21:15:42][took 0.00881 secs]
[>>][5c6c71febb99a259498801][DEFAULT][/lib/testcases/archiveData.php][19/Feb/19 21:15:42]
[<<][5c6c71febb99a259498801][DEFAULT][/lib/testcases/archiveData.php][19/Feb/19 21:15:42][19/Feb/19 21:15:42][took 0.10665 secs]
[<<][5c6c723590a09715966421][DEFAULT][/lib/ajax/gettprojectnodes.php][19/Feb/19 21:16:37][19/Feb/19 21:16:37][took 0.010963 secs]
[>>][5c6c7235935a1241482591][DEFAULT][/lib/ajax/gettprojectnodes.php][19/Feb/19 21:16:37]
[<<][5c6c7235935a1241482591][DEFAULT][/lib/ajax/gettprojectnodes.php][19/Feb/19 21:16:37][19/Feb/19 21:16:37][took 0.017754 secs]
[>>][5c6c723597bc1319390867][DEFAULT][/lib/ajax/gettprojectnodes.php][19/Feb/19 21:16:37]
[<<][5c6c723597bc1319390867][DEFAULT][/lib/ajax/gettprojectnodes.php][19/Feb/19 21:16:37][19/Feb/19 21:16:37][took 0.009698 secs]
[<<][5c6c723bc05e7062568527][DEFAULT][/lib/general/navBar.php][19/Feb/19 21:16:43][19/Feb/19 21:16:43][took 0.00971 secs]
[>>][5c6c723bc2c8f347470952][DEFAULT][/lib/general/navBar.php][19/Feb/19 21:16:43]
[<<][5c6c723bc2c8f347470952][DEFAULT][/lib/general/navBar.php][19/Feb/19 21:16:43][19/Feb/19 21:16:43][took 0.001841 secs]
[>>][5c6c723bc3440519222933][DEFAULT][/lib/general/navBar.php][19/Feb/19 21:16:43]
	[19/Feb/19 21:16:43][WARNING][lkvpnonfeaau1o63foo6n8kncq][GUI - Test Project ID : 1]
		E_NOTICE
Undefined property: stdClass::$prefix - in /opt/bitnami/apps/testlink/htdocs/lib/general/navBar.php - Line 173
[<<][5c6c723bc3440519222933][DEFAULT][/lib/general/navBar.php][19/Feb/19 21:16:43][19/Feb/19 21:16:43][took 0.054618 secs]
[<<][5c6c723c323fd831118329][DEFAULT][/lib/general/mainPage.php][19/Feb/19 21:16:44][19/Feb/19 21:16:44][took 0.003134 secs]
[>>][5c6c723c330e5554142548][DEFAULT][/lib/general/mainPage.php][19/Feb/19 21:16:44]
[<<][5c6c723c330e5554142548][DEFAULT][/lib/general/mainPage.php][19/Feb/19 21:16:44][19/Feb/19 21:16:44][took 0.009537 secs]
[>>][5c6c723c356aa802235771][DEFAULT][/lib/general/mainPage.php][19/Feb/19 21:16:44]
[<<][5c6c723c356aa802235771][DEFAULT][/lib/general/mainPage.php][19/Feb/19 21:16:44][19/Feb/19 21:16:44][took 0.030153 secs]
[<<][5c6c724e3feaa588219646][DEFAULT][/lib/platforms/platformsView.php][19/Feb/19 21:17:02][19/Feb/19 21:17:02][took 0.009796 secs]
[>>][5c6c724e425a1571328514][DEFAULT][/lib/platforms/platformsView.php][19/Feb/19 21:17:02]
[<<][5c6c724e425a1571328514][DEFAULT][/lib/platforms/platformsView.php][19/Feb/19 21:17:02][19/Feb/19 21:17:02][took 0.008632 secs]
[>>][5c6c724e447df668341036][DEFAULT][/lib/platforms/platformsView.php][19/Feb/19 21:17:02]
[<<][5c6c724e447df668341036][DEFAULT][/lib/platforms/platformsView.php][19/Feb/19 21:17:02][19/Feb/19 21:17:02][took 0.001988 secs]
	[19/Mar/28 21:59:42][AUDIT][ir165p14dm0spvcknb1f6rolqc][GUI - Test Project ID : 2]
		Login for 'levi.baker@asirobots.com' from '209.253.35.146' succeeded
[<<][5c9d43ce04086016417130][DEFAULT][/login.php][19/Mar/28 21:59:42][19/Mar/28 21:59:42][took 0.059213 secs]
[<<][5c9d43ce4acc4794408669][DEFAULT][/index.php][19/Mar/28 21:59:42][19/Mar/28 21:59:42][took 0.003276 secs]
[>>][5c9d43ce4ba57891220060][DEFAULT][/index.php][19/Mar/28 21:59:42]
[<<][5c9d43ce4ba57891220060][DEFAULT][/index.php][19/Mar/28 21:59:42][19/Mar/28 21:59:42][took 0.002056 secs]
[<<][5c9d43cef11d6024933171][DEFAULT][/lib/general/mainPage.php][19/Mar/28 21:59:42][19/Mar/28 21:59:42][took 0.003556 secs]
[>>][5c9d43cef206b697532772][DEFAULT][/lib/general/mainPage.php][19/Mar/28 21:59:42]
[<<][5c9d43cef206b697532772][DEFAULT][/lib/general/mainPage.php][19/Mar/28 21:59:42][19/Mar/28 21:59:42][took 0.002343 secs]
[>>][5c9d43cef2a3c790483770][DEFAULT][/lib/general/mainPage.php][19/Mar/28 21:59:42]
	[19/Mar/28 21:59:43][WARNING][ir165p14dm0spvcknb1f6rolqc][GUI - Test Project ID : 2]
		E_NOTICE
Undefined index: platform_view - in /opt/bitnami/apps/testlink/htdocs/gui/templates_c/835a037b28214872edd369779d57f903f1734c6a.file.mainPageLeft.tpl.php - Line 205
[<<][5c9d43cef2a3c790483770][DEFAULT][/lib/general/mainPage.php][19/Mar/28 21:59:42][19/Mar/28 21:59:43][took 0.047344 secs]
[<<][5c9d43cef11b4606192172][DEFAULT][/lib/general/navBar.php][19/Mar/28 21:59:42][19/Mar/28 21:59:43][took 0.070044 secs]
[>>][5c9d43cf0e1be482338543][DEFAULT][/lib/general/navBar.php][19/Mar/28 21:59:43]
[<<][5c9d43cf0e1be482338543][DEFAULT][/lib/general/navBar.php][19/Mar/28 21:59:43][19/Mar/28 21:59:43][took 0.00188 secs]
[>>][5c9d43cf0e9a2698639023][DEFAULT][/lib/general/navBar.php][19/Mar/28 21:59:43]
[<<][5c9d43cf0e9a2698639023][DEFAULT][/lib/general/navBar.php][19/Mar/28 21:59:43][19/Mar/28 21:59:43][took 0.010297 secs]
