	[19/Aug/19 14:37:05][AUDIT][8osnvkh6u481rb8839kinbrt0j][GUI - Test Project ID : 71110]
		Login for 'taylor.bybee' from '209.253.35.146' succeeded
[<<][5d5ab41141104570935629][DEFAULT][/login.php][19/Aug/19 14:37:05][19/Aug/19 14:37:05][took 0.060712 secs]
[<<][5d5ab4115dfd5768925654][DEFAULT][/index.php][19/Aug/19 14:37:05][19/Aug/19 14:37:05][took 0.003439 secs]
[>>][5d5ab4115ee01390520847][DEFAULT][/index.php][19/Aug/19 14:37:05]
[<<][5d5ab4115ee01390520847][DEFAULT][/index.php][19/Aug/19 14:37:05][19/Aug/19 14:37:05][took 0.001478 secs]
[<<][5d5ab4116d782483312279][DEFAULT][/lib/general/navBar.php][19/Aug/19 14:37:05][19/Aug/19 14:37:05][took 0.003148 secs]
[>>][5d5ab4116e490710118022][DEFAULT][/lib/general/navBar.php][19/Aug/19 14:37:05]
[<<][5d5ab4116e490710118022][DEFAULT][/lib/general/navBar.php][19/Aug/19 14:37:05][19/Aug/19 14:37:05][took 0.001922 secs]
[>>][5d5ab4116ecb0704043844][DEFAULT][/lib/general/navBar.php][19/Aug/19 14:37:05]
[<<][5d5ab4116ecb0704043844][DEFAULT][/lib/general/navBar.php][19/Aug/19 14:37:05][19/Aug/19 14:37:05][took 0.004577 secs]
[<<][5d5ab41178d78032576293][DEFAULT][/lib/general/mainPage.php][19/Aug/19 14:37:05][19/Aug/19 14:37:05][took 0.002755 secs]
[>>][5d5ab411798e8446973736][DEFAULT][/lib/general/mainPage.php][19/Aug/19 14:37:05]
[<<][5d5ab411798e8446973736][DEFAULT][/lib/general/mainPage.php][19/Aug/19 14:37:05][19/Aug/19 14:37:05][took 0.001537 secs]
[>>][5d5ab41179f7e716262851][DEFAULT][/lib/general/mainPage.php][19/Aug/19 14:37:05]
[<<][5d5ab41179f7e716262851][DEFAULT][/lib/general/mainPage.php][19/Aug/19 14:37:05][19/Aug/19 14:37:05][took 0.015777 secs]
[<<][5d5ab416cd008616268979][DEFAULT][/index.php][19/Aug/19 14:37:10][19/Aug/19 14:37:10][took 0.003325 secs]
[>>][5d5ab416cddc6809170525][DEFAULT][/index.php][19/Aug/19 14:37:10]
[<<][5d5ab416cddc6809170525][DEFAULT][/index.php][19/Aug/19 14:37:10][19/Aug/19 14:37:10][took 0.0013879999999999 secs]
[<<][5d5ab416d9ffb954546012][DEFAULT][/lib/general/navBar.php][19/Aug/19 14:37:10][19/Aug/19 14:37:10][took 0.003036 secs]
[>>][5d5ab416dac9f825054733][DEFAULT][/lib/general/navBar.php][19/Aug/19 14:37:10]
[<<][5d5ab416dac9f825054733][DEFAULT][/lib/general/navBar.php][19/Aug/19 14:37:10][19/Aug/19 14:37:10][took 0.0018630000000001 secs]
[>>][5d5ab416db484482078926][DEFAULT][/lib/general/navBar.php][19/Aug/19 14:37:10]
[<<][5d5ab416db484482078926][DEFAULT][/lib/general/navBar.php][19/Aug/19 14:37:10][19/Aug/19 14:37:10][took 0.0036659999999999 secs]
[<<][5d5ab416e32fe682095850][DEFAULT][/lib/general/mainPage.php][19/Aug/19 14:37:10][19/Aug/19 14:37:10][took 0.0029319999999999 secs]
[>>][5d5ab416e3f16333481889][DEFAULT][/lib/general/mainPage.php][19/Aug/19 14:37:10]
[<<][5d5ab416e3f16333481889][DEFAULT][/lib/general/mainPage.php][19/Aug/19 14:37:10][19/Aug/19 14:37:10][took 0.001645 secs]
[>>][5d5ab416e461e767856223][DEFAULT][/lib/general/mainPage.php][19/Aug/19 14:37:10]
[<<][5d5ab416e461e767856223][DEFAULT][/lib/general/mainPage.php][19/Aug/19 14:37:10][19/Aug/19 14:37:10][took 0.004433 secs]
[<<][5d5ab41cb2bee386694178][DEFAULT][/lib/general/navBar.php][19/Aug/19 14:37:16][19/Aug/19 14:37:16][took 0.024528 secs]
[>>][5d5ab41cb8c7d278582004][DEFAULT][/lib/general/navBar.php][19/Aug/19 14:37:16]
[<<][5d5ab41cb8c7d278582004][DEFAULT][/lib/general/navBar.php][19/Aug/19 14:37:16][19/Aug/19 14:37:16][took 0.002166 secs]
[>>][5d5ab41cb9591030464597][DEFAULT][/lib/general/navBar.php][19/Aug/19 14:37:16]
	[19/Aug/19 14:37:16][WARNING][8osnvkh6u481rb8839kinbrt0j][GUI - Test Project ID : 21]
		E_NOTICE
Undefined property: stdClass::$prefix - in /opt/bitnami/apps/testlink/htdocs/lib/general/navBar.php - Line 173
[<<][5d5ab41cb9591030464597][DEFAULT][/lib/general/navBar.php][19/Aug/19 14:37:16][19/Aug/19 14:37:16][took 0.13119 secs]
[<<][5d5ab41cf1ac9857033684][DEFAULT][/lib/general/mainPage.php][19/Aug/19 14:37:16][19/Aug/19 14:37:16][took 0.002869 secs]
[>>][5d5ab41cf26ae889301291][DEFAULT][/lib/general/mainPage.php][19/Aug/19 14:37:16]
[<<][5d5ab41cf26ae889301291][DEFAULT][/lib/general/mainPage.php][19/Aug/19 14:37:16][19/Aug/19 14:37:16][took 0.0018480000000001 secs]
[>>][5d5ab41cf2e98304437921][DEFAULT][/lib/general/mainPage.php][19/Aug/19 14:37:16]
[<<][5d5ab41cf2e98304437921][DEFAULT][/lib/general/mainPage.php][19/Aug/19 14:37:16][19/Aug/19 14:37:16][took 0.006763 secs]
	[19/Aug/27 21:02:47][AUDIT][e5hb502cr9me4gk5fpgoqds457][GUI - Test Project ID : 71110]
		Login for 'Taylor.Bybee' from '209.253.35.146' succeeded
[<<][5d659a772b2b1651913181][DEFAULT][/login.php][19/Aug/27 21:02:47][19/Aug/27 21:02:47][took 0.03435 secs]
[<<][5d659a77503fc644781989][DEFAULT][/index.php][19/Aug/27 21:02:47][19/Aug/27 21:02:47][took 0.00349 secs]
[>>][5d659a7751261521335557][DEFAULT][/index.php][19/Aug/27 21:02:47]
[<<][5d659a7751261521335557][DEFAULT][/index.php][19/Aug/27 21:02:47][19/Aug/27 21:02:47][took 0.002551 secs]
[<<][5d659a775d688338508642][DEFAULT][/lib/general/navBar.php][19/Aug/27 21:02:47][19/Aug/27 21:02:47][took 0.00311 secs]
[>>][5d659a775e35d520147627][DEFAULT][/lib/general/navBar.php][19/Aug/27 21:02:47]
[<<][5d659a775e35d520147627][DEFAULT][/lib/general/navBar.php][19/Aug/27 21:02:47][19/Aug/27 21:02:47][took 0.002581 secs]
[>>][5d659a775ee2e719184722][DEFAULT][/lib/general/navBar.php][19/Aug/27 21:02:47]
[<<][5d659a775ee2e719184722][DEFAULT][/lib/general/navBar.php][19/Aug/27 21:02:47][19/Aug/27 21:02:47][took 0.00854 secs]
[<<][5d659a775d6bb484253647][DEFAULT][/lib/general/mainPage.php][19/Aug/27 21:02:47][19/Aug/27 21:02:47][took 0.015842 secs]
[>>][5d659a776153e286315719][DEFAULT][/lib/general/mainPage.php][19/Aug/27 21:02:47]
[<<][5d659a776153e286315719][DEFAULT][/lib/general/mainPage.php][19/Aug/27 21:02:47][19/Aug/27 21:02:47][took 0.007889 secs]
[>>][5d659a77634a2922263985][DEFAULT][/lib/general/mainPage.php][19/Aug/27 21:02:47]
	[19/Aug/27 21:02:47][WARNING][e5hb502cr9me4gk5fpgoqds457][GUI - Test Project ID : 71110]
		E_NOTICE
Undefined index: platform_view - in /opt/bitnami/apps/testlink/htdocs/gui/templates_c/835a037b28214872edd369779d57f903f1734c6a.file.mainPageLeft.tpl.php - Line 205
[<<][5d659a77634a2922263985][DEFAULT][/lib/general/mainPage.php][19/Aug/27 21:02:47][19/Aug/27 21:02:47][took 0.070287 secs]
[<<][5d659a7fa354d432725149][DEFAULT][/lib/general/navBar.php][19/Aug/27 21:02:55][19/Aug/27 21:02:55][took 0.002847 secs]
[>>][5d659a7fa4129743983515][DEFAULT][/lib/general/navBar.php][19/Aug/27 21:02:55]
[<<][5d659a7fa4129743983515][DEFAULT][/lib/general/navBar.php][19/Aug/27 21:02:55][19/Aug/27 21:02:55][took 0.006081 secs]
[>>][5d659a7fa597b705216667][DEFAULT][/lib/general/navBar.php][19/Aug/27 21:02:55]
	[19/Aug/27 21:02:55][WARNING][e5hb502cr9me4gk5fpgoqds457][GUI - Test Project ID : 21]
		E_NOTICE
Undefined property: stdClass::$prefix - in /opt/bitnami/apps/testlink/htdocs/lib/general/navBar.php - Line 173
[<<][5d659a7fa597b705216667][DEFAULT][/lib/general/navBar.php][19/Aug/27 21:02:55][19/Aug/27 21:02:55][took 0.066848 secs]
[<<][5d659a7fdef18384329330][DEFAULT][/lib/general/mainPage.php][19/Aug/27 21:02:55][19/Aug/27 21:02:55][took 0.015802 secs]
[>>][5d659a7fe2d83799715044][DEFAULT][/lib/general/mainPage.php][19/Aug/27 21:02:55]
[<<][5d659a7fe2d83799715044][DEFAULT][/lib/general/mainPage.php][19/Aug/27 21:02:55][19/Aug/27 21:02:55][took 0.005372 secs]
[>>][5d659a7fe432a837230301][DEFAULT][/lib/general/mainPage.php][19/Aug/27 21:02:55]
	[19/Aug/27 21:02:55][WARNING][e5hb502cr9me4gk5fpgoqds457][GUI - Test Project ID : 21]
		E_NOTICE
Undefined index: platform_view - in /opt/bitnami/apps/testlink/htdocs/gui/templates_c/835a037b28214872edd369779d57f903f1734c6a.file.mainPageLeft.tpl.php - Line 205
[<<][5d659a7fe432a837230301][DEFAULT][/lib/general/mainPage.php][19/Aug/27 21:02:55][19/Aug/27 21:02:56][took 0.102961 secs]
[<<][5d659a8391dbb714038376][DEFAULT][/lib/general/mainPage.php][19/Aug/27 21:02:59][19/Aug/27 21:02:59][took 0.00353 secs]
[>>][5d659a8392c47761664681][DEFAULT][/lib/general/mainPage.php][19/Aug/27 21:02:59]
[<<][5d659a8392c47761664681][DEFAULT][/lib/general/mainPage.php][19/Aug/27 21:02:59][19/Aug/27 21:02:59][took 0.0026989999999999 secs]
[>>][5d659a8393775320140732][DEFAULT][/lib/general/mainPage.php][19/Aug/27 21:02:59]
	[19/Aug/27 21:02:59][WARNING][e5hb502cr9me4gk5fpgoqds457][GUI - Test Project ID : 21]
		E_NOTICE
Undefined index: platform_view - in /opt/bitnami/apps/testlink/htdocs/gui/templates_c/835a037b28214872edd369779d57f903f1734c6a.file.mainPageLeft.tpl.php - Line 205
[<<][5d659a8393775320140732][DEFAULT][/lib/general/mainPage.php][19/Aug/27 21:02:59][19/Aug/27 21:02:59][took 0.045481 secs]
[<<][5d659a86363bb384587857][DEFAULT][/lib/general/frmWorkArea.php][19/Aug/27 21:03:02][19/Aug/27 21:03:02][took 0.003384 secs]
[>>][5d659a86371c3447332647][DEFAULT][/lib/general/frmWorkArea.php][19/Aug/27 21:03:02]
[<<][5d659a86371c3447332647][DEFAULT][/lib/general/frmWorkArea.php][19/Aug/27 21:03:02][19/Aug/27 21:03:02][took 0.002657 secs]
[>>][5d659a8637cc7222220366][DEFAULT][/lib/general/frmWorkArea.php][19/Aug/27 21:03:02]
[<<][5d659a8637cc7222220366][DEFAULT][/lib/general/frmWorkArea.php][19/Aug/27 21:03:02][19/Aug/27 21:03:02][took 0.002523 secs]
[<<][5d659a86450f8869898062][DEFAULT][/lib/execute/execNavigator.php][19/Aug/27 21:03:02][19/Aug/27 21:03:02][took 0.003272 secs]
[>>][5d659a8645e73967188943][DEFAULT][/lib/execute/execNavigator.php][19/Aug/27 21:03:02]
[<<][5d659a8645e73967188943][DEFAULT][/lib/execute/execNavigator.php][19/Aug/27 21:03:02][19/Aug/27 21:03:02][took 0.005136 secs]
[>>][5d659a8647318654008884][DEFAULT][/lib/execute/execNavigator.php][19/Aug/27 21:03:02]
[<<][5d659a8647318654008884][DEFAULT][/lib/execute/execNavigator.php][19/Aug/27 21:03:02][19/Aug/27 21:03:02][took 0.123949 secs]
[<<][5d659a86467b6646395815][DEFAULT][/lib/execute/execDashboard.php][19/Aug/27 21:03:02][19/Aug/27 21:03:02][took 0.132252 secs]
[>>][5d659a8666cfc913291477][DEFAULT][/lib/execute/execDashboard.php][19/Aug/27 21:03:02]
[<<][5d659a8666cfc913291477][DEFAULT][/lib/execute/execDashboard.php][19/Aug/27 21:03:02][19/Aug/27 21:03:02][took 0.007415 secs]
[>>][5d659a8668a8a471323894][DEFAULT][/lib/execute/execDashboard.php][19/Aug/27 21:03:02]
[<<][5d659a8668a8a471323894][DEFAULT][/lib/execute/execDashboard.php][19/Aug/27 21:03:02][19/Aug/27 21:03:02][took 0.009579 secs]
[<<][5d659a86b983d922659861][DEFAULT][/lib/execute/execDashboard.php][19/Aug/27 21:03:02][19/Aug/27 21:03:02][took 0.003316 secs]
[>>][5d659a86ba605926159584][DEFAULT][/lib/execute/execDashboard.php][19/Aug/27 21:03:02]
[<<][5d659a86ba605926159584][DEFAULT][/lib/execute/execDashboard.php][19/Aug/27 21:03:02][19/Aug/27 21:03:02][took 0.0025309999999999 secs]
[>>][5d659a86bb08a141441111][DEFAULT][/lib/execute/execDashboard.php][19/Aug/27 21:03:02]
[<<][5d659a86bb08a141441111][DEFAULT][/lib/execute/execDashboard.php][19/Aug/27 21:03:02][19/Aug/27 21:03:02][took 0.007916 secs]
[<<][5d659a946f84c528103989][DEFAULT][/lib/plan/planExport.php][19/Aug/27 21:03:16][19/Aug/27 21:03:16][took 0.003716 secs]
[>>][5d659a947078b473665581][DEFAULT][/lib/plan/planExport.php][19/Aug/27 21:03:16]
[<<][5d659a947078b473665581][DEFAULT][/lib/plan/planExport.php][19/Aug/27 21:03:16][19/Aug/27 21:03:16][took 0.002546 secs]
[>>][5d659a9471223444363654][DEFAULT][/lib/plan/planExport.php][19/Aug/27 21:03:16]
	[19/Aug/27 21:03:16][WARNING][e5hb502cr9me4gk5fpgoqds457][GUI - Test Project ID : 21]
		E_NOTICE
Undefined index: testcases_to_show - in /opt/bitnami/apps/testlink/htdocs/lib/plan/planExport.php - Line 150
[<<][5d659a9471223444363654][DEFAULT][/lib/plan/planExport.php][19/Aug/27 21:03:16][19/Aug/27 21:03:16][took 0.048959 secs]
[<<][5d659a9948be2911884633][DEFAULT][/lib/plan/planExport.php][19/Aug/27 21:03:21][19/Aug/27 21:03:21][took 0.003202 secs]
[>>][5d659a994992f553882609][DEFAULT][/lib/plan/planExport.php][19/Aug/27 21:03:21]
[<<][5d659a994992f553882609][DEFAULT][/lib/plan/planExport.php][19/Aug/27 21:03:21][19/Aug/27 21:03:21][took 0.002651 secs]
[>>][5d659a994a42d873442296][DEFAULT][/lib/plan/planExport.php][19/Aug/27 21:03:21]
	[19/Aug/27 21:03:21][WARNING][e5hb502cr9me4gk5fpgoqds457][GUI - Test Project ID : 21]
		E_NOTICE
Undefined index: testcases_to_show - in /opt/bitnami/apps/testlink/htdocs/lib/plan/planExport.php - Line 150
[<<][5d659a994a42d873442296][DEFAULT][/lib/plan/planExport.php][19/Aug/27 21:03:21][19/Aug/27 21:03:21][took 0.42113 secs]
	[19/Sep/20 20:56:52][AUDIT][dtaoj2haueivgs2o15aml8mg3s][GUI - Test Project ID : 71110]
		Login for 'taylor.bybee' from '209.253.35.146' succeeded
[<<][5d853d14d4a79151679501][DEFAULT][/login.php][19/Sep/20 20:56:52][19/Sep/20 20:56:52][took 0.045072 secs]
[<<][5d853d14f3d6a969157533][DEFAULT][/index.php][19/Sep/20 20:56:52][19/Sep/20 20:56:52][took 0.003258 secs]
[>>][5d853d150089b569064669][DEFAULT][/index.php][19/Sep/20 20:56:52]
[<<][5d853d150089b569064669][DEFAULT][/index.php][19/Sep/20 20:56:52][19/Sep/20 20:56:52][took 0.002514 secs]
[<<][5d853d150d95e946944465][DEFAULT][/lib/general/mainPage.php][19/Sep/20 20:56:53][19/Sep/20 20:56:53][took 0.003222 secs]
[>>][5d853d150e6f5111518312][DEFAULT][/lib/general/mainPage.php][19/Sep/20 20:56:53]
[<<][5d853d150e6f5111518312][DEFAULT][/lib/general/mainPage.php][19/Sep/20 20:56:53][19/Sep/20 20:56:53][took 0.002784 secs]
[>>][5d853d150f276076413210][DEFAULT][/lib/general/mainPage.php][19/Sep/20 20:56:53]
	[19/Sep/20 20:56:53][WARNING][dtaoj2haueivgs2o15aml8mg3s][GUI - Test Project ID : 71110]
		E_NOTICE
Undefined index: platform_view - in /opt/bitnami/apps/testlink/htdocs/gui/templates_c/835a037b28214872edd369779d57f903f1734c6a.file.mainPageLeft.tpl.php - Line 205
[<<][5d853d150f276076413210][DEFAULT][/lib/general/mainPage.php][19/Sep/20 20:56:53][19/Sep/20 20:56:53][took 0.040576 secs]
[<<][5d853d150d83d091156240][DEFAULT][/lib/general/navBar.php][19/Sep/20 20:56:53][19/Sep/20 20:56:53][took 0.08027 secs]
[>>][5d853d152131f707200961][DEFAULT][/lib/general/navBar.php][19/Sep/20 20:56:53]
[<<][5d853d152131f707200961][DEFAULT][/lib/general/navBar.php][19/Sep/20 20:56:53][19/Sep/20 20:56:53][took 0.003102 secs]
[>>][5d853d1521fd7905699473][DEFAULT][/lib/general/navBar.php][19/Sep/20 20:56:53]
[<<][5d853d1521fd7905699473][DEFAULT][/lib/general/navBar.php][19/Sep/20 20:56:53][19/Sep/20 20:56:53][took 0.011194 secs]
