	[19/Aug/16 15:15:28][AUDIT][n9hap7bg374risnavip1pjru81][GUI - Test Project ID : 71110]
		Login for 'kim.barker' from '209.253.35.146' succeeded
[<<][5d56c8905fea8997250278][DEFAULT][/login.php][19/Aug/16 15:15:28][19/Aug/16 15:15:28][took 0.092702 secs]
[<<][5d56c8909dcd5143881892][DEFAULT][/index.php][19/Aug/16 15:15:28][19/Aug/16 15:15:28][took 0.0033679999999999 secs]
[>>][5d56c8909eac3960513728][DEFAULT][/index.php][19/Aug/16 15:15:28]
[<<][5d56c8909eac3960513728][DEFAULT][/index.php][19/Aug/16 15:15:28][19/Aug/16 15:15:28][took 0.001672 secs]
[<<][5d56c890ae732402594216][DEFAULT][/lib/general/navBar.php][19/Aug/16 15:15:28][19/Aug/16 15:15:28][took 0.0032220000000001 secs]
[>>][5d56c890af482535191340][DEFAULT][/lib/general/navBar.php][19/Aug/16 15:15:28]
[<<][5d56c890af482535191340][DEFAULT][/lib/general/navBar.php][19/Aug/16 15:15:28][19/Aug/16 15:15:28][took 0.001976 secs]
[>>][5d56c890afcf3267878157][DEFAULT][/lib/general/navBar.php][19/Aug/16 15:15:28]
[<<][5d56c890afcf3267878157][DEFAULT][/lib/general/navBar.php][19/Aug/16 15:15:28][19/Aug/16 15:15:28][took 0.004426 secs]
[<<][5d56c890ae6fa758848246][DEFAULT][/lib/general/mainPage.php][19/Aug/16 15:15:28][19/Aug/16 15:15:28][took 0.014011 secs]
[>>][5d56c890b1e5e149003048][DEFAULT][/lib/general/mainPage.php][19/Aug/16 15:15:28]
[<<][5d56c890b1e5e149003048][DEFAULT][/lib/general/mainPage.php][19/Aug/16 15:15:28][19/Aug/16 15:15:28][took 0.0053880000000001 secs]
[>>][5d56c890b33fa255720017][DEFAULT][/lib/general/mainPage.php][19/Aug/16 15:15:28]
[<<][5d56c890b33fa255720017][DEFAULT][/lib/general/mainPage.php][19/Aug/16 15:15:28][19/Aug/16 15:15:28][took 0.0052810000000001 secs]
[<<][5d56c8d536831595708617][DEFAULT][/index.php][19/Aug/16 15:16:37][19/Aug/16 15:16:37][took 0.003832 secs]
[>>][5d56c8d5377f6753890722][DEFAULT][/index.php][19/Aug/16 15:16:37]
[<<][5d56c8d5377f6753890722][DEFAULT][/index.php][19/Aug/16 15:16:37][19/Aug/16 15:16:37][took 0.001855 secs]
[<<][5d56c8d54d399424534596][DEFAULT][/lib/general/navBar.php][19/Aug/16 15:16:37][19/Aug/16 15:16:37][took 0.003135 secs]
[>>][5d56c8d54e095177559954][DEFAULT][/lib/general/navBar.php][19/Aug/16 15:16:37]
[<<][5d56c8d54e095177559954][DEFAULT][/lib/general/navBar.php][19/Aug/16 15:16:37][19/Aug/16 15:16:37][took 0.001761 secs]
[>>][5d56c8d54e815891450575][DEFAULT][/lib/general/navBar.php][19/Aug/16 15:16:37]
[<<][5d56c8d54e815891450575][DEFAULT][/lib/general/navBar.php][19/Aug/16 15:16:37][19/Aug/16 15:16:37][took 0.007986 secs]
[<<][5d56c8d54d39a698479514][DEFAULT][/lib/general/mainPage.php][19/Aug/16 15:16:37][19/Aug/16 15:16:37][took 0.014316 secs]
[>>][5d56c8d550c3e784951277][DEFAULT][/lib/general/mainPage.php][19/Aug/16 15:16:37]
[<<][5d56c8d550c3e784951277][DEFAULT][/lib/general/mainPage.php][19/Aug/16 15:16:37][19/Aug/16 15:16:37][took 0.001374 secs]
[>>][5d56c8d55123e245913013][DEFAULT][/lib/general/mainPage.php][19/Aug/16 15:16:37]
[<<][5d56c8d55123e245913013][DEFAULT][/lib/general/mainPage.php][19/Aug/16 15:16:37][19/Aug/16 15:16:37][took 0.004292 secs]
[<<][5d56c8dec58bf674899504][DEFAULT][/index.php][19/Aug/16 15:16:46][19/Aug/16 15:16:46][took 0.003451 secs]
[>>][5d56c8dec6710348444714][DEFAULT][/index.php][19/Aug/16 15:16:46]
[<<][5d56c8dec6710348444714][DEFAULT][/index.php][19/Aug/16 15:16:46][19/Aug/16 15:16:46][took 0.001637 secs]
[<<][5d56c8dee2c9a901200705][DEFAULT][/lib/general/navBar.php][19/Aug/16 15:16:46][19/Aug/16 15:16:46][took 0.0034999999999999 secs]
[>>][5d56c8dee3b09928499252][DEFAULT][/lib/general/navBar.php][19/Aug/16 15:16:46]
[<<][5d56c8dee3b09928499252][DEFAULT][/lib/general/navBar.php][19/Aug/16 15:16:46][19/Aug/16 15:16:46][took 0.00193 secs]
[>>][5d56c8dee432f549661611][DEFAULT][/lib/general/navBar.php][19/Aug/16 15:16:46]
[<<][5d56c8dee432f549661611][DEFAULT][/lib/general/navBar.php][19/Aug/16 15:16:46][19/Aug/16 15:16:46][took 0.0077290000000001 secs]
[<<][5d56c8dee2c9a149706534][DEFAULT][/lib/general/mainPage.php][19/Aug/16 15:16:46][19/Aug/16 15:16:46][took 0.014571 secs]
[>>][5d56c8dee663b430321483][DEFAULT][/lib/general/mainPage.php][19/Aug/16 15:16:46]
[<<][5d56c8dee663b430321483][DEFAULT][/lib/general/mainPage.php][19/Aug/16 15:16:46][19/Aug/16 15:16:46][took 0.002264 secs]
[>>][5d56c8dee6fac788333379][DEFAULT][/lib/general/mainPage.php][19/Aug/16 15:16:46]
[<<][5d56c8dee6fac788333379][DEFAULT][/lib/general/mainPage.php][19/Aug/16 15:16:46][19/Aug/16 15:16:46][took 0.008517 secs]
