	[19/Aug/27 19:24:21][AUDIT][5ce8a2njcv9ea1etrejh5msa3r][GUI - Test Project ID : 71110]
		Login for 'terence.keegan' from '209.253.35.146' succeeded
[<<][5d658365067eb785159939][DEFAULT][/login.php][19/Aug/27 19:24:21][19/Aug/27 19:24:21][took 0.061213 secs]
[<<][5d65836522fac712367908][DEFAULT][/index.php][19/Aug/27 19:24:21][19/Aug/27 19:24:21][took 0.003652 secs]
[>>][5d65836523eba222203706][DEFAULT][/index.php][19/Aug/27 19:24:21]
[<<][5d65836523eba222203706][DEFAULT][/index.php][19/Aug/27 19:24:21][19/Aug/27 19:24:21][took 0.001617 secs]
[<<][5d6583652ff68586186331][DEFAULT][/lib/general/mainPage.php][19/Aug/27 19:24:21][19/Aug/27 19:24:21][took 0.003267 secs]
[>>][5d65836530cf1967664976][DEFAULT][/lib/general/mainPage.php][19/Aug/27 19:24:21]
[<<][5d65836530cf1967664976][DEFAULT][/lib/general/mainPage.php][19/Aug/27 19:24:21][19/Aug/27 19:24:21][took 0.001791 secs]
[>>][5d65836531495516761853][DEFAULT][/lib/general/mainPage.php][19/Aug/27 19:24:21]
[<<][5d65836531495516761853][DEFAULT][/lib/general/mainPage.php][19/Aug/27 19:24:21][19/Aug/27 19:24:21][took 0.0068 secs]
[<<][5d6583652ff67356612790][DEFAULT][/lib/general/navBar.php][19/Aug/27 19:24:21][19/Aug/27 19:24:21][took 0.016742 secs]
[>>][5d65836534192880494639][DEFAULT][/lib/general/navBar.php][19/Aug/27 19:24:21]
[<<][5d65836534192880494639][DEFAULT][/lib/general/navBar.php][19/Aug/27 19:24:21][19/Aug/27 19:24:21][took 0.001328 secs]
[>>][5d6583653474c878148569][DEFAULT][/lib/general/navBar.php][19/Aug/27 19:24:21]
[<<][5d6583653474c878148569][DEFAULT][/lib/general/navBar.php][19/Aug/27 19:24:21][19/Aug/27 19:24:21][took 0.016523 secs]
[<<][5d65836c01e4b908622510][DEFAULT][/lib/general/navBar.php][19/Aug/27 19:24:28][19/Aug/27 19:24:28][took 0.003305 secs]
[>>][5d65836c02c00770059879][DEFAULT][/lib/general/navBar.php][19/Aug/27 19:24:28]
[<<][5d65836c02c00770059879][DEFAULT][/lib/general/navBar.php][19/Aug/27 19:24:28][19/Aug/27 19:24:28][took 0.001919 secs]
[>>][5d65836c0341e837567604][DEFAULT][/lib/general/navBar.php][19/Aug/27 19:24:28]
	[19/Aug/27 19:24:28][WARNING][5ce8a2njcv9ea1etrejh5msa3r][GUI - Test Project ID : 21]
		E_NOTICE
Undefined property: stdClass::$prefix - in /opt/bitnami/apps/testlink/htdocs/lib/general/navBar.php - Line 173
[<<][5d65836c0341e837567604][DEFAULT][/lib/general/navBar.php][19/Aug/27 19:24:28][19/Aug/27 19:24:28][took 0.046413 secs]
[<<][5d65836c2b995178057077][DEFAULT][/lib/general/mainPage.php][19/Aug/27 19:24:28][19/Aug/27 19:24:28][took 0.003266 secs]
[>>][5d65836c2c712653475451][DEFAULT][/lib/general/mainPage.php][19/Aug/27 19:24:28]
[<<][5d65836c2c712653475451][DEFAULT][/lib/general/mainPage.php][19/Aug/27 19:24:28][19/Aug/27 19:24:28][took 0.002198 secs]
[>>][5d65836c2d037510046994][DEFAULT][/lib/general/mainPage.php][19/Aug/27 19:24:28]
[<<][5d65836c2d037510046994][DEFAULT][/lib/general/mainPage.php][19/Aug/27 19:24:28][19/Aug/27 19:24:28][took 0.004724 secs]
[<<][5d658372d79d5043119642][DEFAULT][/lib/general/frmWorkArea.php][19/Aug/27 19:24:34][19/Aug/27 19:24:34][took 0.00344 secs]
[>>][5d658372d880b394518014][DEFAULT][/lib/general/frmWorkArea.php][19/Aug/27 19:24:34]
[<<][5d658372d880b394518014][DEFAULT][/lib/general/frmWorkArea.php][19/Aug/27 19:24:34][19/Aug/27 19:24:34][took 0.001813 secs]
[>>][5d658372d8fbe684796746][DEFAULT][/lib/general/frmWorkArea.php][19/Aug/27 19:24:34]
[<<][5d658372d8fbe684796746][DEFAULT][/lib/general/frmWorkArea.php][19/Aug/27 19:24:34][19/Aug/27 19:24:34][took 0.006929 secs]
[<<][5d658372e5336130195384][DEFAULT][/lib/execute/execNavigator.php][19/Aug/27 19:24:34][19/Aug/27 19:24:34][took 0.002723 secs]
[>>][5d658372e5e79311625525][DEFAULT][/lib/execute/execNavigator.php][19/Aug/27 19:24:34]
[<<][5d658372e5e79311625525][DEFAULT][/lib/execute/execNavigator.php][19/Aug/27 19:24:34][19/Aug/27 19:24:34][took 0.00213 secs]
[>>][5d658372e6750356027812][DEFAULT][/lib/execute/execNavigator.php][19/Aug/27 19:24:34]
[<<][5d658372e6750356027812][DEFAULT][/lib/execute/execNavigator.php][19/Aug/27 19:24:34][19/Aug/27 19:24:35][took 0.156057 secs]
[<<][5d658372f12b0606307927][DEFAULT][/lib/execute/execDashboard.php][19/Aug/27 19:24:34][19/Aug/27 19:24:35][took 0.117633 secs]
[>>][5d65837319ca5841636417][DEFAULT][/lib/execute/execDashboard.php][19/Aug/27 19:24:35]
[<<][5d65837319ca5841636417][DEFAULT][/lib/execute/execDashboard.php][19/Aug/27 19:24:35][19/Aug/27 19:24:35][took 0.001549 secs]
[>>][5d6583731a34b052673943][DEFAULT][/lib/execute/execDashboard.php][19/Aug/27 19:24:35]
[<<][5d6583731a34b052673943][DEFAULT][/lib/execute/execDashboard.php][19/Aug/27 19:24:35][19/Aug/27 19:24:35][took 0.008758 secs]
[<<][5d6583734b123058899380][DEFAULT][/lib/execute/execDashboard.php][19/Aug/27 19:24:35][19/Aug/27 19:24:35][took 0.003289 secs]
[>>][5d6583734beb2302818664][DEFAULT][/lib/execute/execDashboard.php][19/Aug/27 19:24:35]
[<<][5d6583734beb2302818664][DEFAULT][/lib/execute/execDashboard.php][19/Aug/27 19:24:35][19/Aug/27 19:24:35][took 0.00172 secs]
[>>][5d6583734c609197154549][DEFAULT][/lib/execute/execDashboard.php][19/Aug/27 19:24:35]
[<<][5d6583734c609197154549][DEFAULT][/lib/execute/execDashboard.php][19/Aug/27 19:24:35][19/Aug/27 19:24:35][took 0.007856 secs]
[<<][5d658377e011f622741393][DEFAULT][/index.php][19/Aug/27 19:24:39][19/Aug/27 19:24:39][took 0.003153 secs]
[>>][5d658377e0e37737598032][DEFAULT][/index.php][19/Aug/27 19:24:39]
[<<][5d658377e0e37737598032][DEFAULT][/index.php][19/Aug/27 19:24:39][19/Aug/27 19:24:39][took 0.0015320000000001 secs]
[<<][5d658377ecf0c593195814][DEFAULT][/lib/general/mainPage.php][19/Aug/27 19:24:39][19/Aug/27 19:24:39][took 0.002797 secs]
[>>][5d658377eda9b561325479][DEFAULT][/lib/general/mainPage.php][19/Aug/27 19:24:39]
[<<][5d658377eda9b561325479][DEFAULT][/lib/general/mainPage.php][19/Aug/27 19:24:39][19/Aug/27 19:24:39][took 0.002063 secs]
[>>][5d658377ee349054582274][DEFAULT][/lib/general/mainPage.php][19/Aug/27 19:24:39]
[<<][5d658377ee349054582274][DEFAULT][/lib/general/mainPage.php][19/Aug/27 19:24:39][19/Aug/27 19:24:39][took 0.0049790000000001 secs]
[<<][5d658377ecf24721390818][DEFAULT][/lib/general/navBar.php][19/Aug/27 19:24:39][19/Aug/27 19:24:39][took 0.01581 secs]
[>>][5d658377f0d81337957206][DEFAULT][/lib/general/navBar.php][19/Aug/27 19:24:39]
[<<][5d658377f0d81337957206][DEFAULT][/lib/general/navBar.php][19/Aug/27 19:24:39][19/Aug/27 19:24:39][took 0.001502 secs]
[>>][5d658377f13ec198451659][DEFAULT][/lib/general/navBar.php][19/Aug/27 19:24:39]
[<<][5d658377f13ec198451659][DEFAULT][/lib/general/navBar.php][19/Aug/27 19:24:39][19/Aug/27 19:24:39][took 0.007474 secs]
[<<][5d65837d4de4a277153506][DEFAULT][/lib/general/mainPage.php][19/Aug/27 19:24:45][19/Aug/27 19:24:45][took 0.003294 secs]
[>>][5d65837d4ebe8608790456][DEFAULT][/lib/general/mainPage.php][19/Aug/27 19:24:45]
[<<][5d65837d4ebe8608790456][DEFAULT][/lib/general/mainPage.php][19/Aug/27 19:24:45][19/Aug/27 19:24:45][took 0.001928 secs]
[>>][5d65837d4f40c862467867][DEFAULT][/lib/general/mainPage.php][19/Aug/27 19:24:45]
[<<][5d65837d4f40c862467867][DEFAULT][/lib/general/mainPage.php][19/Aug/27 19:24:45][19/Aug/27 19:24:45][took 0.008412 secs]
