	[19/Aug/16 16:00:21][AUDIT][e6uhsrepq7qc9i8afogdt0upsd][GUI - Test Project ID : 71110]
		Login for 'john.petersen' from '209.253.35.146' succeeded
[<<][5d56d315a1a7e562809884][DEFAULT][/login.php][19/Aug/16 16:00:21][19/Aug/16 16:00:21][took 0.044613 secs]
[<<][5d56d315d65bd088481036][DEFAULT][/index.php][19/Aug/16 16:00:21][19/Aug/16 16:00:21][took 0.003331 secs]
[>>][5d56d315d73cb245653473][DEFAULT][/index.php][19/Aug/16 16:00:21]
[<<][5d56d315d73cb245653473][DEFAULT][/index.php][19/Aug/16 16:00:21][19/Aug/16 16:00:21][took 0.001371 secs]
[<<][5d56d3160471d412735729][DEFAULT][/lib/general/navBar.php][19/Aug/16 16:00:22][19/Aug/16 16:00:22][took 0.00329 secs]
[>>][5d56d316054c5447454553][DEFAULT][/lib/general/navBar.php][19/Aug/16 16:00:22]
[<<][5d56d316054c5447454553][DEFAULT][/lib/general/navBar.php][19/Aug/16 16:00:22][19/Aug/16 16:00:22][took 0.001946 secs]
[>>][5d56d31605cfc142286209][DEFAULT][/lib/general/navBar.php][19/Aug/16 16:00:22]
[<<][5d56d31605cfc142286209][DEFAULT][/lib/general/navBar.php][19/Aug/16 16:00:22][19/Aug/16 16:00:22][took 0.008645 secs]
[<<][5d56d31604720811029222][DEFAULT][/lib/general/mainPage.php][19/Aug/16 16:00:22][19/Aug/16 16:00:22][took 0.021209 secs]
[>>][5d56d31609ab4030260125][DEFAULT][/lib/general/mainPage.php][19/Aug/16 16:00:22]
[<<][5d56d31609ab4030260125][DEFAULT][/lib/general/mainPage.php][19/Aug/16 16:00:22][19/Aug/16 16:00:22][took 0.013648 secs]
[>>][5d56d3160d09f012358769][DEFAULT][/lib/general/mainPage.php][19/Aug/16 16:00:22]
[<<][5d56d3160d09f012358769][DEFAULT][/lib/general/mainPage.php][19/Aug/16 16:00:22][19/Aug/16 16:00:22][took 0.019264 secs]
[<<][5d56d3457c6e5806451358][DEFAULT][/index.php][19/Aug/16 16:01:09][19/Aug/16 16:01:09][took 0.003413 secs]
[>>][5d56d3457d502282729307][DEFAULT][/index.php][19/Aug/16 16:01:09]
[<<][5d56d3457d502282729307][DEFAULT][/index.php][19/Aug/16 16:01:09][19/Aug/16 16:01:09][took 0.0021990000000001 secs]
[<<][5d56d345a0a65178617223][DEFAULT][/lib/general/mainPage.php][19/Aug/16 16:01:09][19/Aug/16 16:01:09][took 0.0032960000000001 secs]
[>>][5d56d345a180b756902824][DEFAULT][/lib/general/mainPage.php][19/Aug/16 16:01:09]
[<<][5d56d345a180b756902824][DEFAULT][/lib/general/mainPage.php][19/Aug/16 16:01:09][19/Aug/16 16:01:09][took 0.002223 secs]
[>>][5d56d345a2158418215020][DEFAULT][/lib/general/mainPage.php][19/Aug/16 16:01:09]
	[19/Aug/16 16:01:09][WARNING][e6uhsrepq7qc9i8afogdt0upsd][GUI - Test Project ID : 71110]
		E_NOTICE
Undefined index: platform_view - in /opt/bitnami/apps/testlink/htdocs/gui/templates_c/835a037b28214872edd369779d57f903f1734c6a.file.mainPageLeft.tpl.php - Line 205
[<<][5d56d345a2158418215020][DEFAULT][/lib/general/mainPage.php][19/Aug/16 16:01:09][19/Aug/16 16:01:09][took 0.059947 secs]
[<<][5d56d345a0a66845622671][DEFAULT][/lib/general/navBar.php][19/Aug/16 16:01:09][19/Aug/16 16:01:09][took 0.082066 secs]
[>>][5d56d345b4bbc337246296][DEFAULT][/lib/general/navBar.php][19/Aug/16 16:01:09]
[<<][5d56d345b4bbc337246296][DEFAULT][/lib/general/navBar.php][19/Aug/16 16:01:09][19/Aug/16 16:01:09][took 0.001862 secs]
[>>][5d56d345b539b429688280][DEFAULT][/lib/general/navBar.php][19/Aug/16 16:01:09]
[<<][5d56d345b539b429688280][DEFAULT][/lib/general/navBar.php][19/Aug/16 16:01:09][19/Aug/16 16:01:09][took 0.004247 secs]
[<<][5d56d36107ef4311049235][DEFAULT][/index.php][19/Aug/16 16:01:37][19/Aug/16 16:01:37][took 0.002892 secs]
[>>][5d56d36108aee021487071][DEFAULT][/index.php][19/Aug/16 16:01:37]
[<<][5d56d36108aee021487071][DEFAULT][/index.php][19/Aug/16 16:01:37][19/Aug/16 16:01:37][took 0.001692 secs]
[<<][5d56d36128719913412699][DEFAULT][/lib/general/navBar.php][19/Aug/16 16:01:37][19/Aug/16 16:01:37][took 0.003022 secs]
[>>][5d56d361293a8067371391][DEFAULT][/lib/general/navBar.php][19/Aug/16 16:01:37]
[<<][5d56d361293a8067371391][DEFAULT][/lib/general/navBar.php][19/Aug/16 16:01:37][19/Aug/16 16:01:37][took 0.00195 secs]
[>>][5d56d36129bd7656924623][DEFAULT][/lib/general/navBar.php][19/Aug/16 16:01:37]
[<<][5d56d36129bd7656924623][DEFAULT][/lib/general/navBar.php][19/Aug/16 16:01:37][19/Aug/16 16:01:37][took 0.0057 secs]
[<<][5d56d36128719563191339][DEFAULT][/lib/general/mainPage.php][19/Aug/16 16:01:37][19/Aug/16 16:01:37][took 0.012183 secs]
[>>][5d56d3612b763607513427][DEFAULT][/lib/general/mainPage.php][19/Aug/16 16:01:37]
[<<][5d56d3612b763607513427][DEFAULT][/lib/general/mainPage.php][19/Aug/16 16:01:37][19/Aug/16 16:01:37][took 0.001551 secs]
[>>][5d56d3612bdfc083289043][DEFAULT][/lib/general/mainPage.php][19/Aug/16 16:01:37]
	[19/Aug/16 16:01:37][WARNING][e6uhsrepq7qc9i8afogdt0upsd][GUI - Test Project ID : 71110]
		E_NOTICE
Undefined index: platform_view - in /opt/bitnami/apps/testlink/htdocs/gui/templates_c/835a037b28214872edd369779d57f903f1734c6a.file.mainPageLeft.tpl.php - Line 205
[<<][5d56d3612bdfc083289043][DEFAULT][/lib/general/mainPage.php][19/Aug/16 16:01:37][19/Aug/16 16:01:37][took 0.060082 secs]
[<<][5d56d36742b2a262420146][DEFAULT][/lib/general/navBar.php][19/Aug/16 16:01:43][19/Aug/16 16:01:43][took 0.003237 secs]
[>>][5d56d3674388a713231997][DEFAULT][/lib/general/navBar.php][19/Aug/16 16:01:43]
[<<][5d56d3674388a713231997][DEFAULT][/lib/general/navBar.php][19/Aug/16 16:01:43][19/Aug/16 16:01:43][took 0.002157 secs]
[>>][5d56d36744195694001135][DEFAULT][/lib/general/navBar.php][19/Aug/16 16:01:43]
	[19/Aug/16 16:01:43][WARNING][e6uhsrepq7qc9i8afogdt0upsd][GUI - Test Project ID : 21]
		E_NOTICE
Undefined property: stdClass::$prefix - in /opt/bitnami/apps/testlink/htdocs/lib/general/navBar.php - Line 173
[<<][5d56d36744195694001135][DEFAULT][/lib/general/navBar.php][19/Aug/16 16:01:43][19/Aug/16 16:01:43][took 0.040419 secs]
[<<][5d56d3678061c231828741][DEFAULT][/lib/general/mainPage.php][19/Aug/16 16:01:43][19/Aug/16 16:01:43][took 0.0030519999999999 secs]
[>>][5d56d367812c6612846680][DEFAULT][/lib/general/mainPage.php][19/Aug/16 16:01:43]
[<<][5d56d367812c6612846680][DEFAULT][/lib/general/mainPage.php][19/Aug/16 16:01:43][19/Aug/16 16:01:43][took 0.00186 secs]
[>>][5d56d36781a9a260607950][DEFAULT][/lib/general/mainPage.php][19/Aug/16 16:01:43]
	[19/Aug/16 16:01:43][WARNING][e6uhsrepq7qc9i8afogdt0upsd][GUI - Test Project ID : 21]
		E_NOTICE
Undefined index: platform_view - in /opt/bitnami/apps/testlink/htdocs/gui/templates_c/835a037b28214872edd369779d57f903f1734c6a.file.mainPageLeft.tpl.php - Line 205
[<<][5d56d36781a9a260607950][DEFAULT][/lib/general/mainPage.php][19/Aug/16 16:01:43][19/Aug/16 16:01:43][took 0.052884 secs]
[<<][5d56d38d5837e629475821][DEFAULT][/lib/general/frmWorkArea.php][19/Aug/16 16:02:21][19/Aug/16 16:02:21][took 0.003409 secs]
[>>][5d56d38d59196035641084][DEFAULT][/lib/general/frmWorkArea.php][19/Aug/16 16:02:21]
[<<][5d56d38d59196035641084][DEFAULT][/lib/general/frmWorkArea.php][19/Aug/16 16:02:21][19/Aug/16 16:02:21][took 0.002252 secs]
[>>][5d56d38d59b03166896081][DEFAULT][/lib/general/frmWorkArea.php][19/Aug/16 16:02:21]
[<<][5d56d38d59b03166896081][DEFAULT][/lib/general/frmWorkArea.php][19/Aug/16 16:02:21][19/Aug/16 16:02:21][took 0.00083100000000003 secs]
[<<][5d56d38d84cbf664867503][DEFAULT][/lib/testcases/listTestCases.php][19/Aug/16 16:02:21][19/Aug/16 16:02:21][took 0.0072989999999999 secs]
[>>][5d56d38d86a10167457247][DEFAULT][/lib/testcases/listTestCases.php][19/Aug/16 16:02:21]
[<<][5d56d38d86a10167457247][DEFAULT][/lib/testcases/listTestCases.php][19/Aug/16 16:02:21][19/Aug/16 16:02:21][took 0.00156 secs]
[>>][5d56d38d870b2299291854][DEFAULT][/lib/testcases/listTestCases.php][19/Aug/16 16:02:21]
[<<][5d56d38d870b2299291854][DEFAULT][/lib/testcases/listTestCases.php][19/Aug/16 16:02:21][19/Aug/16 16:02:21][took 0.021543 secs]
[<<][5d56d38d90c03015708212][DEFAULT][/lib/testcases/archiveData.php][19/Aug/16 16:02:21][19/Aug/16 16:02:21][took 0.002999 secs]
[>>][5d56d38d91896688560303][DEFAULT][/lib/testcases/archiveData.php][19/Aug/16 16:02:21]
[<<][5d56d38d91896688560303][DEFAULT][/lib/testcases/archiveData.php][19/Aug/16 16:02:21][19/Aug/16 16:02:21][took 0.001702 secs]
[>>][5d56d38d91fcb375184358][DEFAULT][/lib/testcases/archiveData.php][19/Aug/16 16:02:21]
[<<][5d56d38d91fcb375184358][DEFAULT][/lib/testcases/archiveData.php][19/Aug/16 16:02:21][19/Aug/16 16:02:21][took 0.007285 secs]
[<<][5d56d38e48243644043488][DEFAULT][/lib/ajax/gettprojectnodes.php][19/Aug/16 16:02:22][19/Aug/16 16:02:22][took 0.003001 secs]
[>>][5d56d38e48f3d112009969][DEFAULT][/lib/ajax/gettprojectnodes.php][19/Aug/16 16:02:22]
[<<][5d56d38e48f3d112009969][DEFAULT][/lib/ajax/gettprojectnodes.php][19/Aug/16 16:02:22][19/Aug/16 16:02:22][took 0.002077 secs]
[>>][5d56d38e497f2371745156][DEFAULT][/lib/ajax/gettprojectnodes.php][19/Aug/16 16:02:22]
[<<][5d56d38e497f2371745156][DEFAULT][/lib/ajax/gettprojectnodes.php][19/Aug/16 16:02:22][19/Aug/16 16:02:22][took 0.012736 secs]
[<<][5d56d39861dc0516564639][DEFAULT][/lib/ajax/gettprojectnodes.php][19/Aug/16 16:02:32][19/Aug/16 16:02:32][took 0.00332 secs]
[>>][5d56d39862b9b401186992][DEFAULT][/lib/ajax/gettprojectnodes.php][19/Aug/16 16:02:32]
[<<][5d56d39862b9b401186992][DEFAULT][/lib/ajax/gettprojectnodes.php][19/Aug/16 16:02:32][19/Aug/16 16:02:32][took 0.002227 secs]
[>>][5d56d398634ea579625039][DEFAULT][/lib/ajax/gettprojectnodes.php][19/Aug/16 16:02:32]
[<<][5d56d398634ea579625039][DEFAULT][/lib/ajax/gettprojectnodes.php][19/Aug/16 16:02:32][19/Aug/16 16:02:32][took 0.001955 secs]
[<<][5d56d39a950d8012009383][DEFAULT][/lib/ajax/gettprojectnodes.php][19/Aug/16 16:02:34][19/Aug/16 16:02:34][took 0.018714 secs]
[>>][5d56d39a99ad6468559350][DEFAULT][/lib/ajax/gettprojectnodes.php][19/Aug/16 16:02:34]
[<<][5d56d39a99ad6468559350][DEFAULT][/lib/ajax/gettprojectnodes.php][19/Aug/16 16:02:34][19/Aug/16 16:02:34][took 0.002451 secs]
[>>][5d56d39a9a521974267486][DEFAULT][/lib/ajax/gettprojectnodes.php][19/Aug/16 16:02:34]
[<<][5d56d39a9a521974267486][DEFAULT][/lib/ajax/gettprojectnodes.php][19/Aug/16 16:02:34][19/Aug/16 16:02:34][took 0.002254 secs]
[<<][5d56d39e1cb07247091754][DEFAULT][/lib/ajax/gettprojectnodes.php][19/Aug/16 16:02:38][19/Aug/16 16:02:38][took 0.00331 secs]
[>>][5d56d39e1d8c7570161763][DEFAULT][/lib/ajax/gettprojectnodes.php][19/Aug/16 16:02:38]
[<<][5d56d39e1d8c7570161763][DEFAULT][/lib/ajax/gettprojectnodes.php][19/Aug/16 16:02:38][19/Aug/16 16:02:38][took 0.002214 secs]
[>>][5d56d39e1e20a224952862][DEFAULT][/lib/ajax/gettprojectnodes.php][19/Aug/16 16:02:38]
[<<][5d56d39e1e20a224952862][DEFAULT][/lib/ajax/gettprojectnodes.php][19/Aug/16 16:02:38][19/Aug/16 16:02:38][took 0.002072 secs]
[<<][5d56d3a1759c6778479975][DEFAULT][/lib/testcases/archiveData.php][19/Aug/16 16:02:41][19/Aug/16 16:02:41][took 0.002981 secs]
[>>][5d56d3a176630408685611][DEFAULT][/lib/testcases/archiveData.php][19/Aug/16 16:02:41]
[<<][5d56d3a176630408685611][DEFAULT][/lib/testcases/archiveData.php][19/Aug/16 16:02:41][19/Aug/16 16:02:41][took 0.001691 secs]
[>>][5d56d3a176d5b116956701][DEFAULT][/lib/testcases/archiveData.php][19/Aug/16 16:02:41]
[<<][5d56d3a176d5b116956701][DEFAULT][/lib/testcases/archiveData.php][19/Aug/16 16:02:41][19/Aug/16 16:02:41][took 0.036122 secs]
[<<][5d56d3a937569756351699][DEFAULT][/lib/ajax/gettprojectnodes.php][19/Aug/16 16:02:49][19/Aug/16 16:02:49][took 0.003054 secs]
[>>][5d56d3a93821b608204777][DEFAULT][/lib/ajax/gettprojectnodes.php][19/Aug/16 16:02:49]
[<<][5d56d3a93821b608204777][DEFAULT][/lib/ajax/gettprojectnodes.php][19/Aug/16 16:02:49][19/Aug/16 16:02:49][took 0.002367 secs]
[>>][5d56d3a938bf9176170272][DEFAULT][/lib/ajax/gettprojectnodes.php][19/Aug/16 16:02:49]
[<<][5d56d3a938bf9176170272][DEFAULT][/lib/ajax/gettprojectnodes.php][19/Aug/16 16:02:49][19/Aug/16 16:02:49][took 0.00249 secs]
[<<][5d56d3ae61196521869750][DEFAULT][/lib/ajax/gettprojectnodes.php][19/Aug/16 16:02:54][19/Aug/16 16:02:54][took 0.003403 secs]
[>>][5d56d3ae61fc3868940525][DEFAULT][/lib/ajax/gettprojectnodes.php][19/Aug/16 16:02:54]
[<<][5d56d3ae61fc3868940525][DEFAULT][/lib/ajax/gettprojectnodes.php][19/Aug/16 16:02:54][19/Aug/16 16:02:54][took 0.002219 secs]
[>>][5d56d3ae6290d428355334][DEFAULT][/lib/ajax/gettprojectnodes.php][19/Aug/16 16:02:54]
[<<][5d56d3ae6290d428355334][DEFAULT][/lib/ajax/gettprojectnodes.php][19/Aug/16 16:02:54][19/Aug/16 16:02:54][took 0.001902 secs]
[<<][5d56d3b4d875b495482312][DEFAULT][/lib/ajax/gettprojectnodes.php][19/Aug/16 16:03:00][19/Aug/16 16:03:00][took 0.0030659999999999 secs]
[>>][5d56d3b4d9428461239252][DEFAULT][/lib/ajax/gettprojectnodes.php][19/Aug/16 16:03:00]
[<<][5d56d3b4d9428461239252][DEFAULT][/lib/ajax/gettprojectnodes.php][19/Aug/16 16:03:00][19/Aug/16 16:03:00][took 0.001764 secs]
[>>][5d56d3b4d9ba2900968750][DEFAULT][/lib/ajax/gettprojectnodes.php][19/Aug/16 16:03:00]
[<<][5d56d3b4d9ba2900968750][DEFAULT][/lib/ajax/gettprojectnodes.php][19/Aug/16 16:03:00][19/Aug/16 16:03:00][took 0.001047 secs]
[<<][5d56d3b6eb491384063534][DEFAULT][/lib/testcases/archiveData.php][19/Aug/16 16:03:02][19/Aug/16 16:03:02][took 0.0033029999999999 secs]
[>>][5d56d3b6ec234538485381][DEFAULT][/lib/testcases/archiveData.php][19/Aug/16 16:03:02]
[<<][5d56d3b6ec234538485381][DEFAULT][/lib/testcases/archiveData.php][19/Aug/16 16:03:02][19/Aug/16 16:03:02][took 0.002196 secs]
[>>][5d56d3b6ecb69044910666][DEFAULT][/lib/testcases/archiveData.php][19/Aug/16 16:03:02]
[<<][5d56d3b6ecb69044910666][DEFAULT][/lib/testcases/archiveData.php][19/Aug/16 16:03:02][19/Aug/16 16:03:02][took 0.009926 secs]
[<<][5d56d3baf26aa782961664][DEFAULT][/lib/ajax/gettprojectnodes.php][19/Aug/16 16:03:06][19/Aug/16 16:03:06][took 0.003203 secs]
[>>][5d56d3baf33ee253040673][DEFAULT][/lib/ajax/gettprojectnodes.php][19/Aug/16 16:03:06]
[<<][5d56d3baf33ee253040673][DEFAULT][/lib/ajax/gettprojectnodes.php][19/Aug/16 16:03:06][19/Aug/16 16:03:06][took 0.0018009999999999 secs]
[>>][5d56d3baf3b90718738779][DEFAULT][/lib/ajax/gettprojectnodes.php][19/Aug/16 16:03:06]
[<<][5d56d3baf3b90718738779][DEFAULT][/lib/ajax/gettprojectnodes.php][19/Aug/16 16:03:06][19/Aug/16 16:03:06][took 0.001908 secs]
[<<][5d56d3bf52c12072407172][DEFAULT][/lib/testcases/archiveData.php][19/Aug/16 16:03:11][19/Aug/16 16:03:11][took 0.00347 secs]
[>>][5d56d3bf53a65484506152][DEFAULT][/lib/testcases/archiveData.php][19/Aug/16 16:03:11]
[<<][5d56d3bf53a65484506152][DEFAULT][/lib/testcases/archiveData.php][19/Aug/16 16:03:11][19/Aug/16 16:03:11][took 0.001893 secs]
[>>][5d56d3bf5426a821062025][DEFAULT][/lib/testcases/archiveData.php][19/Aug/16 16:03:11]
[<<][5d56d3bf5426a821062025][DEFAULT][/lib/testcases/archiveData.php][19/Aug/16 16:03:11][19/Aug/16 16:03:11][took 0.040455 secs]
[<<][5d56d3d960532743555604][DEFAULT][/lib/testcases/listTestCases.php][19/Aug/16 16:03:37][19/Aug/16 16:03:37][took 0.003742 secs]
[>>][5d56d3d961491965099331][DEFAULT][/lib/testcases/listTestCases.php][19/Aug/16 16:03:37]
[<<][5d56d3d961491965099331][DEFAULT][/lib/testcases/listTestCases.php][19/Aug/16 16:03:37][19/Aug/16 16:03:37][took 0.002465 secs]
[>>][5d56d3d961ed1610275099][DEFAULT][/lib/testcases/listTestCases.php][19/Aug/16 16:03:37]
[<<][5d56d3d961ed1610275099][DEFAULT][/lib/testcases/listTestCases.php][19/Aug/16 16:03:37][19/Aug/16 16:03:39][took 2.340373 secs]
[<<][5d56d4205d693767709469][DEFAULT][/index.php][19/Aug/16 16:04:48][19/Aug/16 16:04:48][took 0.007062 secs]
[>>][5d56d4205f2d2353630649][DEFAULT][/index.php][19/Aug/16 16:04:48]
[<<][5d56d4205f2d2353630649][DEFAULT][/index.php][19/Aug/16 16:04:48][19/Aug/16 16:04:48][took 0.001436 secs]
[<<][5d56d42079dac838980964][DEFAULT][/lib/general/navBar.php][19/Aug/16 16:04:48][19/Aug/16 16:04:48][took 0.002849 secs]
[>>][5d56d4207a995879729321][DEFAULT][/lib/general/navBar.php][19/Aug/16 16:04:48]
[<<][5d56d4207a995879729321][DEFAULT][/lib/general/navBar.php][19/Aug/16 16:04:48][19/Aug/16 16:04:48][took 0.0024299999999999 secs]
[>>][5d56d4207b3a6915951662][DEFAULT][/lib/general/navBar.php][19/Aug/16 16:04:48]
[<<][5d56d4207b3a6915951662][DEFAULT][/lib/general/navBar.php][19/Aug/16 16:04:48][19/Aug/16 16:04:48][took 0.008424 secs]
[<<][5d56d42087460091358621][DEFAULT][/lib/general/mainPage.php][19/Aug/16 16:04:48][19/Aug/16 16:04:48][took 0.003219 secs]
[>>][5d56d420881c4151696214][DEFAULT][/lib/general/mainPage.php][19/Aug/16 16:04:48]
[<<][5d56d420881c4151696214][DEFAULT][/lib/general/mainPage.php][19/Aug/16 16:04:48][19/Aug/16 16:04:48][took 0.0054670000000001 secs]
[>>][5d56d420897b5154591376][DEFAULT][/lib/general/mainPage.php][19/Aug/16 16:04:48]
	[19/Aug/16 16:04:48][WARNING][e6uhsrepq7qc9i8afogdt0upsd][GUI - Test Project ID : 21]
		E_NOTICE
Undefined index: platform_view - in /opt/bitnami/apps/testlink/htdocs/gui/templates_c/835a037b28214872edd369779d57f903f1734c6a.file.mainPageLeft.tpl.php - Line 205
[<<][5d56d420897b5154591376][DEFAULT][/lib/general/mainPage.php][19/Aug/16 16:04:48][19/Aug/16 16:04:48][took 0.076798 secs]
[<<][5d56d42b1a594180742392][DEFAULT][/lib/general/frmWorkArea.php][19/Aug/16 16:04:59][19/Aug/16 16:04:59][took 0.002812 secs]
[>>][5d56d42b1b161164483997][DEFAULT][/lib/general/frmWorkArea.php][19/Aug/16 16:04:59]
[<<][5d56d42b1b161164483997][DEFAULT][/lib/general/frmWorkArea.php][19/Aug/16 16:04:59][19/Aug/16 16:04:59][took 0.002646 secs]
[>>][5d56d42b1bc4c083800725][DEFAULT][/lib/general/frmWorkArea.php][19/Aug/16 16:04:59]
[<<][5d56d42b1bc4c083800725][DEFAULT][/lib/general/frmWorkArea.php][19/Aug/16 16:04:59][19/Aug/16 16:04:59][took 0.007439 secs]
[<<][5d56d42b45d27211394132][DEFAULT][/lib/results/resultsNavigator.php][19/Aug/16 16:04:59][19/Aug/16 16:04:59][took 0.00346 secs]
[>>][5d56d42b46b6d515906248][DEFAULT][/lib/results/resultsNavigator.php][19/Aug/16 16:04:59]
[<<][5d56d42b46b6d515906248][DEFAULT][/lib/results/resultsNavigator.php][19/Aug/16 16:04:59][19/Aug/16 16:04:59][took 0.002238 secs]
[>>][5d56d42b474cd856093084][DEFAULT][/lib/results/resultsNavigator.php][19/Aug/16 16:04:59]
	[19/Aug/16 16:04:59][L18N][e6uhsrepq7qc9i8afogdt0upsd][GUI - Test Project ID : 21]
		string 'link_report_test_flat_custom' is not localized for locale 'en_GB' 
	[19/Aug/16 16:04:59][L18N][e6uhsrepq7qc9i8afogdt0upsd][GUI - Test Project ID : 21]
		string 'format_pds' is not localized for locale 'en_GB' 
[<<][5d56d42b474cd856093084][DEFAULT][/lib/results/resultsNavigator.php][19/Aug/16 16:04:59][19/Aug/16 16:04:59][took 0.078696 secs]
[<<][5d56d42b5163d232527180][DEFAULT][/lib/general/staticPage.php][19/Aug/16 16:04:59][19/Aug/16 16:04:59][took 0.055174 secs]
[>>][5d56d42b5ee76964333342][DEFAULT][/lib/general/staticPage.php][19/Aug/16 16:04:59]
[<<][5d56d42b5ee76964333342][DEFAULT][/lib/general/staticPage.php][19/Aug/16 16:04:59][19/Aug/16 16:04:59][took 0.001631 secs]
[>>][5d56d42b5f712284620041][DEFAULT][/lib/general/staticPage.php][19/Aug/16 16:04:59]
[<<][5d56d42b5f712284620041][DEFAULT][/lib/general/staticPage.php][19/Aug/16 16:04:59][19/Aug/16 16:04:59][took 0.00095000000000001 secs]
[<<][5d56d42bb43ad837313273][DEFAULT][/lib/general/staticPage.php][19/Aug/16 16:04:59][19/Aug/16 16:04:59][took 0.003934 secs]
[>>][5d56d42bb53d3935894440][DEFAULT][/lib/general/staticPage.php][19/Aug/16 16:04:59]
[<<][5d56d42bb53d3935894440][DEFAULT][/lib/general/staticPage.php][19/Aug/16 16:04:59][19/Aug/16 16:04:59][took 0.002216 secs]
[>>][5d56d42bb5d19561671066][DEFAULT][/lib/general/staticPage.php][19/Aug/16 16:04:59]
[<<][5d56d42bb5d19561671066][DEFAULT][/lib/general/staticPage.php][19/Aug/16 16:04:59][19/Aug/16 16:04:59][took 0.00084600000000001 secs]
[<<][5d56d437246c3229412838][DEFAULT][/lib/results/resultsNavigator.php][19/Aug/16 16:05:11][19/Aug/16 16:05:11][took 0.003411 secs]
[>>][5d56d437254df745715691][DEFAULT][/lib/results/resultsNavigator.php][19/Aug/16 16:05:11]
[<<][5d56d437254df745715691][DEFAULT][/lib/results/resultsNavigator.php][19/Aug/16 16:05:11][19/Aug/16 16:05:11][took 0.002111 secs]
[>>][5d56d43725dba577933012][DEFAULT][/lib/results/resultsNavigator.php][19/Aug/16 16:05:11]
[<<][5d56d43725dba577933012][DEFAULT][/lib/results/resultsNavigator.php][19/Aug/16 16:05:11][19/Aug/16 16:05:11][took 0.005112 secs]
[<<][5d56d437674ba530542221][DEFAULT][/lib/general/staticPage.php][19/Aug/16 16:05:11][19/Aug/16 16:05:11][took 0.003309 secs]
[>>][5d56d43768264553367252][DEFAULT][/lib/general/staticPage.php][19/Aug/16 16:05:11]
[<<][5d56d43768264553367252][DEFAULT][/lib/general/staticPage.php][19/Aug/16 16:05:11][19/Aug/16 16:05:11][took 0.002199 secs]
[>>][5d56d43768b98085052368][DEFAULT][/lib/general/staticPage.php][19/Aug/16 16:05:11]
[<<][5d56d43768b98085052368][DEFAULT][/lib/general/staticPage.php][19/Aug/16 16:05:11][19/Aug/16 16:05:11][took 0.00092499999999995 secs]
[<<][5d56d43d0a0a2027589675][DEFAULT][/lib/results/printDocOptions.php][19/Aug/16 16:05:17][19/Aug/16 16:05:17][took 0.003398 secs]
[>>][5d56d43d0aeb9596253589][DEFAULT][/lib/results/printDocOptions.php][19/Aug/16 16:05:17]
[<<][5d56d43d0aeb9596253589][DEFAULT][/lib/results/printDocOptions.php][19/Aug/16 16:05:17][19/Aug/16 16:05:17][took 0.002258 secs]
[>>][5d56d43d0b829331655886][DEFAULT][/lib/results/printDocOptions.php][19/Aug/16 16:05:17]
[<<][5d56d43d0b829331655886][DEFAULT][/lib/results/printDocOptions.php][19/Aug/16 16:05:17][19/Aug/16 16:05:17][took 0.048804 secs]
[<<][5d56d44c7c859396087361][DEFAULT][/lib/results/printDocument.php][19/Aug/16 16:05:32][19/Aug/16 16:05:32][took 0.003268 secs]
[>>][5d56d44c7d5e6798067589][DEFAULT][/lib/results/printDocument.php][19/Aug/16 16:05:32]
[<<][5d56d44c7d5e6798067589][DEFAULT][/lib/results/printDocument.php][19/Aug/16 16:05:32][19/Aug/16 16:05:32][took 0.0092639999999999 secs]
[>>][5d56d44c7fab2461352606][DEFAULT][/lib/results/printDocument.php][19/Aug/16 16:05:32]
[<<][5d56d44c7fab2461352606][DEFAULT][/lib/results/printDocument.php][19/Aug/16 16:05:32][19/Aug/16 16:05:33][took 0.594525 secs]
[<<][5d56d44d44df0040167423][DEFAULT][/lib/results/printDocument.php][19/Aug/16 16:05:33][19/Aug/16 16:05:33][took 0.00483 secs]
[>>][5d56d44d461ac709688451][DEFAULT][/lib/results/printDocument.php][19/Aug/16 16:05:33]
[<<][5d56d44d461ac709688451][DEFAULT][/lib/results/printDocument.php][19/Aug/16 16:05:33][19/Aug/16 16:05:33][took 0.002477 secs]
[>>][5d56d44d46c00166157866][DEFAULT][/lib/results/printDocument.php][19/Aug/16 16:05:33]
[<<][5d56d44d46c00166157866][DEFAULT][/lib/results/printDocument.php][19/Aug/16 16:05:33][19/Aug/16 16:05:33][took 0.146065 secs]
[<<][5d56d6221c86c274215976][DEFAULT][/lib/general/frmWorkArea.php][19/Aug/16 16:13:22][19/Aug/16 16:13:22][took 0.003664 secs]
[>>][5d56d6221d7ad831376293][DEFAULT][/lib/general/frmWorkArea.php][19/Aug/16 16:13:22]
[<<][5d56d6221d7ad831376293][DEFAULT][/lib/general/frmWorkArea.php][19/Aug/16 16:13:22][19/Aug/16 16:13:22][took 0.002542 secs]
[>>][5d56d6221e33a748245405][DEFAULT][/lib/general/frmWorkArea.php][19/Aug/16 16:13:22]
[<<][5d56d6221e33a748245405][DEFAULT][/lib/general/frmWorkArea.php][19/Aug/16 16:13:22][19/Aug/16 16:13:22][took 0.00079700000000001 secs]
[<<][5d56d62246b3d742284863][DEFAULT][/lib/testcases/listTestCases.php][19/Aug/16 16:13:22][19/Aug/16 16:13:22][took 0.00348 secs]
[>>][5d56d622479a1897444918][DEFAULT][/lib/testcases/listTestCases.php][19/Aug/16 16:13:22]
[<<][5d56d622479a1897444918][DEFAULT][/lib/testcases/listTestCases.php][19/Aug/16 16:13:22][19/Aug/16 16:13:22][took 0.002528 secs]
[>>][5d56d6224841e100037480][DEFAULT][/lib/testcases/listTestCases.php][19/Aug/16 16:13:22]
[<<][5d56d6224841e100037480][DEFAULT][/lib/testcases/listTestCases.php][19/Aug/16 16:13:22][19/Aug/16 16:13:22][took 0.014959 secs]
[<<][5d56d62252be7594860107][DEFAULT][/lib/testcases/archiveData.php][19/Aug/16 16:13:22][19/Aug/16 16:13:22][took 0.002934 secs]
[>>][5d56d6225380d076714858][DEFAULT][/lib/testcases/archiveData.php][19/Aug/16 16:13:22]
[<<][5d56d6225380d076714858][DEFAULT][/lib/testcases/archiveData.php][19/Aug/16 16:13:22][19/Aug/16 16:13:22][took 0.001674 secs]
[>>][5d56d62253f22928170918][DEFAULT][/lib/testcases/archiveData.php][19/Aug/16 16:13:22]
[<<][5d56d62253f22928170918][DEFAULT][/lib/testcases/archiveData.php][19/Aug/16 16:13:22][19/Aug/16 16:13:22][took 0.007713 secs]
[<<][5d56d622b961c610506548][DEFAULT][/lib/ajax/gettprojectnodes.php][19/Aug/16 16:13:22][19/Aug/16 16:13:22][took 0.003062 secs]
[>>][5d56d622ba2bf091735546][DEFAULT][/lib/ajax/gettprojectnodes.php][19/Aug/16 16:13:22]
[<<][5d56d622ba2bf091735546][DEFAULT][/lib/ajax/gettprojectnodes.php][19/Aug/16 16:13:22][19/Aug/16 16:13:22][took 0.0015959999999999 secs]
[>>][5d56d622ba985832632148][DEFAULT][/lib/ajax/gettprojectnodes.php][19/Aug/16 16:13:22]
[<<][5d56d622ba985832632148][DEFAULT][/lib/ajax/gettprojectnodes.php][19/Aug/16 16:13:22][19/Aug/16 16:13:22][took 0.01687 secs]
