	[19/Aug/16 15:07:07][AUDIT][8v9cdfjtrulmfal3p72omsh302][GUI - Test Project ID : 71110]
		Login for 'nathan.elmer' from '209.253.35.146' succeeded
[<<][5d56c69b4c81b315663082][DEFAULT][/login.php][19/Aug/16 15:07:07][19/Aug/16 15:07:07][took 0.056528 secs]
[<<][5d56c69b6c0e6125736085][DEFAULT][/index.php][19/Aug/16 15:07:07][19/Aug/16 15:07:07][took 0.003529 secs]
[>>][5d56c69b6cf70288586592][DEFAULT][/index.php][19/Aug/16 15:07:07]
[<<][5d56c69b6cf70288586592][DEFAULT][/index.php][19/Aug/16 15:07:07][19/Aug/16 15:07:07][took 0.001664 secs]
[<<][5d56c69b7fd96834325524][DEFAULT][/lib/general/navBar.php][19/Aug/16 15:07:07][19/Aug/16 15:07:07][took 0.002817 secs]
[>>][5d56c69b8094c943802463][DEFAULT][/lib/general/navBar.php][19/Aug/16 15:07:07]
[<<][5d56c69b8094c943802463][DEFAULT][/lib/general/navBar.php][19/Aug/16 15:07:07][19/Aug/16 15:07:07][took 0.001669 secs]
[>>][5d56c69b81069308392347][DEFAULT][/lib/general/navBar.php][19/Aug/16 15:07:07]
[<<][5d56c69b81069308392347][DEFAULT][/lib/general/navBar.php][19/Aug/16 15:07:07][19/Aug/16 15:07:07][took 0.005371 secs]
[<<][5d56c69b80758586860127][DEFAULT][/lib/general/mainPage.php][19/Aug/16 15:07:07][19/Aug/16 15:07:07][took 0.014429 secs]
[>>][5d56c69b8405e352985878][DEFAULT][/lib/general/mainPage.php][19/Aug/16 15:07:07]
[<<][5d56c69b8405e352985878][DEFAULT][/lib/general/mainPage.php][19/Aug/16 15:07:07][19/Aug/16 15:07:07][took 0.001466 secs]
[>>][5d56c69b846aa265444890][DEFAULT][/lib/general/mainPage.php][19/Aug/16 15:07:07]
[<<][5d56c69b846aa265444890][DEFAULT][/lib/general/mainPage.php][19/Aug/16 15:07:07][19/Aug/16 15:07:07][took 0.008958 secs]
	[19/Sep/24 17:43:31][AUDIT][vf2rnbuv3nevttkvt3o9ug659g][GUI - Test Project ID : 71110]
		Login for 'nathan.elmer' from '209.253.35.146' succeeded
[<<][5d8a55c351287933583738][DEFAULT][/login.php][19/Sep/24 17:43:31][19/Sep/24 17:43:31][took 0.047039 secs]
[<<][5d8a55c373c99023388842][DEFAULT][/index.php][19/Sep/24 17:43:31][19/Sep/24 17:43:31][took 0.003425 secs]
[>>][5d8a55c374ab4085178541][DEFAULT][/index.php][19/Sep/24 17:43:31]
[<<][5d8a55c374ab4085178541][DEFAULT][/index.php][19/Sep/24 17:43:31][19/Sep/24 17:43:31][took 0.00239 secs]
[<<][5d8a55c3864ef771346068][DEFAULT][/lib/general/navBar.php][19/Sep/24 17:43:31][19/Sep/24 17:43:31][took 0.003255 secs]
[>>][5d8a55c38726c260500264][DEFAULT][/lib/general/navBar.php][19/Sep/24 17:43:31]
[<<][5d8a55c38726c260500264][DEFAULT][/lib/general/navBar.php][19/Sep/24 17:43:31][19/Sep/24 17:43:31][took 0.0026390000000001 secs]
[>>][5d8a55c387d5b481017160][DEFAULT][/lib/general/navBar.php][19/Sep/24 17:43:31]
[<<][5d8a55c387d5b481017160][DEFAULT][/lib/general/navBar.php][19/Sep/24 17:43:31][19/Sep/24 17:43:31][took 0.004872 secs]
[<<][5d8a55c386710973238298][DEFAULT][/lib/general/mainPage.php][19/Sep/24 17:43:31][19/Sep/24 17:43:31][took 0.014352 secs]
[>>][5d8a55c389fc4512415477][DEFAULT][/lib/general/mainPage.php][19/Sep/24 17:43:31]
[<<][5d8a55c389fc4512415477][DEFAULT][/lib/general/mainPage.php][19/Sep/24 17:43:31][19/Sep/24 17:43:31][took 0.002074 secs]
[>>][5d8a55c38a873278606958][DEFAULT][/lib/general/mainPage.php][19/Sep/24 17:43:31]
	[19/Sep/24 17:43:31][WARNING][vf2rnbuv3nevttkvt3o9ug659g][GUI - Test Project ID : 71110]
		E_NOTICE
Undefined index: platform_view - in /opt/bitnami/apps/testlink/htdocs/gui/templates_c/835a037b28214872edd369779d57f903f1734c6a.file.mainPageLeft.tpl.php - Line 205
[<<][5d8a55c38a873278606958][DEFAULT][/lib/general/mainPage.php][19/Sep/24 17:43:31][19/Sep/24 17:43:31][took 0.062069 secs]
[<<][5d8a55c90079d494143269][DEFAULT][/lib/general/navBar.php][19/Sep/24 17:43:36][19/Sep/24 17:43:36][took 0.002804 secs]
[>>][5d8a55c901356461998492][DEFAULT][/lib/general/navBar.php][19/Sep/24 17:43:36]
[<<][5d8a55c901356461998492][DEFAULT][/lib/general/navBar.php][19/Sep/24 17:43:36][19/Sep/24 17:43:37][took 0.002099 secs]
[>>][5d8a55c901c1f679277313][DEFAULT][/lib/general/navBar.php][19/Sep/24 17:43:37]
	[19/Sep/24 17:43:37][WARNING][vf2rnbuv3nevttkvt3o9ug659g][GUI - Test Project ID : 21]
		E_NOTICE
Undefined property: stdClass::$prefix - in /opt/bitnami/apps/testlink/htdocs/lib/general/navBar.php - Line 173
[<<][5d8a55c901c1f679277313][DEFAULT][/lib/general/navBar.php][19/Sep/24 17:43:37][19/Sep/24 17:43:37][took 0.062789 secs]
[<<][5d8a55c93aa07602228022][DEFAULT][/lib/general/mainPage.php][19/Sep/24 17:43:37][19/Sep/24 17:43:37][took 0.00328 secs]
[>>][5d8a55c93b790135030837][DEFAULT][/lib/general/mainPage.php][19/Sep/24 17:43:37]
[<<][5d8a55c93b790135030837][DEFAULT][/lib/general/mainPage.php][19/Sep/24 17:43:37][19/Sep/24 17:43:37][took 0.002958 secs]
[>>][5d8a55c93c3bc754997870][DEFAULT][/lib/general/mainPage.php][19/Sep/24 17:43:37]
	[19/Sep/24 17:43:37][WARNING][vf2rnbuv3nevttkvt3o9ug659g][GUI - Test Project ID : 21]
		E_NOTICE
Undefined index: platform_view - in /opt/bitnami/apps/testlink/htdocs/gui/templates_c/835a037b28214872edd369779d57f903f1734c6a.file.mainPageLeft.tpl.php - Line 205
[<<][5d8a55c93c3bc754997870][DEFAULT][/lib/general/mainPage.php][19/Sep/24 17:43:37][19/Sep/24 17:43:37][took 0.054913 secs]
[<<][5d8a55cf8912a443248872][DEFAULT][/lib/general/frmWorkArea.php][19/Sep/24 17:43:43][19/Sep/24 17:43:43][took 0.0038739999999999 secs]
[>>][5d8a55cf8a122939817820][DEFAULT][/lib/general/frmWorkArea.php][19/Sep/24 17:43:43]
[<<][5d8a55cf8a122939817820][DEFAULT][/lib/general/frmWorkArea.php][19/Sep/24 17:43:43][19/Sep/24 17:43:43][took 0.002481 secs]
[>>][5d8a55cf8ab73269944474][DEFAULT][/lib/general/frmWorkArea.php][19/Sep/24 17:43:43]
[<<][5d8a55cf8ab73269944474][DEFAULT][/lib/general/frmWorkArea.php][19/Sep/24 17:43:43][19/Sep/24 17:43:43][took 0.00077899999999997 secs]
[<<][5d8a55cf98790489404864][DEFAULT][/lib/plan/planAddTCNavigator.php][19/Sep/24 17:43:43][19/Sep/24 17:43:43][took 0.003512 secs]
[>>][5d8a55cf995f8684141973][DEFAULT][/lib/plan/planAddTCNavigator.php][19/Sep/24 17:43:43]
[<<][5d8a55cf995f8684141973][DEFAULT][/lib/plan/planAddTCNavigator.php][19/Sep/24 17:43:43][19/Sep/24 17:43:43][took 0.0034 secs]
[>>][5d8a55cf9a3e9363763141][DEFAULT][/lib/plan/planAddTCNavigator.php][19/Sep/24 17:43:43]
[<<][5d8a55cf9a3e9363763141][DEFAULT][/lib/plan/planAddTCNavigator.php][19/Sep/24 17:43:43][19/Sep/24 17:43:43][took 0.011081 secs]
[<<][5d8a55cfa4a23084312316][DEFAULT][/lib/results/printDocOptions.php][19/Sep/24 17:43:43][19/Sep/24 17:43:43][took 0.002854 secs]
[>>][5d8a55cfa55ef987855997][DEFAULT][/lib/results/printDocOptions.php][19/Sep/24 17:43:43]
[<<][5d8a55cfa55ef987855997][DEFAULT][/lib/results/printDocOptions.php][19/Sep/24 17:43:43][19/Sep/24 17:43:43][took 0.002257 secs]
[>>][5d8a55cfa5f77121214446][DEFAULT][/lib/results/printDocOptions.php][19/Sep/24 17:43:43]
[<<][5d8a55cfa5f77121214446][DEFAULT][/lib/results/printDocOptions.php][19/Sep/24 17:43:43][19/Sep/24 17:43:44][took 0.332316 secs]
[<<][5d8a55cfe92f2022547942][DEFAULT][/lib/ajax/gettprojectnodes.php][19/Sep/24 17:43:43][19/Sep/24 17:43:44][took 0.058381 secs]
[>>][5d8a55d003567520246643][DEFAULT][/lib/ajax/gettprojectnodes.php][19/Sep/24 17:43:44]
[<<][5d8a55d003567520246643][DEFAULT][/lib/ajax/gettprojectnodes.php][19/Sep/24 17:43:44][19/Sep/24 17:43:44][took 0.002051 secs]
[>>][5d8a55d003df4923165658][DEFAULT][/lib/ajax/gettprojectnodes.php][19/Sep/24 17:43:44]
[<<][5d8a55d003df4923165658][DEFAULT][/lib/ajax/gettprojectnodes.php][19/Sep/24 17:43:44][19/Sep/24 17:43:44][took 0.017225 secs]
[<<][5d8a55d4c4bbc824034905][DEFAULT][/lib/ajax/gettprojectnodes.php][19/Sep/24 17:43:48][19/Sep/24 17:43:48][took 0.003318 secs]
[>>][5d8a55d4c5972107370170][DEFAULT][/lib/ajax/gettprojectnodes.php][19/Sep/24 17:43:48]
[<<][5d8a55d4c5972107370170][DEFAULT][/lib/ajax/gettprojectnodes.php][19/Sep/24 17:43:48][19/Sep/24 17:43:48][took 0.002405 secs]
[>>][5d8a55d4c6377481174637][DEFAULT][/lib/ajax/gettprojectnodes.php][19/Sep/24 17:43:48]
[<<][5d8a55d4c6377481174637][DEFAULT][/lib/ajax/gettprojectnodes.php][19/Sep/24 17:43:48][19/Sep/24 17:43:48][took 0.002262 secs]
[<<][5d8a55d62a0e4562599249][DEFAULT][/lib/ajax/gettprojectnodes.php][19/Sep/24 17:43:50][19/Sep/24 17:43:50][took 0.003439 secs]
[>>][5d8a55d62af23427128030][DEFAULT][/lib/ajax/gettprojectnodes.php][19/Sep/24 17:43:50]
[<<][5d8a55d62af23427128030][DEFAULT][/lib/ajax/gettprojectnodes.php][19/Sep/24 17:43:50][19/Sep/24 17:43:50][took 0.002241 secs]
[>>][5d8a55d62b895752432108][DEFAULT][/lib/ajax/gettprojectnodes.php][19/Sep/24 17:43:50]
[<<][5d8a55d62b895752432108][DEFAULT][/lib/ajax/gettprojectnodes.php][19/Sep/24 17:43:50][19/Sep/24 17:43:50][took 0.001918 secs]
[<<][5d8a55d8bcaf2026580899][DEFAULT][/lib/ajax/gettprojectnodes.php][19/Sep/24 17:43:52][19/Sep/24 17:43:52][took 0.003057 secs]
[>>][5d8a55d8bd7cb255136085][DEFAULT][/lib/ajax/gettprojectnodes.php][19/Sep/24 17:43:52]
[<<][5d8a55d8bd7cb255136085][DEFAULT][/lib/ajax/gettprojectnodes.php][19/Sep/24 17:43:52][19/Sep/24 17:43:52][took 0.0022 secs]
[>>][5d8a55d8be102369887368][DEFAULT][/lib/ajax/gettprojectnodes.php][19/Sep/24 17:43:52]
[<<][5d8a55d8be102369887368][DEFAULT][/lib/ajax/gettprojectnodes.php][19/Sep/24 17:43:52][19/Sep/24 17:43:52][took 0.00069300000000005 secs]
[<<][5d8a55dfef79c290495326][DEFAULT][/index.php][19/Sep/24 17:43:59][19/Sep/24 17:43:59][took 0.0035270000000001 secs]
[>>][5d8a55dff06a4353828227][DEFAULT][/index.php][19/Sep/24 17:43:59]
[<<][5d8a55dff06a4353828227][DEFAULT][/index.php][19/Sep/24 17:43:59][19/Sep/24 17:43:59][took 0.0023310000000001 secs]
[<<][5d8a55e01144a806207697][DEFAULT][/lib/general/navBar.php][19/Sep/24 17:44:00][19/Sep/24 17:44:00][took 0.003239 secs]
[>>][5d8a55e0121a8472923016][DEFAULT][/lib/general/navBar.php][19/Sep/24 17:44:00]
[<<][5d8a55e0121a8472923016][DEFAULT][/lib/general/navBar.php][19/Sep/24 17:44:00][19/Sep/24 17:44:00][took 0.003237 secs]
[>>][5d8a55e012eec903840084][DEFAULT][/lib/general/navBar.php][19/Sep/24 17:44:00]
[<<][5d8a55e012eec903840084][DEFAULT][/lib/general/navBar.php][19/Sep/24 17:44:00][19/Sep/24 17:44:00][took 0.003979 secs]
[<<][5d8a55e01155b870294655][DEFAULT][/lib/general/mainPage.php][19/Sep/24 17:44:00][19/Sep/24 17:44:00][took 0.013536 secs]
[>>][5d8a55e014b15751046237][DEFAULT][/lib/general/mainPage.php][19/Sep/24 17:44:00]
[<<][5d8a55e014b15751046237][DEFAULT][/lib/general/mainPage.php][19/Sep/24 17:44:00][19/Sep/24 17:44:00][took 0.002512 secs]
[>>][5d8a55e015953232866175][DEFAULT][/lib/general/mainPage.php][19/Sep/24 17:44:00]
	[19/Sep/24 17:44:00][WARNING][vf2rnbuv3nevttkvt3o9ug659g][GUI - Test Project ID : 21]
		E_NOTICE
Undefined index: platform_view - in /opt/bitnami/apps/testlink/htdocs/gui/templates_c/835a037b28214872edd369779d57f903f1734c6a.file.mainPageLeft.tpl.php - Line 205
[<<][5d8a55e015953232866175][DEFAULT][/lib/general/mainPage.php][19/Sep/24 17:44:00][19/Sep/24 17:44:00][took 0.056345 secs]
[<<][5d8a55ee8c31f291795426][DEFAULT][/lib/general/mainPage.php][19/Sep/24 17:44:14][19/Sep/24 17:44:14][took 0.00353 secs]
[>>][5d8a55ee8d1af851979245][DEFAULT][/lib/general/mainPage.php][19/Sep/24 17:44:14]
[<<][5d8a55ee8d1af851979245][DEFAULT][/lib/general/mainPage.php][19/Sep/24 17:44:14][19/Sep/24 17:44:14][took 0.003027 secs]
[>>][5d8a55ee8de1f569896660][DEFAULT][/lib/general/mainPage.php][19/Sep/24 17:44:14]
	[19/Sep/24 17:44:14][WARNING][vf2rnbuv3nevttkvt3o9ug659g][GUI - Test Project ID : 21]
		E_NOTICE
Undefined index: platform_view - in /opt/bitnami/apps/testlink/htdocs/gui/templates_c/835a037b28214872edd369779d57f903f1734c6a.file.mainPageLeft.tpl.php - Line 205
[<<][5d8a55ee8de1f569896660][DEFAULT][/lib/general/mainPage.php][19/Sep/24 17:44:14][19/Sep/24 17:44:14][took 0.048691 secs]
[<<][5d8a55f51c23b180049476][DEFAULT][/lib/general/frmWorkArea.php][19/Sep/24 17:44:21][19/Sep/24 17:44:21][took 0.003274 secs]
[>>][5d8a55f51cfcc150878723][DEFAULT][/lib/general/frmWorkArea.php][19/Sep/24 17:44:21]
[<<][5d8a55f51cfcc150878723][DEFAULT][/lib/general/frmWorkArea.php][19/Sep/24 17:44:21][19/Sep/24 17:44:21][took 0.002371 secs]
[>>][5d8a55f51d9b1858003364][DEFAULT][/lib/general/frmWorkArea.php][19/Sep/24 17:44:21]
[<<][5d8a55f51d9b1858003364][DEFAULT][/lib/general/frmWorkArea.php][19/Sep/24 17:44:21][19/Sep/24 17:44:21][took 0.000872 secs]
[<<][5d8a55f52da70461254569][DEFAULT][/lib/plan/planAddTCNavigator.php][19/Sep/24 17:44:21][19/Sep/24 17:44:21][took 0.003271 secs]
[>>][5d8a55f52e7e7538922487][DEFAULT][/lib/plan/planAddTCNavigator.php][19/Sep/24 17:44:21]
[<<][5d8a55f52e7e7538922487][DEFAULT][/lib/plan/planAddTCNavigator.php][19/Sep/24 17:44:21][19/Sep/24 17:44:21][took 0.002392 secs]
[>>][5d8a55f52f1f0835724063][DEFAULT][/lib/plan/planAddTCNavigator.php][19/Sep/24 17:44:21]
[<<][5d8a55f52f1f0835724063][DEFAULT][/lib/plan/planAddTCNavigator.php][19/Sep/24 17:44:21][19/Sep/24 17:44:21][took 0.010766 secs]
[<<][5d8a55f53a330157579898][DEFAULT][/lib/results/printDocOptions.php][19/Sep/24 17:44:21][19/Sep/24 17:44:21][took 0.003107 secs]
[>>][5d8a55f53affc569205437][DEFAULT][/lib/results/printDocOptions.php][19/Sep/24 17:44:21]
[<<][5d8a55f53affc569205437][DEFAULT][/lib/results/printDocOptions.php][19/Sep/24 17:44:21][19/Sep/24 17:44:21][took 0.002582 secs]
[>>][5d8a55f53bab1228135672][DEFAULT][/lib/results/printDocOptions.php][19/Sep/24 17:44:21]
[<<][5d8a55f53bab1228135672][DEFAULT][/lib/results/printDocOptions.php][19/Sep/24 17:44:21][19/Sep/24 17:44:21][took 0.260916 secs]
[<<][5d8a55f577dc0907595788][DEFAULT][/lib/ajax/gettprojectnodes.php][19/Sep/24 17:44:21][19/Sep/24 17:44:21][took 0.018714 secs]
[>>][5d8a55f57c79b619189134][DEFAULT][/lib/ajax/gettprojectnodes.php][19/Sep/24 17:44:21]
[<<][5d8a55f57c79b619189134][DEFAULT][/lib/ajax/gettprojectnodes.php][19/Sep/24 17:44:21][19/Sep/24 17:44:21][took 0.001918 secs]
[>>][5d8a55f57cfa3346258078][DEFAULT][/lib/ajax/gettprojectnodes.php][19/Sep/24 17:44:21]
[<<][5d8a55f57cfa3346258078][DEFAULT][/lib/ajax/gettprojectnodes.php][19/Sep/24 17:44:21][19/Sep/24 17:44:21][took 0.013788 secs]
[<<][5d8a560923aaa930517752][DEFAULT][/index.php][19/Sep/24 17:44:41][19/Sep/24 17:44:41][took 0.003384 secs]
[>>][5d8a5609248bb272350437][DEFAULT][/index.php][19/Sep/24 17:44:41]
[<<][5d8a5609248bb272350437][DEFAULT][/index.php][19/Sep/24 17:44:41][19/Sep/24 17:44:41][took 0.002377 secs]
[<<][5d8a560935fa6214957542][DEFAULT][/lib/general/navBar.php][19/Sep/24 17:44:41][19/Sep/24 17:44:41][took 0.002582 secs]
[>>][5d8a560936a6e636491160][DEFAULT][/lib/general/navBar.php][19/Sep/24 17:44:41]
[<<][5d8a560936a6e636491160][DEFAULT][/lib/general/navBar.php][19/Sep/24 17:44:41][19/Sep/24 17:44:41][took 0.002946 secs]
[>>][5d8a560937688934211088][DEFAULT][/lib/general/navBar.php][19/Sep/24 17:44:41]
[<<][5d8a560937688934211088][DEFAULT][/lib/general/navBar.php][19/Sep/24 17:44:41][19/Sep/24 17:44:41][took 0.00415 secs]
[<<][5d8a560936359524287849][DEFAULT][/lib/general/mainPage.php][19/Sep/24 17:44:41][19/Sep/24 17:44:41][took 0.011748 secs]
[>>][5d8a5609391e7770899872][DEFAULT][/lib/general/mainPage.php][19/Sep/24 17:44:41]
[<<][5d8a5609391e7770899872][DEFAULT][/lib/general/mainPage.php][19/Sep/24 17:44:41][19/Sep/24 17:44:41][took 0.004782 secs]
[>>][5d8a56093a525232495696][DEFAULT][/lib/general/mainPage.php][19/Sep/24 17:44:41]
	[19/Sep/24 17:44:41][WARNING][vf2rnbuv3nevttkvt3o9ug659g][GUI - Test Project ID : 21]
		E_NOTICE
Undefined index: platform_view - in /opt/bitnami/apps/testlink/htdocs/gui/templates_c/835a037b28214872edd369779d57f903f1734c6a.file.mainPageLeft.tpl.php - Line 205
[<<][5d8a56093a525232495696][DEFAULT][/lib/general/mainPage.php][19/Sep/24 17:44:41][19/Sep/24 17:44:41][took 0.064035 secs]
[<<][5d8a5610589e2311850275][DEFAULT][/lib/general/frmWorkArea.php][19/Sep/24 17:44:48][19/Sep/24 17:44:48][took 0.003291 secs]
[>>][5d8a561059791648466599][DEFAULT][/lib/general/frmWorkArea.php][19/Sep/24 17:44:48]
[<<][5d8a561059791648466599][DEFAULT][/lib/general/frmWorkArea.php][19/Sep/24 17:44:48][19/Sep/24 17:44:48][took 0.002468 secs]
[>>][5d8a56105a1d6277427666][DEFAULT][/lib/general/frmWorkArea.php][19/Sep/24 17:44:48]
[<<][5d8a56105a1d6277427666][DEFAULT][/lib/general/frmWorkArea.php][19/Sep/24 17:44:48][19/Sep/24 17:44:48][took 0.00081999999999999 secs]
[<<][5d8a561067e1b137774782][DEFAULT][/lib/testcases/listTestCases.php][19/Sep/24 17:44:48][19/Sep/24 17:44:48][took 0.003254 secs]
[>>][5d8a561068b90991981316][DEFAULT][/lib/testcases/listTestCases.php][19/Sep/24 17:44:48]
[<<][5d8a561068b90991981316][DEFAULT][/lib/testcases/listTestCases.php][19/Sep/24 17:44:48][19/Sep/24 17:44:48][took 0.002721 secs]
[>>][5d8a561069736525240385][DEFAULT][/lib/testcases/listTestCases.php][19/Sep/24 17:44:48]
[<<][5d8a561069736525240385][DEFAULT][/lib/testcases/listTestCases.php][19/Sep/24 17:44:48][19/Sep/24 17:44:48][took 0.014609 secs]
[<<][5d8a561075659007623834][DEFAULT][/lib/testcases/archiveData.php][19/Sep/24 17:44:48][19/Sep/24 17:44:48][took 0.002899 secs]
[>>][5d8a561076269898410067][DEFAULT][/lib/testcases/archiveData.php][19/Sep/24 17:44:48]
[<<][5d8a561076269898410067][DEFAULT][/lib/testcases/archiveData.php][19/Sep/24 17:44:48][19/Sep/24 17:44:48][took 0.004996 secs]
[>>][5d8a56107768c012871586][DEFAULT][/lib/testcases/archiveData.php][19/Sep/24 17:44:48]
[<<][5d8a56107768c012871586][DEFAULT][/lib/testcases/archiveData.php][19/Sep/24 17:44:48][19/Sep/24 17:44:48][took 0.003815 secs]
[<<][5d8a5610d7446580323731][DEFAULT][/lib/ajax/gettprojectnodes.php][19/Sep/24 17:44:48][19/Sep/24 17:44:48][took 0.003243 secs]
[>>][5d8a5610d81bd563628283][DEFAULT][/lib/ajax/gettprojectnodes.php][19/Sep/24 17:44:48]
[<<][5d8a5610d81bd563628283][DEFAULT][/lib/ajax/gettprojectnodes.php][19/Sep/24 17:44:48][19/Sep/24 17:44:48][took 0.0025339999999999 secs]
[>>][5d8a5610d8c43097166306][DEFAULT][/lib/ajax/gettprojectnodes.php][19/Sep/24 17:44:48]
[<<][5d8a5610d8c43097166306][DEFAULT][/lib/ajax/gettprojectnodes.php][19/Sep/24 17:44:48][19/Sep/24 17:44:48][took 0.016618 secs]
[<<][5d8a561b84cb5295679133][DEFAULT][/lib/ajax/gettprojectnodes.php][19/Sep/24 17:44:59][19/Sep/24 17:44:59][took 0.003351 secs]
[>>][5d8a561b85aa5371624655][DEFAULT][/lib/ajax/gettprojectnodes.php][19/Sep/24 17:44:59]
[<<][5d8a561b85aa5371624655][DEFAULT][/lib/ajax/gettprojectnodes.php][19/Sep/24 17:44:59][19/Sep/24 17:44:59][took 0.015513 secs]
[>>][5d8a561b897df765240892][DEFAULT][/lib/ajax/gettprojectnodes.php][19/Sep/24 17:44:59]
[<<][5d8a561b897df765240892][DEFAULT][/lib/ajax/gettprojectnodes.php][19/Sep/24 17:44:59][19/Sep/24 17:44:59][took 0.006812 secs]
[<<][5d8a562198429827589075][DEFAULT][/lib/ajax/gettprojectnodes.php][19/Sep/24 17:45:05][19/Sep/24 17:45:05][took 0.0033869999999999 secs]
[>>][5d8a56219923c199385288][DEFAULT][/lib/ajax/gettprojectnodes.php][19/Sep/24 17:45:05]
[<<][5d8a56219923c199385288][DEFAULT][/lib/ajax/gettprojectnodes.php][19/Sep/24 17:45:05][19/Sep/24 17:45:05][took 0.0026160000000001 secs]
[>>][5d8a562199d13327623910][DEFAULT][/lib/ajax/gettprojectnodes.php][19/Sep/24 17:45:05]
[<<][5d8a562199d13327623910][DEFAULT][/lib/ajax/gettprojectnodes.php][19/Sep/24 17:45:05][19/Sep/24 17:45:05][took 0.0019969999999999 secs]
[<<][5d8a5623b8274725015248][DEFAULT][/lib/ajax/gettprojectnodes.php][19/Sep/24 17:45:07][19/Sep/24 17:45:07][took 0.002817 secs]
[>>][5d8a5623b8e31288000799][DEFAULT][/lib/ajax/gettprojectnodes.php][19/Sep/24 17:45:07]
[<<][5d8a5623b8e31288000799][DEFAULT][/lib/ajax/gettprojectnodes.php][19/Sep/24 17:45:07][19/Sep/24 17:45:07][took 0.0021059999999999 secs]
[>>][5d8a5623b96ff124522182][DEFAULT][/lib/ajax/gettprojectnodes.php][19/Sep/24 17:45:07]
[<<][5d8a5623b96ff124522182][DEFAULT][/lib/ajax/gettprojectnodes.php][19/Sep/24 17:45:07][19/Sep/24 17:45:07][took 0.0011409999999999 secs]
[<<][5d8a56253228f337819653][DEFAULT][/lib/ajax/gettprojectnodes.php][19/Sep/24 17:45:09][19/Sep/24 17:45:09][took 0.003392 secs]
[>>][5d8a562533092008198252][DEFAULT][/lib/ajax/gettprojectnodes.php][19/Sep/24 17:45:09]
[<<][5d8a562533092008198252][DEFAULT][/lib/ajax/gettprojectnodes.php][19/Sep/24 17:45:09][19/Sep/24 17:45:09][took 0.002359 secs]
[>>][5d8a562533a68674360421][DEFAULT][/lib/ajax/gettprojectnodes.php][19/Sep/24 17:45:09]
[<<][5d8a562533a68674360421][DEFAULT][/lib/ajax/gettprojectnodes.php][19/Sep/24 17:45:09][19/Sep/24 17:45:09][took 0.00043899999999999 secs]
[<<][5d8a56269f0e6150413733][DEFAULT][/lib/ajax/gettprojectnodes.php][19/Sep/24 17:45:10][19/Sep/24 17:45:10][took 0.0033890000000001 secs]
[>>][5d8a56269fee3995069022][DEFAULT][/lib/ajax/gettprojectnodes.php][19/Sep/24 17:45:10]
[<<][5d8a56269fee3995069022][DEFAULT][/lib/ajax/gettprojectnodes.php][19/Sep/24 17:45:10][19/Sep/24 17:45:10][took 0.002578 secs]
[>>][5d8a5626a09a5015509810][DEFAULT][/lib/ajax/gettprojectnodes.php][19/Sep/24 17:45:10]
[<<][5d8a5626a09a5015509810][DEFAULT][/lib/ajax/gettprojectnodes.php][19/Sep/24 17:45:10][19/Sep/24 17:45:10][took 0.00054100000000001 secs]
[<<][5d8a5657ac1e4072901233][DEFAULT][/lib/testcases/archiveData.php][19/Sep/24 17:45:59][19/Sep/24 17:45:59][took 0.003184 secs]
[>>][5d8a5657acf1a474511271][DEFAULT][/lib/testcases/archiveData.php][19/Sep/24 17:45:59]
[<<][5d8a5657acf1a474511271][DEFAULT][/lib/testcases/archiveData.php][19/Sep/24 17:45:59][19/Sep/24 17:45:59][took 0.002134 secs]
[>>][5d8a5657ad807671461862][DEFAULT][/lib/testcases/archiveData.php][19/Sep/24 17:45:59]
[<<][5d8a5657ad807671461862][DEFAULT][/lib/testcases/archiveData.php][19/Sep/24 17:45:59][19/Sep/24 17:45:59][took 0.006223 secs]
[<<][5d8a56825c272226395817][DEFAULT][/lib/ajax/gettprojectnodes.php][19/Sep/24 17:46:42][19/Sep/24 17:46:42][took 0.003362 secs]
[>>][5d8a56825d070779827976][DEFAULT][/lib/ajax/gettprojectnodes.php][19/Sep/24 17:46:42]
[<<][5d8a56825d070779827976][DEFAULT][/lib/ajax/gettprojectnodes.php][19/Sep/24 17:46:42][19/Sep/24 17:46:42][took 0.002785 secs]
[>>][5d8a56825dbf6973947157][DEFAULT][/lib/ajax/gettprojectnodes.php][19/Sep/24 17:46:42]
[<<][5d8a56825dbf6973947157][DEFAULT][/lib/ajax/gettprojectnodes.php][19/Sep/24 17:46:42][19/Sep/24 17:46:42][took 0.001638 secs]
[<<][5d8a568995f57644134957][DEFAULT][/lib/testcases/archiveData.php][19/Sep/24 17:46:49][19/Sep/24 17:46:49][took 0.0033070000000001 secs]
[>>][5d8a568996d09648023978][DEFAULT][/lib/testcases/archiveData.php][19/Sep/24 17:46:49]
[<<][5d8a568996d09648023978][DEFAULT][/lib/testcases/archiveData.php][19/Sep/24 17:46:49][19/Sep/24 17:46:49][took 0.002661 secs]
[>>][5d8a56899780f508772795][DEFAULT][/lib/testcases/archiveData.php][19/Sep/24 17:46:49]
[<<][5d8a56899780f508772795][DEFAULT][/lib/testcases/archiveData.php][19/Sep/24 17:46:49][19/Sep/24 17:46:49][took 0.004951 secs]
