	[19/Apr/11 21:18:18][AUDIT][mlt98hmgp3fc9bqf3fb634ghcj][GUI - Test Project ID : 65328]
		Login for 'Sean.Gardner@ASIRobots.com' from '209.253.35.146' succeeded
[<<][5cafaf1ad3655061829397][DEFAULT][/login.php][19/Apr/11 21:18:18][19/Apr/11 21:18:18][took 0.053915 secs]
[<<][5cafaf1b1231c883633939][DEFAULT][/index.php][19/Apr/11 21:18:19][19/Apr/11 21:18:19][took 0.003063 secs]
[>>][5cafaf1b12fcc131525955][DEFAULT][/index.php][19/Apr/11 21:18:19]
[<<][5cafaf1b12fcc131525955][DEFAULT][/index.php][19/Apr/11 21:18:19][19/Apr/11 21:18:19][took 0.002421 secs]
[<<][5cafaf1b29064536335703][DEFAULT][/lib/general/navBar.php][19/Apr/11 21:18:19][19/Apr/11 21:18:19][took 0.00505 secs]
[>>][5cafaf1b2a4cf349115529][DEFAULT][/lib/general/navBar.php][19/Apr/11 21:18:19]
[<<][5cafaf1b2a4cf349115529][DEFAULT][/lib/general/navBar.php][19/Apr/11 21:18:19][19/Apr/11 21:18:19][took 0.002385 secs]
[>>][5cafaf1b2aea9485713205][DEFAULT][/lib/general/navBar.php][19/Apr/11 21:18:19]
[<<][5cafaf1b2aea9485713205][DEFAULT][/lib/general/navBar.php][19/Apr/11 21:18:19][19/Apr/11 21:18:19][took 0.005573 secs]
[<<][5cafaf1b299cc039867386][DEFAULT][/lib/general/mainPage.php][19/Apr/11 21:18:19][19/Apr/11 21:18:19][took 0.020827 secs]
[>>][5cafaf1b2ebc4920659396][DEFAULT][/lib/general/mainPage.php][19/Apr/11 21:18:19]
[<<][5cafaf1b2ebc4920659396][DEFAULT][/lib/general/mainPage.php][19/Apr/11 21:18:19][19/Apr/11 21:18:19][took 0.003654 secs]
[>>][5cafaf1b2fa91846685198][DEFAULT][/lib/general/mainPage.php][19/Apr/11 21:18:19]
	[19/Apr/11 21:18:19][WARNING][mlt98hmgp3fc9bqf3fb634ghcj][GUI - Test Project ID : 65328]
		E_NOTICE
Undefined index: platform_view - in /opt/bitnami/apps/testlink/htdocs/gui/templates_c/835a037b28214872edd369779d57f903f1734c6a.file.mainPageLeft.tpl.php - Line 205
[<<][5cafaf1b2fa91846685198][DEFAULT][/lib/general/mainPage.php][19/Apr/11 21:18:19][19/Apr/11 21:18:19][took 0.069133 secs]
[<<][5cafaf3b63620915125562][DEFAULT][/lib/general/navBar.php][19/Apr/11 21:18:51][19/Apr/11 21:18:51][took 0.003401 secs]
[>>][5cafaf3b64430887713983][DEFAULT][/lib/general/navBar.php][19/Apr/11 21:18:51]
[<<][5cafaf3b64430887713983][DEFAULT][/lib/general/navBar.php][19/Apr/11 21:18:51][19/Apr/11 21:18:51][took 0.00262 secs]
[>>][5cafaf3b64f04671495392][DEFAULT][/lib/general/navBar.php][19/Apr/11 21:18:51]
	[19/Apr/11 21:18:51][WARNING][mlt98hmgp3fc9bqf3fb634ghcj][GUI - Test Project ID : 21]
		E_NOTICE
Undefined property: stdClass::$prefix - in /opt/bitnami/apps/testlink/htdocs/lib/general/navBar.php - Line 173
[<<][5cafaf3b64f04671495392][DEFAULT][/lib/general/navBar.php][19/Apr/11 21:18:51][19/Apr/11 21:18:51][took 0.039379 secs]
[<<][5cafaf3bb3460545579534][DEFAULT][/lib/general/mainPage.php][19/Apr/11 21:18:51][19/Apr/11 21:18:51][took 0.0033150000000001 secs]
[>>][5cafaf3bb4211437325381][DEFAULT][/lib/general/mainPage.php][19/Apr/11 21:18:51]
[<<][5cafaf3bb4211437325381][DEFAULT][/lib/general/mainPage.php][19/Apr/11 21:18:51][19/Apr/11 21:18:51][took 0.002476 secs]
[>>][5cafaf3bb4c53605776752][DEFAULT][/lib/general/mainPage.php][19/Apr/11 21:18:51]
	[19/Apr/11 21:18:51][WARNING][mlt98hmgp3fc9bqf3fb634ghcj][GUI - Test Project ID : 21]
		E_NOTICE
Undefined index: platform_view - in /opt/bitnami/apps/testlink/htdocs/gui/templates_c/835a037b28214872edd369779d57f903f1734c6a.file.mainPageLeft.tpl.php - Line 205
[<<][5cafaf3bb4c53605776752][DEFAULT][/lib/general/mainPage.php][19/Apr/11 21:18:51][19/Apr/11 21:18:51][took 0.055591 secs]
[<<][5cafb06298e15946463879][DEFAULT][/lib/inventory/inventoryView.php][19/Apr/11 21:23:46][19/Apr/11 21:23:46][took 0.003611 secs]
[>>][5cafb06299ce7974504724][DEFAULT][/lib/inventory/inventoryView.php][19/Apr/11 21:23:46]
[<<][5cafb06299ce7974504724][DEFAULT][/lib/inventory/inventoryView.php][19/Apr/11 21:23:46][19/Apr/11 21:23:46][took 0.002707 secs]
[>>][5cafb0629a815330408123][DEFAULT][/lib/inventory/inventoryView.php][19/Apr/11 21:23:46]
[<<][5cafb0629a815330408123][DEFAULT][/lib/inventory/inventoryView.php][19/Apr/11 21:23:46][19/Apr/11 21:23:46][took 0.003555 secs]
[<<][5cafb06306310000566374][DEFAULT][/lib/inventory/getInventory.php][19/Apr/11 21:23:47][19/Apr/11 21:23:47][took 0.003902 secs]
[>>][5cafb06307311577011620][DEFAULT][/lib/inventory/getInventory.php][19/Apr/11 21:23:47]
[<<][5cafb06307311577011620][DEFAULT][/lib/inventory/getInventory.php][19/Apr/11 21:23:47][19/Apr/11 21:23:47][took 0.0028 secs]
[>>][5cafb06307e9e145027471][DEFAULT][/lib/inventory/getInventory.php][19/Apr/11 21:23:47]
[<<][5cafb06307e9e145027471][DEFAULT][/lib/inventory/getInventory.php][19/Apr/11 21:23:47][19/Apr/11 21:23:47][took 0.004879 secs]
[<<][5cafb063065ff102057854][DEFAULT][/lib/ajax/getUsersWithRight.php][19/Apr/11 21:23:47][19/Apr/11 21:23:47][took 0.01302 secs]
[>>][5cafb06309971808673558][DEFAULT][/lib/ajax/getUsersWithRight.php][19/Apr/11 21:23:47]
[<<][5cafb06309971808673558][DEFAULT][/lib/ajax/getUsersWithRight.php][19/Apr/11 21:23:47][19/Apr/11 21:23:47][took 0.002235 secs]
[>>][5cafb0630a2b0174056606][DEFAULT][/lib/ajax/getUsersWithRight.php][19/Apr/11 21:23:47]
[<<][5cafb0630a2b0174056606][DEFAULT][/lib/ajax/getUsersWithRight.php][19/Apr/11 21:23:47][19/Apr/11 21:23:47][took 0.001728 secs]
[<<][5cafb064cdb9a114782140][DEFAULT][/lib/general/mainPage.php][19/Apr/11 21:23:48][19/Apr/11 21:23:48][took 0.003394 secs]
[>>][5cafb064ce9a9750097925][DEFAULT][/lib/general/mainPage.php][19/Apr/11 21:23:48]
[<<][5cafb064ce9a9750097925][DEFAULT][/lib/general/mainPage.php][19/Apr/11 21:23:48][19/Apr/11 21:23:48][took 0.0027499999999999 secs]
[>>][5cafb064cf4fd988882788][DEFAULT][/lib/general/mainPage.php][19/Apr/11 21:23:48]
	[19/Apr/11 21:23:48][WARNING][mlt98hmgp3fc9bqf3fb634ghcj][GUI - Test Project ID : 21]
		E_NOTICE
Undefined index: platform_view - in /opt/bitnami/apps/testlink/htdocs/gui/templates_c/835a037b28214872edd369779d57f903f1734c6a.file.mainPageLeft.tpl.php - Line 205
[<<][5cafb064cf4fd988882788][DEFAULT][/lib/general/mainPage.php][19/Apr/11 21:23:48][19/Apr/11 21:23:48][took 0.07695 secs]
[<<][5cafb06712efa524497854][DEFAULT][/lib/keywords/keywordsView.php][19/Apr/11 21:23:51][19/Apr/11 21:23:51][took 0.004 secs]
[>>][5cafb06713f66317081530][DEFAULT][/lib/keywords/keywordsView.php][19/Apr/11 21:23:51]
[<<][5cafb06713f66317081530][DEFAULT][/lib/keywords/keywordsView.php][19/Apr/11 21:23:51][19/Apr/11 21:23:51][took 0.002709 secs]
[>>][5cafb06714a91460779797][DEFAULT][/lib/keywords/keywordsView.php][19/Apr/11 21:23:51]
[<<][5cafb06714a91460779797][DEFAULT][/lib/keywords/keywordsView.php][19/Apr/11 21:23:51][19/Apr/11 21:23:51][took 0.0081 secs]
[<<][5cafb06858152745801064][DEFAULT][/lib/general/mainPage.php][19/Apr/11 21:23:52][19/Apr/11 21:23:52][took 0.003287 secs]
[>>][5cafb06858eea690671854][DEFAULT][/lib/general/mainPage.php][19/Apr/11 21:23:52]
[<<][5cafb06858eea690671854][DEFAULT][/lib/general/mainPage.php][19/Apr/11 21:23:52][19/Apr/11 21:23:52][took 0.00281 secs]
[>>][5cafb06859a7b218382982][DEFAULT][/lib/general/mainPage.php][19/Apr/11 21:23:52]
	[19/Apr/11 21:23:52][WARNING][mlt98hmgp3fc9bqf3fb634ghcj][GUI - Test Project ID : 21]
		E_NOTICE
Undefined index: platform_view - in /opt/bitnami/apps/testlink/htdocs/gui/templates_c/835a037b28214872edd369779d57f903f1734c6a.file.mainPageLeft.tpl.php - Line 205
[<<][5cafb06859a7b218382982][DEFAULT][/lib/general/mainPage.php][19/Apr/11 21:23:52][19/Apr/11 21:23:52][took 0.059451 secs]
[<<][5cafb06a18331789664200][DEFAULT][/lib/general/frmWorkArea.php][19/Apr/11 21:23:54][19/Apr/11 21:23:54][took 0.003253 secs]
[>>][5cafb06a190a9527128289][DEFAULT][/lib/general/frmWorkArea.php][19/Apr/11 21:23:54]
[<<][5cafb06a190a9527128289][DEFAULT][/lib/general/frmWorkArea.php][19/Apr/11 21:23:54][19/Apr/11 21:23:54][took 0.002827 secs]
[>>][5cafb06a19c4c364178594][DEFAULT][/lib/general/frmWorkArea.php][19/Apr/11 21:23:54]
[<<][5cafb06a19c4c364178594][DEFAULT][/lib/general/frmWorkArea.php][19/Apr/11 21:23:54][19/Apr/11 21:23:54][took 0.000778 secs]
[<<][5cafb06a36455077513823][DEFAULT][/lib/requirements/reqSpecListTree.php][19/Apr/11 21:23:54][19/Apr/11 21:23:54][took 0.003343 secs]
[>>][5cafb06a37251094110813][DEFAULT][/lib/requirements/reqSpecListTree.php][19/Apr/11 21:23:54]
[<<][5cafb06a37251094110813][DEFAULT][/lib/requirements/reqSpecListTree.php][19/Apr/11 21:23:54][19/Apr/11 21:23:54][took 0.002785 secs]
[>>][5cafb06a37de2132204698][DEFAULT][/lib/requirements/reqSpecListTree.php][19/Apr/11 21:23:54]
[<<][5cafb06a37de2132204698][DEFAULT][/lib/requirements/reqSpecListTree.php][19/Apr/11 21:23:54][19/Apr/11 21:23:54][took 0.006441 secs]
[<<][5cafb06a36455716197313][DEFAULT][/lib/project/project_req_spec_mgmt.php][19/Apr/11 21:23:54][19/Apr/11 21:23:54][took 0.017203 secs]
[>>][5cafb06a3a857952197291][DEFAULT][/lib/project/project_req_spec_mgmt.php][19/Apr/11 21:23:54]
[<<][5cafb06a3a857952197291][DEFAULT][/lib/project/project_req_spec_mgmt.php][19/Apr/11 21:23:54][19/Apr/11 21:23:54][took 0.014811 secs]
[>>][5cafb06a3e2d4775744833][DEFAULT][/lib/project/project_req_spec_mgmt.php][19/Apr/11 21:23:54]
[<<][5cafb06a3e2d4775744833][DEFAULT][/lib/project/project_req_spec_mgmt.php][19/Apr/11 21:23:54][19/Apr/11 21:23:54][took 0.00083499999999997 secs]
[<<][5cafb06a8d342127049566][DEFAULT][/lib/ajax/getrequirementnodes.php][19/Apr/11 21:23:54][19/Apr/11 21:23:54][took 0.00346 secs]
[>>][5cafb06a8e170631813064][DEFAULT][/lib/ajax/getrequirementnodes.php][19/Apr/11 21:23:54]
[<<][5cafb06a8e170631813064][DEFAULT][/lib/ajax/getrequirementnodes.php][19/Apr/11 21:23:54][19/Apr/11 21:23:54][took 0.002491 secs]
[>>][5cafb06a8ebc1525529799][DEFAULT][/lib/ajax/getrequirementnodes.php][19/Apr/11 21:23:54]
[<<][5cafb06a8ebc1525529799][DEFAULT][/lib/ajax/getrequirementnodes.php][19/Apr/11 21:23:54][19/Apr/11 21:23:54][took 0.0045430000000001 secs]
[<<][5cafb06c434b1640403595][DEFAULT][/lib/general/mainPage.php][19/Apr/11 21:23:56][19/Apr/11 21:23:56][took 0.003407 secs]
[>>][5cafb06c442c6664507237][DEFAULT][/lib/general/mainPage.php][19/Apr/11 21:23:56]
[<<][5cafb06c442c6664507237][DEFAULT][/lib/general/mainPage.php][19/Apr/11 21:23:56][19/Apr/11 21:23:56][took 0.002849 secs]
[>>][5cafb06c44e7d943763944][DEFAULT][/lib/general/mainPage.php][19/Apr/11 21:23:56]
	[19/Apr/11 21:23:56][WARNING][mlt98hmgp3fc9bqf3fb634ghcj][GUI - Test Project ID : 21]
		E_NOTICE
Undefined index: platform_view - in /opt/bitnami/apps/testlink/htdocs/gui/templates_c/835a037b28214872edd369779d57f903f1734c6a.file.mainPageLeft.tpl.php - Line 205
[<<][5cafb06c44e7d943763944][DEFAULT][/lib/general/mainPage.php][19/Apr/11 21:23:56][19/Apr/11 21:23:56][took 0.049666 secs]
[<<][5cafb0704787d256519482][DEFAULT][/lib/testcases/tcSearch.php][19/Apr/11 21:24:00][19/Apr/11 21:24:00][took 0.003116 secs]
[>>][5cafb07048561057501550][DEFAULT][/lib/testcases/tcSearch.php][19/Apr/11 21:24:00]
[<<][5cafb07048561057501550][DEFAULT][/lib/testcases/tcSearch.php][19/Apr/11 21:24:00][19/Apr/11 21:24:00][took 0.002564 secs]
[>>][5cafb07048ffc000385398][DEFAULT][/lib/testcases/tcSearch.php][19/Apr/11 21:24:00]
	[19/Apr/11 21:24:00][WARNING][mlt98hmgp3fc9bqf3fb634ghcj][GUI - Test Project ID : 21]
		E_NOTICE
Undefined variable: emptyTestProject - in /opt/bitnami/apps/testlink/htdocs/lib/testcases/tcSearch.php - Line 288
[<<][5cafb07048ffc000385398][DEFAULT][/lib/testcases/tcSearch.php][19/Apr/11 21:24:00][19/Apr/11 21:24:00][took 0.053387 secs]
[<<][5cafb0756ff7f524520438][DEFAULT][/lib/general/mainPage.php][19/Apr/11 21:24:05][19/Apr/11 21:24:05][took 0.003574 secs]
[>>][5cafb07570e36175972980][DEFAULT][/lib/general/mainPage.php][19/Apr/11 21:24:05]
[<<][5cafb07570e36175972980][DEFAULT][/lib/general/mainPage.php][19/Apr/11 21:24:05][19/Apr/11 21:24:05][took 0.002811 secs]
[>>][5cafb07571a17304955204][DEFAULT][/lib/general/mainPage.php][19/Apr/11 21:24:05]
	[19/Apr/11 21:24:05][WARNING][mlt98hmgp3fc9bqf3fb634ghcj][GUI - Test Project ID : 21]
		E_NOTICE
Undefined index: platform_view - in /opt/bitnami/apps/testlink/htdocs/gui/templates_c/835a037b28214872edd369779d57f903f1734c6a.file.mainPageLeft.tpl.php - Line 205
[<<][5cafb07571a17304955204][DEFAULT][/lib/general/mainPage.php][19/Apr/11 21:24:05][19/Apr/11 21:24:05][took 0.054084 secs]
[<<][5cafb07884283250621646][DEFAULT][/results/tcCreatedPerUserOnTestProject.php][19/Apr/11 21:24:08][19/Apr/11 21:24:08][took 0.003399 secs]
[>>][5cafb0788507c004870612][DEFAULT][/results/tcCreatedPerUserOnTestProject.php][19/Apr/11 21:24:08]
	[19/Apr/11 21:24:08][AUDIT][mlt98hmgp3fc9bqf3fb634ghcj][GUI - Test Project ID : 21]
		User 'Sean.Gardner@asirobots.com' has insufficient rights for 'any' action on 'tcCreatedPerUserOnTestProject.php'! Exit forced!
[<<][5cafb0788507c004870612][DEFAULT][/results/tcCreatedPerUserOnTestProject.php][19/Apr/11 21:24:08][19/Apr/11 21:24:08][took 0.03688 secs]
[<<][5cafb078b8bab022806434][DEFAULT][/index.php][19/Apr/11 21:24:08][19/Apr/11 21:24:08][took 0.003282 secs]
[>>][5cafb078b9922668337035][DEFAULT][/index.php][19/Apr/11 21:24:08]
[<<][5cafb078b9922668337035][DEFAULT][/index.php][19/Apr/11 21:24:08][19/Apr/11 21:24:08][took 0.0024650000000001 secs]
[<<][5cafb078cf138221253369][DEFAULT][/lib/general/mainPage.php][19/Apr/11 21:24:08][19/Apr/11 21:24:08][took 0.0025409999999999 secs]
[>>][5cafb078cfbd4373521240][DEFAULT][/lib/general/mainPage.php][19/Apr/11 21:24:08]
[<<][5cafb078cfbd4373521240][DEFAULT][/lib/general/mainPage.php][19/Apr/11 21:24:08][19/Apr/11 21:24:08][took 0.0073110000000001 secs]
[>>][5cafb078d18f6048054538][DEFAULT][/lib/general/mainPage.php][19/Apr/11 21:24:08]
	[19/Apr/11 21:24:08][WARNING][mlt98hmgp3fc9bqf3fb634ghcj][GUI - Test Project ID : 21]
		E_NOTICE
Undefined index: platform_view - in /opt/bitnami/apps/testlink/htdocs/gui/templates_c/835a037b28214872edd369779d57f903f1734c6a.file.mainPageLeft.tpl.php - Line 205
[<<][5cafb078d18f6048054538][DEFAULT][/lib/general/mainPage.php][19/Apr/11 21:24:08][19/Apr/11 21:24:08][took 0.052372 secs]
[<<][5cafb078ce998103705660][DEFAULT][/lib/general/navBar.php][19/Apr/11 21:24:08][19/Apr/11 21:24:08][took 0.096486 secs]
[>>][5cafb078e6346630814550][DEFAULT][/lib/general/navBar.php][19/Apr/11 21:24:08]
[<<][5cafb078e6346630814550][DEFAULT][/lib/general/navBar.php][19/Apr/11 21:24:08][19/Apr/11 21:24:08][took 0.004293 secs]
[>>][5cafb078e7492424987672][DEFAULT][/lib/general/navBar.php][19/Apr/11 21:24:08]
[<<][5cafb078e7492424987672][DEFAULT][/lib/general/navBar.php][19/Apr/11 21:24:08][19/Apr/11 21:24:08][took 0.007965 secs]
[<<][5cafb0847dcee164202952][DEFAULT][/lib/plan/buildView.php][19/Apr/11 21:24:20][19/Apr/11 21:24:20][took 0.003216 secs]
[>>][5cafb0847ea38877948375][DEFAULT][/lib/plan/buildView.php][19/Apr/11 21:24:20]
[<<][5cafb0847ea38877948375][DEFAULT][/lib/plan/buildView.php][19/Apr/11 21:24:20][19/Apr/11 21:24:20][took 0.002628 secs]
[>>][5cafb0847f514401647406][DEFAULT][/lib/plan/buildView.php][19/Apr/11 21:24:20]
[<<][5cafb0847f514401647406][DEFAULT][/lib/plan/buildView.php][19/Apr/11 21:24:20][19/Apr/11 21:24:20][took 0.0037590000000001 secs]
[<<][5cafb08857078656232807][DEFAULT][/lib/plan/buildEdit.php][19/Apr/11 21:24:24][19/Apr/11 21:24:24][took 0.00333 secs]
[>>][5cafb08857e33845809556][DEFAULT][/lib/plan/buildEdit.php][19/Apr/11 21:24:24]
[<<][5cafb08857e33845809556][DEFAULT][/lib/plan/buildEdit.php][19/Apr/11 21:24:24][19/Apr/11 21:24:24][took 0.002811 secs]
[>>][5cafb088589c6021629366][DEFAULT][/lib/plan/buildEdit.php][19/Apr/11 21:24:24]
[<<][5cafb088589c6021629366][DEFAULT][/lib/plan/buildEdit.php][19/Apr/11 21:24:24][19/Apr/11 21:24:24][took 0.004664 secs]
[<<][5cafb08add2c1847400242][DEFAULT][/lib/plan/buildView.php][19/Apr/11 21:24:26][19/Apr/11 21:24:26][took 0.0033120000000001 secs]
[>>][5cafb08ade06d381803292][DEFAULT][/lib/plan/buildView.php][19/Apr/11 21:24:26]
[<<][5cafb08ade06d381803292][DEFAULT][/lib/plan/buildView.php][19/Apr/11 21:24:26][19/Apr/11 21:24:26][took 0.002878 secs]
[>>][5cafb08adec47234736350][DEFAULT][/lib/plan/buildView.php][19/Apr/11 21:24:26]
[<<][5cafb08adec47234736350][DEFAULT][/lib/plan/buildView.php][19/Apr/11 21:24:26][19/Apr/11 21:24:26][took 0.003062 secs]
[<<][5cafb08c4326c066131786][DEFAULT][/lib/plan/buildEdit.php][19/Apr/11 21:24:28][19/Apr/11 21:24:28][took 0.00326 secs]
[>>][5cafb08c43fdd238308588][DEFAULT][/lib/plan/buildEdit.php][19/Apr/11 21:24:28]
[<<][5cafb08c43fdd238308588][DEFAULT][/lib/plan/buildEdit.php][19/Apr/11 21:24:28][19/Apr/11 21:24:28][took 0.002953 secs]
[>>][5cafb08c44bfd871470681][DEFAULT][/lib/plan/buildEdit.php][19/Apr/11 21:24:28]
[<<][5cafb08c44bfd871470681][DEFAULT][/lib/plan/buildEdit.php][19/Apr/11 21:24:28][19/Apr/11 21:24:28][took 0.004205 secs]
[<<][5cafb08e02583839481293][DEFAULT][/lib/plan/buildView.php][19/Apr/11 21:24:30][19/Apr/11 21:24:30][took 0.003358 secs]
[>>][5cafb08e03357118948967][DEFAULT][/lib/plan/buildView.php][19/Apr/11 21:24:30]
[<<][5cafb08e03357118948967][DEFAULT][/lib/plan/buildView.php][19/Apr/11 21:24:30][19/Apr/11 21:24:30][took 0.002819 secs]
[>>][5cafb08e03ff1792309658][DEFAULT][/lib/plan/buildView.php][19/Apr/11 21:24:30]
[<<][5cafb08e03ff1792309658][DEFAULT][/lib/plan/buildView.php][19/Apr/11 21:24:30][19/Apr/11 21:24:30][took 0.003142 secs]
[<<][5cafb08fc7524451133876][DEFAULT][/lib/general/mainPage.php][19/Apr/11 21:24:31][19/Apr/11 21:24:31][took 0.0032840000000001 secs]
[>>][5cafb08fc82be737853499][DEFAULT][/lib/general/mainPage.php][19/Apr/11 21:24:31]
[<<][5cafb08fc82be737853499][DEFAULT][/lib/general/mainPage.php][19/Apr/11 21:24:31][19/Apr/11 21:24:31][took 0.0028140000000001 secs]
[>>][5cafb08fc8e66615108240][DEFAULT][/lib/general/mainPage.php][19/Apr/11 21:24:31]
	[19/Apr/11 21:24:31][WARNING][mlt98hmgp3fc9bqf3fb634ghcj][GUI - Test Project ID : 21]
		E_NOTICE
Undefined index: platform_view - in /opt/bitnami/apps/testlink/htdocs/gui/templates_c/835a037b28214872edd369779d57f903f1734c6a.file.mainPageLeft.tpl.php - Line 205
[<<][5cafb08fc8e66615108240][DEFAULT][/lib/general/mainPage.php][19/Apr/11 21:24:31][19/Apr/11 21:24:31][took 0.056441 secs]
[<<][5cafb09a61c7d551938159][DEFAULT][/lib/general/frmWorkArea.php][19/Apr/11 21:24:42][19/Apr/11 21:24:42][took 0.003283 secs]
[>>][5cafb09a62a0f447362866][DEFAULT][/lib/general/frmWorkArea.php][19/Apr/11 21:24:42]
[<<][5cafb09a62a0f447362866][DEFAULT][/lib/general/frmWorkArea.php][19/Apr/11 21:24:42][19/Apr/11 21:24:42][took 0.00301 secs]
[>>][5cafb09a63668603251999][DEFAULT][/lib/general/frmWorkArea.php][19/Apr/11 21:24:42]
[<<][5cafb09a63668603251999][DEFAULT][/lib/general/frmWorkArea.php][19/Apr/11 21:24:42][19/Apr/11 21:24:42][took 0.00081399999999998 secs]
[<<][5cafb09a7eeba297535919][DEFAULT][/lib/requirements/reqSpecListTree.php][19/Apr/11 21:24:42][19/Apr/11 21:24:42][took 0.003115 secs]
[>>][5cafb09a7fb8c215025671][DEFAULT][/lib/requirements/reqSpecListTree.php][19/Apr/11 21:24:42]
[<<][5cafb09a7fb8c215025671][DEFAULT][/lib/requirements/reqSpecListTree.php][19/Apr/11 21:24:42][19/Apr/11 21:24:42][took 0.0026820000000001 secs]
[>>][5cafb09a80698376028749][DEFAULT][/lib/requirements/reqSpecListTree.php][19/Apr/11 21:24:42]
[<<][5cafb09a80698376028749][DEFAULT][/lib/requirements/reqSpecListTree.php][19/Apr/11 21:24:42][19/Apr/11 21:24:42][took 0.004382 secs]
[<<][5cafb09a8a5a6742847371][DEFAULT][/lib/project/project_req_spec_mgmt.php][19/Apr/11 21:24:42][19/Apr/11 21:24:42][took 0.002857 secs]
[>>][5cafb09a8b16a305808965][DEFAULT][/lib/project/project_req_spec_mgmt.php][19/Apr/11 21:24:42]
[<<][5cafb09a8b16a305808965][DEFAULT][/lib/project/project_req_spec_mgmt.php][19/Apr/11 21:24:42][19/Apr/11 21:24:42][took 0.00253 secs]
[>>][5cafb09a8bbe0538824142][DEFAULT][/lib/project/project_req_spec_mgmt.php][19/Apr/11 21:24:42]
[<<][5cafb09a8bbe0538824142][DEFAULT][/lib/project/project_req_spec_mgmt.php][19/Apr/11 21:24:42][19/Apr/11 21:24:42][took 0.000749 secs]
[<<][5cafb09acb7bc502282439][DEFAULT][/lib/ajax/getrequirementnodes.php][19/Apr/11 21:24:42][19/Apr/11 21:24:42][took 0.002617 secs]
[>>][5cafb09acc295852464762][DEFAULT][/lib/ajax/getrequirementnodes.php][19/Apr/11 21:24:42]
[<<][5cafb09acc295852464762][DEFAULT][/lib/ajax/getrequirementnodes.php][19/Apr/11 21:24:42][19/Apr/11 21:24:42][took 0.0020939999999999 secs]
[>>][5cafb09accb43719110934][DEFAULT][/lib/ajax/getrequirementnodes.php][19/Apr/11 21:24:42]
[<<][5cafb09accb43719110934][DEFAULT][/lib/ajax/getrequirementnodes.php][19/Apr/11 21:24:42][19/Apr/11 21:24:42][took 0.001641 secs]
[<<][5cafb0a7c62e6641442283][DEFAULT][/lib/requirements/reqSpecListTree.php][19/Apr/11 21:24:55][19/Apr/11 21:24:55][took 0.0033099999999999 secs]
[>>][5cafb0a7c7095629636735][DEFAULT][/lib/requirements/reqSpecListTree.php][19/Apr/11 21:24:55]
[<<][5cafb0a7c7095629636735][DEFAULT][/lib/requirements/reqSpecListTree.php][19/Apr/11 21:24:55][19/Apr/11 21:24:55][took 0.002482 secs]
[>>][5cafb0a7c7ae8558159975][DEFAULT][/lib/requirements/reqSpecListTree.php][19/Apr/11 21:24:55]
[<<][5cafb0a7c7ae8558159975][DEFAULT][/lib/requirements/reqSpecListTree.php][19/Apr/11 21:24:55][19/Apr/11 21:24:55][took 0.020075 secs]
[<<][5cafb0a9d691f843215218][DEFAULT][/lib/project/project_req_spec_mgmt.php][19/Apr/11 21:24:57][19/Apr/11 21:24:57][took 0.003239 secs]
[>>][5cafb0a9d7684457917968][DEFAULT][/lib/project/project_req_spec_mgmt.php][19/Apr/11 21:24:57]
[<<][5cafb0a9d7684457917968][DEFAULT][/lib/project/project_req_spec_mgmt.php][19/Apr/11 21:24:57][19/Apr/11 21:24:57][took 0.002808 secs]
[>>][5cafb0a9d8211204916718][DEFAULT][/lib/project/project_req_spec_mgmt.php][19/Apr/11 21:24:57]
[<<][5cafb0a9d8211204916718][DEFAULT][/lib/project/project_req_spec_mgmt.php][19/Apr/11 21:24:57][19/Apr/11 21:24:57][took 0.00079099999999999 secs]
[<<][5cafb0b550b6c522766784][DEFAULT][/lib/usermanagement/userInfo.php][19/Apr/11 21:25:09][19/Apr/11 21:25:09][took 0.003252 secs]
[>>][5cafb0b5518db026175514][DEFAULT][/lib/usermanagement/userInfo.php][19/Apr/11 21:25:09]
[<<][5cafb0b5518db026175514][DEFAULT][/lib/usermanagement/userInfo.php][19/Apr/11 21:25:09][19/Apr/11 21:25:09][took 0.002655 secs]
[>>][5cafb0b5523d1705265117][DEFAULT][/lib/usermanagement/userInfo.php][19/Apr/11 21:25:09]
	[19/Apr/11 21:25:09][WARNING][mlt98hmgp3fc9bqf3fb634ghcj][GUI - Test Project ID : 21]
		E_WARNING
A non-numeric value encountered - in /opt/bitnami/apps/testlink/htdocs/locale/ja_JP/strings.txt - Line 2045
	[19/Apr/11 21:25:09][WARNING][mlt98hmgp3fc9bqf3fb634ghcj][GUI - Test Project ID : 21]
		E_WARNING
A non-numeric value encountered - in /opt/bitnami/apps/testlink/htdocs/locale/ja_JP/strings.txt - Line 2045
	[19/Apr/11 21:25:09][WARNING][mlt98hmgp3fc9bqf3fb634ghcj][GUI - Test Project ID : 21]
		E_WARNING
A non-numeric value encountered - in /opt/bitnami/apps/testlink/htdocs/locale/ja_JP/strings.txt - Line 2046
	[19/Apr/11 21:25:09][WARNING][mlt98hmgp3fc9bqf3fb634ghcj][GUI - Test Project ID : 21]
		E_WARNING
A non-numeric value encountered - in /opt/bitnami/apps/testlink/htdocs/locale/ja_JP/strings.txt - Line 2046
	[19/Apr/11 21:25:09][WARNING][mlt98hmgp3fc9bqf3fb634ghcj][GUI - Test Project ID : 21]
		E_WARNING
A non-numeric value encountered - in /opt/bitnami/apps/testlink/htdocs/locale/ja_JP/strings.txt - Line 2047
	[19/Apr/11 21:25:09][WARNING][mlt98hmgp3fc9bqf3fb634ghcj][GUI - Test Project ID : 21]
		E_WARNING
A non-numeric value encountered - in /opt/bitnami/apps/testlink/htdocs/locale/ja_JP/strings.txt - Line 2047
	[19/Apr/11 21:25:09][WARNING][mlt98hmgp3fc9bqf3fb634ghcj][GUI - Test Project ID : 21]
		E_WARNING
A non-numeric value encountered - in /opt/bitnami/apps/testlink/htdocs/locale/ja_JP/strings.txt - Line 3265
	[19/Apr/11 21:25:09][WARNING][mlt98hmgp3fc9bqf3fb634ghcj][GUI - Test Project ID : 21]
		E_WARNING
A non-numeric value encountered - in /opt/bitnami/apps/testlink/htdocs/locale/ja_JP/strings.txt - Line 3265
[<<][5cafb0b5523d1705265117][DEFAULT][/lib/usermanagement/userInfo.php][19/Apr/11 21:25:09][19/Apr/11 21:25:09][took 0.213639 secs]
[<<][5cafb0c835e93630400049][DEFAULT][/lib/usermanagement/userInfo.php][19/Apr/11 21:25:28][19/Apr/11 21:25:28][took 0.003159 secs]
[>>][5cafb0c836ba9251509597][DEFAULT][/lib/usermanagement/userInfo.php][19/Apr/11 21:25:28]
[<<][5cafb0c836ba9251509597][DEFAULT][/lib/usermanagement/userInfo.php][19/Apr/11 21:25:28][19/Apr/11 21:25:28][took 0.002485 secs]
[>>][5cafb0c837609031506019][DEFAULT][/lib/usermanagement/userInfo.php][19/Apr/11 21:25:28]
	[19/Apr/11 21:25:28][AUDIT][mlt98hmgp3fc9bqf3fb634ghcj][GUI - Test Project ID : 21]
		Password of user 'Sean.Gardner@asirobots.com' was saved
	[19/Apr/11 21:25:28][WARNING][mlt98hmgp3fc9bqf3fb634ghcj][GUI - Test Project ID : 21]
		E_WARNING
A non-numeric value encountered - in /opt/bitnami/apps/testlink/htdocs/locale/ja_JP/strings.txt - Line 2045
	[19/Apr/11 21:25:28][WARNING][mlt98hmgp3fc9bqf3fb634ghcj][GUI - Test Project ID : 21]
		E_WARNING
A non-numeric value encountered - in /opt/bitnami/apps/testlink/htdocs/locale/ja_JP/strings.txt - Line 2045
	[19/Apr/11 21:25:28][WARNING][mlt98hmgp3fc9bqf3fb634ghcj][GUI - Test Project ID : 21]
		E_WARNING
A non-numeric value encountered - in /opt/bitnami/apps/testlink/htdocs/locale/ja_JP/strings.txt - Line 2046
	[19/Apr/11 21:25:28][WARNING][mlt98hmgp3fc9bqf3fb634ghcj][GUI - Test Project ID : 21]
		E_WARNING
A non-numeric value encountered - in /opt/bitnami/apps/testlink/htdocs/locale/ja_JP/strings.txt - Line 2046
	[19/Apr/11 21:25:28][WARNING][mlt98hmgp3fc9bqf3fb634ghcj][GUI - Test Project ID : 21]
		E_WARNING
A non-numeric value encountered - in /opt/bitnami/apps/testlink/htdocs/locale/ja_JP/strings.txt - Line 2047
	[19/Apr/11 21:25:28][WARNING][mlt98hmgp3fc9bqf3fb634ghcj][GUI - Test Project ID : 21]
		E_WARNING
A non-numeric value encountered - in /opt/bitnami/apps/testlink/htdocs/locale/ja_JP/strings.txt - Line 2047
	[19/Apr/11 21:25:28][WARNING][mlt98hmgp3fc9bqf3fb634ghcj][GUI - Test Project ID : 21]
		E_WARNING
A non-numeric value encountered - in /opt/bitnami/apps/testlink/htdocs/locale/ja_JP/strings.txt - Line 3265
	[19/Apr/11 21:25:28][WARNING][mlt98hmgp3fc9bqf3fb634ghcj][GUI - Test Project ID : 21]
		E_WARNING
A non-numeric value encountered - in /opt/bitnami/apps/testlink/htdocs/locale/ja_JP/strings.txt - Line 3265
[<<][5cafb0c837609031506019][DEFAULT][/lib/usermanagement/userInfo.php][19/Apr/11 21:25:28][19/Apr/11 21:25:28][took 0.277447 secs]
[<<][5cafb0d159049599527503][DEFAULT][/index.php][19/Apr/11 21:25:37][19/Apr/11 21:25:37][took 0.003374 secs]
[>>][5cafb0d159e35297639282][DEFAULT][/index.php][19/Apr/11 21:25:37]
[<<][5cafb0d159e35297639282][DEFAULT][/index.php][19/Apr/11 21:25:37][19/Apr/11 21:25:37][took 0.001719 secs]
[<<][5cafb0d177b26920556769][DEFAULT][/login.php][19/Apr/11 21:25:37][19/Apr/11 21:25:37][took 0.003047 secs]
[>>][5cafb0d1787ab630026974][DEFAULT][/login.php][19/Apr/11 21:25:37]
[<<][5cafb0d1787ab630026974][DEFAULT][/login.php][19/Apr/11 21:25:37][19/Apr/11 21:25:37][took 0.001693 secs]
[<<][5cafb0dddac76162797349][DEFAULT][/login.php][19/Apr/11 21:25:49][19/Apr/11 21:25:49][took 0.003247 secs]
[>>][5cafb0dddb9e6625753479][DEFAULT][/login.php][19/Apr/11 21:25:49]
[<<][5cafb0dddb9e6625753479][DEFAULT][/login.php][19/Apr/11 21:25:49][19/Apr/11 21:25:49][took 0.003937 secs]
[>>][5cafb0dddc9e0217312896][DEFAULT][/login.php][19/Apr/11 21:25:49]
	[19/Apr/11 21:25:49][AUDIT][mlt98hmgp3fc9bqf3fb634ghcj][GUI - Test Project ID : 21]
		Login for 'Sean.Gardner@ASIRobots.com' from '209.253.35.146' succeeded
[<<][5cafb0dddc9e0217312896][DEFAULT][/login.php][19/Apr/11 21:25:49][19/Apr/11 21:25:49][took 0.039265 secs]
[<<][5cafb0de20915612170400][DEFAULT][/index.php][19/Apr/11 21:25:50][19/Apr/11 21:25:50][took 0.003328 secs]
[>>][5cafb0de216cc396311987][DEFAULT][/index.php][19/Apr/11 21:25:50]
[<<][5cafb0de216cc396311987][DEFAULT][/index.php][19/Apr/11 21:25:50][19/Apr/11 21:25:50][took 0.002631 secs]
[<<][5cafb0de39f35100498779][DEFAULT][/lib/general/mainPage.php][19/Apr/11 21:25:50][19/Apr/11 21:25:50][took 0.003125 secs]
[>>][5cafb0de3ac0a092552309][DEFAULT][/lib/general/mainPage.php][19/Apr/11 21:25:50]
[<<][5cafb0de3ac0a092552309][DEFAULT][/lib/general/mainPage.php][19/Apr/11 21:25:50][19/Apr/11 21:25:50][took 0.002616 secs]
[>>][5cafb0de3b6d8576213466][DEFAULT][/lib/general/mainPage.php][19/Apr/11 21:25:50]
	[19/Apr/11 21:25:50][WARNING][mlt98hmgp3fc9bqf3fb634ghcj][GUI - Test Project ID : 21]
		E_NOTICE
Undefined index: platform_view - in /opt/bitnami/apps/testlink/htdocs/gui/templates_c/835a037b28214872edd369779d57f903f1734c6a.file.mainPageLeft.tpl.php - Line 205
[<<][5cafb0de3b6d8576213466][DEFAULT][/lib/general/mainPage.php][19/Apr/11 21:25:50][19/Apr/11 21:25:50][took 0.043418 secs]
[<<][5cafb0de39f02059487805][DEFAULT][/lib/general/navBar.php][19/Apr/11 21:25:50][19/Apr/11 21:25:50][took 0.06623 secs]
[>>][5cafb0de4a25f422844139][DEFAULT][/lib/general/navBar.php][19/Apr/11 21:25:50]
[<<][5cafb0de4a25f422844139][DEFAULT][/lib/general/navBar.php][19/Apr/11 21:25:50][19/Apr/11 21:25:50][took 0.002149 secs]
[>>][5cafb0de4ab52274492507][DEFAULT][/lib/general/navBar.php][19/Apr/11 21:25:50]
[<<][5cafb0de4ab52274492507][DEFAULT][/lib/general/navBar.php][19/Apr/11 21:25:50][19/Apr/11 21:25:50][took 0.003928 secs]
[<<][5cafb1bc920cf310678416][DEFAULT][/lib/general/mainPage.php][19/Apr/11 21:29:32][19/Apr/11 21:29:32][took 0.00329 secs]
[>>][5cafb1bc92e5b670380488][DEFAULT][/lib/general/mainPage.php][19/Apr/11 21:29:32]
[<<][5cafb1bc92e5b670380488][DEFAULT][/lib/general/mainPage.php][19/Apr/11 21:29:32][19/Apr/11 21:29:32][took 0.002609 secs]
[>>][5cafb1bc93925590017740][DEFAULT][/lib/general/mainPage.php][19/Apr/11 21:29:32]
	[19/Apr/11 21:29:32][WARNING][mlt98hmgp3fc9bqf3fb634ghcj][GUI - Test Project ID : 21]
		E_NOTICE
Undefined index: platform_view - in /opt/bitnami/apps/testlink/htdocs/gui/templates_c/835a037b28214872edd369779d57f903f1734c6a.file.mainPageLeft.tpl.php - Line 205
[<<][5cafb1bc93925590017740][DEFAULT][/lib/general/mainPage.php][19/Apr/11 21:29:32][19/Apr/11 21:29:32][took 0.045588 secs]
[<<][5cafb1cce5919039404736][DEFAULT][/lib/general/navBar.php][19/Apr/11 21:29:48][19/Apr/11 21:29:48][took 0.003333 secs]
[>>][5cafb1cce66df183961279][DEFAULT][/lib/general/navBar.php][19/Apr/11 21:29:48]
[<<][5cafb1cce66df183961279][DEFAULT][/lib/general/navBar.php][19/Apr/11 21:29:48][19/Apr/11 21:29:48][took 0.002795 secs]
[>>][5cafb1cce7262991859615][DEFAULT][/lib/general/navBar.php][19/Apr/11 21:29:48]
	[19/Apr/11 21:29:48][WARNING][mlt98hmgp3fc9bqf3fb634ghcj][GUI - Test Project ID : 65328]
		E_NOTICE
Undefined offset: 0 - in /opt/bitnami/apps/testlink/htdocs/lib/general/navBar.php - Line 143
	[19/Apr/11 21:29:48][WARNING][mlt98hmgp3fc9bqf3fb634ghcj][GUI - Test Project ID : 65328]
		E_NOTICE
Undefined offset: 0 - in /opt/bitnami/apps/testlink/htdocs/lib/general/navBar.php - Line 144
	[19/Apr/11 21:29:49][WARNING][mlt98hmgp3fc9bqf3fb634ghcj][GUI - Test Project ID : 65328]
		E_NOTICE
Undefined property: stdClass::$prefix - in /opt/bitnami/apps/testlink/htdocs/lib/general/navBar.php - Line 173
[<<][5cafb1cce7262991859615][DEFAULT][/lib/general/navBar.php][19/Apr/11 21:29:48][19/Apr/11 21:29:49][took 0.07937 secs]
[<<][5cafb1cd3f9a1499550270][DEFAULT][/lib/general/mainPage.php][19/Apr/11 21:29:49][19/Apr/11 21:29:49][took 0.003222 secs]
[>>][5cafb1cd406f2667384284][DEFAULT][/lib/general/mainPage.php][19/Apr/11 21:29:49]
[<<][5cafb1cd406f2667384284][DEFAULT][/lib/general/mainPage.php][19/Apr/11 21:29:49][19/Apr/11 21:29:49][took 0.002829 secs]
[>>][5cafb1cd412ac882137515][DEFAULT][/lib/general/mainPage.php][19/Apr/11 21:29:49]
	[19/Apr/11 21:29:49][WARNING][mlt98hmgp3fc9bqf3fb634ghcj][GUI - Test Project ID : 65328]
		E_NOTICE
Undefined index: platform_view - in /opt/bitnami/apps/testlink/htdocs/gui/templates_c/835a037b28214872edd369779d57f903f1734c6a.file.mainPageLeft.tpl.php - Line 205
[<<][5cafb1cd412ac882137515][DEFAULT][/lib/general/mainPage.php][19/Apr/11 21:29:49][19/Apr/11 21:29:49][took 0.039376 secs]
[<<][5cafb1ce5a92e659832399][DEFAULT][/lib/plan/planView.php][19/Apr/11 21:29:50][19/Apr/11 21:29:50][took 0.003324 secs]
[>>][5cafb1ce5b6ea081961965][DEFAULT][/lib/plan/planView.php][19/Apr/11 21:29:50]
[<<][5cafb1ce5b6ea081961965][DEFAULT][/lib/plan/planView.php][19/Apr/11 21:29:50][19/Apr/11 21:29:50][took 0.002764 secs]
[>>][5cafb1ce5c24f356621997][DEFAULT][/lib/plan/planView.php][19/Apr/11 21:29:50]
[<<][5cafb1ce5c24f356621997][DEFAULT][/lib/plan/planView.php][19/Apr/11 21:29:50][19/Apr/11 21:29:50][took 0.002679 secs]
[<<][5cafb1d23c3c5756385212][DEFAULT][/lib/plan/planEdit.php][19/Apr/11 21:29:54][19/Apr/11 21:29:54][took 0.003324 secs]
[>>][5cafb1d23d1af835644474][DEFAULT][/lib/plan/planEdit.php][19/Apr/11 21:29:54]
[<<][5cafb1d23d1af835644474][DEFAULT][/lib/plan/planEdit.php][19/Apr/11 21:29:54][19/Apr/11 21:29:54][took 0.002698 secs]
[>>][5cafb1d23dcd1723526947][DEFAULT][/lib/plan/planEdit.php][19/Apr/11 21:29:54]
[<<][5cafb1d23dcd1723526947][DEFAULT][/lib/plan/planEdit.php][19/Apr/11 21:29:54][19/Apr/11 21:29:54][took 0.004748 secs]
[<<][5cafb2e9034d4655883849][DEFAULT][/lib/plan/planEdit.php][19/Apr/11 21:34:33][19/Apr/11 21:34:33][took 0.003404 secs]
[>>][5cafb2e9042f4165372888][DEFAULT][/lib/plan/planEdit.php][19/Apr/11 21:34:33]
[<<][5cafb2e9042f4165372888][DEFAULT][/lib/plan/planEdit.php][19/Apr/11 21:34:33][19/Apr/11 21:34:33][took 0.002728 secs]
[>>][5cafb2e904e3d279405945][DEFAULT][/lib/plan/planEdit.php][19/Apr/11 21:34:33]
	[19/Apr/11 21:34:33][AUDIT][mlt98hmgp3fc9bqf3fb634ghcj][GUI - Test Project ID : 65328]
		Test Project 'Automotive' - Test Plan 'Experimental Test Plan' was created
[<<][5cafb2e904e3d279405945][DEFAULT][/lib/plan/planEdit.php][19/Apr/11 21:34:33][19/Apr/11 21:34:33][took 0.07554 secs]
[<<][5cafb2fbb9581192639090][DEFAULT][/index.php][19/Apr/11 21:34:51][19/Apr/11 21:34:51][took 0.00344 secs]
[>>][5cafb2fbba3dd652803512][DEFAULT][/index.php][19/Apr/11 21:34:51]
[<<][5cafb2fbba3dd652803512][DEFAULT][/index.php][19/Apr/11 21:34:51][19/Apr/11 21:34:51][took 0.002477 secs]
[<<][5cafb2fbde798471770736][DEFAULT][/lib/general/mainPage.php][19/Apr/11 21:34:51][19/Apr/11 21:34:51][took 0.0031289999999999 secs]
[>>][5cafb2fbdf482367756743][DEFAULT][/lib/general/mainPage.php][19/Apr/11 21:34:51]
[<<][5cafb2fbdf482367756743][DEFAULT][/lib/general/mainPage.php][19/Apr/11 21:34:51][19/Apr/11 21:34:51][took 0.003062 secs]
[>>][5cafb2fbe0110245397011][DEFAULT][/lib/general/mainPage.php][19/Apr/11 21:34:51]
	[19/Apr/11 21:34:51][WARNING][mlt98hmgp3fc9bqf3fb634ghcj][GUI - Test Project ID : 65328]
		E_NOTICE
Undefined index: platform_view - in /opt/bitnami/apps/testlink/htdocs/gui/templates_c/835a037b28214872edd369779d57f903f1734c6a.file.mainPageLeft.tpl.php - Line 205
[<<][5cafb2fbe0110245397011][DEFAULT][/lib/general/mainPage.php][19/Apr/11 21:34:51][19/Apr/11 21:34:51][took 0.065575 secs]
[<<][5cafb2fbde798911922007][DEFAULT][/lib/general/navBar.php][19/Apr/11 21:34:51][19/Apr/11 21:34:51][took 0.091393 secs]
[>>][5cafb2fc00b26924804772][DEFAULT][/lib/general/navBar.php][19/Apr/11 21:34:51]
[<<][5cafb2fc00b26924804772][DEFAULT][/lib/general/navBar.php][19/Apr/11 21:34:51][19/Apr/11 21:34:52][took 0.002734 secs]
[>>][5cafb2fc0165e054361700][DEFAULT][/lib/general/navBar.php][19/Apr/11 21:34:52]
[<<][5cafb2fc0165e054361700][DEFAULT][/lib/general/navBar.php][19/Apr/11 21:34:52][19/Apr/11 21:34:52][took 0.014256 secs]
[<<][5cafb2feb46a8750428383][DEFAULT][/lib/plan/planView.php][19/Apr/11 21:34:54][19/Apr/11 21:34:54][took 0.0032990000000001 secs]
[>>][5cafb2feb544a425610816][DEFAULT][/lib/plan/planView.php][19/Apr/11 21:34:54]
[<<][5cafb2feb544a425610816][DEFAULT][/lib/plan/planView.php][19/Apr/11 21:34:54][19/Apr/11 21:34:54][took 0.00279 secs]
[>>][5cafb2feb5fc9648292374][DEFAULT][/lib/plan/planView.php][19/Apr/11 21:34:54]
[<<][5cafb2feb5fc9648292374][DEFAULT][/lib/plan/planView.php][19/Apr/11 21:34:54][19/Apr/11 21:34:54][took 0.007146 secs]
[<<][5cafb30425f9e518034054][DEFAULT][/lib/plan/planEdit.php][19/Apr/11 21:35:00][19/Apr/11 21:35:00][took 0.00333 secs]
[>>][5cafb30426d69063420536][DEFAULT][/lib/plan/planEdit.php][19/Apr/11 21:35:00]
[<<][5cafb30426d69063420536][DEFAULT][/lib/plan/planEdit.php][19/Apr/11 21:35:00][19/Apr/11 21:35:00][took 0.002841 secs]
[>>][5cafb30427918839150384][DEFAULT][/lib/plan/planEdit.php][19/Apr/11 21:35:00]
[<<][5cafb30427918839150384][DEFAULT][/lib/plan/planEdit.php][19/Apr/11 21:35:00][19/Apr/11 21:35:00][took 0.004852 secs]
[<<][5cafb30a00291093295362][DEFAULT][/lib/plan/planView.php][19/Apr/11 21:35:05][19/Apr/11 21:35:05][took 0.003337 secs]
[>>][5cafb30a01068417266988][DEFAULT][/lib/plan/planView.php][19/Apr/11 21:35:05]
[<<][5cafb30a01068417266988][DEFAULT][/lib/plan/planView.php][19/Apr/11 21:35:05][19/Apr/11 21:35:06][took 0.002884 secs]
[>>][5cafb30a01c44022773341][DEFAULT][/lib/plan/planView.php][19/Apr/11 21:35:06]
[<<][5cafb30a01c44022773341][DEFAULT][/lib/plan/planView.php][19/Apr/11 21:35:06][19/Apr/11 21:35:06][took 0.007031 secs]
[<<][5cafb31a59950152698887][DEFAULT][/lib/plan/planEdit.php][19/Apr/11 21:35:22][19/Apr/11 21:35:22][took 0.003459 secs]
[>>][5cafb31a5a7ab679788148][DEFAULT][/lib/plan/planEdit.php][19/Apr/11 21:35:22]
[<<][5cafb31a5a7ab679788148][DEFAULT][/lib/plan/planEdit.php][19/Apr/11 21:35:22][19/Apr/11 21:35:22][took 0.00284 secs]
[>>][5cafb31a5b35a698993132][DEFAULT][/lib/plan/planEdit.php][19/Apr/11 21:35:22]
[<<][5cafb31a5b35a698993132][DEFAULT][/lib/plan/planEdit.php][19/Apr/11 21:35:22][19/Apr/11 21:35:22][took 0.008324 secs]
[<<][5cafb327e4d84579998134][DEFAULT][/lib/plan/planEdit.php][19/Apr/11 21:35:35][19/Apr/11 21:35:35][took 0.0031760000000001 secs]
[>>][5cafb327e5aa7411985430][DEFAULT][/lib/plan/planEdit.php][19/Apr/11 21:35:35]
[<<][5cafb327e5aa7411985430][DEFAULT][/lib/plan/planEdit.php][19/Apr/11 21:35:35][19/Apr/11 21:35:35][took 0.0024639999999999 secs]
[>>][5cafb327e64d1145374609][DEFAULT][/lib/plan/planEdit.php][19/Apr/11 21:35:35]
	[19/Apr/11 21:35:35][AUDIT][mlt98hmgp3fc9bqf3fb634ghcj][GUI - Test Project ID : 65328]
		Test Project 'Automotive' - Test Plan 'Experimental Test Plan' was saved
[<<][5cafb327e64d1145374609][DEFAULT][/lib/plan/planEdit.php][19/Apr/11 21:35:35][19/Apr/11 21:35:36][took 0.074884 secs]
[<<][5cafb32cb5df4373093830][DEFAULT][/lib/plan/planEdit.php][19/Apr/11 21:35:40][19/Apr/11 21:35:40][took 0.0034 secs]
[>>][5cafb32cb6c0d799942320][DEFAULT][/lib/plan/planEdit.php][19/Apr/11 21:35:40]
[<<][5cafb32cb6c0d799942320][DEFAULT][/lib/plan/planEdit.php][19/Apr/11 21:35:40][19/Apr/11 21:35:40][took 0.002763 secs]
[>>][5cafb32cb776f877714511][DEFAULT][/lib/plan/planEdit.php][19/Apr/11 21:35:40]
[<<][5cafb32cb776f877714511][DEFAULT][/lib/plan/planEdit.php][19/Apr/11 21:35:40][19/Apr/11 21:35:40][took 0.009096 secs]
[<<][5cafb32edadd6122313164][DEFAULT][/lib/plan/planView.php][19/Apr/11 21:35:42][19/Apr/11 21:35:42][took 0.003316 secs]
[>>][5cafb32edbb83936334508][DEFAULT][/lib/plan/planView.php][19/Apr/11 21:35:42]
[<<][5cafb32edbb83936334508][DEFAULT][/lib/plan/planView.php][19/Apr/11 21:35:42][19/Apr/11 21:35:42][took 0.003042 secs]
[>>][5cafb32edc7fe957402401][DEFAULT][/lib/plan/planView.php][19/Apr/11 21:35:42]
[<<][5cafb32edc7fe957402401][DEFAULT][/lib/plan/planView.php][19/Apr/11 21:35:42][19/Apr/11 21:35:42][took 0.003256 secs]
[<<][5cafb3479f90f786377467][DEFAULT][/lib/general/frmWorkArea.php][19/Apr/11 21:36:07][19/Apr/11 21:36:07][took 0.003336 secs]
[>>][5cafb347a06ca588879767][DEFAULT][/lib/general/frmWorkArea.php][19/Apr/11 21:36:07]
[<<][5cafb347a06ca588879767][DEFAULT][/lib/general/frmWorkArea.php][19/Apr/11 21:36:07][19/Apr/11 21:36:07][took 0.002833 secs]
[>>][5cafb347a1272956903249][DEFAULT][/lib/general/frmWorkArea.php][19/Apr/11 21:36:07]
	[19/Apr/11 21:36:07][WARNING][mlt98hmgp3fc9bqf3fb634ghcj][GUI - Test Project ID : 65328]
		E_NOTICE
Undefined index: testplanID - in /opt/bitnami/apps/testlink/htdocs/lib/general/frmWorkArea.php - Line 107
	[19/Apr/11 21:36:07][WARNING][mlt98hmgp3fc9bqf3fb634ghcj][GUI - Test Project ID : 65328]
		E_NOTICE
Undefined index: testplanName - in /opt/bitnami/apps/testlink/htdocs/lib/general/frmWorkArea.php - Line 108
[<<][5cafb347a1272956903249][DEFAULT][/lib/general/frmWorkArea.php][19/Apr/11 21:36:07][19/Apr/11 21:36:07][took 0.110013 secs]
[<<][5cafb3514fa42985637848][DEFAULT][/lib/plan/planView.php][19/Apr/11 21:36:17][19/Apr/11 21:36:17][took 0.003254 secs]
[>>][5cafb351507c0724926828][DEFAULT][/lib/plan/planView.php][19/Apr/11 21:36:17]
[<<][5cafb351507c0724926828][DEFAULT][/lib/plan/planView.php][19/Apr/11 21:36:17][19/Apr/11 21:36:17][took 0.002902 secs]
[>>][5cafb351513ae950139721][DEFAULT][/lib/plan/planView.php][19/Apr/11 21:36:17]
[<<][5cafb351513ae950139721][DEFAULT][/lib/plan/planView.php][19/Apr/11 21:36:17][19/Apr/11 21:36:17][took 0.00722 secs]
[<<][5cafb3592d53e267167043][DEFAULT][/index.php][19/Apr/11 21:36:25][19/Apr/11 21:36:25][took 0.003572 secs]
[>>][5cafb3592e3ea540742021][DEFAULT][/index.php][19/Apr/11 21:36:25]
[<<][5cafb3592e3ea540742021][DEFAULT][/index.php][19/Apr/11 21:36:25][19/Apr/11 21:36:25][took 0.002601 secs]
[<<][5cafb359535ec093159405][DEFAULT][/lib/general/navBar.php][19/Apr/11 21:36:25][19/Apr/11 21:36:25][took 0.003684 secs]
[>>][5cafb3595451b407645758][DEFAULT][/lib/general/navBar.php][19/Apr/11 21:36:25]
[<<][5cafb3595451b407645758][DEFAULT][/lib/general/navBar.php][19/Apr/11 21:36:25][19/Apr/11 21:36:25][took 0.003334 secs]
[>>][5cafb359552b7200058128][DEFAULT][/lib/general/navBar.php][19/Apr/11 21:36:25]
[<<][5cafb359552b7200058128][DEFAULT][/lib/general/navBar.php][19/Apr/11 21:36:25][19/Apr/11 21:36:25][took 0.005988 secs]
[<<][5cafb35953e6e446008138][DEFAULT][/lib/general/mainPage.php][19/Apr/11 21:36:25][19/Apr/11 21:36:25][took 0.0142 secs]
[>>][5cafb3595767d952457841][DEFAULT][/lib/general/mainPage.php][19/Apr/11 21:36:25]
[<<][5cafb3595767d952457841][DEFAULT][/lib/general/mainPage.php][19/Apr/11 21:36:25][19/Apr/11 21:36:25][took 0.003431 secs]
[>>][5cafb35958475798026873][DEFAULT][/lib/general/mainPage.php][19/Apr/11 21:36:25]
	[19/Apr/11 21:36:25][WARNING][mlt98hmgp3fc9bqf3fb634ghcj][GUI - Test Project ID : 65328]
		E_NOTICE
Undefined index: platform_view - in /opt/bitnami/apps/testlink/htdocs/gui/templates_c/835a037b28214872edd369779d57f903f1734c6a.file.mainPageLeft.tpl.php - Line 205
[<<][5cafb35958475798026873][DEFAULT][/lib/general/mainPage.php][19/Apr/11 21:36:25][19/Apr/11 21:36:25][took 0.045208 secs]
[<<][5cafb35b972f8721965359][DEFAULT][/lib/plan/planView.php][19/Apr/11 21:36:27][19/Apr/11 21:36:27][took 0.00332 secs]
[>>][5cafb35b980c2012225841][DEFAULT][/lib/plan/planView.php][19/Apr/11 21:36:27]
[<<][5cafb35b980c2012225841][DEFAULT][/lib/plan/planView.php][19/Apr/11 21:36:27][19/Apr/11 21:36:27][took 0.002767 secs]
[>>][5cafb35b98c43873741487][DEFAULT][/lib/plan/planView.php][19/Apr/11 21:36:27]
[<<][5cafb35b98c43873741487][DEFAULT][/lib/plan/planView.php][19/Apr/11 21:36:27][19/Apr/11 21:36:27][took 0.007219 secs]
[<<][5cafb35dd8a95574326081][DEFAULT][/lib/plan/planEdit.php][19/Apr/11 21:36:29][19/Apr/11 21:36:29][took 0.003482 secs]
[>>][5cafb35dd98ee793191951][DEFAULT][/lib/plan/planEdit.php][19/Apr/11 21:36:29]
[<<][5cafb35dd98ee793191951][DEFAULT][/lib/plan/planEdit.php][19/Apr/11 21:36:29][19/Apr/11 21:36:29][took 0.002865 secs]
[>>][5cafb35dda4b4938624238][DEFAULT][/lib/plan/planEdit.php][19/Apr/11 21:36:29]
[<<][5cafb35dda4b4938624238][DEFAULT][/lib/plan/planEdit.php][19/Apr/11 21:36:29][19/Apr/11 21:36:29][took 0.004391 secs]
[<<][5cafb37c79aae519749441][DEFAULT][/lib/plan/planEdit.php][19/Apr/11 21:37:00][19/Apr/11 21:37:00][took 0.0033339999999999 secs]
[>>][5cafb37c7a877342814882][DEFAULT][/lib/plan/planEdit.php][19/Apr/11 21:37:00]
[<<][5cafb37c7a877342814882][DEFAULT][/lib/plan/planEdit.php][19/Apr/11 21:37:00][19/Apr/11 21:37:00][took 0.002819 secs]
[>>][5cafb37c7b413628923778][DEFAULT][/lib/plan/planEdit.php][19/Apr/11 21:37:00]
	[19/Apr/11 21:37:00][AUDIT][mlt98hmgp3fc9bqf3fb634ghcj][GUI - Test Project ID : 65328]
		Test Project 'Automotive' - Test Plan 'Experimental Test Plan' was saved
[<<][5cafb37c7b413628923778][DEFAULT][/lib/plan/planEdit.php][19/Apr/11 21:37:00][19/Apr/11 21:37:00][took 0.076957 secs]
[<<][5cafb37fbbf84823384085][DEFAULT][/index.php][19/Apr/11 21:37:03][19/Apr/11 21:37:03][took 0.0029709999999999 secs]
[>>][5cafb37fbcbe6076187026][DEFAULT][/index.php][19/Apr/11 21:37:03]
[<<][5cafb37fbcbe6076187026][DEFAULT][/index.php][19/Apr/11 21:37:03][19/Apr/11 21:37:03][took 0.00213 secs]
[<<][5cafb37fd7510250927180][DEFAULT][/lib/general/navBar.php][19/Apr/11 21:37:03][19/Apr/11 21:37:03][took 0.0032049999999999 secs]
[>>][5cafb37fd824c958454027][DEFAULT][/lib/general/navBar.php][19/Apr/11 21:37:03]
[<<][5cafb37fd824c958454027][DEFAULT][/lib/general/navBar.php][19/Apr/11 21:37:03][19/Apr/11 21:37:03][took 0.002965 secs]
[>>][5cafb37fd8e98178178311][DEFAULT][/lib/general/navBar.php][19/Apr/11 21:37:03]
[<<][5cafb37fd8e98178178311][DEFAULT][/lib/general/navBar.php][19/Apr/11 21:37:03][19/Apr/11 21:37:03][took 0.008951 secs]
[<<][5cafb37fd7510494552392][DEFAULT][/lib/general/mainPage.php][19/Apr/11 21:37:03][19/Apr/11 21:37:03][took 0.016587 secs]
[>>][5cafb37fdb678183240941][DEFAULT][/lib/general/mainPage.php][19/Apr/11 21:37:03]
[<<][5cafb37fdb678183240941][DEFAULT][/lib/general/mainPage.php][19/Apr/11 21:37:03][19/Apr/11 21:37:03][took 0.007564 secs]
[>>][5cafb37fdd494594724743][DEFAULT][/lib/general/mainPage.php][19/Apr/11 21:37:03]
	[19/Apr/11 21:37:03][WARNING][mlt98hmgp3fc9bqf3fb634ghcj][GUI - Test Project ID : 65328]
		E_NOTICE
Undefined index: platform_view - in /opt/bitnami/apps/testlink/htdocs/gui/templates_c/835a037b28214872edd369779d57f903f1734c6a.file.mainPageLeft.tpl.php - Line 205
[<<][5cafb37fdd494594724743][DEFAULT][/lib/general/mainPage.php][19/Apr/11 21:37:03][19/Apr/11 21:37:03][took 0.048317 secs]
[<<][5cafb38809aa0998036785][DEFAULT][/lib/cfields/cfieldsView.php][19/Apr/11 21:37:12][19/Apr/11 21:37:12][took 0.003588 secs]
[>>][5cafb3880a95a342949782][DEFAULT][/lib/cfields/cfieldsView.php][19/Apr/11 21:37:12]
[<<][5cafb3880a95a342949782][DEFAULT][/lib/cfields/cfieldsView.php][19/Apr/11 21:37:12][19/Apr/11 21:37:12][took 0.002778 secs]
[>>][5cafb3880b4c9747841909][DEFAULT][/lib/cfields/cfieldsView.php][19/Apr/11 21:37:12]
[<<][5cafb3880b4c9747841909][DEFAULT][/lib/cfields/cfieldsView.php][19/Apr/11 21:37:12][19/Apr/11 21:37:12][took 0.007706 secs]
[<<][5cafb3957d9d1377326622][DEFAULT][/index.php][19/Apr/11 21:37:25][19/Apr/11 21:37:25][took 0.0033519999999999 secs]
[>>][5cafb3957e79c271611586][DEFAULT][/index.php][19/Apr/11 21:37:25]
[<<][5cafb3957e79c271611586][DEFAULT][/index.php][19/Apr/11 21:37:25][19/Apr/11 21:37:25][took 0.002408 secs]
[<<][5cafb395a1e88042222576][DEFAULT][/lib/general/navBar.php][19/Apr/11 21:37:25][19/Apr/11 21:37:25][took 0.00325 secs]
[>>][5cafb395a2bea736350499][DEFAULT][/lib/general/navBar.php][19/Apr/11 21:37:25]
[<<][5cafb395a2bea736350499][DEFAULT][/lib/general/navBar.php][19/Apr/11 21:37:25][19/Apr/11 21:37:25][took 0.0027469999999999 secs]
[>>][5cafb395a373b551793766][DEFAULT][/lib/general/navBar.php][19/Apr/11 21:37:25]
[<<][5cafb395a373b551793766][DEFAULT][/lib/general/navBar.php][19/Apr/11 21:37:25][19/Apr/11 21:37:25][took 0.0043800000000001 secs]
[<<][5cafb395a1f24852737913][DEFAULT][/lib/general/mainPage.php][19/Apr/11 21:37:25][19/Apr/11 21:37:25][took 0.012188 secs]
[>>][5cafb395a4f57157379140][DEFAULT][/lib/general/mainPage.php][19/Apr/11 21:37:25]
[<<][5cafb395a4f57157379140][DEFAULT][/lib/general/mainPage.php][19/Apr/11 21:37:25][19/Apr/11 21:37:25][took 0.003477 secs]
[>>][5cafb395a5d73396458268][DEFAULT][/lib/general/mainPage.php][19/Apr/11 21:37:25]
	[19/Apr/11 21:37:25][WARNING][mlt98hmgp3fc9bqf3fb634ghcj][GUI - Test Project ID : 65328]
		E_NOTICE
Undefined index: platform_view - in /opt/bitnami/apps/testlink/htdocs/gui/templates_c/835a037b28214872edd369779d57f903f1734c6a.file.mainPageLeft.tpl.php - Line 205
[<<][5cafb395a5d73396458268][DEFAULT][/lib/general/mainPage.php][19/Apr/11 21:37:25][19/Apr/11 21:37:25][took 0.040782 secs]
[<<][5cafb399f0acd411999387][DEFAULT][/lib/general/frmWorkArea.php][19/Apr/11 21:37:29][19/Apr/11 21:37:29][took 0.003543 secs]
[>>][5cafb399f1963921201939][DEFAULT][/lib/general/frmWorkArea.php][19/Apr/11 21:37:29]
[<<][5cafb399f1963921201939][DEFAULT][/lib/general/frmWorkArea.php][19/Apr/11 21:37:29][19/Apr/11 21:37:29][took 0.002935 secs]
[>>][5cafb399f2570283372590][DEFAULT][/lib/general/frmWorkArea.php][19/Apr/11 21:37:29]
[<<][5cafb399f2570283372590][DEFAULT][/lib/general/frmWorkArea.php][19/Apr/11 21:37:29][19/Apr/11 21:37:29][took 0.00081900000000001 secs]
[<<][5cafb39a16dca373294164][DEFAULT][/lib/requirements/reqSpecListTree.php][19/Apr/11 21:37:30][19/Apr/11 21:37:30][took 0.003259 secs]
[>>][5cafb39a17b2f276089095][DEFAULT][/lib/requirements/reqSpecListTree.php][19/Apr/11 21:37:30]
[<<][5cafb39a17b2f276089095][DEFAULT][/lib/requirements/reqSpecListTree.php][19/Apr/11 21:37:30][19/Apr/11 21:37:30][took 0.002851 secs]
[>>][5cafb39a186e7529134231][DEFAULT][/lib/requirements/reqSpecListTree.php][19/Apr/11 21:37:30]
[<<][5cafb39a186e7529134231][DEFAULT][/lib/requirements/reqSpecListTree.php][19/Apr/11 21:37:30][19/Apr/11 21:37:30][took 0.008348 secs]
[<<][5cafb39a16e93011554458][DEFAULT][/lib/project/project_req_spec_mgmt.php][19/Apr/11 21:37:30][19/Apr/11 21:37:30][took 0.022203 secs]
[>>][5cafb39a1c5e8083673583][DEFAULT][/lib/project/project_req_spec_mgmt.php][19/Apr/11 21:37:30]
[<<][5cafb39a1c5e8083673583][DEFAULT][/lib/project/project_req_spec_mgmt.php][19/Apr/11 21:37:30][19/Apr/11 21:37:30][took 0.005311 secs]
[>>][5cafb39a1db36925325967][DEFAULT][/lib/project/project_req_spec_mgmt.php][19/Apr/11 21:37:30]
[<<][5cafb39a1db36925325967][DEFAULT][/lib/project/project_req_spec_mgmt.php][19/Apr/11 21:37:30][19/Apr/11 21:37:30][took 0.00073999999999999 secs]
[<<][5cafb39a67161536630402][DEFAULT][/lib/ajax/getrequirementnodes.php][19/Apr/11 21:37:30][19/Apr/11 21:37:30][took 0.003197 secs]
[>>][5cafb39a67e99902612059][DEFAULT][/lib/ajax/getrequirementnodes.php][19/Apr/11 21:37:30]
[<<][5cafb39a67e99902612059][DEFAULT][/lib/ajax/getrequirementnodes.php][19/Apr/11 21:37:30][19/Apr/11 21:37:30][took 0.002598 secs]
[>>][5cafb39a68959237534274][DEFAULT][/lib/ajax/getrequirementnodes.php][19/Apr/11 21:37:30]
[<<][5cafb39a68959237534274][DEFAULT][/lib/ajax/getrequirementnodes.php][19/Apr/11 21:37:30][19/Apr/11 21:37:30][took 0.00081900000000001 secs]
	[19/May/7 19:45:42][AUDIT][em5q9p6baa77mqucc6l12sq5bs][GUI - Test Project ID : 65328]
		Login for 'Sean.Gardner@ASIRobots.com' from '209.253.35.146' succeeded
[<<][5cd1e06692e19587793533][DEFAULT][/login.php][19/May/7 19:45:42][19/May/7 19:45:42][took 0.042597 secs]
[<<][5cd1e066bd554497937463][DEFAULT][/index.php][19/May/7 19:45:42][19/May/7 19:45:42][took 0.003363 secs]
[>>][5cd1e066be32d044958677][DEFAULT][/index.php][19/May/7 19:45:42]
[<<][5cd1e066be32d044958677][DEFAULT][/index.php][19/May/7 19:45:42][19/May/7 19:45:42][took 0.0024949999999999 secs]
[<<][5cd1e066d5827678032143][DEFAULT][/lib/general/navBar.php][19/May/7 19:45:42][19/May/7 19:45:42][took 0.0032540000000001 secs]
[>>][5cd1e066d6592399781363][DEFAULT][/lib/general/navBar.php][19/May/7 19:45:42]
[<<][5cd1e066d6592399781363][DEFAULT][/lib/general/navBar.php][19/May/7 19:45:42][19/May/7 19:45:42][took 0.002758 secs]
[>>][5cd1e066d70f0971795432][DEFAULT][/lib/general/navBar.php][19/May/7 19:45:42]
[<<][5cd1e066d70f0971795432][DEFAULT][/lib/general/navBar.php][19/May/7 19:45:42][19/May/7 19:45:42][took 0.009296 secs]
[<<][5cd1e066d58fb550059153][DEFAULT][/lib/general/mainPage.php][19/May/7 19:45:42][19/May/7 19:45:42][took 0.024574 secs]
[>>][5cd1e066db9a1342813943][DEFAULT][/lib/general/mainPage.php][19/May/7 19:45:42]
[<<][5cd1e066db9a1342813943][DEFAULT][/lib/general/mainPage.php][19/May/7 19:45:42][19/May/7 19:45:42][took 0.0030020000000001 secs]
[>>][5cd1e066dc5e2982280052][DEFAULT][/lib/general/mainPage.php][19/May/7 19:45:42]
	[19/May/7 19:45:42][WARNING][em5q9p6baa77mqucc6l12sq5bs][GUI - Test Project ID : 65328]
		E_NOTICE
Undefined index: platform_view - in /opt/bitnami/apps/testlink/htdocs/gui/templates_c/835a037b28214872edd369779d57f903f1734c6a.file.mainPageLeft.tpl.php - Line 205
[<<][5cd1e066dc5e2982280052][DEFAULT][/lib/general/mainPage.php][19/May/7 19:45:42][19/May/7 19:45:42][took 0.05763 secs]
	[19/Jul/3 19:13:03][AUDIT][u2hbcpmn86apn0edn917t4acen][GUI - Test Project ID : 65328]
		Login for 'Sean.Gardner@ASIRobots.com' from '209.253.35.146' succeeded
[<<][5d1cfe3fb01f1678122518][DEFAULT][/login.php][19/Jul/3 19:13:03][19/Jul/3 19:13:03][took 0.037968 secs]
[<<][5d1cfe400f768286822873][DEFAULT][/index.php][19/Jul/3 19:13:04][19/Jul/3 19:13:04][took 0.003722 secs]
[>>][5d1cfe40106c4137442812][DEFAULT][/index.php][19/Jul/3 19:13:04]
[<<][5d1cfe40106c4137442812][DEFAULT][/index.php][19/Jul/3 19:13:04][19/Jul/3 19:13:04][took 0.00283 secs]
[<<][5d1cfe403ab56743250703][DEFAULT][/lib/general/navBar.php][19/Jul/3 19:13:04][19/Jul/3 19:13:04][took 0.003337 secs]
[>>][5d1cfe403b92c535622016][DEFAULT][/lib/general/navBar.php][19/Jul/3 19:13:04]
[<<][5d1cfe403b92c535622016][DEFAULT][/lib/general/navBar.php][19/Jul/3 19:13:04][19/Jul/3 19:13:04][took 0.003477 secs]
[>>][5d1cfe403c765168902660][DEFAULT][/lib/general/navBar.php][19/Jul/3 19:13:04]
[<<][5d1cfe403c765168902660][DEFAULT][/lib/general/navBar.php][19/Jul/3 19:13:04][19/Jul/3 19:13:04][took 0.008934 secs]
[<<][5d1cfe403add0602140412][DEFAULT][/lib/general/mainPage.php][19/Jul/3 19:13:04][19/Jul/3 19:13:04][took 0.020484 secs]
[>>][5d1cfe403fe88196102564][DEFAULT][/lib/general/mainPage.php][19/Jul/3 19:13:04]
[<<][5d1cfe403fe88196102564][DEFAULT][/lib/general/mainPage.php][19/Jul/3 19:13:04][19/Jul/3 19:13:04][took 0.005429 secs]
[>>][5d1cfe404144d588797647][DEFAULT][/lib/general/mainPage.php][19/Jul/3 19:13:04]
	[19/Jul/3 19:13:04][WARNING][u2hbcpmn86apn0edn917t4acen][GUI - Test Project ID : 65328]
		E_NOTICE
Undefined index: platform_view - in /opt/bitnami/apps/testlink/htdocs/gui/templates_c/835a037b28214872edd369779d57f903f1734c6a.file.mainPageLeft.tpl.php - Line 205
[<<][5d1cfe404144d588797647][DEFAULT][/lib/general/mainPage.php][19/Jul/3 19:13:04][19/Jul/3 19:13:04][took 0.056357 secs]
[<<][5d1cfe793b562628284630][DEFAULT][/lib/requirements/reqOverview.php][19/Jul/3 19:14:01][19/Jul/3 19:14:01][took 0.007379 secs]
[>>][5d1cfe793d317130203748][DEFAULT][/lib/requirements/reqOverview.php][19/Jul/3 19:14:01]
[<<][5d1cfe793d317130203748][DEFAULT][/lib/requirements/reqOverview.php][19/Jul/3 19:14:01][19/Jul/3 19:14:01][took 0.002699 secs]
[>>][5d1cfe793de38463192184][DEFAULT][/lib/requirements/reqOverview.php][19/Jul/3 19:14:01]
[<<][5d1cfe793de38463192184][DEFAULT][/lib/requirements/reqOverview.php][19/Jul/3 19:14:01][19/Jul/3 19:14:01][took 0.004777 secs]
[<<][5d1cfe7bcb4fc613977407][DEFAULT][/lib/general/mainPage.php][19/Jul/3 19:14:03][19/Jul/3 19:14:03][took 0.003519 secs]
[>>][5d1cfe7bcc38c774612193][DEFAULT][/lib/general/mainPage.php][19/Jul/3 19:14:03]
[<<][5d1cfe7bcc38c774612193][DEFAULT][/lib/general/mainPage.php][19/Jul/3 19:14:03][19/Jul/3 19:14:03][took 0.003027 secs]
[>>][5d1cfe7bcd041336836735][DEFAULT][/lib/general/mainPage.php][19/Jul/3 19:14:03]
	[19/Jul/3 19:14:03][WARNING][u2hbcpmn86apn0edn917t4acen][GUI - Test Project ID : 65328]
		E_NOTICE
Undefined index: platform_view - in /opt/bitnami/apps/testlink/htdocs/gui/templates_c/835a037b28214872edd369779d57f903f1734c6a.file.mainPageLeft.tpl.php - Line 205
[<<][5d1cfe7bcd041336836735][DEFAULT][/lib/general/mainPage.php][19/Jul/3 19:14:03][19/Jul/3 19:14:03][took 0.06226 secs]
[<<][5d1cfe7dc15aa411132860][DEFAULT][/lib/general/frmWorkArea.php][19/Jul/3 19:14:05][19/Jul/3 19:14:05][took 0.0033519999999999 secs]
[>>][5d1cfe7dc238f520244102][DEFAULT][/lib/general/frmWorkArea.php][19/Jul/3 19:14:05]
[<<][5d1cfe7dc238f520244102][DEFAULT][/lib/general/frmWorkArea.php][19/Jul/3 19:14:05][19/Jul/3 19:14:05][took 0.003119 secs]
[>>][5d1cfe7dc3062106003187][DEFAULT][/lib/general/frmWorkArea.php][19/Jul/3 19:14:05]
[<<][5d1cfe7dc3062106003187][DEFAULT][/lib/general/frmWorkArea.php][19/Jul/3 19:14:05][19/Jul/3 19:14:05][took 0.00078600000000006 secs]
[<<][5d1cfe7dea2b2945490171][DEFAULT][/lib/requirements/reqSpecListTree.php][19/Jul/3 19:14:05][19/Jul/3 19:14:05][took 0.003402 secs]
[>>][5d1cfe7deb0c2019034942][DEFAULT][/lib/requirements/reqSpecListTree.php][19/Jul/3 19:14:05]
[<<][5d1cfe7deb0c2019034942][DEFAULT][/lib/requirements/reqSpecListTree.php][19/Jul/3 19:14:05][19/Jul/3 19:14:05][took 0.003042 secs]
[>>][5d1cfe7debd48255342201][DEFAULT][/lib/requirements/reqSpecListTree.php][19/Jul/3 19:14:05]
[<<][5d1cfe7debd48255342201][DEFAULT][/lib/requirements/reqSpecListTree.php][19/Jul/3 19:14:05][19/Jul/3 19:14:05][took 0.0084110000000001 secs]
[<<][5d1cfe7e129a6797821519][DEFAULT][/lib/project/project_req_spec_mgmt.php][19/Jul/3 19:14:06][19/Jul/3 19:14:06][took 0.003598 secs]
[>>][5d1cfe7e13868846798312][DEFAULT][/lib/project/project_req_spec_mgmt.php][19/Jul/3 19:14:06]
[<<][5d1cfe7e13868846798312][DEFAULT][/lib/project/project_req_spec_mgmt.php][19/Jul/3 19:14:06][19/Jul/3 19:14:06][took 0.003165 secs]
[>>][5d1cfe7e14557622507476][DEFAULT][/lib/project/project_req_spec_mgmt.php][19/Jul/3 19:14:06]
[<<][5d1cfe7e14557622507476][DEFAULT][/lib/project/project_req_spec_mgmt.php][19/Jul/3 19:14:06][19/Jul/3 19:14:06][took 0.002384 secs]
[<<][5d1cfe7e88aa7637541571][DEFAULT][/lib/ajax/getrequirementnodes.php][19/Jul/3 19:14:06][19/Jul/3 19:14:06][took 0.0033139999999999 secs]
[>>][5d1cfe7e89853062568447][DEFAULT][/lib/ajax/getrequirementnodes.php][19/Jul/3 19:14:06]
[<<][5d1cfe7e89853062568447][DEFAULT][/lib/ajax/getrequirementnodes.php][19/Jul/3 19:14:06][19/Jul/3 19:14:06][took 0.0031099999999999 secs]
[>>][5d1cfe7e8a527230523755][DEFAULT][/lib/ajax/getrequirementnodes.php][19/Jul/3 19:14:06]
[<<][5d1cfe7e8a527230523755][DEFAULT][/lib/ajax/getrequirementnodes.php][19/Jul/3 19:14:06][19/Jul/3 19:14:06][took 0.00091399999999997 secs]
[<<][5d1cff79e19b2078282661][DEFAULT][/lib/testcases/archiveData.php][19/Jul/3 19:18:17][19/Jul/3 19:18:17][took 0.003596 secs]
[>>][5d1cff79e2888767369287][DEFAULT][/lib/testcases/archiveData.php][19/Jul/3 19:18:17]
[<<][5d1cff79e2888767369287][DEFAULT][/lib/testcases/archiveData.php][19/Jul/3 19:18:17][19/Jul/3 19:18:17][took 0.00313 secs]
[>>][5d1cff79e3567634330493][DEFAULT][/lib/testcases/archiveData.php][19/Jul/3 19:18:17]
[<<][5d1cff79e3567634330493][DEFAULT][/lib/testcases/archiveData.php][19/Jul/3 19:18:17][19/Jul/3 19:18:17][took 0.013631 secs]
[<<][5d1cff8046f8b390357795][DEFAULT][/lib/testcases/archiveData.php][19/Jul/3 19:18:24][19/Jul/3 19:18:24][took 0.003284 secs]
[>>][5d1cff8047d3d255300027][DEFAULT][/lib/testcases/archiveData.php][19/Jul/3 19:18:24]
[<<][5d1cff8047d3d255300027][DEFAULT][/lib/testcases/archiveData.php][19/Jul/3 19:18:24][19/Jul/3 19:18:24][took 0.003422 secs]
[>>][5d1cff8048b3f877882034][DEFAULT][/lib/testcases/archiveData.php][19/Jul/3 19:18:24]
[<<][5d1cff8048b3f877882034][DEFAULT][/lib/testcases/archiveData.php][19/Jul/3 19:18:24][19/Jul/3 19:18:24][took 0.008518 secs]
[<<][5d1cff83e2f53188966463][DEFAULT][/lib/general/frmWorkArea.php][19/Jul/3 19:18:27][19/Jul/3 19:18:27][took 0.003375 secs]
[>>][5d1cff83e3d59469114191][DEFAULT][/lib/general/frmWorkArea.php][19/Jul/3 19:18:27]
[<<][5d1cff83e3d59469114191][DEFAULT][/lib/general/frmWorkArea.php][19/Jul/3 19:18:27][19/Jul/3 19:18:27][took 0.003592 secs]
[>>][5d1cff83e4bf5910677909][DEFAULT][/lib/general/frmWorkArea.php][19/Jul/3 19:18:27]
[<<][5d1cff83e4bf5910677909][DEFAULT][/lib/general/frmWorkArea.php][19/Jul/3 19:18:27][19/Jul/3 19:18:27][took 0.00083500000000003 secs]
[<<][5d1cff841b79c644334331][DEFAULT][/lib/testcases/listTestCases.php][19/Jul/3 19:18:28][19/Jul/3 19:18:28][took 0.003321 secs]
[>>][5d1cff841c567690682194][DEFAULT][/lib/testcases/listTestCases.php][19/Jul/3 19:18:28]
[<<][5d1cff841c567690682194][DEFAULT][/lib/testcases/listTestCases.php][19/Jul/3 19:18:28][19/Jul/3 19:18:28][took 0.003205 secs]
[>>][5d1cff841d295077344104][DEFAULT][/lib/testcases/listTestCases.php][19/Jul/3 19:18:28]
[<<][5d1cff841d295077344104][DEFAULT][/lib/testcases/listTestCases.php][19/Jul/3 19:18:28][19/Jul/3 19:18:28][took 0.00904 secs]
[<<][5d1cff843787e318954092][DEFAULT][/lib/testcases/archiveData.php][19/Jul/3 19:18:28][19/Jul/3 19:18:28][took 0.003498 secs]
[>>][5d1cff84386ef759202066][DEFAULT][/lib/testcases/archiveData.php][19/Jul/3 19:18:28]
[<<][5d1cff84386ef759202066][DEFAULT][/lib/testcases/archiveData.php][19/Jul/3 19:18:28][19/Jul/3 19:18:28][took 0.003056 secs]
[>>][5d1cff8439383183683478][DEFAULT][/lib/testcases/archiveData.php][19/Jul/3 19:18:28]
[<<][5d1cff8439383183683478][DEFAULT][/lib/testcases/archiveData.php][19/Jul/3 19:18:28][19/Jul/3 19:18:28][took 0.008179 secs]
[<<][5d1cff847771b211166916][DEFAULT][/lib/ajax/gettprojectnodes.php][19/Jul/3 19:18:28][19/Jul/3 19:18:28][took 0.00335 secs]
[>>][5d1cff84784fb787003142][DEFAULT][/lib/ajax/gettprojectnodes.php][19/Jul/3 19:18:28]
[<<][5d1cff84784fb787003142][DEFAULT][/lib/ajax/gettprojectnodes.php][19/Jul/3 19:18:28][19/Jul/3 19:18:28][took 0.003408 secs]
[>>][5d1cff84792ed815783331][DEFAULT][/lib/ajax/gettprojectnodes.php][19/Jul/3 19:18:28]
[<<][5d1cff84792ed815783331][DEFAULT][/lib/ajax/gettprojectnodes.php][19/Jul/3 19:18:28][19/Jul/3 19:18:28][took 0.001122 secs]
[<<][5d1cff8778c54623303469][DEFAULT][/index.php][19/Jul/3 19:18:31][19/Jul/3 19:18:31][took 0.003373 secs]
[>>][5d1cff8779a50414817833][DEFAULT][/index.php][19/Jul/3 19:18:31]
[<<][5d1cff8779a50414817833][DEFAULT][/index.php][19/Jul/3 19:18:31][19/Jul/3 19:18:31][took 0.002887 secs]
[<<][5d1cff87af75d723925042][DEFAULT][/lib/general/mainPage.php][19/Jul/3 19:18:31][19/Jul/3 19:18:31][took 0.005419 secs]
[>>][5d1cff87b0d5d404344688][DEFAULT][/lib/general/mainPage.php][19/Jul/3 19:18:31]
[<<][5d1cff87b0d5d404344688][DEFAULT][/lib/general/mainPage.php][19/Jul/3 19:18:31][19/Jul/3 19:18:31][took 0.007262 secs]
[>>][5d1cff87b2a5f159664512][DEFAULT][/lib/general/mainPage.php][19/Jul/3 19:18:31]
	[19/Jul/3 19:18:31][WARNING][u2hbcpmn86apn0edn917t4acen][GUI - Test Project ID : 65328]
		E_NOTICE
Undefined index: platform_view - in /opt/bitnami/apps/testlink/htdocs/gui/templates_c/835a037b28214872edd369779d57f903f1734c6a.file.mainPageLeft.tpl.php - Line 205
[<<][5d1cff87b2a5f159664512][DEFAULT][/lib/general/mainPage.php][19/Jul/3 19:18:31][19/Jul/3 19:18:31][took 0.047723 secs]
[<<][5d1cff87b0312435956807][DEFAULT][/lib/general/navBar.php][19/Jul/3 19:18:31][19/Jul/3 19:18:31][took 0.079272 secs]
[>>][5d1cff87c396d913968608][DEFAULT][/lib/general/navBar.php][19/Jul/3 19:18:31]
[<<][5d1cff87c396d913968608][DEFAULT][/lib/general/navBar.php][19/Jul/3 19:18:31][19/Jul/3 19:18:31][took 0.002494 secs]
[>>][5d1cff87c43bb721925583][DEFAULT][/lib/general/navBar.php][19/Jul/3 19:18:31]
[<<][5d1cff87c43bb721925583][DEFAULT][/lib/general/navBar.php][19/Jul/3 19:18:31][19/Jul/3 19:18:31][took 0.008481 secs]
[<<][5d1cff89d97e6777964880][DEFAULT][/lib/general/frmWorkArea.php][19/Jul/3 19:18:33][19/Jul/3 19:18:33][took 0.0030760000000001 secs]
[>>][5d1cff89da4b7833264073][DEFAULT][/lib/general/frmWorkArea.php][19/Jul/3 19:18:33]
[<<][5d1cff89da4b7833264073][DEFAULT][/lib/general/frmWorkArea.php][19/Jul/3 19:18:33][19/Jul/3 19:18:33][took 0.002642 secs]
[>>][5d1cff89dafab155294902][DEFAULT][/lib/general/frmWorkArea.php][19/Jul/3 19:18:33]
[<<][5d1cff89dafab155294902][DEFAULT][/lib/general/frmWorkArea.php][19/Jul/3 19:18:33][19/Jul/3 19:18:33][took 0.00083299999999997 secs]
[<<][5d1cff8a0fdbd929185032][DEFAULT][/lib/requirements/reqSpecListTree.php][19/Jul/3 19:18:34][19/Jul/3 19:18:34][took 0.003393 secs]
[>>][5d1cff8a10bb8411119339][DEFAULT][/lib/requirements/reqSpecListTree.php][19/Jul/3 19:18:34]
[<<][5d1cff8a10bb8411119339][DEFAULT][/lib/requirements/reqSpecListTree.php][19/Jul/3 19:18:34][19/Jul/3 19:18:34][took 0.002901 secs]
[>>][5d1cff8a117b7275528211][DEFAULT][/lib/requirements/reqSpecListTree.php][19/Jul/3 19:18:34]
[<<][5d1cff8a117b7275528211][DEFAULT][/lib/requirements/reqSpecListTree.php][19/Jul/3 19:18:34][19/Jul/3 19:18:34][took 0.007866 secs]
[<<][5d1cff8a0fdc0381531978][DEFAULT][/lib/project/project_req_spec_mgmt.php][19/Jul/3 19:18:34][19/Jul/3 19:18:34][took 0.020609 secs]
[>>][5d1cff8a14ef3079887622][DEFAULT][/lib/project/project_req_spec_mgmt.php][19/Jul/3 19:18:34]
[<<][5d1cff8a14ef3079887622][DEFAULT][/lib/project/project_req_spec_mgmt.php][19/Jul/3 19:18:34][19/Jul/3 19:18:34][took 0.006614 secs]
[>>][5d1cff8a16960352939637][DEFAULT][/lib/project/project_req_spec_mgmt.php][19/Jul/3 19:18:34]
[<<][5d1cff8a16960352939637][DEFAULT][/lib/project/project_req_spec_mgmt.php][19/Jul/3 19:18:34][19/Jul/3 19:18:34][took 0.000818 secs]
[<<][5d1cff8a5c7d6573837747][DEFAULT][/lib/ajax/getrequirementnodes.php][19/Jul/3 19:18:34][19/Jul/3 19:18:34][took 0.002937 secs]
[>>][5d1cff8a5d40b252647959][DEFAULT][/lib/ajax/getrequirementnodes.php][19/Jul/3 19:18:34]
[<<][5d1cff8a5d40b252647959][DEFAULT][/lib/ajax/getrequirementnodes.php][19/Jul/3 19:18:34][19/Jul/3 19:18:34][took 0.002602 secs]
[>>][5d1cff8a5df8d616824901][DEFAULT][/lib/ajax/getrequirementnodes.php][19/Jul/3 19:18:34]
[<<][5d1cff8a5df8d616824901][DEFAULT][/lib/ajax/getrequirementnodes.php][19/Jul/3 19:18:34][19/Jul/3 19:18:34][took 0.00092900000000001 secs]
[<<][5d1cff90daf32376734485][DEFAULT][/lib/general/navBar.php][19/Jul/3 19:18:40][19/Jul/3 19:18:40][took 0.0033570000000001 secs]
[>>][5d1cff90dbd15197430883][DEFAULT][/lib/general/navBar.php][19/Jul/3 19:18:40]
[<<][5d1cff90dbd15197430883][DEFAULT][/lib/general/navBar.php][19/Jul/3 19:18:40][19/Jul/3 19:18:40][took 0.003516 secs]
[>>][5d1cff90dcb75615928812][DEFAULT][/lib/general/navBar.php][19/Jul/3 19:18:40]
	[19/Jul/3 19:18:40][WARNING][u2hbcpmn86apn0edn917t4acen][GUI - Test Project ID : 21]
		E_NOTICE
Undefined property: stdClass::$prefix - in /opt/bitnami/apps/testlink/htdocs/lib/general/navBar.php - Line 173
[<<][5d1cff90dcb75615928812][DEFAULT][/lib/general/navBar.php][19/Jul/3 19:18:40][19/Jul/3 19:18:40][took 0.063678 secs]
[<<][5d1cff9155f28788138255][DEFAULT][/lib/general/mainPage.php][19/Jul/3 19:18:41][19/Jul/3 19:18:41][took 0.0034729999999999 secs]
[>>][5d1cff9156d7f189482020][DEFAULT][/lib/general/mainPage.php][19/Jul/3 19:18:41]
[<<][5d1cff9156d7f189482020][DEFAULT][/lib/general/mainPage.php][19/Jul/3 19:18:41][19/Jul/3 19:18:41][took 0.003146 secs]
[>>][5d1cff9157a6a773084368][DEFAULT][/lib/general/mainPage.php][19/Jul/3 19:18:41]
[<<][5d1cff9157a6a773084368][DEFAULT][/lib/general/mainPage.php][19/Jul/3 19:18:41][19/Jul/3 19:18:41][took 0.018728 secs]
[<<][5d1cff940d58a615909757][DEFAULT][/lib/general/frmWorkArea.php][19/Jul/3 19:18:44][19/Jul/3 19:18:44][took 0.003468 secs]
[>>][5d1cff940e3e1976712492][DEFAULT][/lib/general/frmWorkArea.php][19/Jul/3 19:18:44]
[<<][5d1cff940e3e1976712492][DEFAULT][/lib/general/frmWorkArea.php][19/Jul/3 19:18:44][19/Jul/3 19:18:44][took 0.006209 secs]
[>>][5d1cff940fcc0489028783][DEFAULT][/lib/general/frmWorkArea.php][19/Jul/3 19:18:44]
[<<][5d1cff940fcc0489028783][DEFAULT][/lib/general/frmWorkArea.php][19/Jul/3 19:18:44][19/Jul/3 19:18:44][took 0.000844 secs]
[<<][5d1cff9441d1a599270036][DEFAULT][/lib/project/project_req_spec_mgmt.php][19/Jul/3 19:18:44][19/Jul/3 19:18:44][took 0.003289 secs]
[>>][5d1cff9442aaf418198896][DEFAULT][/lib/project/project_req_spec_mgmt.php][19/Jul/3 19:18:44]
[<<][5d1cff9442aaf418198896][DEFAULT][/lib/project/project_req_spec_mgmt.php][19/Jul/3 19:18:44][19/Jul/3 19:18:44][took 0.003365 secs]
[>>][5d1cff9443875208387597][DEFAULT][/lib/project/project_req_spec_mgmt.php][19/Jul/3 19:18:44]
[<<][5d1cff9443875208387597][DEFAULT][/lib/project/project_req_spec_mgmt.php][19/Jul/3 19:18:44][19/Jul/3 19:18:44][took 0.000834 secs]
[<<][5d1cff9441d1a069567476][DEFAULT][/lib/requirements/reqSpecListTree.php][19/Jul/3 19:18:44][19/Jul/3 19:18:44][took 0.015166 secs]
[>>][5d1cff944590b281133068][DEFAULT][/lib/requirements/reqSpecListTree.php][19/Jul/3 19:18:44]
[<<][5d1cff944590b281133068][DEFAULT][/lib/requirements/reqSpecListTree.php][19/Jul/3 19:18:44][19/Jul/3 19:18:44][took 0.002545 secs]
[>>][5d1cff944638f654623785][DEFAULT][/lib/requirements/reqSpecListTree.php][19/Jul/3 19:18:44]
[<<][5d1cff944638f654623785][DEFAULT][/lib/requirements/reqSpecListTree.php][19/Jul/3 19:18:44][19/Jul/3 19:18:44][took 0.009096 secs]
[<<][5d1cff9578c26140244204][DEFAULT][/lib/ajax/getrequirementnodes.php][19/Jul/3 19:18:45][19/Jul/3 19:18:45][took 0.003071 secs]
[>>][5d1cff95798f4071670740][DEFAULT][/lib/ajax/getrequirementnodes.php][19/Jul/3 19:18:45]
[<<][5d1cff95798f4071670740][DEFAULT][/lib/ajax/getrequirementnodes.php][19/Jul/3 19:18:45][19/Jul/3 19:18:45][took 0.002722 secs]
[>>][5d1cff957a43b443455302][DEFAULT][/lib/ajax/getrequirementnodes.php][19/Jul/3 19:18:45]
[<<][5d1cff957a43b443455302][DEFAULT][/lib/ajax/getrequirementnodes.php][19/Jul/3 19:18:45][19/Jul/3 19:18:45][took 0.011236 secs]
[<<][5d1cff9881031200576293][DEFAULT][/lib/requirements/reqSpecView.php][19/Jul/3 19:18:48][19/Jul/3 19:18:48][took 0.0030129999999999 secs]
[>>][5d1cff9881cac700811159][DEFAULT][/lib/requirements/reqSpecView.php][19/Jul/3 19:18:48]
[<<][5d1cff9881cac700811159][DEFAULT][/lib/requirements/reqSpecView.php][19/Jul/3 19:18:48][19/Jul/3 19:18:48][took 0.002646 secs]
[>>][5d1cff9882798512552280][DEFAULT][/lib/requirements/reqSpecView.php][19/Jul/3 19:18:48]
[<<][5d1cff9882798512552280][DEFAULT][/lib/requirements/reqSpecView.php][19/Jul/3 19:18:48][19/Jul/3 19:18:48][took 0.031133 secs]
[<<][5d1cff9a382c8891265467][DEFAULT][/lib/requirements/reqSpecView.php][19/Jul/3 19:18:50][19/Jul/3 19:18:50][took 0.003002 secs]
[>>][5d1cff9a38f51061340514][DEFAULT][/lib/requirements/reqSpecView.php][19/Jul/3 19:18:50]
[<<][5d1cff9a38f51061340514][DEFAULT][/lib/requirements/reqSpecView.php][19/Jul/3 19:18:50][19/Jul/3 19:18:50][took 0.003037 secs]
[>>][5d1cff9a39be4030053311][DEFAULT][/lib/requirements/reqSpecView.php][19/Jul/3 19:18:50]
[<<][5d1cff9a39be4030053311][DEFAULT][/lib/requirements/reqSpecView.php][19/Jul/3 19:18:50][19/Jul/3 19:18:50][took 0.154929 secs]
[<<][5d1cff9d08f2d178732485][DEFAULT][/lib/ajax/getrequirementnodes.php][19/Jul/3 19:18:53][19/Jul/3 19:18:53][took 0.003372 secs]
[>>][5d1cff9d09d2a394770979][DEFAULT][/lib/ajax/getrequirementnodes.php][19/Jul/3 19:18:53]
[<<][5d1cff9d09d2a394770979][DEFAULT][/lib/ajax/getrequirementnodes.php][19/Jul/3 19:18:53][19/Jul/3 19:18:53][took 0.003262 secs]
[>>][5d1cff9d0aa8c153091085][DEFAULT][/lib/ajax/getrequirementnodes.php][19/Jul/3 19:18:53]
[<<][5d1cff9d0aa8c153091085][DEFAULT][/lib/ajax/getrequirementnodes.php][19/Jul/3 19:18:53][19/Jul/3 19:18:53][took 0.008258 secs]
