	[19/Sep/12 20:16:29][AUDIT][047mf542i7hb54g3q1sb8ild66][GUI - Test Project ID : 71110]
		Login for 'feyisa.berisa' from '209.253.35.146' succeeded
[<<][5d7aa79d1338a096571283][DEFAULT][/login.php][19/Sep/12 20:16:29][19/Sep/12 20:16:29][took 0.045702 secs]
[<<][5d7aa79dbf3ac024159098][DEFAULT][/index.php][19/Sep/12 20:16:29][19/Sep/12 20:16:29][took 0.0032789999999999 secs]
[>>][5d7aa79dc018b768417202][DEFAULT][/index.php][19/Sep/12 20:16:29]
[<<][5d7aa79dc018b768417202][DEFAULT][/index.php][19/Sep/12 20:16:29][19/Sep/12 20:16:29][took 0.00161 secs]
[<<][5d7aa79de20d7182065102][DEFAULT][/lib/general/navBar.php][19/Sep/12 20:16:29][19/Sep/12 20:16:29][took 0.003143 secs]
[>>][5d7aa79de2dd6345988876][DEFAULT][/lib/general/navBar.php][19/Sep/12 20:16:29]
[<<][5d7aa79de2dd6345988876][DEFAULT][/lib/general/navBar.php][19/Sep/12 20:16:29][19/Sep/12 20:16:29][took 0.00197 secs]
[>>][5d7aa79de362e211297500][DEFAULT][/lib/general/navBar.php][19/Sep/12 20:16:29]
[<<][5d7aa79de362e211297500][DEFAULT][/lib/general/navBar.php][19/Sep/12 20:16:29][19/Sep/12 20:16:29][took 0.005171 secs]
[<<][5d7aa79ded8ce605734654][DEFAULT][/lib/general/mainPage.php][19/Sep/12 20:16:29][19/Sep/12 20:16:29][took 0.002869 secs]
[>>][5d7aa79dee4ad348909456][DEFAULT][/lib/general/mainPage.php][19/Sep/12 20:16:29]
[<<][5d7aa79dee4ad348909456][DEFAULT][/lib/general/mainPage.php][19/Sep/12 20:16:29][19/Sep/12 20:16:29][took 0.0017200000000001 secs]
[>>][5d7aa79deec02151828635][DEFAULT][/lib/general/mainPage.php][19/Sep/12 20:16:29]
	[19/Sep/12 20:16:29][WARNING][047mf542i7hb54g3q1sb8ild66][GUI - Test Project ID : 71110]
		E_NOTICE
Undefined index: platform_view - in /opt/bitnami/apps/testlink/htdocs/gui/templates_c/835a037b28214872edd369779d57f903f1734c6a.file.mainPageLeft.tpl.php - Line 205
[<<][5d7aa79deec02151828635][DEFAULT][/lib/general/mainPage.php][19/Sep/12 20:16:29][19/Sep/12 20:16:30][took 0.052667 secs]
[<<][5d7aa7bc6e7e1414627999][DEFAULT][/lib/general/navBar.php][19/Sep/12 20:17:00][19/Sep/12 20:17:00][took 0.003297 secs]
[>>][5d7aa7bc6f593722195773][DEFAULT][/lib/general/navBar.php][19/Sep/12 20:17:00]
[<<][5d7aa7bc6f593722195773][DEFAULT][/lib/general/navBar.php][19/Sep/12 20:17:00][19/Sep/12 20:17:00][took 0.001829 secs]
[>>][5d7aa7bc6fd59252046509][DEFAULT][/lib/general/navBar.php][19/Sep/12 20:17:00]
	[19/Sep/12 20:17:00][WARNING][047mf542i7hb54g3q1sb8ild66][GUI - Test Project ID : 68073]
		E_NOTICE
Undefined property: stdClass::$prefix - in /opt/bitnami/apps/testlink/htdocs/lib/general/navBar.php - Line 173
[<<][5d7aa7bc6fd59252046509][DEFAULT][/lib/general/navBar.php][19/Sep/12 20:17:00][19/Sep/12 20:17:00][took 0.042461 secs]
[<<][5d7aa7bca7f3a478497854][DEFAULT][/lib/general/mainPage.php][19/Sep/12 20:17:00][19/Sep/12 20:17:00][took 0.0032610000000001 secs]
[>>][5d7aa7bca8cbb036976980][DEFAULT][/lib/general/mainPage.php][19/Sep/12 20:17:00]
[<<][5d7aa7bca8cbb036976980][DEFAULT][/lib/general/mainPage.php][19/Sep/12 20:17:00][19/Sep/12 20:17:00][took 0.00207 secs]
[>>][5d7aa7bca9570154821314][DEFAULT][/lib/general/mainPage.php][19/Sep/12 20:17:00]
	[19/Sep/12 20:17:00][WARNING][047mf542i7hb54g3q1sb8ild66][GUI - Test Project ID : 68073]
		E_NOTICE
Undefined index: platform_view - in /opt/bitnami/apps/testlink/htdocs/gui/templates_c/835a037b28214872edd369779d57f903f1734c6a.file.mainPageLeft.tpl.php - Line 205
[<<][5d7aa7bca9570154821314][DEFAULT][/lib/general/mainPage.php][19/Sep/12 20:17:00][19/Sep/12 20:17:00][took 0.040538 secs]
[<<][5d7aa7c71d9ec850163253][DEFAULT][/lib/general/navBar.php][19/Sep/12 20:17:11][19/Sep/12 20:17:11][took 0.003367 secs]
[>>][5d7aa7c71e800545050560][DEFAULT][/lib/general/navBar.php][19/Sep/12 20:17:11]
[<<][5d7aa7c71e800545050560][DEFAULT][/lib/general/navBar.php][19/Sep/12 20:17:11][19/Sep/12 20:17:11][took 0.002146 secs]
[>>][5d7aa7c71f0fb680880978][DEFAULT][/lib/general/navBar.php][19/Sep/12 20:17:11]
	[19/Sep/12 20:17:11][WARNING][047mf542i7hb54g3q1sb8ild66][GUI - Test Project ID : 1]
		E_NOTICE
Undefined property: stdClass::$prefix - in /opt/bitnami/apps/testlink/htdocs/lib/general/navBar.php - Line 173
[<<][5d7aa7c71f0fb680880978][DEFAULT][/lib/general/navBar.php][19/Sep/12 20:17:11][19/Sep/12 20:17:11][took 0.06286 secs]
[<<][5d7aa7c75a1ee272062419][DEFAULT][/lib/general/mainPage.php][19/Sep/12 20:17:11][19/Sep/12 20:17:11][took 0.003639 secs]
[>>][5d7aa7c75b0f9324446085][DEFAULT][/lib/general/mainPage.php][19/Sep/12 20:17:11]
[<<][5d7aa7c75b0f9324446085][DEFAULT][/lib/general/mainPage.php][19/Sep/12 20:17:11][19/Sep/12 20:17:11][took 0.00236 secs]
[>>][5d7aa7c75baca761727325][DEFAULT][/lib/general/mainPage.php][19/Sep/12 20:17:11]
	[19/Sep/12 20:17:11][WARNING][047mf542i7hb54g3q1sb8ild66][GUI - Test Project ID : 1]
		E_NOTICE
Undefined index: platform_view - in /opt/bitnami/apps/testlink/htdocs/gui/templates_c/835a037b28214872edd369779d57f903f1734c6a.file.mainPageLeft.tpl.php - Line 205
[<<][5d7aa7c75baca761727325][DEFAULT][/lib/general/mainPage.php][19/Sep/12 20:17:11][19/Sep/12 20:17:11][took 0.046212 secs]
[<<][5d7aa7ca9403c064987548][DEFAULT][/lib/general/frmWorkArea.php][19/Sep/12 20:17:14][19/Sep/12 20:17:14][took 0.0032890000000001 secs]
[>>][5d7aa7ca94de2469301003][DEFAULT][/lib/general/frmWorkArea.php][19/Sep/12 20:17:14]
[<<][5d7aa7ca94de2469301003][DEFAULT][/lib/general/frmWorkArea.php][19/Sep/12 20:17:14][19/Sep/12 20:17:14][took 0.001844 secs]
[>>][5d7aa7ca955b6600830813][DEFAULT][/lib/general/frmWorkArea.php][19/Sep/12 20:17:14]
[<<][5d7aa7ca955b6600830813][DEFAULT][/lib/general/frmWorkArea.php][19/Sep/12 20:17:14][19/Sep/12 20:17:14][took 0.0025700000000001 secs]
[<<][5d7aa7cab0014948603371][DEFAULT][/lib/execute/execNavigator.php][19/Sep/12 20:17:14][19/Sep/12 20:17:14][took 0.003432 secs]
[>>][5d7aa7cab0e53008347372][DEFAULT][/lib/execute/execNavigator.php][19/Sep/12 20:17:14]
[<<][5d7aa7cab0e53008347372][DEFAULT][/lib/execute/execNavigator.php][19/Sep/12 20:17:14][19/Sep/12 20:17:14][took 0.002508 secs]
[>>][5d7aa7cab18cc136201675][DEFAULT][/lib/execute/execNavigator.php][19/Sep/12 20:17:14]
[<<][5d7aa7cab18cc136201675][DEFAULT][/lib/execute/execNavigator.php][19/Sep/12 20:17:14][19/Sep/12 20:17:14][took 0.096379 secs]
[<<][5d7aa7cab0011626179284][DEFAULT][/lib/execute/execDashboard.php][19/Sep/12 20:17:14][19/Sep/12 20:17:14][took 0.116942 secs]
[>>][5d7aa7cacc9b7253231298][DEFAULT][/lib/execute/execDashboard.php][19/Sep/12 20:17:14]
[<<][5d7aa7cacc9b7253231298][DEFAULT][/lib/execute/execDashboard.php][19/Sep/12 20:17:14][19/Sep/12 20:17:14][took 0.00147 secs]
[>>][5d7aa7cacd000980872514][DEFAULT][/lib/execute/execDashboard.php][19/Sep/12 20:17:14]
[<<][5d7aa7cacd000980872514][DEFAULT][/lib/execute/execDashboard.php][19/Sep/12 20:17:14][19/Sep/12 20:17:14][took 0.01776 secs]
[<<][5d7aa7cb3722b139146878][DEFAULT][/lib/execute/execDashboard.php][19/Sep/12 20:17:15][19/Sep/12 20:17:15][took 0.003372 secs]
[>>][5d7aa7cb38038018038566][DEFAULT][/lib/execute/execDashboard.php][19/Sep/12 20:17:15]
[<<][5d7aa7cb38038018038566][DEFAULT][/lib/execute/execDashboard.php][19/Sep/12 20:17:15][19/Sep/12 20:17:15][took 0.002142 secs]
[>>][5d7aa7cb3893d768277269][DEFAULT][/lib/execute/execDashboard.php][19/Sep/12 20:17:15]
[<<][5d7aa7cb3893d768277269][DEFAULT][/lib/execute/execDashboard.php][19/Sep/12 20:17:15][19/Sep/12 20:17:15][took 0.008366 secs]
[<<][5d7aa7cf03a2e414386360][DEFAULT][/lib/general/mainPage.php][19/Sep/12 20:17:19][19/Sep/12 20:17:19][took 0.003287 secs]
[>>][5d7aa7cf047dc989983712][DEFAULT][/lib/general/mainPage.php][19/Sep/12 20:17:19]
[<<][5d7aa7cf047dc989983712][DEFAULT][/lib/general/mainPage.php][19/Sep/12 20:17:19][19/Sep/12 20:17:19][took 0.001921 secs]
[>>][5d7aa7cf04ffd547859449][DEFAULT][/lib/general/mainPage.php][19/Sep/12 20:17:19]
	[19/Sep/12 20:17:19][WARNING][047mf542i7hb54g3q1sb8ild66][GUI - Test Project ID : 1]
		E_NOTICE
Undefined index: platform_view - in /opt/bitnami/apps/testlink/htdocs/gui/templates_c/835a037b28214872edd369779d57f903f1734c6a.file.mainPageLeft.tpl.php - Line 205
[<<][5d7aa7cf04ffd547859449][DEFAULT][/lib/general/mainPage.php][19/Sep/12 20:17:19][19/Sep/12 20:17:19][took 0.042002 secs]
[<<][5d7aa7dbe9027323263579][DEFAULT][/lib/general/mainPage.php][19/Sep/12 20:17:31][19/Sep/12 20:17:31][took 0.0035459999999999 secs]
[>>][5d7aa7dbe9ee6376894077][DEFAULT][/lib/general/mainPage.php][19/Sep/12 20:17:31]
[<<][5d7aa7dbe9ee6376894077][DEFAULT][/lib/general/mainPage.php][19/Sep/12 20:17:31][19/Sep/12 20:17:31][took 0.002163 secs]
[>>][5d7aa7dbea7f8280157115][DEFAULT][/lib/general/mainPage.php][19/Sep/12 20:17:31]
	[19/Sep/12 20:17:31][WARNING][047mf542i7hb54g3q1sb8ild66][GUI - Test Project ID : 1]
		E_NOTICE
Undefined index: platform_view - in /opt/bitnami/apps/testlink/htdocs/gui/templates_c/835a037b28214872edd369779d57f903f1734c6a.file.mainPageLeft.tpl.php - Line 205
[<<][5d7aa7dbea7f8280157115][DEFAULT][/lib/general/mainPage.php][19/Sep/12 20:17:31][19/Sep/12 20:17:32][took 0.055824 secs]
[<<][5d7aa7e617ac0913023673][DEFAULT][/lib/general/navBar.php][19/Sep/12 20:17:42][19/Sep/12 20:17:42][took 0.003345 secs]
[>>][5d7aa7e61889f139749461][DEFAULT][/lib/general/navBar.php][19/Sep/12 20:17:42]
[<<][5d7aa7e61889f139749461][DEFAULT][/lib/general/navBar.php][19/Sep/12 20:17:42][19/Sep/12 20:17:42][took 0.002066 secs]
[>>][5d7aa7e619151020587642][DEFAULT][/lib/general/navBar.php][19/Sep/12 20:17:42]
	[19/Sep/12 20:17:42][WARNING][047mf542i7hb54g3q1sb8ild66][GUI - Test Project ID : 70699]
		E_NOTICE
Undefined property: stdClass::$prefix - in /opt/bitnami/apps/testlink/htdocs/lib/general/navBar.php - Line 173
[<<][5d7aa7e619151020587642][DEFAULT][/lib/general/navBar.php][19/Sep/12 20:17:42][19/Sep/12 20:17:42][took 0.055118 secs]
[<<][5d7aa7e64c893964699078][DEFAULT][/lib/general/mainPage.php][19/Sep/12 20:17:42][19/Sep/12 20:17:42][took 0.003357 secs]
[>>][5d7aa7e64d666287238464][DEFAULT][/lib/general/mainPage.php][19/Sep/12 20:17:42]
[<<][5d7aa7e64d666287238464][DEFAULT][/lib/general/mainPage.php][19/Sep/12 20:17:42][19/Sep/12 20:17:42][took 0.002055 secs]
[>>][5d7aa7e64df0c044557777][DEFAULT][/lib/general/mainPage.php][19/Sep/12 20:17:42]
	[19/Sep/12 20:17:42][WARNING][047mf542i7hb54g3q1sb8ild66][GUI - Test Project ID : 70699]
		E_NOTICE
Undefined index: platform_view - in /opt/bitnami/apps/testlink/htdocs/gui/templates_c/835a037b28214872edd369779d57f903f1734c6a.file.mainPageLeft.tpl.php - Line 205
[<<][5d7aa7e64df0c044557777][DEFAULT][/lib/general/mainPage.php][19/Sep/12 20:17:42][19/Sep/12 20:17:42][took 0.072733 secs]
[<<][5d7aa7ed3f09d601103828][DEFAULT][/lib/general/mainPage.php][19/Sep/12 20:17:49][19/Sep/12 20:17:49][took 0.003011 secs]
[>>][5d7aa7ed3fd2c667236347][DEFAULT][/lib/general/mainPage.php][19/Sep/12 20:17:49]
[<<][5d7aa7ed3fd2c667236347][DEFAULT][/lib/general/mainPage.php][19/Sep/12 20:17:49][19/Sep/12 20:17:49][took 0.002193 secs]
[>>][5d7aa7ed40652543828925][DEFAULT][/lib/general/mainPage.php][19/Sep/12 20:17:49]
	[19/Sep/12 20:17:49][WARNING][047mf542i7hb54g3q1sb8ild66][GUI - Test Project ID : 70699]
		E_NOTICE
Undefined index: platform_view - in /opt/bitnami/apps/testlink/htdocs/gui/templates_c/835a037b28214872edd369779d57f903f1734c6a.file.mainPageLeft.tpl.php - Line 205
[<<][5d7aa7ed40652543828925][DEFAULT][/lib/general/mainPage.php][19/Sep/12 20:17:49][19/Sep/12 20:17:49][took 0.049863 secs]
[<<][5d7aa7f5c6575277078332][DEFAULT][/lib/general/frmWorkArea.php][19/Sep/12 20:17:57][19/Sep/12 20:17:57][took 0.003306 secs]
[>>][5d7aa7f5c7328905503049][DEFAULT][/lib/general/frmWorkArea.php][19/Sep/12 20:17:57]
[<<][5d7aa7f5c7328905503049][DEFAULT][/lib/general/frmWorkArea.php][19/Sep/12 20:17:57][19/Sep/12 20:17:57][took 0.001895 secs]
[>>][5d7aa7f5c7b2d989077911][DEFAULT][/lib/general/frmWorkArea.php][19/Sep/12 20:17:57]
[<<][5d7aa7f5c7b2d989077911][DEFAULT][/lib/general/frmWorkArea.php][19/Sep/12 20:17:57][19/Sep/12 20:17:57][took 0.002471 secs]
[<<][5d7aa7f5d6af8706811615][DEFAULT][/lib/execute/execNavigator.php][19/Sep/12 20:17:57][19/Sep/12 20:17:57][took 0.0031019999999999 secs]
[>>][5d7aa7f5d77c0585707803][DEFAULT][/lib/execute/execNavigator.php][19/Sep/12 20:17:57]
[<<][5d7aa7f5d77c0585707803][DEFAULT][/lib/execute/execNavigator.php][19/Sep/12 20:17:57][19/Sep/12 20:17:57][took 0.001993 secs]
[>>][5d7aa7f5d8025882760590][DEFAULT][/lib/execute/execNavigator.php][19/Sep/12 20:17:57]
[<<][5d7aa7f5d8025882760590][DEFAULT][/lib/execute/execNavigator.php][19/Sep/12 20:17:57][19/Sep/12 20:17:57][took 0.088743 secs]
[<<][5d7aa7f5e3033258144531][DEFAULT][/lib/execute/execDashboard.php][19/Sep/12 20:17:57][19/Sep/12 20:17:57][took 0.045904 secs]
[>>][5d7aa7f5ee424914948140][DEFAULT][/lib/execute/execDashboard.php][19/Sep/12 20:17:57]
[<<][5d7aa7f5ee424914948140][DEFAULT][/lib/execute/execDashboard.php][19/Sep/12 20:17:57][19/Sep/12 20:17:57][took 0.001462 secs]
[>>][5d7aa7f5eea65624885588][DEFAULT][/lib/execute/execDashboard.php][19/Sep/12 20:17:57]
[<<][5d7aa7f5eea65624885588][DEFAULT][/lib/execute/execDashboard.php][19/Sep/12 20:17:57][19/Sep/12 20:17:57][took 0.0095759999999999 secs]
[<<][5d7aa7f65ab23225549096][DEFAULT][/lib/execute/execDashboard.php][19/Sep/12 20:17:58][19/Sep/12 20:17:58][took 0.003396 secs]
[>>][5d7aa7f65b929530575488][DEFAULT][/lib/execute/execDashboard.php][19/Sep/12 20:17:58]
[<<][5d7aa7f65b929530575488][DEFAULT][/lib/execute/execDashboard.php][19/Sep/12 20:17:58][19/Sep/12 20:17:58][took 0.002203 secs]
[>>][5d7aa7f65c26b340079412][DEFAULT][/lib/execute/execDashboard.php][19/Sep/12 20:17:58]
[<<][5d7aa7f65c26b340079412][DEFAULT][/lib/execute/execDashboard.php][19/Sep/12 20:17:58][19/Sep/12 20:17:58][took 0.004181 secs]
[<<][5d7aa7fbe0005553473708][DEFAULT][/lib/execute/execDashboard.php][19/Sep/12 20:18:03][19/Sep/12 20:18:03][took 0.00341 secs]
[>>][5d7aa7fbe0e1b688436385][DEFAULT][/lib/execute/execDashboard.php][19/Sep/12 20:18:03]
[<<][5d7aa7fbe0e1b688436385][DEFAULT][/lib/execute/execDashboard.php][19/Sep/12 20:18:03][19/Sep/12 20:18:03][took 0.001853 secs]
[>>][5d7aa7fbe15fa954628398][DEFAULT][/lib/execute/execDashboard.php][19/Sep/12 20:18:03]
[<<][5d7aa7fbe15fa954628398][DEFAULT][/lib/execute/execDashboard.php][19/Sep/12 20:18:03][19/Sep/12 20:18:03][took 0.008377 secs]
[<<][5d7aa7fdc74b1933655621][DEFAULT][/lib/execute/execDashboard.php][19/Sep/12 20:18:05][19/Sep/12 20:18:05][took 0.0033260000000001 secs]
[>>][5d7aa7fdc8279095054546][DEFAULT][/lib/execute/execDashboard.php][19/Sep/12 20:18:05]
[<<][5d7aa7fdc8279095054546][DEFAULT][/lib/execute/execDashboard.php][19/Sep/12 20:18:05][19/Sep/12 20:18:05][took 0.002081 secs]
[>>][5d7aa7fdc8b3b575600173][DEFAULT][/lib/execute/execDashboard.php][19/Sep/12 20:18:05]
[<<][5d7aa7fdc8b3b575600173][DEFAULT][/lib/execute/execDashboard.php][19/Sep/12 20:18:05][19/Sep/12 20:18:05][took 0.004169 secs]
[<<][5d7aa7fe5b670603048558][DEFAULT][/lib/execute/execDashboard.php][19/Sep/12 20:18:06][19/Sep/12 20:18:06][took 0.003 secs]
[>>][5d7aa7fe5c301877017073][DEFAULT][/lib/execute/execDashboard.php][19/Sep/12 20:18:06]
[<<][5d7aa7fe5c301877017073][DEFAULT][/lib/execute/execDashboard.php][19/Sep/12 20:18:06][19/Sep/12 20:18:06][took 0.00178 secs]
[>>][5d7aa7fe5ca89244012141][DEFAULT][/lib/execute/execDashboard.php][19/Sep/12 20:18:06]
[<<][5d7aa7fe5ca89244012141][DEFAULT][/lib/execute/execDashboard.php][19/Sep/12 20:18:06][19/Sep/12 20:18:06][took 0.004195 secs]
[<<][5d7aa7fe854bf664920961][DEFAULT][/lib/execute/execDashboard.php][19/Sep/12 20:18:06][19/Sep/12 20:18:06][took 0.0031239999999999 secs]
[>>][5d7aa7fe861e8993951899][DEFAULT][/lib/execute/execDashboard.php][19/Sep/12 20:18:06]
[<<][5d7aa7fe861e8993951899][DEFAULT][/lib/execute/execDashboard.php][19/Sep/12 20:18:06][19/Sep/12 20:18:06][took 0.001783 secs]
[>>][5d7aa7fe86993736943134][DEFAULT][/lib/execute/execDashboard.php][19/Sep/12 20:18:06]
[<<][5d7aa7fe86993736943134][DEFAULT][/lib/execute/execDashboard.php][19/Sep/12 20:18:06][19/Sep/12 20:18:06][took 0.007768 secs]
[<<][5d7aaa5d5f8c0405931340][DEFAULT][/index.php][19/Sep/12 20:28:13][19/Sep/12 20:28:13][took 0.003452 secs]
[>>][5d7aaa5d6070a361329178][DEFAULT][/index.php][19/Sep/12 20:28:13]
[<<][5d7aaa5d6070a361329178][DEFAULT][/index.php][19/Sep/12 20:28:13][19/Sep/12 20:28:13][took 0.002881 secs]
[<<][5d7aaa5dad4da508876629][DEFAULT][/lib/general/navBar.php][19/Sep/12 20:28:13][19/Sep/12 20:28:13][took 0.003257 secs]
[>>][5d7aaa5dae258346403923][DEFAULT][/lib/general/navBar.php][19/Sep/12 20:28:13]
[<<][5d7aaa5dae258346403923][DEFAULT][/lib/general/navBar.php][19/Sep/12 20:28:13][19/Sep/12 20:28:13][took 0.0027239999999999 secs]
[>>][5d7aaa5daeda6041017952][DEFAULT][/lib/general/navBar.php][19/Sep/12 20:28:13]
[<<][5d7aaa5daeda6041017952][DEFAULT][/lib/general/navBar.php][19/Sep/12 20:28:13][19/Sep/12 20:28:13][took 0.004332 secs]
[<<][5d7aaa5db75a6120607660][DEFAULT][/lib/general/mainPage.php][19/Sep/12 20:28:13][19/Sep/12 20:28:13][took 0.0026890000000001 secs]
[>>][5d7aaa5db811c721384312][DEFAULT][/lib/general/mainPage.php][19/Sep/12 20:28:13]
[<<][5d7aaa5db811c721384312][DEFAULT][/lib/general/mainPage.php][19/Sep/12 20:28:13][19/Sep/12 20:28:13][took 0.002358 secs]
[>>][5d7aaa5db8ae6212129821][DEFAULT][/lib/general/mainPage.php][19/Sep/12 20:28:13]
[<<][5d7aaa5db8ae6212129821][DEFAULT][/lib/general/mainPage.php][19/Sep/12 20:28:13][19/Sep/12 20:28:13][took 0.010363 secs]
[<<][5d7aaa6e61c5a548726432][DEFAULT][/lib/plan/planView.php][19/Sep/12 20:28:30][19/Sep/12 20:28:30][took 0.00287 secs]
[>>][5d7aaa6e6285c435918480][DEFAULT][/lib/plan/planView.php][19/Sep/12 20:28:30]
[<<][5d7aaa6e6285c435918480][DEFAULT][/lib/plan/planView.php][19/Sep/12 20:28:30][19/Sep/12 20:28:30][took 0.002634 secs]
[>>][5d7aaa6e63338828763054][DEFAULT][/lib/plan/planView.php][19/Sep/12 20:28:30]
[<<][5d7aaa6e63338828763054][DEFAULT][/lib/plan/planView.php][19/Sep/12 20:28:30][19/Sep/12 20:28:30][took 0.008726 secs]
[<<][5d7aaa74b45d1307710275][DEFAULT][/index.php][19/Sep/12 20:28:36][19/Sep/12 20:28:36][took 0.003397 secs]
[>>][5d7aaa74b53d8263097696][DEFAULT][/index.php][19/Sep/12 20:28:36]
[<<][5d7aaa74b53d8263097696][DEFAULT][/index.php][19/Sep/12 20:28:36][19/Sep/12 20:28:36][took 0.00266 secs]
[<<][5d7aaa75058e1133005840][DEFAULT][/lib/general/navBar.php][19/Sep/12 20:28:37][19/Sep/12 20:28:37][took 0.002886 secs]
[>>][5d7aaa75064d6055897031][DEFAULT][/lib/general/navBar.php][19/Sep/12 20:28:37]
[<<][5d7aaa75064d6055897031][DEFAULT][/lib/general/navBar.php][19/Sep/12 20:28:37][19/Sep/12 20:28:37][took 0.004166 secs]
[>>][5d7aaa75075ae597775743][DEFAULT][/lib/general/navBar.php][19/Sep/12 20:28:37]
[<<][5d7aaa75075ae597775743][DEFAULT][/lib/general/navBar.php][19/Sep/12 20:28:37][19/Sep/12 20:28:37][took 0.004763 secs]
[<<][5d7aaa7512417952114303][DEFAULT][/lib/general/mainPage.php][19/Sep/12 20:28:37][19/Sep/12 20:28:37][took 0.002769 secs]
[>>][5d7aaa7512f95360974027][DEFAULT][/lib/general/mainPage.php][19/Sep/12 20:28:37]
[<<][5d7aaa7512f95360974027][DEFAULT][/lib/general/mainPage.php][19/Sep/12 20:28:37][19/Sep/12 20:28:37][took 0.002172 secs]
[>>][5d7aaa751389a656317886][DEFAULT][/lib/general/mainPage.php][19/Sep/12 20:28:37]
[<<][5d7aaa751389a656317886][DEFAULT][/lib/general/mainPage.php][19/Sep/12 20:28:37][19/Sep/12 20:28:37][took 0.009826 secs]
[<<][5d7aaa779eb49833036747][DEFAULT][/lib/plan/buildView.php][19/Sep/12 20:28:39][19/Sep/12 20:28:39][took 0.003435 secs]
[>>][5d7aaa779f97a106199987][DEFAULT][/lib/plan/buildView.php][19/Sep/12 20:28:39]
[<<][5d7aaa779f97a106199987][DEFAULT][/lib/plan/buildView.php][19/Sep/12 20:28:39][19/Sep/12 20:28:39][took 0.002833 secs]
[>>][5d7aaa77a052c196116110][DEFAULT][/lib/plan/buildView.php][19/Sep/12 20:28:39]
[<<][5d7aaa77a052c196116110][DEFAULT][/lib/plan/buildView.php][19/Sep/12 20:28:39][19/Sep/12 20:28:39][took 0.0071939999999999 secs]
[<<][5d7aaa7ebfe6c909036192][DEFAULT][/lib/plan/buildEdit.php][19/Sep/12 20:28:46][19/Sep/12 20:28:46][took 0.003603 secs]
[>>][5d7aaa7ec0d49805684620][DEFAULT][/lib/plan/buildEdit.php][19/Sep/12 20:28:46]
[<<][5d7aaa7ec0d49805684620][DEFAULT][/lib/plan/buildEdit.php][19/Sep/12 20:28:46][19/Sep/12 20:28:46][took 0.003074 secs]
[>>][5d7aaa7ec19ea568985464][DEFAULT][/lib/plan/buildEdit.php][19/Sep/12 20:28:46]
[<<][5d7aaa7ec19ea568985464][DEFAULT][/lib/plan/buildEdit.php][19/Sep/12 20:28:46][19/Sep/12 20:28:46][took 0.005351 secs]
[<<][5d7aaa86d9b26174285114][DEFAULT][/index.php][19/Sep/12 20:28:54][19/Sep/12 20:28:54][took 0.003493 secs]
[>>][5d7aaa86da99f519557666][DEFAULT][/index.php][19/Sep/12 20:28:54]
[<<][5d7aaa86da99f519557666][DEFAULT][/index.php][19/Sep/12 20:28:54][19/Sep/12 20:28:54][took 0.002381 secs]
[<<][5d7aaa8723256694619477][DEFAULT][/lib/general/navBar.php][19/Sep/12 20:28:55][19/Sep/12 20:28:55][took 0.003325 secs]
[>>][5d7aaa8724017420518326][DEFAULT][/lib/general/navBar.php][19/Sep/12 20:28:55]
[<<][5d7aaa8724017420518326][DEFAULT][/lib/general/navBar.php][19/Sep/12 20:28:55][19/Sep/12 20:28:55][took 0.002826 secs]
[>>][5d7aaa8724bc0446587962][DEFAULT][/lib/general/navBar.php][19/Sep/12 20:28:55]
[<<][5d7aaa8724bc0446587962][DEFAULT][/lib/general/navBar.php][19/Sep/12 20:28:55][19/Sep/12 20:28:55][took 0.005507 secs]
[<<][5d7aaa872d6b0730364228][DEFAULT][/lib/general/mainPage.php][19/Sep/12 20:28:55][19/Sep/12 20:28:55][took 0.003142 secs]
[>>][5d7aaa872e3ad438616436][DEFAULT][/lib/general/mainPage.php][19/Sep/12 20:28:55]
[<<][5d7aaa872e3ad438616436][DEFAULT][/lib/general/mainPage.php][19/Sep/12 20:28:55][19/Sep/12 20:28:55][took 0.002401 secs]
[>>][5d7aaa872edc9684138896][DEFAULT][/lib/general/mainPage.php][19/Sep/12 20:28:55]
[<<][5d7aaa872edc9684138896][DEFAULT][/lib/general/mainPage.php][19/Sep/12 20:28:55][19/Sep/12 20:28:55][took 0.007865 secs]
[<<][5d7aaa909e453902403780][DEFAULT][/lib/general/frmWorkArea.php][19/Sep/12 20:29:04][19/Sep/12 20:29:04][took 0.003453 secs]
[>>][5d7aaa909f290012914182][DEFAULT][/lib/general/frmWorkArea.php][19/Sep/12 20:29:04]
[<<][5d7aaa909f290012914182][DEFAULT][/lib/general/frmWorkArea.php][19/Sep/12 20:29:04][19/Sep/12 20:29:04][took 0.002576 secs]
[>>][5d7aaa909fd40310687967][DEFAULT][/lib/general/frmWorkArea.php][19/Sep/12 20:29:04]
[<<][5d7aaa909fd40310687967][DEFAULT][/lib/general/frmWorkArea.php][19/Sep/12 20:29:04][19/Sep/12 20:29:04][took 0.00058199999999997 secs]
[<<][5d7aaa90b56ca741347853][DEFAULT][/lib/plan/newest_tcversions.php][19/Sep/12 20:29:04][19/Sep/12 20:29:04][took 0.0034920000000001 secs]
[>>][5d7aaa90b654e395343295][DEFAULT][/lib/plan/newest_tcversions.php][19/Sep/12 20:29:04]
[<<][5d7aaa90b654e395343295][DEFAULT][/lib/plan/newest_tcversions.php][19/Sep/12 20:29:04][19/Sep/12 20:29:04][took 0.0027389999999999 secs]
[>>][5d7aaa90b70a1596288913][DEFAULT][/lib/plan/newest_tcversions.php][19/Sep/12 20:29:04]
[<<][5d7aaa90b70a1596288913][DEFAULT][/lib/plan/newest_tcversions.php][19/Sep/12 20:29:04][19/Sep/12 20:29:04][took 0.005959 secs]
[<<][5d7aaa9902b5d098972783][DEFAULT][/index.php][19/Sep/12 20:29:13][19/Sep/12 20:29:13][took 0.003441 secs]
[>>][5d7aaa9903981079775943][DEFAULT][/index.php][19/Sep/12 20:29:13]
[<<][5d7aaa9903981079775943][DEFAULT][/index.php][19/Sep/12 20:29:13][19/Sep/12 20:29:13][took 0.002293 secs]
[<<][5d7aaa994f6ca722787293][DEFAULT][/lib/general/navBar.php][19/Sep/12 20:29:13][19/Sep/12 20:29:13][took 0.002917 secs]
[>>][5d7aaa99502f6500097031][DEFAULT][/lib/general/navBar.php][19/Sep/12 20:29:13]
[<<][5d7aaa99502f6500097031][DEFAULT][/lib/general/navBar.php][19/Sep/12 20:29:13][19/Sep/12 20:29:13][took 0.002719 secs]
[>>][5d7aaa9950e2f646124159][DEFAULT][/lib/general/navBar.php][19/Sep/12 20:29:13]
[<<][5d7aaa9950e2f646124159][DEFAULT][/lib/general/navBar.php][19/Sep/12 20:29:13][19/Sep/12 20:29:13][took 0.012368 secs]
[<<][5d7aaa995be5d512432420][DEFAULT][/lib/general/mainPage.php][19/Sep/12 20:29:13][19/Sep/12 20:29:13][took 0.002721 secs]
[>>][5d7aaa995c9a7450623984][DEFAULT][/lib/general/mainPage.php][19/Sep/12 20:29:13]
[<<][5d7aaa995c9a7450623984][DEFAULT][/lib/general/mainPage.php][19/Sep/12 20:29:13][19/Sep/12 20:29:13][took 0.002287 secs]
[>>][5d7aaa995d326639289295][DEFAULT][/lib/general/mainPage.php][19/Sep/12 20:29:13]
[<<][5d7aaa995d326639289295][DEFAULT][/lib/general/mainPage.php][19/Sep/12 20:29:13][19/Sep/12 20:29:13][took 0.00664 secs]
[<<][5d7aaa9cc5d25279201863][DEFAULT][/lib/plan/planMilestonesView.php][19/Sep/12 20:29:16][19/Sep/12 20:29:16][took 0.003328 secs]
[>>][5d7aaa9cc6aec794285479][DEFAULT][/lib/plan/planMilestonesView.php][19/Sep/12 20:29:16]
[<<][5d7aaa9cc6aec794285479][DEFAULT][/lib/plan/planMilestonesView.php][19/Sep/12 20:29:16][19/Sep/12 20:29:16][took 0.002745 secs]
[>>][5d7aaa9cc7644742245324][DEFAULT][/lib/plan/planMilestonesView.php][19/Sep/12 20:29:16]
[<<][5d7aaa9cc7644742245324][DEFAULT][/lib/plan/planMilestonesView.php][19/Sep/12 20:29:16][19/Sep/12 20:29:16][took 0.005698 secs]
[<<][5d7aaa9f56109819416239][DEFAULT][/index.php][19/Sep/12 20:29:19][19/Sep/12 20:29:19][took 0.003623 secs]
[>>][5d7aaa9f56ffc092030130][DEFAULT][/index.php][19/Sep/12 20:29:19]
[<<][5d7aaa9f56ffc092030130][DEFAULT][/index.php][19/Sep/12 20:29:19][19/Sep/12 20:29:19][took 0.002515 secs]
[<<][5d7aaa9f7d7af748303396][DEFAULT][/lib/general/navBar.php][19/Sep/12 20:29:19][19/Sep/12 20:29:19][took 0.003196 secs]
[>>][5d7aaa9f7e4e7515225089][DEFAULT][/lib/general/navBar.php][19/Sep/12 20:29:19]
[<<][5d7aaa9f7e4e7515225089][DEFAULT][/lib/general/navBar.php][19/Sep/12 20:29:19][19/Sep/12 20:29:19][took 0.002698 secs]
[>>][5d7aaa9f7f028807943089][DEFAULT][/lib/general/navBar.php][19/Sep/12 20:29:19]
[<<][5d7aaa9f7f028807943089][DEFAULT][/lib/general/navBar.php][19/Sep/12 20:29:19][19/Sep/12 20:29:19][took 0.010948 secs]
[<<][5d7aaa9f897e3532771459][DEFAULT][/lib/general/mainPage.php][19/Sep/12 20:29:19][19/Sep/12 20:29:19][took 0.008158 secs]
[>>][5d7aaa9f8b864093915119][DEFAULT][/lib/general/mainPage.php][19/Sep/12 20:29:19]
[<<][5d7aaa9f8b864093915119][DEFAULT][/lib/general/mainPage.php][19/Sep/12 20:29:19][19/Sep/12 20:29:19][took 0.002279 secs]
[>>][5d7aaa9f8c1d7651060963][DEFAULT][/lib/general/mainPage.php][19/Sep/12 20:29:19]
[<<][5d7aaa9f8c1d7651060963][DEFAULT][/lib/general/mainPage.php][19/Sep/12 20:29:19][19/Sep/12 20:29:19][took 0.0094069999999999 secs]
[<<][5d7aaaa35e2e6025532665][DEFAULT][/lib/general/frmWorkArea.php][19/Sep/12 20:29:23][19/Sep/12 20:29:23][took 0.003378 secs]
[>>][5d7aaaa35f0dd165908497][DEFAULT][/lib/general/frmWorkArea.php][19/Sep/12 20:29:23]
[<<][5d7aaaa35f0dd165908497][DEFAULT][/lib/general/frmWorkArea.php][19/Sep/12 20:29:23][19/Sep/12 20:29:23][took 0.002793 secs]
[>>][5d7aaaa35fc66328956760][DEFAULT][/lib/general/frmWorkArea.php][19/Sep/12 20:29:23]
[<<][5d7aaaa35fc66328956760][DEFAULT][/lib/general/frmWorkArea.php][19/Sep/12 20:29:23][19/Sep/12 20:29:23][took 0.002495 secs]
[<<][5d7aaaa3702e2225787815][DEFAULT][/lib/results/resultsNavigator.php][19/Sep/12 20:29:23][19/Sep/12 20:29:23][took 0.003234 secs]
[>>][5d7aaaa37102f877611822][DEFAULT][/lib/results/resultsNavigator.php][19/Sep/12 20:29:23]
[<<][5d7aaaa37102f877611822][DEFAULT][/lib/results/resultsNavigator.php][19/Sep/12 20:29:23][19/Sep/12 20:29:23][took 0.002923 secs]
[>>][5d7aaaa371c39553430509][DEFAULT][/lib/results/resultsNavigator.php][19/Sep/12 20:29:23]
	[19/Sep/12 20:29:23][L18N][047mf542i7hb54g3q1sb8ild66][GUI - Test Project ID : 70699]
		string 'link_report_test_flat_custom' is not localized for locale 'en_GB' 
	[19/Sep/12 20:29:23][L18N][047mf542i7hb54g3q1sb8ild66][GUI - Test Project ID : 70699]
		string 'format_pds' is not localized for locale 'en_GB' 
[<<][5d7aaaa371c39553430509][DEFAULT][/lib/results/resultsNavigator.php][19/Sep/12 20:29:23][19/Sep/12 20:29:23][took 0.064883 secs]
[<<][5d7aaaa370418414004592][DEFAULT][/lib/general/staticPage.php][19/Sep/12 20:29:23][19/Sep/12 20:29:23][took 0.104605 secs]
[>>][5d7aaaa389f34362741964][DEFAULT][/lib/general/staticPage.php][19/Sep/12 20:29:23]
[<<][5d7aaaa389f34362741964][DEFAULT][/lib/general/staticPage.php][19/Sep/12 20:29:23][19/Sep/12 20:29:23][took 0.00215 secs]
[>>][5d7aaaa38a82b119172641][DEFAULT][/lib/general/staticPage.php][19/Sep/12 20:29:23]
[<<][5d7aaaa38a82b119172641][DEFAULT][/lib/general/staticPage.php][19/Sep/12 20:29:23][19/Sep/12 20:29:23][took 0.004011 secs]
[<<][5d7aaaa3a5004081781742][DEFAULT][/lib/general/staticPage.php][19/Sep/12 20:29:23][19/Sep/12 20:29:23][took 0.003178 secs]
[>>][5d7aaaa3a5d1a892359145][DEFAULT][/lib/general/staticPage.php][19/Sep/12 20:29:23]
[<<][5d7aaaa3a5d1a892359145][DEFAULT][/lib/general/staticPage.php][19/Sep/12 20:29:23][19/Sep/12 20:29:23][took 0.0027469999999999 secs]
[>>][5d7aaaa3a6874077776202][DEFAULT][/lib/general/staticPage.php][19/Sep/12 20:29:23]
[<<][5d7aaaa3a6874077776202][DEFAULT][/lib/general/staticPage.php][19/Sep/12 20:29:23][19/Sep/12 20:29:23][took 0.00093700000000008 secs]
[<<][5d7aaaaf9bff1320843434][DEFAULT][/lib/results/resultsNavigator.php][19/Sep/12 20:29:35][19/Sep/12 20:29:35][took 0.003322 secs]
[>>][5d7aaaaf9cdb6875299051][DEFAULT][/lib/results/resultsNavigator.php][19/Sep/12 20:29:35]
[<<][5d7aaaaf9cdb6875299051][DEFAULT][/lib/results/resultsNavigator.php][19/Sep/12 20:29:35][19/Sep/12 20:29:35][took 0.00266 secs]
[>>][5d7aaaaf9d8bc301449957][DEFAULT][/lib/results/resultsNavigator.php][19/Sep/12 20:29:35]
	[19/Sep/12 20:29:35][L18N][047mf542i7hb54g3q1sb8ild66][GUI - Test Project ID : 70699]
		string 'link_report_test_matrix_custom' is not localized for locale 'en_GB' 
	[19/Sep/12 20:29:35][L18N][047mf542i7hb54g3q1sb8ild66][GUI - Test Project ID : 70699]
		string 'link_report_regression_trace_matrix' is not localized for locale 'en_GB' 
	[19/Sep/12 20:29:35][L18N][047mf542i7hb54g3q1sb8ild66][GUI - Test Project ID : 70699]
		string 'results_docx_test_report_onbuild_custom' is not localized for locale 'en_GB' 
[<<][5d7aaaaf9d8bc301449957][DEFAULT][/lib/results/resultsNavigator.php][19/Sep/12 20:29:35][19/Sep/12 20:29:35][took 0.104233 secs]
[<<][5d7aaab036ad5000606742][DEFAULT][/lib/general/staticPage.php][19/Sep/12 20:29:36][19/Sep/12 20:29:36][took 0.003569 secs]
[>>][5d7aaab037993114758720][DEFAULT][/lib/general/staticPage.php][19/Sep/12 20:29:36]
[<<][5d7aaab037993114758720][DEFAULT][/lib/general/staticPage.php][19/Sep/12 20:29:36][19/Sep/12 20:29:36][took 0.002865 secs]
[>>][5d7aaab038566629914503][DEFAULT][/lib/general/staticPage.php][19/Sep/12 20:29:36]
[<<][5d7aaab038566629914503][DEFAULT][/lib/general/staticPage.php][19/Sep/12 20:29:36][19/Sep/12 20:29:36][took 0.00090500000000002 secs]
[<<][5d7aaab4e3875227124318][DEFAULT][/lib/results/resultsNavigator.php][19/Sep/12 20:29:40][19/Sep/12 20:29:40][took 0.0034430000000001 secs]
[>>][5d7aaab4e46aa252245548][DEFAULT][/lib/results/resultsNavigator.php][19/Sep/12 20:29:40]
[<<][5d7aaab4e46aa252245548][DEFAULT][/lib/results/resultsNavigator.php][19/Sep/12 20:29:40][19/Sep/12 20:29:40][took 0.002806 secs]
[>>][5d7aaab4e5242236265285][DEFAULT][/lib/results/resultsNavigator.php][19/Sep/12 20:29:40]
[<<][5d7aaab4e5242236265285][DEFAULT][/lib/results/resultsNavigator.php][19/Sep/12 20:29:40][19/Sep/12 20:29:40][took 0.004239 secs]
[<<][5d7aaab50db6c234630825][DEFAULT][/lib/general/staticPage.php][19/Sep/12 20:29:41][19/Sep/12 20:29:41][took 0.004209 secs]
[>>][5d7aaab50ec8a503291238][DEFAULT][/lib/general/staticPage.php][19/Sep/12 20:29:41]
[<<][5d7aaab50ec8a503291238][DEFAULT][/lib/general/staticPage.php][19/Sep/12 20:29:41][19/Sep/12 20:29:41][took 0.003865 secs]
[>>][5d7aaab50fc46761505682][DEFAULT][/lib/general/staticPage.php][19/Sep/12 20:29:41]
[<<][5d7aaab50fc46761505682][DEFAULT][/lib/general/staticPage.php][19/Sep/12 20:29:41][19/Sep/12 20:29:41][took 0.000903 secs]
[<<][5d7aaabfab4a0665544799][DEFAULT][/index.php][19/Sep/12 20:29:51][19/Sep/12 20:29:51][took 0.0034449999999999 secs]
[>>][5d7aaabfac2ed230579030][DEFAULT][/index.php][19/Sep/12 20:29:51]
[<<][5d7aaabfac2ed230579030][DEFAULT][/index.php][19/Sep/12 20:29:51][19/Sep/12 20:29:51][took 0.00227 secs]
[<<][5d7aaac0001b8719286908][DEFAULT][/lib/general/navBar.php][19/Sep/12 20:29:51][19/Sep/12 20:29:51][took 0.003319 secs]
[>>][5d7aaac000f7f372686360][DEFAULT][/lib/general/navBar.php][19/Sep/12 20:29:51]
[<<][5d7aaac000f7f372686360][DEFAULT][/lib/general/navBar.php][19/Sep/12 20:29:51][19/Sep/12 20:29:52][took 0.002724 secs]
[>>][5d7aaac001acd833843226][DEFAULT][/lib/general/navBar.php][19/Sep/12 20:29:52]
[<<][5d7aaac001acd833843226][DEFAULT][/lib/general/navBar.php][19/Sep/12 20:29:52][19/Sep/12 20:29:52][took 0.003715 secs]
[<<][5d7aaac00acd9299320452][DEFAULT][/lib/general/mainPage.php][19/Sep/12 20:29:52][19/Sep/12 20:29:52][took 0.002678 secs]
[>>][5d7aaac00b7f3061993550][DEFAULT][/lib/general/mainPage.php][19/Sep/12 20:29:52]
[<<][5d7aaac00b7f3061993550][DEFAULT][/lib/general/mainPage.php][19/Sep/12 20:29:52][19/Sep/12 20:29:52][took 0.002227 secs]
[>>][5d7aaac00c154949994292][DEFAULT][/lib/general/mainPage.php][19/Sep/12 20:29:52]
[<<][5d7aaac00c154949994292][DEFAULT][/lib/general/mainPage.php][19/Sep/12 20:29:52][19/Sep/12 20:29:52][took 0.012955 secs]
[<<][5d7aaac66639f429841475][DEFAULT][/lib/general/frmWorkArea.php][19/Sep/12 20:29:58][19/Sep/12 20:29:58][took 0.003341 secs]
[>>][5d7aaac667173121560063][DEFAULT][/lib/general/frmWorkArea.php][19/Sep/12 20:29:58]
[<<][5d7aaac667173121560063][DEFAULT][/lib/general/frmWorkArea.php][19/Sep/12 20:29:58][19/Sep/12 20:29:58][took 0.002775 secs]
[>>][5d7aaac667cea078574800][DEFAULT][/lib/general/frmWorkArea.php][19/Sep/12 20:29:58]
[<<][5d7aaac667cea078574800][DEFAULT][/lib/general/frmWorkArea.php][19/Sep/12 20:29:58][19/Sep/12 20:29:58][took 0.00082199999999999 secs]
[<<][5d7aaac679bf9860817247][DEFAULT][/lib/requirements/reqSpecListTree.php][19/Sep/12 20:29:58][19/Sep/12 20:29:58][took 0.002873 secs]
[>>][5d7aaac67a7f8087968343][DEFAULT][/lib/requirements/reqSpecListTree.php][19/Sep/12 20:29:58]
[<<][5d7aaac67a7f8087968343][DEFAULT][/lib/requirements/reqSpecListTree.php][19/Sep/12 20:29:58][19/Sep/12 20:29:58][took 0.002314 secs]
[>>][5d7aaac67b197488213223][DEFAULT][/lib/requirements/reqSpecListTree.php][19/Sep/12 20:29:58]
[<<][5d7aaac67b197488213223][DEFAULT][/lib/requirements/reqSpecListTree.php][19/Sep/12 20:29:58][19/Sep/12 20:29:58][took 0.004779 secs]
[<<][5d7aaac685360825331960][DEFAULT][/lib/project/project_req_spec_mgmt.php][19/Sep/12 20:29:58][19/Sep/12 20:29:58][took 0.0028899999999999 secs]
[>>][5d7aaac685f5a571193003][DEFAULT][/lib/project/project_req_spec_mgmt.php][19/Sep/12 20:29:58]
[<<][5d7aaac685f5a571193003][DEFAULT][/lib/project/project_req_spec_mgmt.php][19/Sep/12 20:29:58][19/Sep/12 20:29:58][took 0.002298 secs]
[>>][5d7aaac6868ed706161456][DEFAULT][/lib/project/project_req_spec_mgmt.php][19/Sep/12 20:29:58]
[<<][5d7aaac6868ed706161456][DEFAULT][/lib/project/project_req_spec_mgmt.php][19/Sep/12 20:29:58][19/Sep/12 20:29:58][took 0.00081100000000001 secs]
[<<][5d7aaac6c65ec066464589][DEFAULT][/lib/ajax/getrequirementnodes.php][19/Sep/12 20:29:58][19/Sep/12 20:29:58][took 0.003258 secs]
[>>][5d7aaac6c735b068761670][DEFAULT][/lib/ajax/getrequirementnodes.php][19/Sep/12 20:29:58]
[<<][5d7aaac6c735b068761670][DEFAULT][/lib/ajax/getrequirementnodes.php][19/Sep/12 20:29:58][19/Sep/12 20:29:58][took 0.002512 secs]
[>>][5d7aaac6c7dcc751400608][DEFAULT][/lib/ajax/getrequirementnodes.php][19/Sep/12 20:29:58]
[<<][5d7aaac6c7dcc751400608][DEFAULT][/lib/ajax/getrequirementnodes.php][19/Sep/12 20:29:58][19/Sep/12 20:29:58][took 0.001611 secs]
[<<][5d7aaaca383b8543990420][DEFAULT][/lib/ajax/getrequirementnodes.php][19/Sep/12 20:30:02][19/Sep/12 20:30:02][took 0.003368 secs]
[>>][5d7aaaca391a1480764839][DEFAULT][/lib/ajax/getrequirementnodes.php][19/Sep/12 20:30:02]
[<<][5d7aaaca391a1480764839][DEFAULT][/lib/ajax/getrequirementnodes.php][19/Sep/12 20:30:02][19/Sep/12 20:30:02][took 0.003044 secs]
[>>][5d7aaaca39e25828165648][DEFAULT][/lib/ajax/getrequirementnodes.php][19/Sep/12 20:30:02]
[<<][5d7aaaca39e25828165648][DEFAULT][/lib/ajax/getrequirementnodes.php][19/Sep/12 20:30:02][19/Sep/12 20:30:02][took 0.00162 secs]
[<<][5d7aaacb93a77601238448][DEFAULT][/lib/requirements/reqView.php][19/Sep/12 20:30:03][19/Sep/12 20:30:03][took 0.004668 secs]
[>>][5d7aaacb94d74392224718][DEFAULT][/lib/requirements/reqView.php][19/Sep/12 20:30:03]
[<<][5d7aaacb94d74392224718][DEFAULT][/lib/requirements/reqView.php][19/Sep/12 20:30:03][19/Sep/12 20:30:03][took 0.002752 secs]
[>>][5d7aaacb958d4222511221][DEFAULT][/lib/requirements/reqView.php][19/Sep/12 20:30:03]
	[19/Sep/12 20:30:03][WARNING][047mf542i7hb54g3q1sb8ild66][GUI - Test Project ID : 70699]
		E_NOTICE
Array to string conversion - in /opt/bitnami/apps/testlink/htdocs/gui/templates_c/62c4572300e3b046cefe96d10808ef59a78c1ddc.file.attachments.inc.tpl.php - Line 191
[<<][5d7aaacb958d4222511221][DEFAULT][/lib/requirements/reqView.php][19/Sep/12 20:30:03][19/Sep/12 20:30:03][took 0.077452 secs]
[<<][5d7aaacc5aeff179469577][DEFAULT][/lib/ajax/requirements/getreqmonitors.php][19/Sep/12 20:30:04][19/Sep/12 20:30:04][took 0.003629 secs]
[>>][5d7aaacc5bdfe456474936][DEFAULT][/lib/ajax/requirements/getreqmonitors.php][19/Sep/12 20:30:04]
[<<][5d7aaacc5bdfe456474936][DEFAULT][/lib/ajax/requirements/getreqmonitors.php][19/Sep/12 20:30:04][19/Sep/12 20:30:04][took 0.003053 secs]
[>>][5d7aaacc5caaa211514238][DEFAULT][/lib/ajax/requirements/getreqmonitors.php][19/Sep/12 20:30:04]
[<<][5d7aaacc5caaa211514238][DEFAULT][/lib/ajax/requirements/getreqmonitors.php][19/Sep/12 20:30:04][19/Sep/12 20:30:04][took 0.001047 secs]
[<<][5d7aaada5bc04556981510][DEFAULT][/index.php][19/Sep/12 20:30:18][19/Sep/12 20:30:18][took 0.003433 secs]
[>>][5d7aaada5ca30372345208][DEFAULT][/index.php][19/Sep/12 20:30:18]
[<<][5d7aaada5ca30372345208][DEFAULT][/index.php][19/Sep/12 20:30:18][19/Sep/12 20:30:18][took 0.007092 secs]
[<<][5d7aaadaaf669207970627][DEFAULT][/lib/general/navBar.php][19/Sep/12 20:30:18][19/Sep/12 20:30:18][took 0.003719 secs]
[>>][5d7aaadab05ce185461822][DEFAULT][/lib/general/navBar.php][19/Sep/12 20:30:18]
[<<][5d7aaadab05ce185461822][DEFAULT][/lib/general/navBar.php][19/Sep/12 20:30:18][19/Sep/12 20:30:18][took 0.0026040000000001 secs]
[>>][5d7aaadab10a2063733220][DEFAULT][/lib/general/navBar.php][19/Sep/12 20:30:18]
[<<][5d7aaadab10a2063733220][DEFAULT][/lib/general/navBar.php][19/Sep/12 20:30:18][19/Sep/12 20:30:18][took 0.007494 secs]
[<<][5d7aaadaba4a1939899478][DEFAULT][/lib/general/mainPage.php][19/Sep/12 20:30:18][19/Sep/12 20:30:18][took 0.003182 secs]
[>>][5d7aaadabb1ca077570057][DEFAULT][/lib/general/mainPage.php][19/Sep/12 20:30:18]
[<<][5d7aaadabb1ca077570057][DEFAULT][/lib/general/mainPage.php][19/Sep/12 20:30:18][19/Sep/12 20:30:18][took 0.0025360000000001 secs]
[>>][5d7aaadabbc4f978009020][DEFAULT][/lib/general/mainPage.php][19/Sep/12 20:30:18]
[<<][5d7aaadabbc4f978009020][DEFAULT][/lib/general/mainPage.php][19/Sep/12 20:30:18][19/Sep/12 20:30:18][took 0.0090520000000001 secs]
[<<][5d7aab09b0190428964637][DEFAULT][/lib/testcases/tcSearch.php][19/Sep/12 20:31:05][19/Sep/12 20:31:05][took 0.0033650000000001 secs]
[>>][5d7aab09b0f79153477413][DEFAULT][/lib/testcases/tcSearch.php][19/Sep/12 20:31:05]
[<<][5d7aab09b0f79153477413][DEFAULT][/lib/testcases/tcSearch.php][19/Sep/12 20:31:05][19/Sep/12 20:31:05][took 0.002613 secs]
[>>][5d7aab09b1a50493986733][DEFAULT][/lib/testcases/tcSearch.php][19/Sep/12 20:31:05]
	[19/Sep/12 20:31:05][WARNING][047mf542i7hb54g3q1sb8ild66][GUI - Test Project ID : 70699]
		E_NOTICE
Undefined variable: emptyTestProject - in /opt/bitnami/apps/testlink/htdocs/lib/testcases/tcSearch.php - Line 288
[<<][5d7aab09b1a50493986733][DEFAULT][/lib/testcases/tcSearch.php][19/Sep/12 20:31:05][19/Sep/12 20:31:05][took 0.039985 secs]
[<<][5d7aab0cc3791701229753][DEFAULT][/index.php][19/Sep/12 20:31:08][19/Sep/12 20:31:08][took 0.003483 secs]
[>>][5d7aab0cc45f0875420271][DEFAULT][/index.php][19/Sep/12 20:31:08]
[<<][5d7aab0cc45f0875420271][DEFAULT][/index.php][19/Sep/12 20:31:08][19/Sep/12 20:31:08][took 0.002172 secs]
[<<][5d7aab0d1598d418592602][DEFAULT][/lib/general/navBar.php][19/Sep/12 20:31:09][19/Sep/12 20:31:09][took 0.003605 secs]
[>>][5d7aab0d1685c946830843][DEFAULT][/lib/general/navBar.php][19/Sep/12 20:31:09]
[<<][5d7aab0d1685c946830843][DEFAULT][/lib/general/navBar.php][19/Sep/12 20:31:09][19/Sep/12 20:31:09][took 0.007429 secs]
[>>][5d7aab0d185f1097376184][DEFAULT][/lib/general/navBar.php][19/Sep/12 20:31:09]
[<<][5d7aab0d185f1097376184][DEFAULT][/lib/general/navBar.php][19/Sep/12 20:31:09][19/Sep/12 20:31:09][took 0.007472 secs]
[<<][5d7aab0d21c02050500324][DEFAULT][/lib/general/mainPage.php][19/Sep/12 20:31:09][19/Sep/12 20:31:09][took 0.002941 secs]
[>>][5d7aab0d22829676143089][DEFAULT][/lib/general/mainPage.php][19/Sep/12 20:31:09]
[<<][5d7aab0d22829676143089][DEFAULT][/lib/general/mainPage.php][19/Sep/12 20:31:09][19/Sep/12 20:31:09][took 0.002078 secs]
[>>][5d7aab0d230f5126237946][DEFAULT][/lib/general/mainPage.php][19/Sep/12 20:31:09]
[<<][5d7aab0d230f5126237946][DEFAULT][/lib/general/mainPage.php][19/Sep/12 20:31:09][19/Sep/12 20:31:09][took 0.010086 secs]
[<<][5d7aab10a9749005653077][DEFAULT][/lib/general/frmWorkArea.php][19/Sep/12 20:31:12][19/Sep/12 20:31:12][took 0.003339 secs]
[>>][5d7aab10aa53a273779741][DEFAULT][/lib/general/frmWorkArea.php][19/Sep/12 20:31:12]
[<<][5d7aab10aa53a273779741][DEFAULT][/lib/general/frmWorkArea.php][19/Sep/12 20:31:12][19/Sep/12 20:31:12][took 0.0025419999999999 secs]
[>>][5d7aab10aafc8070010069][DEFAULT][/lib/general/frmWorkArea.php][19/Sep/12 20:31:12]
[<<][5d7aab10aafc8070010069][DEFAULT][/lib/general/frmWorkArea.php][19/Sep/12 20:31:12][19/Sep/12 20:31:12][took 0.00085199999999996 secs]
[<<][5d7aab10bab01709017550][DEFAULT][/lib/general/staticPage.php][19/Sep/12 20:31:12][19/Sep/12 20:31:12][took 0.003139 secs]
[>>][5d7aab10bb7f1848955949][DEFAULT][/lib/general/staticPage.php][19/Sep/12 20:31:12]
[<<][5d7aab10bb7f1848955949][DEFAULT][/lib/general/staticPage.php][19/Sep/12 20:31:12][19/Sep/12 20:31:12][took 0.002906 secs]
[>>][5d7aab10bc3eb718198136][DEFAULT][/lib/general/staticPage.php][19/Sep/12 20:31:12]
[<<][5d7aab10bc3eb718198136][DEFAULT][/lib/general/staticPage.php][19/Sep/12 20:31:12][19/Sep/12 20:31:12][took 0.00084200000000001 secs]
[<<][5d7aab10bac5b609530746][DEFAULT][/lib/requirements/reqSearchForm.php][19/Sep/12 20:31:12][19/Sep/12 20:31:12][took 0.013305 secs]
[>>][5d7aab10be0f0471860915][DEFAULT][/lib/requirements/reqSearchForm.php][19/Sep/12 20:31:12]
[<<][5d7aab10be0f0471860915][DEFAULT][/lib/requirements/reqSearchForm.php][19/Sep/12 20:31:12][19/Sep/12 20:31:12][took 0.002404 secs]
[>>][5d7aab10beae9116957697][DEFAULT][/lib/requirements/reqSearchForm.php][19/Sep/12 20:31:12]
[<<][5d7aab10beae9116957697][DEFAULT][/lib/requirements/reqSearchForm.php][19/Sep/12 20:31:12][19/Sep/12 20:31:12][took 0.0056510000000001 secs]
[<<][5d7aab147525d879181358][DEFAULT][/lib/general/mainPage.php][19/Sep/12 20:31:16][19/Sep/12 20:31:16][took 0.003274 secs]
[>>][5d7aab1475fee710492403][DEFAULT][/lib/general/mainPage.php][19/Sep/12 20:31:16]
[<<][5d7aab1475fee710492403][DEFAULT][/lib/general/mainPage.php][19/Sep/12 20:31:16][19/Sep/12 20:31:16][took 0.002839 secs]
[>>][5d7aab1476ba7524206392][DEFAULT][/lib/general/mainPage.php][19/Sep/12 20:31:16]
[<<][5d7aab1476ba7524206392][DEFAULT][/lib/general/mainPage.php][19/Sep/12 20:31:16][19/Sep/12 20:31:16][took 0.011796 secs]
[<<][5d7aab2acc7f4474005700][DEFAULT][/lib/general/navBar.php][19/Sep/12 20:31:38][19/Sep/12 20:31:38][took 0.003061 secs]
[>>][5d7aab2acd49b093910905][DEFAULT][/lib/general/navBar.php][19/Sep/12 20:31:38]
[<<][5d7aab2acd49b093910905][DEFAULT][/lib/general/navBar.php][19/Sep/12 20:31:38][19/Sep/12 20:31:38][took 0.002525 secs]
[>>][5d7aab2acdf19902679130][DEFAULT][/lib/general/navBar.php][19/Sep/12 20:31:38]
	[19/Sep/12 20:31:38][WARNING][047mf542i7hb54g3q1sb8ild66][GUI - Test Project ID : 21]
		E_NOTICE
Undefined property: stdClass::$prefix - in /opt/bitnami/apps/testlink/htdocs/lib/general/navBar.php - Line 173
[<<][5d7aab2acdf19902679130][DEFAULT][/lib/general/navBar.php][19/Sep/12 20:31:38][19/Sep/12 20:31:38][took 0.049919 secs]
[<<][5d7aab2b0fbff012483943][DEFAULT][/lib/general/mainPage.php][19/Sep/12 20:31:39][19/Sep/12 20:31:39][took 0.002996 secs]
[>>][5d7aab2b10867662996083][DEFAULT][/lib/general/mainPage.php][19/Sep/12 20:31:39]
[<<][5d7aab2b10867662996083][DEFAULT][/lib/general/mainPage.php][19/Sep/12 20:31:39][19/Sep/12 20:31:39][took 0.002503 secs]
[>>][5d7aab2b112d0532229725][DEFAULT][/lib/general/mainPage.php][19/Sep/12 20:31:39]
	[19/Sep/12 20:31:39][WARNING][047mf542i7hb54g3q1sb8ild66][GUI - Test Project ID : 21]
		E_NOTICE
Undefined index: platform_view - in /opt/bitnami/apps/testlink/htdocs/gui/templates_c/835a037b28214872edd369779d57f903f1734c6a.file.mainPageLeft.tpl.php - Line 205
[<<][5d7aab2b112d0532229725][DEFAULT][/lib/general/mainPage.php][19/Sep/12 20:31:39][19/Sep/12 20:31:39][took 0.056974 secs]
[<<][5d7aab2d55c30462125005][DEFAULT][/lib/general/frmWorkArea.php][19/Sep/12 20:31:41][19/Sep/12 20:31:41][took 0.003332 secs]
[>>][5d7aab2d569f3556375158][DEFAULT][/lib/general/frmWorkArea.php][19/Sep/12 20:31:41]
[<<][5d7aab2d569f3556375158][DEFAULT][/lib/general/frmWorkArea.php][19/Sep/12 20:31:41][19/Sep/12 20:31:41][took 0.004565 secs]
[>>][5d7aab2d57c67528340588][DEFAULT][/lib/general/frmWorkArea.php][19/Sep/12 20:31:41]
[<<][5d7aab2d57c67528340588][DEFAULT][/lib/general/frmWorkArea.php][19/Sep/12 20:31:41][19/Sep/12 20:31:41][took 0.008639 secs]
[<<][5d7aab2d75fa6785844064][DEFAULT][/lib/execute/execDashboard.php][19/Sep/12 20:31:41][19/Sep/12 20:31:41][took 0.003324 secs]
[>>][5d7aab2d76d57387300595][DEFAULT][/lib/execute/execDashboard.php][19/Sep/12 20:31:41]
[<<][5d7aab2d76d57387300595][DEFAULT][/lib/execute/execDashboard.php][19/Sep/12 20:31:41][19/Sep/12 20:31:41][took 0.00279 secs]
[>>][5d7aab2d778dd877823004][DEFAULT][/lib/execute/execDashboard.php][19/Sep/12 20:31:41]
[<<][5d7aab2d778dd877823004][DEFAULT][/lib/execute/execDashboard.php][19/Sep/12 20:31:41][19/Sep/12 20:31:41][took 0.005554 secs]
[<<][5d7aab2d75f72012813820][DEFAULT][/lib/execute/execNavigator.php][19/Sep/12 20:31:41][19/Sep/12 20:31:41][took 0.013231 secs]
[>>][5d7aab2d793d1094051312][DEFAULT][/lib/execute/execNavigator.php][19/Sep/12 20:31:41]
[<<][5d7aab2d793d1094051312][DEFAULT][/lib/execute/execNavigator.php][19/Sep/12 20:31:41][19/Sep/12 20:31:41][took 0.002252 secs]
[>>][5d7aab2d79d28265072078][DEFAULT][/lib/execute/execNavigator.php][19/Sep/12 20:31:41]
[<<][5d7aab2d79d28265072078][DEFAULT][/lib/execute/execNavigator.php][19/Sep/12 20:31:41][19/Sep/12 20:31:41][took 0.37735 secs]
[<<][5d7aab2e224a3515248235][DEFAULT][/lib/execute/execDashboard.php][19/Sep/12 20:31:42][19/Sep/12 20:31:42][took 0.002898 secs]
[>>][5d7aab2e230bb555691501][DEFAULT][/lib/execute/execDashboard.php][19/Sep/12 20:31:42]
[<<][5d7aab2e230bb555691501][DEFAULT][/lib/execute/execDashboard.php][19/Sep/12 20:31:42][19/Sep/12 20:31:42][took 0.002303 secs]
[>>][5d7aab2e23a4d495509812][DEFAULT][/lib/execute/execDashboard.php][19/Sep/12 20:31:42]
[<<][5d7aab2e23a4d495509812][DEFAULT][/lib/execute/execDashboard.php][19/Sep/12 20:31:42][19/Sep/12 20:31:42][took 0.003876 secs]
[<<][5d7aab37474f2749805612][DEFAULT][/lib/general/navBar.php][19/Sep/12 20:31:51][19/Sep/12 20:31:51][took 0.003023 secs]
[>>][5d7aab37481dc046136206][DEFAULT][/lib/general/navBar.php][19/Sep/12 20:31:51]
[<<][5d7aab37481dc046136206][DEFAULT][/lib/general/navBar.php][19/Sep/12 20:31:51][19/Sep/12 20:31:51][took 0.002928 secs]
[>>][5d7aab3748e8a793287541][DEFAULT][/lib/general/navBar.php][19/Sep/12 20:31:51]
	[19/Sep/12 20:31:51][WARNING][047mf542i7hb54g3q1sb8ild66][GUI - Test Project ID : 70699]
		E_NOTICE
Undefined property: stdClass::$prefix - in /opt/bitnami/apps/testlink/htdocs/lib/general/navBar.php - Line 173
[<<][5d7aab3748e8a793287541][DEFAULT][/lib/general/navBar.php][19/Sep/12 20:31:51][19/Sep/12 20:31:51][took 0.048489 secs]
[<<][5d7aab3776776041068471][DEFAULT][/lib/general/mainPage.php][19/Sep/12 20:31:51][19/Sep/12 20:31:51][took 0.003328 secs]
[>>][5d7aab377753c666537607][DEFAULT][/lib/general/mainPage.php][19/Sep/12 20:31:51]
[<<][5d7aab377753c666537607][DEFAULT][/lib/general/mainPage.php][19/Sep/12 20:31:51][19/Sep/12 20:31:51][took 0.002782 secs]
[>>][5d7aab37780b9840497398][DEFAULT][/lib/general/mainPage.php][19/Sep/12 20:31:51]
[<<][5d7aab37780b9840497398][DEFAULT][/lib/general/mainPage.php][19/Sep/12 20:31:51][19/Sep/12 20:31:51][took 0.008923 secs]
[<<][5d7aab3e6c6ec269509924][DEFAULT][/lib/general/frmWorkArea.php][19/Sep/12 20:31:58][19/Sep/12 20:31:58][took 0.003177 secs]
[>>][5d7aab3e6d425779384544][DEFAULT][/lib/general/frmWorkArea.php][19/Sep/12 20:31:58]
[<<][5d7aab3e6d425779384544][DEFAULT][/lib/general/frmWorkArea.php][19/Sep/12 20:31:58][19/Sep/12 20:31:58][took 0.002545 secs]
[>>][5d7aab3e6dea7787163607][DEFAULT][/lib/general/frmWorkArea.php][19/Sep/12 20:31:58]
[<<][5d7aab3e6dea7787163607][DEFAULT][/lib/general/frmWorkArea.php][19/Sep/12 20:31:58][19/Sep/12 20:31:58][took 0.00079300000000004 secs]
[<<][5d7aab3e8560d930323729][DEFAULT][/lib/requirements/reqSpecListTree.php][19/Sep/12 20:31:58][19/Sep/12 20:31:58][took 0.003394 secs]
[>>][5d7aab3e8640d186065092][DEFAULT][/lib/requirements/reqSpecListTree.php][19/Sep/12 20:31:58]
[<<][5d7aab3e8640d186065092][DEFAULT][/lib/requirements/reqSpecListTree.php][19/Sep/12 20:31:58][19/Sep/12 20:31:58][took 0.002853 secs]
[>>][5d7aab3e86fe1655422008][DEFAULT][/lib/requirements/reqSpecListTree.php][19/Sep/12 20:31:58]
[<<][5d7aab3e86fe1655422008][DEFAULT][/lib/requirements/reqSpecListTree.php][19/Sep/12 20:31:58][19/Sep/12 20:31:58][took 0.003578 secs]
[<<][5d7aab3e90878442042669][DEFAULT][/lib/project/project_req_spec_mgmt.php][19/Sep/12 20:31:58][19/Sep/12 20:31:58][took 0.002966 secs]
[>>][5d7aab3e914cd702578591][DEFAULT][/lib/project/project_req_spec_mgmt.php][19/Sep/12 20:31:58]
[<<][5d7aab3e914cd702578591][DEFAULT][/lib/project/project_req_spec_mgmt.php][19/Sep/12 20:31:58][19/Sep/12 20:31:58][took 0.00229 secs]
[>>][5d7aab3e91e59383446451][DEFAULT][/lib/project/project_req_spec_mgmt.php][19/Sep/12 20:31:58]
[<<][5d7aab3e91e59383446451][DEFAULT][/lib/project/project_req_spec_mgmt.php][19/Sep/12 20:31:58][19/Sep/12 20:31:58][took 0.00079799999999997 secs]
[<<][5d7aab3eb96a7612362294][DEFAULT][/lib/ajax/getrequirementnodes.php][19/Sep/12 20:31:58][19/Sep/12 20:31:58][took 0.003239 secs]
[>>][5d7aab3eba412580220364][DEFAULT][/lib/ajax/getrequirementnodes.php][19/Sep/12 20:31:58]
[<<][5d7aab3eba412580220364][DEFAULT][/lib/ajax/getrequirementnodes.php][19/Sep/12 20:31:58][19/Sep/12 20:31:58][took 0.002661 secs]
[>>][5d7aab3ebaf17872471818][DEFAULT][/lib/ajax/getrequirementnodes.php][19/Sep/12 20:31:58]
[<<][5d7aab3ebaf17872471818][DEFAULT][/lib/ajax/getrequirementnodes.php][19/Sep/12 20:31:58][19/Sep/12 20:31:58][took 0.00082100000000007 secs]
[<<][5d7aab4110caf486798390][DEFAULT][/lib/project/project_req_spec_mgmt.php][19/Sep/12 20:32:01][19/Sep/12 20:32:01][took 0.003342 secs]
[>>][5d7aab4111a8d196259964][DEFAULT][/lib/project/project_req_spec_mgmt.php][19/Sep/12 20:32:01]
[<<][5d7aab4111a8d196259964][DEFAULT][/lib/project/project_req_spec_mgmt.php][19/Sep/12 20:32:01][19/Sep/12 20:32:01][took 0.002722 secs]
[>>][5d7aab41125ce276653652][DEFAULT][/lib/project/project_req_spec_mgmt.php][19/Sep/12 20:32:01]
[<<][5d7aab41125ce276653652][DEFAULT][/lib/project/project_req_spec_mgmt.php][19/Sep/12 20:32:01][19/Sep/12 20:32:01][took 0.00085399999999999 secs]
[<<][5d7aab42bdeb6744069127][DEFAULT][/lib/project/project_req_spec_mgmt.php][19/Sep/12 20:32:02][19/Sep/12 20:32:02][took 0.003172 secs]
[>>][5d7aab42bebf5931784126][DEFAULT][/lib/project/project_req_spec_mgmt.php][19/Sep/12 20:32:02]
[<<][5d7aab42bebf5931784126][DEFAULT][/lib/project/project_req_spec_mgmt.php][19/Sep/12 20:32:02][19/Sep/12 20:32:02][took 0.002602 secs]
[>>][5d7aab42bf6c6046099724][DEFAULT][/lib/project/project_req_spec_mgmt.php][19/Sep/12 20:32:02]
[<<][5d7aab42bf6c6046099724][DEFAULT][/lib/project/project_req_spec_mgmt.php][19/Sep/12 20:32:02][19/Sep/12 20:32:02][took 0.00094300000000003 secs]
[<<][5d7aab43137f1910591607][DEFAULT][/lib/project/project_req_spec_mgmt.php][19/Sep/12 20:32:03][19/Sep/12 20:32:03][took 0.003185 secs]
[>>][5d7aab431451c230922615][DEFAULT][/lib/project/project_req_spec_mgmt.php][19/Sep/12 20:32:03]
[<<][5d7aab431451c230922615][DEFAULT][/lib/project/project_req_spec_mgmt.php][19/Sep/12 20:32:03][19/Sep/12 20:32:03][took 0.002566 secs]
[>>][5d7aab4314fc1682328128][DEFAULT][/lib/project/project_req_spec_mgmt.php][19/Sep/12 20:32:03]
[<<][5d7aab4314fc1682328128][DEFAULT][/lib/project/project_req_spec_mgmt.php][19/Sep/12 20:32:03][19/Sep/12 20:32:03][took 0.00085 secs]
[<<][5d7aab43c891f265220898][DEFAULT][/lib/project/project_req_spec_mgmt.php][19/Sep/12 20:32:03][19/Sep/12 20:32:03][took 0.003664 secs]
[>>][5d7aab43c9862999390459][DEFAULT][/lib/project/project_req_spec_mgmt.php][19/Sep/12 20:32:03]
[<<][5d7aab43c9862999390459][DEFAULT][/lib/project/project_req_spec_mgmt.php][19/Sep/12 20:32:03][19/Sep/12 20:32:03][took 0.0029180000000001 secs]
[>>][5d7aab43ca46a848508947][DEFAULT][/lib/project/project_req_spec_mgmt.php][19/Sep/12 20:32:03]
[<<][5d7aab43ca46a848508947][DEFAULT][/lib/project/project_req_spec_mgmt.php][19/Sep/12 20:32:03][19/Sep/12 20:32:03][took 0.00087700000000002 secs]
[<<][5d7aab45eff30865735240][DEFAULT][/lib/ajax/getrequirementnodes.php][19/Sep/12 20:32:05][19/Sep/12 20:32:05][took 0.0033839999999999 secs]
[>>][5d7aab45f0d46370607999][DEFAULT][/lib/ajax/getrequirementnodes.php][19/Sep/12 20:32:05]
[<<][5d7aab45f0d46370607999][DEFAULT][/lib/ajax/getrequirementnodes.php][19/Sep/12 20:32:05][19/Sep/12 20:32:05][took 0.00276 secs]
[>>][5d7aab45f18af611697076][DEFAULT][/lib/ajax/getrequirementnodes.php][19/Sep/12 20:32:05]
[<<][5d7aab45f18af611697076][DEFAULT][/lib/ajax/getrequirementnodes.php][19/Sep/12 20:32:05][19/Sep/12 20:32:05][took 0.00071500000000002 secs]
[<<][5d7aab47b9ab7982474476][DEFAULT][/lib/requirements/reqView.php][19/Sep/12 20:32:07][19/Sep/12 20:32:07][took 0.003466 secs]
[>>][5d7aab47ba907863161418][DEFAULT][/lib/requirements/reqView.php][19/Sep/12 20:32:07]
[<<][5d7aab47ba907863161418][DEFAULT][/lib/requirements/reqView.php][19/Sep/12 20:32:07][19/Sep/12 20:32:07][took 0.002525 secs]
[>>][5d7aab47bb3b6707865128][DEFAULT][/lib/requirements/reqView.php][19/Sep/12 20:32:07]
	[19/Sep/12 20:32:07][WARNING][047mf542i7hb54g3q1sb8ild66][GUI - Test Project ID : 70699]
		E_NOTICE
Array to string conversion - in /opt/bitnami/apps/testlink/htdocs/gui/templates_c/62c4572300e3b046cefe96d10808ef59a78c1ddc.file.attachments.inc.tpl.php - Line 191
[<<][5d7aab47bb3b6707865128][DEFAULT][/lib/requirements/reqView.php][19/Sep/12 20:32:07][19/Sep/12 20:32:07][took 0.080219 secs]
[<<][5d7aab4814dd6087068977][DEFAULT][/lib/ajax/requirements/getreqmonitors.php][19/Sep/12 20:32:08][19/Sep/12 20:32:08][took 0.00302 secs]
[>>][5d7aab4815a74077531465][DEFAULT][/lib/ajax/requirements/getreqmonitors.php][19/Sep/12 20:32:08]
[<<][5d7aab4815a74077531465][DEFAULT][/lib/ajax/requirements/getreqmonitors.php][19/Sep/12 20:32:08][19/Sep/12 20:32:08][took 0.002543 secs]
[>>][5d7aab48164f5096649884][DEFAULT][/lib/ajax/requirements/getreqmonitors.php][19/Sep/12 20:32:08]
[<<][5d7aab48164f5096649884][DEFAULT][/lib/ajax/requirements/getreqmonitors.php][19/Sep/12 20:32:08][19/Sep/12 20:32:08][took 0.000999 secs]
[<<][5d7aab4ed84b6821522811][DEFAULT][/index.php][19/Sep/12 20:32:14][19/Sep/12 20:32:14][took 0.003545 secs]
[>>][5d7aab4ed9351527669770][DEFAULT][/index.php][19/Sep/12 20:32:14]
[<<][5d7aab4ed9351527669770][DEFAULT][/index.php][19/Sep/12 20:32:14][19/Sep/12 20:32:14][took 0.0023879999999999 secs]
[<<][5d7aab4f3336a876965014][DEFAULT][/lib/general/navBar.php][19/Sep/12 20:32:15][19/Sep/12 20:32:15][took 0.003376 secs]
[>>][5d7aab4f3415e120171428][DEFAULT][/lib/general/navBar.php][19/Sep/12 20:32:15]
[<<][5d7aab4f3415e120171428][DEFAULT][/lib/general/navBar.php][19/Sep/12 20:32:15][19/Sep/12 20:32:15][took 0.00258 secs]
[>>][5d7aab4f34c10443695650][DEFAULT][/lib/general/navBar.php][19/Sep/12 20:32:15]
[<<][5d7aab4f34c10443695650][DEFAULT][/lib/general/navBar.php][19/Sep/12 20:32:15][19/Sep/12 20:32:15][took 0.007744 secs]
[<<][5d7aab4f3e2c0870137696][DEFAULT][/lib/general/mainPage.php][19/Sep/12 20:32:15][19/Sep/12 20:32:15][took 0.00261 secs]
[>>][5d7aab4f3edbb864889855][DEFAULT][/lib/general/mainPage.php][19/Sep/12 20:32:15]
[<<][5d7aab4f3edbb864889855][DEFAULT][/lib/general/mainPage.php][19/Sep/12 20:32:15][19/Sep/12 20:32:15][took 0.002228 secs]
[>>][5d7aab4f3f704806377354][DEFAULT][/lib/general/mainPage.php][19/Sep/12 20:32:15]
[<<][5d7aab4f3f704806377354][DEFAULT][/lib/general/mainPage.php][19/Sep/12 20:32:15][19/Sep/12 20:32:15][took 0.009073 secs]
[<<][5d7aab53e951b543386877][DEFAULT][/lib/requirements/reqOverview.php][19/Sep/12 20:32:19][19/Sep/12 20:32:19][took 0.003455 secs]
[>>][5d7aab53ea36e038865346][DEFAULT][/lib/requirements/reqOverview.php][19/Sep/12 20:32:19]
[<<][5d7aab53ea36e038865346][DEFAULT][/lib/requirements/reqOverview.php][19/Sep/12 20:32:19][19/Sep/12 20:32:19][took 0.002729 secs]
[>>][5d7aab53eaeb7313501248][DEFAULT][/lib/requirements/reqOverview.php][19/Sep/12 20:32:19]
[<<][5d7aab53eaeb7313501248][DEFAULT][/lib/requirements/reqOverview.php][19/Sep/12 20:32:19][19/Sep/12 20:32:19][took 0.0125 secs]
[<<][5d7aab601d924468727354][DEFAULT][/index.php][19/Sep/12 20:32:32][19/Sep/12 20:32:32][took 0.00343 secs]
[>>][5d7aab601e754115959977][DEFAULT][/index.php][19/Sep/12 20:32:32]
[<<][5d7aab601e754115959977][DEFAULT][/index.php][19/Sep/12 20:32:32][19/Sep/12 20:32:32][took 0.002081 secs]
[<<][5d7aab606255d093956107][DEFAULT][/lib/general/navBar.php][19/Sep/12 20:32:32][19/Sep/12 20:32:32][took 0.003384 secs]
[>>][5d7aab6063365562898306][DEFAULT][/lib/general/navBar.php][19/Sep/12 20:32:32]
[<<][5d7aab6063365562898306][DEFAULT][/lib/general/navBar.php][19/Sep/12 20:32:32][19/Sep/12 20:32:32][took 0.002886 secs]
[>>][5d7aab6063f61664220714][DEFAULT][/lib/general/navBar.php][19/Sep/12 20:32:32]
[<<][5d7aab6063f61664220714][DEFAULT][/lib/general/navBar.php][19/Sep/12 20:32:32][19/Sep/12 20:32:32][took 0.008031 secs]
[<<][5d7aab606db73343869275][DEFAULT][/lib/general/mainPage.php][19/Sep/12 20:32:32][19/Sep/12 20:32:32][took 0.003167 secs]
[>>][5d7aab606e8a7870518154][DEFAULT][/lib/general/mainPage.php][19/Sep/12 20:32:32]
[<<][5d7aab606e8a7870518154][DEFAULT][/lib/general/mainPage.php][19/Sep/12 20:32:32][19/Sep/12 20:32:32][took 0.002625 secs]
[>>][5d7aab606f388258722099][DEFAULT][/lib/general/mainPage.php][19/Sep/12 20:32:32]
[<<][5d7aab606f388258722099][DEFAULT][/lib/general/mainPage.php][19/Sep/12 20:32:32][19/Sep/12 20:32:32][took 0.005037 secs]
[<<][5d7aab65d879e840590153][DEFAULT][/lib/general/frmWorkArea.php][19/Sep/12 20:32:37][19/Sep/12 20:32:37][took 0.003368 secs]
[>>][5d7aab65d959c516404051][DEFAULT][/lib/general/frmWorkArea.php][19/Sep/12 20:32:37]
[<<][5d7aab65d959c516404051][DEFAULT][/lib/general/frmWorkArea.php][19/Sep/12 20:32:37][19/Sep/12 20:32:37][took 0.002725 secs]
[>>][5d7aab65da0e0946078808][DEFAULT][/lib/general/frmWorkArea.php][19/Sep/12 20:32:37]
[<<][5d7aab65da0e0946078808][DEFAULT][/lib/general/frmWorkArea.php][19/Sep/12 20:32:37][19/Sep/12 20:32:37][took 0.00082300000000002 secs]
[<<][5d7aab65e7e9c979165527][DEFAULT][/lib/results/printDocOptions.php][19/Sep/12 20:32:37][19/Sep/12 20:32:37][took 0.003736 secs]
[>>][5d7aab65e8ddb204885754][DEFAULT][/lib/results/printDocOptions.php][19/Sep/12 20:32:37]
[<<][5d7aab65e8ddb204885754][DEFAULT][/lib/results/printDocOptions.php][19/Sep/12 20:32:37][19/Sep/12 20:32:37][took 0.002661 secs]
[>>][5d7aab65e98df332252715][DEFAULT][/lib/results/printDocOptions.php][19/Sep/12 20:32:37]
[<<][5d7aab65e98df332252715][DEFAULT][/lib/results/printDocOptions.php][19/Sep/12 20:32:37][19/Sep/12 20:32:37][took 0.007309 secs]
[<<][5d7aab65f41e3476860676][DEFAULT][/lib/general/staticPage.php][19/Sep/12 20:32:37][19/Sep/12 20:32:37][took 0.0027320000000001 secs]
[>>][5d7aab6600af3180253492][DEFAULT][/lib/general/staticPage.php][19/Sep/12 20:32:37]
[<<][5d7aab6600af3180253492][DEFAULT][/lib/general/staticPage.php][19/Sep/12 20:32:37][19/Sep/12 20:32:38][took 0.00311 secs]
[>>][5d7aab66017ca287574759][DEFAULT][/lib/general/staticPage.php][19/Sep/12 20:32:38]
[<<][5d7aab66017ca287574759][DEFAULT][/lib/general/staticPage.php][19/Sep/12 20:32:38][19/Sep/12 20:32:38][took 0.000817 secs]
[<<][5d7aab6624bb1440806603][DEFAULT][/lib/ajax/getrequirementnodes.php][19/Sep/12 20:32:38][19/Sep/12 20:32:38][took 0.003348 secs]
[>>][5d7aab6625986281518376][DEFAULT][/lib/ajax/getrequirementnodes.php][19/Sep/12 20:32:38]
[<<][5d7aab6625986281518376][DEFAULT][/lib/ajax/getrequirementnodes.php][19/Sep/12 20:32:38][19/Sep/12 20:32:38][took 0.002943 secs]
[>>][5d7aab66265a1774051005][DEFAULT][/lib/ajax/getrequirementnodes.php][19/Sep/12 20:32:38]
[<<][5d7aab66265a1774051005][DEFAULT][/lib/ajax/getrequirementnodes.php][19/Sep/12 20:32:38][19/Sep/12 20:32:38][took 0.001585 secs]
[<<][5d7aab687e35b011976906][DEFAULT][/lib/ajax/getrequirementnodes.php][19/Sep/12 20:32:40][19/Sep/12 20:32:40][took 0.003667 secs]
[>>][5d7aab687f270491877888][DEFAULT][/lib/ajax/getrequirementnodes.php][19/Sep/12 20:32:40]
[<<][5d7aab687f270491877888][DEFAULT][/lib/ajax/getrequirementnodes.php][19/Sep/12 20:32:40][19/Sep/12 20:32:40][took 0.002517 secs]
[>>][5d7aab687fce3771387815][DEFAULT][/lib/ajax/getrequirementnodes.php][19/Sep/12 20:32:40]
[<<][5d7aab687fce3771387815][DEFAULT][/lib/ajax/getrequirementnodes.php][19/Sep/12 20:32:40][19/Sep/12 20:32:40][took 0.00084200000000001 secs]
[<<][5d7aab69bf549431231047][DEFAULT][/lib/results/printDocument.php][19/Sep/12 20:32:41][19/Sep/12 20:32:41][took 0.003804 secs]
[>>][5d7aab69c04e6007036505][DEFAULT][/lib/results/printDocument.php][19/Sep/12 20:32:41]
[<<][5d7aab69c04e6007036505][DEFAULT][/lib/results/printDocument.php][19/Sep/12 20:32:41][19/Sep/12 20:32:41][took 0.002652 secs]
[>>][5d7aab69c0fe1992812033][DEFAULT][/lib/results/printDocument.php][19/Sep/12 20:32:41]
[<<][5d7aab69c0fe1992812033][DEFAULT][/lib/results/printDocument.php][19/Sep/12 20:32:41][19/Sep/12 20:32:41][took 0.023224 secs]
[<<][5d7aab74bc2ad319746969][DEFAULT][/index.php][19/Sep/12 20:32:52][19/Sep/12 20:32:52][took 0.0035400000000001 secs]
[>>][5d7aab74bd144049748871][DEFAULT][/index.php][19/Sep/12 20:32:52]
[<<][5d7aab74bd144049748871][DEFAULT][/index.php][19/Sep/12 20:32:52][19/Sep/12 20:32:52][took 0.002368 secs]
[<<][5d7aab751127b896454745][DEFAULT][/lib/general/navBar.php][19/Sep/12 20:32:53][19/Sep/12 20:32:53][took 0.002985 secs]
[>>][5d7aab7511efe074044112][DEFAULT][/lib/general/navBar.php][19/Sep/12 20:32:53]
[<<][5d7aab7511efe074044112][DEFAULT][/lib/general/navBar.php][19/Sep/12 20:32:53][19/Sep/12 20:32:53][took 0.002305 secs]
[>>][5d7aab751289b110668628][DEFAULT][/lib/general/navBar.php][19/Sep/12 20:32:53]
[<<][5d7aab751289b110668628][DEFAULT][/lib/general/navBar.php][19/Sep/12 20:32:53][19/Sep/12 20:32:53][took 0.003769 secs]
[<<][5d7aab751af32168170697][DEFAULT][/lib/general/mainPage.php][19/Sep/12 20:32:53][19/Sep/12 20:32:53][took 0.003082 secs]
[>>][5d7aab751bbe3664273277][DEFAULT][/lib/general/mainPage.php][19/Sep/12 20:32:53]
[<<][5d7aab751bbe3664273277][DEFAULT][/lib/general/mainPage.php][19/Sep/12 20:32:53][19/Sep/12 20:32:53][took 0.002471 secs]
[>>][5d7aab751c624967836560][DEFAULT][/lib/general/mainPage.php][19/Sep/12 20:32:53]
[<<][5d7aab751c624967836560][DEFAULT][/lib/general/mainPage.php][19/Sep/12 20:32:53][19/Sep/12 20:32:53][took 0.005028 secs]
[<<][5d7aab9ef2e4c960290706][DEFAULT][/lib/plan/planView.php][19/Sep/12 20:33:34][19/Sep/12 20:33:34][took 0.003395 secs]
[>>][5d7aab9ef3c60182433039][DEFAULT][/lib/plan/planView.php][19/Sep/12 20:33:34]
[<<][5d7aab9ef3c60182433039][DEFAULT][/lib/plan/planView.php][19/Sep/12 20:33:34][19/Sep/12 20:33:35][took 0.0029670000000001 secs]
[>>][5d7aab9f00659003155838][DEFAULT][/lib/plan/planView.php][19/Sep/12 20:33:35]
[<<][5d7aab9f00659003155838][DEFAULT][/lib/plan/planView.php][19/Sep/12 20:33:35][19/Sep/12 20:33:35][took 0.00443 secs]
[<<][5d7aaba7521ca880290849][DEFAULT][/index.php][19/Sep/12 20:33:43][19/Sep/12 20:33:43][took 0.003672 secs]
[>>][5d7aaba7530e9507926881][DEFAULT][/index.php][19/Sep/12 20:33:43]
[<<][5d7aaba7530e9507926881][DEFAULT][/index.php][19/Sep/12 20:33:43][19/Sep/12 20:33:43][took 0.002254 secs]
[<<][5d7aaba7957f7988372349][DEFAULT][/lib/general/navBar.php][19/Sep/12 20:33:43][19/Sep/12 20:33:43][took 0.003317 secs]
[>>][5d7aaba7965bf854083581][DEFAULT][/lib/general/navBar.php][19/Sep/12 20:33:43]
[<<][5d7aaba7965bf854083581][DEFAULT][/lib/general/navBar.php][19/Sep/12 20:33:43][19/Sep/12 20:33:43][took 0.002767 secs]
[>>][5d7aaba797130885471099][DEFAULT][/lib/general/navBar.php][19/Sep/12 20:33:43]
[<<][5d7aaba797130885471099][DEFAULT][/lib/general/navBar.php][19/Sep/12 20:33:43][19/Sep/12 20:33:43][took 0.004623 secs]
[<<][5d7aaba7a0c51991483123][DEFAULT][/lib/general/mainPage.php][19/Sep/12 20:33:43][19/Sep/12 20:33:43][took 0.003346 secs]
[>>][5d7aaba7a1a1a935296747][DEFAULT][/lib/general/mainPage.php][19/Sep/12 20:33:43]
[<<][5d7aaba7a1a1a935296747][DEFAULT][/lib/general/mainPage.php][19/Sep/12 20:33:43][19/Sep/12 20:33:43][took 0.002683 secs]
[>>][5d7aaba7a2531988337316][DEFAULT][/lib/general/mainPage.php][19/Sep/12 20:33:43]
[<<][5d7aaba7a2531988337316][DEFAULT][/lib/general/mainPage.php][19/Sep/12 20:33:43][19/Sep/12 20:33:43][took 0.0060100000000001 secs]
[<<][5d7aabb3eb97f194361324][DEFAULT][/lib/general/navBar.php][19/Sep/12 20:33:55][19/Sep/12 20:33:55][took 0.0033920000000001 secs]
[>>][5d7aabb3ec781175830026][DEFAULT][/lib/general/navBar.php][19/Sep/12 20:33:55]
[<<][5d7aabb3ec781175830026][DEFAULT][/lib/general/navBar.php][19/Sep/12 20:33:55][19/Sep/12 20:33:55][took 0.002817 secs]
[>>][5d7aabb3ed337685941701][DEFAULT][/lib/general/navBar.php][19/Sep/12 20:33:55]
	[19/Sep/12 20:33:55][WARNING][047mf542i7hb54g3q1sb8ild66][GUI - Test Project ID : 1]
		E_NOTICE
Undefined property: stdClass::$prefix - in /opt/bitnami/apps/testlink/htdocs/lib/general/navBar.php - Line 173
[<<][5d7aabb3ed337685941701][DEFAULT][/lib/general/navBar.php][19/Sep/12 20:33:55][19/Sep/12 20:33:56][took 0.065341 secs]
[<<][5d7aabb432fa4264598849][DEFAULT][/lib/general/mainPage.php][19/Sep/12 20:33:56][19/Sep/12 20:33:56][took 0.003299 secs]
[>>][5d7aabb433d3a175621800][DEFAULT][/lib/general/mainPage.php][19/Sep/12 20:33:56]
[<<][5d7aabb433d3a175621800][DEFAULT][/lib/general/mainPage.php][19/Sep/12 20:33:56][19/Sep/12 20:33:56][took 0.00246 secs]
[>>][5d7aabb434775895325822][DEFAULT][/lib/general/mainPage.php][19/Sep/12 20:33:56]
[<<][5d7aabb434775895325822][DEFAULT][/lib/general/mainPage.php][19/Sep/12 20:33:56][19/Sep/12 20:33:56][took 0.009151 secs]
[<<][5d7aabb992bbb124668517][DEFAULT][/lib/results/metricsDashboard.php][19/Sep/12 20:34:01][19/Sep/12 20:34:01][took 0.003647 secs]
[>>][5d7aabb993abb781653651][DEFAULT][/lib/results/metricsDashboard.php][19/Sep/12 20:34:01]
[<<][5d7aabb993abb781653651][DEFAULT][/lib/results/metricsDashboard.php][19/Sep/12 20:34:01][19/Sep/12 20:34:01][took 0.002812 secs]
[>>][5d7aabb994658122619879][DEFAULT][/lib/results/metricsDashboard.php][19/Sep/12 20:34:01]
[<<][5d7aabb994658122619879][DEFAULT][/lib/results/metricsDashboard.php][19/Sep/12 20:34:01][19/Sep/12 20:34:01][took 0.008858 secs]
[<<][5d7aac81f0e69248551866][DEFAULT][/lib/general/navBar.php][19/Sep/12 20:37:21][19/Sep/12 20:37:21][took 0.0031409999999999 secs]
[>>][5d7aac81f1be0939609598][DEFAULT][/lib/general/navBar.php][19/Sep/12 20:37:21]
[<<][5d7aac81f1be0939609598][DEFAULT][/lib/general/navBar.php][19/Sep/12 20:37:21][19/Sep/12 20:37:21][took 0.002341 secs]
[>>][5d7aac81f259d550471158][DEFAULT][/lib/general/navBar.php][19/Sep/12 20:37:21]
	[19/Sep/12 20:37:21][WARNING][047mf542i7hb54g3q1sb8ild66][GUI - Test Project ID : 70699]
		E_NOTICE
Undefined property: stdClass::$prefix - in /opt/bitnami/apps/testlink/htdocs/lib/general/navBar.php - Line 173
[<<][5d7aac81f259d550471158][DEFAULT][/lib/general/navBar.php][19/Sep/12 20:37:21][19/Sep/12 20:37:22][took 0.048778 secs]
[<<][5d7aac824594a662016583][DEFAULT][/lib/general/mainPage.php][19/Sep/12 20:37:22][19/Sep/12 20:37:22][took 0.003154 secs]
[>>][5d7aac8246664180486602][DEFAULT][/lib/general/mainPage.php][19/Sep/12 20:37:22]
[<<][5d7aac8246664180486602][DEFAULT][/lib/general/mainPage.php][19/Sep/12 20:37:22][19/Sep/12 20:37:22][took 0.002686 secs]
[>>][5d7aac8247184850181979][DEFAULT][/lib/general/mainPage.php][19/Sep/12 20:37:22]
[<<][5d7aac8247184850181979][DEFAULT][/lib/general/mainPage.php][19/Sep/12 20:37:22][19/Sep/12 20:37:22][took 0.005288 secs]
[<<][5d7aac8cc6045210260040][DEFAULT][/lib/general/mainPage.php][19/Sep/12 20:37:32][19/Sep/12 20:37:32][took 0.002945 secs]
[>>][5d7aac8cc6cab834134063][DEFAULT][/lib/general/mainPage.php][19/Sep/12 20:37:32]
[<<][5d7aac8cc6cab834134063][DEFAULT][/lib/general/mainPage.php][19/Sep/12 20:37:32][19/Sep/12 20:37:32][took 0.002467 secs]
[>>][5d7aac8cc76e2874417635][DEFAULT][/lib/general/mainPage.php][19/Sep/12 20:37:32]
[<<][5d7aac8cc76e2874417635][DEFAULT][/lib/general/mainPage.php][19/Sep/12 20:37:32][19/Sep/12 20:37:32][took 0.009266 secs]
[<<][5d7aac9187a9b628908855][DEFAULT][/lib/testcases/tcAssignedToUser.php][19/Sep/12 20:37:37][19/Sep/12 20:37:37][took 0.002926 secs]
[>>][5d7aac91886dd347309552][DEFAULT][/lib/testcases/tcAssignedToUser.php][19/Sep/12 20:37:37]
[<<][5d7aac91886dd347309552][DEFAULT][/lib/testcases/tcAssignedToUser.php][19/Sep/12 20:37:37][19/Sep/12 20:37:37][took 0.002404 secs]
[>>][5d7aac91890d6565883292][DEFAULT][/lib/testcases/tcAssignedToUser.php][19/Sep/12 20:37:37]
[<<][5d7aac91890d6565883292][DEFAULT][/lib/testcases/tcAssignedToUser.php][19/Sep/12 20:37:37][19/Sep/12 20:37:37][took 0.007873 secs]
[<<][5d7aac954d2ab888811999][DEFAULT][/index.php][19/Sep/12 20:37:41][19/Sep/12 20:37:41][took 0.003531 secs]
[>>][5d7aac954e145583501011][DEFAULT][/index.php][19/Sep/12 20:37:41]
[<<][5d7aac954e145583501011][DEFAULT][/index.php][19/Sep/12 20:37:41][19/Sep/12 20:37:41][took 0.002397 secs]
[<<][5d7aac9589d19108503965][DEFAULT][/lib/general/navBar.php][19/Sep/12 20:37:41][19/Sep/12 20:37:41][took 0.003124 secs]
[>>][5d7aac958aa22678790216][DEFAULT][/lib/general/navBar.php][19/Sep/12 20:37:41]
[<<][5d7aac958aa22678790216][DEFAULT][/lib/general/navBar.php][19/Sep/12 20:37:41][19/Sep/12 20:37:41][took 0.002788 secs]
[>>][5d7aac958b59a380568741][DEFAULT][/lib/general/navBar.php][19/Sep/12 20:37:41]
[<<][5d7aac958b59a380568741][DEFAULT][/lib/general/navBar.php][19/Sep/12 20:37:41][19/Sep/12 20:37:41][took 0.0037130000000001 secs]
[<<][5d7aac959362d359381279][DEFAULT][/lib/general/mainPage.php][19/Sep/12 20:37:41][19/Sep/12 20:37:41][took 0.002736 secs]
[>>][5d7aac959418d233919657][DEFAULT][/lib/general/mainPage.php][19/Sep/12 20:37:41]
[<<][5d7aac959418d233919657][DEFAULT][/lib/general/mainPage.php][19/Sep/12 20:37:41][19/Sep/12 20:37:41][took 0.002308 secs]
[>>][5d7aac9594b22183354530][DEFAULT][/lib/general/mainPage.php][19/Sep/12 20:37:41]
[<<][5d7aac9594b22183354530][DEFAULT][/lib/general/mainPage.php][19/Sep/12 20:37:41][19/Sep/12 20:37:41][took 0.0050509999999999 secs]
[<<][5d7aad301787d442283463][DEFAULT][/lib/general/frmWorkArea.php][19/Sep/12 20:40:16][19/Sep/12 20:40:16][took 0.002882 secs]
[>>][5d7aad3018479275706914][DEFAULT][/lib/general/frmWorkArea.php][19/Sep/12 20:40:16]
[<<][5d7aad3018479275706914][DEFAULT][/lib/general/frmWorkArea.php][19/Sep/12 20:40:16][19/Sep/12 20:40:16][took 0.002187 secs]
[>>][5d7aad3018d98324673074][DEFAULT][/lib/general/frmWorkArea.php][19/Sep/12 20:40:16]
[<<][5d7aad3018d98324673074][DEFAULT][/lib/general/frmWorkArea.php][19/Sep/12 20:40:16][19/Sep/12 20:40:16][took 0.006114 secs]
[<<][5d7aad302f6bd943775544][DEFAULT][/lib/results/resultsNavigator.php][19/Sep/12 20:40:16][19/Sep/12 20:40:16][took 0.003819 secs]
[>>][5d7aad3030664692471659][DEFAULT][/lib/results/resultsNavigator.php][19/Sep/12 20:40:16]
[<<][5d7aad3030664692471659][DEFAULT][/lib/results/resultsNavigator.php][19/Sep/12 20:40:16][19/Sep/12 20:40:16][took 0.003005 secs]
[>>][5d7aad30312d9400802066][DEFAULT][/lib/results/resultsNavigator.php][19/Sep/12 20:40:16]
[<<][5d7aad30312d9400802066][DEFAULT][/lib/results/resultsNavigator.php][19/Sep/12 20:40:16][19/Sep/12 20:40:16][took 0.00853 secs]
[<<][5d7aad303bf01631832803][DEFAULT][/lib/general/staticPage.php][19/Sep/12 20:40:16][19/Sep/12 20:40:16][took 0.003136 secs]
[>>][5d7aad303cbfc049675899][DEFAULT][/lib/general/staticPage.php][19/Sep/12 20:40:16]
[<<][5d7aad303cbfc049675899][DEFAULT][/lib/general/staticPage.php][19/Sep/12 20:40:16][19/Sep/12 20:40:16][took 0.002287 secs]
[>>][5d7aad303d589758904346][DEFAULT][/lib/general/staticPage.php][19/Sep/12 20:40:16]
[<<][5d7aad303d589758904346][DEFAULT][/lib/general/staticPage.php][19/Sep/12 20:40:16][19/Sep/12 20:40:16][took 0.00087399999999999 secs]
[<<][5d7aad305af58928064498][DEFAULT][/lib/general/staticPage.php][19/Sep/12 20:40:16][19/Sep/12 20:40:16][took 0.003567 secs]
[>>][5d7aad305be8f873217396][DEFAULT][/lib/general/staticPage.php][19/Sep/12 20:40:16]
[<<][5d7aad305be8f873217396][DEFAULT][/lib/general/staticPage.php][19/Sep/12 20:40:16][19/Sep/12 20:40:16][took 0.002867 secs]
[>>][5d7aad305ca65936516249][DEFAULT][/lib/general/staticPage.php][19/Sep/12 20:40:16]
[<<][5d7aad305ca65936516249][DEFAULT][/lib/general/staticPage.php][19/Sep/12 20:40:16][19/Sep/12 20:40:16][took 0.00084699999999999 secs]
[<<][5d7aad3760e24288772748][DEFAULT][/lib/results/resultsByStatus.php][19/Sep/12 20:40:23][19/Sep/12 20:40:23][took 0.003715 secs]
[>>][5d7aad3761d6c391600228][DEFAULT][/lib/results/resultsByStatus.php][19/Sep/12 20:40:23]
[<<][5d7aad3761d6c391600228][DEFAULT][/lib/results/resultsByStatus.php][19/Sep/12 20:40:23][19/Sep/12 20:40:23][took 0.002785 secs]
[>>][5d7aad37628ee435418504][DEFAULT][/lib/results/resultsByStatus.php][19/Sep/12 20:40:23]
[<<][5d7aad37628ee435418504][DEFAULT][/lib/results/resultsByStatus.php][19/Sep/12 20:40:23][19/Sep/12 20:40:23][took 0.016736 secs]
[<<][5d7aad40159b5885066627][DEFAULT][/index.php][19/Sep/12 20:40:32][19/Sep/12 20:40:32][took 0.009535 secs]
[>>][5d7aad4017fba698008962][DEFAULT][/index.php][19/Sep/12 20:40:32]
[<<][5d7aad4017fba698008962][DEFAULT][/index.php][19/Sep/12 20:40:32][19/Sep/12 20:40:32][took 0.006108 secs]
[<<][5d7aad405c8cb130523398][DEFAULT][/lib/general/navBar.php][19/Sep/12 20:40:32][19/Sep/12 20:40:32][took 0.003343 secs]
[>>][5d7aad405d6a0267202677][DEFAULT][/lib/general/navBar.php][19/Sep/12 20:40:32]
[<<][5d7aad405d6a0267202677][DEFAULT][/lib/general/navBar.php][19/Sep/12 20:40:32][19/Sep/12 20:40:32][took 0.002927 secs]
[>>][5d7aad405e2af620689573][DEFAULT][/lib/general/navBar.php][19/Sep/12 20:40:32]
[<<][5d7aad405e2af620689573][DEFAULT][/lib/general/navBar.php][19/Sep/12 20:40:32][19/Sep/12 20:40:32][took 0.004062 secs]
[<<][5d7aad40689a2842856625][DEFAULT][/lib/general/mainPage.php][19/Sep/12 20:40:32][19/Sep/12 20:40:32][took 0.002851 secs]
[>>][5d7aad406956b207208399][DEFAULT][/lib/general/mainPage.php][19/Sep/12 20:40:32]
[<<][5d7aad406956b207208399][DEFAULT][/lib/general/mainPage.php][19/Sep/12 20:40:32][19/Sep/12 20:40:32][took 0.006748 secs]
[>>][5d7aad406b054504060404][DEFAULT][/lib/general/mainPage.php][19/Sep/12 20:40:32]
[<<][5d7aad406b054504060404][DEFAULT][/lib/general/mainPage.php][19/Sep/12 20:40:32][19/Sep/12 20:40:32][took 0.008424 secs]
[<<][5d7aad4f885eb343895525][DEFAULT][/lib/general/frmWorkArea.php][19/Sep/12 20:40:47][19/Sep/12 20:40:47][took 0.00331 secs]
[>>][5d7aad4f8939d498018516][DEFAULT][/lib/general/frmWorkArea.php][19/Sep/12 20:40:47]
[<<][5d7aad4f8939d498018516][DEFAULT][/lib/general/frmWorkArea.php][19/Sep/12 20:40:47][19/Sep/12 20:40:47][took 0.002808 secs]
[>>][5d7aad4f89f34785995765][DEFAULT][/lib/general/frmWorkArea.php][19/Sep/12 20:40:47]
[<<][5d7aad4f89f34785995765][DEFAULT][/lib/general/frmWorkArea.php][19/Sep/12 20:40:47][19/Sep/12 20:40:47][took 0.00080999999999998 secs]
[<<][5d7aad4f9c0de426216604][DEFAULT][/lib/plan/planTCNavigator.php][19/Sep/12 20:40:47][19/Sep/12 20:40:47][took 0.003416 secs]
[>>][5d7aad4f9cefc322025970][DEFAULT][/lib/plan/planTCNavigator.php][19/Sep/12 20:40:47]
[<<][5d7aad4f9cefc322025970][DEFAULT][/lib/plan/planTCNavigator.php][19/Sep/12 20:40:47][19/Sep/12 20:40:47][took 0.002765 secs]
[>>][5d7aad4f9da68897213653][DEFAULT][/lib/plan/planTCNavigator.php][19/Sep/12 20:40:47]
[<<][5d7aad4f9da68897213653][DEFAULT][/lib/plan/planTCNavigator.php][19/Sep/12 20:40:47][19/Sep/12 20:40:47][took 0.089496 secs]
[<<][5d7aad4fa7dfd220758948][DEFAULT][/lib/general/staticPage.php][19/Sep/12 20:40:47][19/Sep/12 20:40:47][took 0.049999 secs]
[>>][5d7aad4fb41f6273706095][DEFAULT][/lib/general/staticPage.php][19/Sep/12 20:40:47]
[<<][5d7aad4fb41f6273706095][DEFAULT][/lib/general/staticPage.php][19/Sep/12 20:40:47][19/Sep/12 20:40:47][took 0.006286 secs]
[>>][5d7aad4fb5b16447133733][DEFAULT][/lib/general/staticPage.php][19/Sep/12 20:40:47]
[<<][5d7aad4fb5b16447133733][DEFAULT][/lib/general/staticPage.php][19/Sep/12 20:40:47][19/Sep/12 20:40:47][took 0.001019 secs]
[<<][5d7aad56a19dd377092549][DEFAULT][/lib/plan/planUpdateTC.php][19/Sep/12 20:40:54][19/Sep/12 20:40:54][took 0.0032840000000001 secs]
[>>][5d7aad56a278b130590052][DEFAULT][/lib/plan/planUpdateTC.php][19/Sep/12 20:40:54]
[<<][5d7aad56a278b130590052][DEFAULT][/lib/plan/planUpdateTC.php][19/Sep/12 20:40:54][19/Sep/12 20:40:54][took 0.002617 secs]
[>>][5d7aad56a3269074635139][DEFAULT][/lib/plan/planUpdateTC.php][19/Sep/12 20:40:54]
[<<][5d7aad56a3269074635139][DEFAULT][/lib/plan/planUpdateTC.php][19/Sep/12 20:40:54][19/Sep/12 20:40:54][took 0.011397 secs]
[<<][5d7aad5eacaa7191927704][DEFAULT][/lib/testcases/archiveData.php][19/Sep/12 20:41:02][19/Sep/12 20:41:02][took 0.003375 secs]
[>>][5d7aad5ead89b918188819][DEFAULT][/lib/testcases/archiveData.php][19/Sep/12 20:41:02]
[<<][5d7aad5ead89b918188819][DEFAULT][/lib/testcases/archiveData.php][19/Sep/12 20:41:02][19/Sep/12 20:41:02][took 0.00268 secs]
[>>][5d7aad5eae3c7576953870][DEFAULT][/lib/testcases/archiveData.php][19/Sep/12 20:41:02]
[<<][5d7aad5eae3c7576953870][DEFAULT][/lib/testcases/archiveData.php][19/Sep/12 20:41:02][19/Sep/12 20:41:02][took 0.034848 secs]
[<<][5d7aad8db4f5e060049842][DEFAULT][/lib/plan/planUpdateTC.php][19/Sep/12 20:41:49][19/Sep/12 20:41:49][took 0.004112 secs]
[>>][5d7aad8db6055957968690][DEFAULT][/lib/plan/planUpdateTC.php][19/Sep/12 20:41:49]
[<<][5d7aad8db6055957968690][DEFAULT][/lib/plan/planUpdateTC.php][19/Sep/12 20:41:49][19/Sep/12 20:41:49][took 0.002869 secs]
[>>][5d7aad8db6c27490051201][DEFAULT][/lib/plan/planUpdateTC.php][19/Sep/12 20:41:49]
[<<][5d7aad8db6c27490051201][DEFAULT][/lib/plan/planUpdateTC.php][19/Sep/12 20:41:49][19/Sep/12 20:41:49][took 0.007725 secs]
[<<][5d7aad8f82561843774935][DEFAULT][/lib/plan/planUpdateTC.php][19/Sep/12 20:41:51][19/Sep/12 20:41:51][took 0.003336 secs]
[>>][5d7aad8f83332094068450][DEFAULT][/lib/plan/planUpdateTC.php][19/Sep/12 20:41:51]
[<<][5d7aad8f83332094068450][DEFAULT][/lib/plan/planUpdateTC.php][19/Sep/12 20:41:51][19/Sep/12 20:41:51][took 0.002669 secs]
[>>][5d7aad8f83e5a404099330][DEFAULT][/lib/plan/planUpdateTC.php][19/Sep/12 20:41:51]
[<<][5d7aad8f83e5a404099330][DEFAULT][/lib/plan/planUpdateTC.php][19/Sep/12 20:41:51][19/Sep/12 20:41:51][took 0.008887 secs]
[<<][5d7aad8facfbe584402487][DEFAULT][/lib/plan/planUpdateTC.php][19/Sep/12 20:41:51][19/Sep/12 20:41:51][took 0.004201 secs]
[>>][5d7aad8fae0ed852285976][DEFAULT][/lib/plan/planUpdateTC.php][19/Sep/12 20:41:51]
[<<][5d7aad8fae0ed852285976][DEFAULT][/lib/plan/planUpdateTC.php][19/Sep/12 20:41:51][19/Sep/12 20:41:51][took 0.002742 secs]
[>>][5d7aad8faec44689531737][DEFAULT][/lib/plan/planUpdateTC.php][19/Sep/12 20:41:51]
[<<][5d7aad8faec44689531737][DEFAULT][/lib/plan/planUpdateTC.php][19/Sep/12 20:41:51][19/Sep/12 20:41:51][took 0.0049260000000001 secs]
[<<][5d7aad9072ba3013581183][DEFAULT][/lib/plan/planUpdateTC.php][19/Sep/12 20:41:52][19/Sep/12 20:41:52][took 0.003356 secs]
[>>][5d7aad90739c5901531515][DEFAULT][/lib/plan/planUpdateTC.php][19/Sep/12 20:41:52]
[<<][5d7aad90739c5901531515][DEFAULT][/lib/plan/planUpdateTC.php][19/Sep/12 20:41:52][19/Sep/12 20:41:52][took 0.002908 secs]
[>>][5d7aad90745c0660543458][DEFAULT][/lib/plan/planUpdateTC.php][19/Sep/12 20:41:52]
[<<][5d7aad90745c0660543458][DEFAULT][/lib/plan/planUpdateTC.php][19/Sep/12 20:41:52][19/Sep/12 20:41:52][took 0.011882 secs]
[<<][5d7aad90a343b041119663][DEFAULT][/lib/plan/planUpdateTC.php][19/Sep/12 20:41:52][19/Sep/12 20:41:52][took 0.003298 secs]
[>>][5d7aad90a41d7046376495][DEFAULT][/lib/plan/planUpdateTC.php][19/Sep/12 20:41:52]
[<<][5d7aad90a41d7046376495][DEFAULT][/lib/plan/planUpdateTC.php][19/Sep/12 20:41:52][19/Sep/12 20:41:52][took 0.008043 secs]
[>>][5d7aad90a61db873625259][DEFAULT][/lib/plan/planUpdateTC.php][19/Sep/12 20:41:52]
[<<][5d7aad90a61db873625259][DEFAULT][/lib/plan/planUpdateTC.php][19/Sep/12 20:41:52][19/Sep/12 20:41:52][took 0.006823 secs]
[<<][5d7aad91109cb366625997][DEFAULT][/lib/plan/planUpdateTC.php][19/Sep/12 20:41:53][19/Sep/12 20:41:53][took 0.003108 secs]
[>>][5d7aad91116b6292825623][DEFAULT][/lib/plan/planUpdateTC.php][19/Sep/12 20:41:53]
[<<][5d7aad91116b6292825623][DEFAULT][/lib/plan/planUpdateTC.php][19/Sep/12 20:41:53][19/Sep/12 20:41:53][took 0.002654 secs]
[>>][5d7aad91121b8498409491][DEFAULT][/lib/plan/planUpdateTC.php][19/Sep/12 20:41:53]
[<<][5d7aad91121b8498409491][DEFAULT][/lib/plan/planUpdateTC.php][19/Sep/12 20:41:53][19/Sep/12 20:41:53][took 0.004938 secs]
[<<][5d7aad9489db7749051752][DEFAULT][/lib/testcases/archiveData.php][19/Sep/12 20:41:56][19/Sep/12 20:41:56][took 0.003363 secs]
[>>][5d7aad948ab9f204978109][DEFAULT][/lib/testcases/archiveData.php][19/Sep/12 20:41:56]
[<<][5d7aad948ab9f204978109][DEFAULT][/lib/testcases/archiveData.php][19/Sep/12 20:41:56][19/Sep/12 20:41:56][took 0.002829 secs]
[>>][5d7aad948b74f005324220][DEFAULT][/lib/testcases/archiveData.php][19/Sep/12 20:41:56]
[<<][5d7aad948b74f005324220][DEFAULT][/lib/testcases/archiveData.php][19/Sep/12 20:41:56][19/Sep/12 20:41:56][took 0.0321 secs]
[<<][5d7aad9d66cb4933305566][DEFAULT][/lib/testcases/tcEdit.php][19/Sep/12 20:42:05][19/Sep/12 20:42:05][took 0.003485 secs]
[>>][5d7aad9d67b20828700452][DEFAULT][/lib/testcases/tcEdit.php][19/Sep/12 20:42:05]
[<<][5d7aad9d67b20828700452][DEFAULT][/lib/testcases/tcEdit.php][19/Sep/12 20:42:05][19/Sep/12 20:42:05][took 0.002851 secs]
[>>][5d7aad9d686e6267579031][DEFAULT][/lib/testcases/tcEdit.php][19/Sep/12 20:42:05]
	[19/Sep/12 20:42:05][WARNING][047mf542i7hb54g3q1sb8ild66][GUI - Test Project ID : 70699]
		E_NOTICE
Undefined index: args_testcase - in /opt/bitnami/apps/testlink/htdocs/gui/templates_c/451eb422ffe80d9caca2c0bbc6b4ccd3193ccd4b.file.inc_tcbody.tpl.php - Line 40
	[19/Sep/12 20:42:05][WARNING][047mf542i7hb54g3q1sb8ild66][GUI - Test Project ID : 70699]
		E_NOTICE
Trying to get property of non-object - in /opt/bitnami/apps/testlink/htdocs/gui/templates_c/451eb422ffe80d9caca2c0bbc6b4ccd3193ccd4b.file.inc_tcbody.tpl.php - Line 40
	[19/Sep/12 20:42:05][WARNING][047mf542i7hb54g3q1sb8ild66][GUI - Test Project ID : 70699]
		E_NOTICE
Undefined index: args_testcase - in /opt/bitnami/apps/testlink/htdocs/gui/templates_c/451eb422ffe80d9caca2c0bbc6b4ccd3193ccd4b.file.inc_tcbody.tpl.php - Line 42
	[19/Sep/12 20:42:05][WARNING][047mf542i7hb54g3q1sb8ild66][GUI - Test Project ID : 70699]
		E_NOTICE
Trying to get property of non-object - in /opt/bitnami/apps/testlink/htdocs/gui/templates_c/451eb422ffe80d9caca2c0bbc6b4ccd3193ccd4b.file.inc_tcbody.tpl.php - Line 42
[<<][5d7aad9d686e6267579031][DEFAULT][/lib/testcases/tcEdit.php][19/Sep/12 20:42:05][19/Sep/12 20:42:05][took 0.140124 secs]
[<<][5d7aadb4d159c434521948][DEFAULT][/lib/plan/planUpdateTC.php][19/Sep/12 20:42:28][19/Sep/12 20:42:28][took 0.0031169999999999 secs]
[>>][5d7aadb4d2299555306469][DEFAULT][/lib/plan/planUpdateTC.php][19/Sep/12 20:42:28]
[<<][5d7aadb4d2299555306469][DEFAULT][/lib/plan/planUpdateTC.php][19/Sep/12 20:42:28][19/Sep/12 20:42:28][took 0.002881 secs]
[>>][5d7aadb4d2e7e793548899][DEFAULT][/lib/plan/planUpdateTC.php][19/Sep/12 20:42:28]
[<<][5d7aadb4d2e7e793548899][DEFAULT][/lib/plan/planUpdateTC.php][19/Sep/12 20:42:28][19/Sep/12 20:42:28][took 0.007181 secs]
[<<][5d7aadb507a4b218966804][DEFAULT][/lib/plan/planUpdateTC.php][19/Sep/12 20:42:29][19/Sep/12 20:42:29][took 0.00348 secs]
[>>][5d7aadb5088a9325616310][DEFAULT][/lib/plan/planUpdateTC.php][19/Sep/12 20:42:29]
[<<][5d7aadb5088a9325616310][DEFAULT][/lib/plan/planUpdateTC.php][19/Sep/12 20:42:29][19/Sep/12 20:42:29][took 0.002587 secs]
[>>][5d7aadb509364848246249][DEFAULT][/lib/plan/planUpdateTC.php][19/Sep/12 20:42:29]
[<<][5d7aadb509364848246249][DEFAULT][/lib/plan/planUpdateTC.php][19/Sep/12 20:42:29][19/Sep/12 20:42:29][took 0.009524 secs]
[<<][5d7aadb5d641f669585271][DEFAULT][/lib/plan/planUpdateTC.php][19/Sep/12 20:42:29][19/Sep/12 20:42:29][took 0.0033700000000001 secs]
[>>][5d7aadb5d721b245761589][DEFAULT][/lib/plan/planUpdateTC.php][19/Sep/12 20:42:29]
[<<][5d7aadb5d721b245761589][DEFAULT][/lib/plan/planUpdateTC.php][19/Sep/12 20:42:29][19/Sep/12 20:42:29][took 0.0028060000000001 secs]
[>>][5d7aadb5d7db1518193567][DEFAULT][/lib/plan/planUpdateTC.php][19/Sep/12 20:42:29]
[<<][5d7aadb5d7db1518193567][DEFAULT][/lib/plan/planUpdateTC.php][19/Sep/12 20:42:29][19/Sep/12 20:42:29][took 0.009754 secs]
[<<][5d7aadb614390102256109][DEFAULT][/lib/plan/planUpdateTC.php][19/Sep/12 20:42:30][19/Sep/12 20:42:30][took 0.003164 secs]
[>>][5d7aadb6150bc192787431][DEFAULT][/lib/plan/planUpdateTC.php][19/Sep/12 20:42:30]
[<<][5d7aadb6150bc192787431][DEFAULT][/lib/plan/planUpdateTC.php][19/Sep/12 20:42:30][19/Sep/12 20:42:30][took 0.002761 secs]
[>>][5d7aadb615c30350002209][DEFAULT][/lib/plan/planUpdateTC.php][19/Sep/12 20:42:30]
[<<][5d7aadb615c30350002209][DEFAULT][/lib/plan/planUpdateTC.php][19/Sep/12 20:42:30][19/Sep/12 20:42:30][took 0.00541 secs]
[<<][5d7aadb64535d626726036][DEFAULT][/lib/plan/planUpdateTC.php][19/Sep/12 20:42:30][19/Sep/12 20:42:30][took 0.003418 secs]
[>>][5d7aadb646185401602329][DEFAULT][/lib/plan/planUpdateTC.php][19/Sep/12 20:42:30]
[<<][5d7aadb646185401602329][DEFAULT][/lib/plan/planUpdateTC.php][19/Sep/12 20:42:30][19/Sep/12 20:42:30][took 0.002924 secs]
[>>][5d7aadb646da4178334430][DEFAULT][/lib/plan/planUpdateTC.php][19/Sep/12 20:42:30]
[<<][5d7aadb646da4178334430][DEFAULT][/lib/plan/planUpdateTC.php][19/Sep/12 20:42:30][19/Sep/12 20:42:30][took 0.0088839999999999 secs]
[<<][5d7aadb86c0a0176085458][DEFAULT][/lib/testcases/archiveData.php][19/Sep/12 20:42:32][19/Sep/12 20:42:32][took 0.003433 secs]
[>>][5d7aadb86ced4655489621][DEFAULT][/lib/testcases/archiveData.php][19/Sep/12 20:42:32]
[<<][5d7aadb86ced4655489621][DEFAULT][/lib/testcases/archiveData.php][19/Sep/12 20:42:32][19/Sep/12 20:42:32][took 0.00275 secs]
[>>][5d7aadb86da32377020336][DEFAULT][/lib/testcases/archiveData.php][19/Sep/12 20:42:32]
[<<][5d7aadb86da32377020336][DEFAULT][/lib/testcases/archiveData.php][19/Sep/12 20:42:32][19/Sep/12 20:42:32][took 0.034465 secs]
[<<][5d7aadd1be356773008382][DEFAULT][/lib/plan/planUpdateTC.php][19/Sep/12 20:42:57][19/Sep/12 20:42:57][took 0.003189 secs]
[>>][5d7aadd1bf097337544646][DEFAULT][/lib/plan/planUpdateTC.php][19/Sep/12 20:42:57]
[<<][5d7aadd1bf097337544646][DEFAULT][/lib/plan/planUpdateTC.php][19/Sep/12 20:42:57][19/Sep/12 20:42:57][took 0.002702 secs]
[>>][5d7aadd1bfbc7666955717][DEFAULT][/lib/plan/planUpdateTC.php][19/Sep/12 20:42:57]
[<<][5d7aadd1bfbc7666955717][DEFAULT][/lib/plan/planUpdateTC.php][19/Sep/12 20:42:57][19/Sep/12 20:42:57][took 0.006927 secs]
[<<][5d7aadd20fa08842910953][DEFAULT][/lib/plan/planUpdateTC.php][19/Sep/12 20:42:58][19/Sep/12 20:42:58][took 0.00342 secs]
[>>][5d7aadd210833627163189][DEFAULT][/lib/plan/planUpdateTC.php][19/Sep/12 20:42:58]
[<<][5d7aadd210833627163189][DEFAULT][/lib/plan/planUpdateTC.php][19/Sep/12 20:42:58][19/Sep/12 20:42:58][took 0.003201 secs]
[>>][5d7aadd211553944118008][DEFAULT][/lib/plan/planUpdateTC.php][19/Sep/12 20:42:58]
[<<][5d7aadd211553944118008][DEFAULT][/lib/plan/planUpdateTC.php][19/Sep/12 20:42:58][19/Sep/12 20:42:58][took 0.009978 secs]
[<<][5d7aadd47c256701925130][DEFAULT][/lib/testcases/archiveData.php][19/Sep/12 20:43:00][19/Sep/12 20:43:00][took 0.003428 secs]
[>>][5d7aadd47d089653161991][DEFAULT][/lib/testcases/archiveData.php][19/Sep/12 20:43:00]
[<<][5d7aadd47d089653161991][DEFAULT][/lib/testcases/archiveData.php][19/Sep/12 20:43:00][19/Sep/12 20:43:00][took 0.002816 secs]
[>>][5d7aadd47dc2a848958794][DEFAULT][/lib/testcases/archiveData.php][19/Sep/12 20:43:00]
[<<][5d7aadd47dc2a848958794][DEFAULT][/lib/testcases/archiveData.php][19/Sep/12 20:43:00][19/Sep/12 20:43:00][took 0.033717 secs]
[<<][5d7aade632554200436255][DEFAULT][/lib/plan/planUpdateTC.php][19/Sep/12 20:43:18][19/Sep/12 20:43:18][took 0.003221 secs]
[>>][5d7aade6332b8331762990][DEFAULT][/lib/plan/planUpdateTC.php][19/Sep/12 20:43:18]
[<<][5d7aade6332b8331762990][DEFAULT][/lib/plan/planUpdateTC.php][19/Sep/12 20:43:18][19/Sep/12 20:43:18][took 0.002382 secs]
[>>][5d7aade633c9b252695734][DEFAULT][/lib/plan/planUpdateTC.php][19/Sep/12 20:43:18]
[<<][5d7aade633c9b252695734][DEFAULT][/lib/plan/planUpdateTC.php][19/Sep/12 20:43:18][19/Sep/12 20:43:18][took 0.006154 secs]
[<<][5d7aade85b902531893439][DEFAULT][/lib/testcases/archiveData.php][19/Sep/12 20:43:20][19/Sep/12 20:43:20][took 0.003353 secs]
[>>][5d7aade85c6f1185319464][DEFAULT][/lib/testcases/archiveData.php][19/Sep/12 20:43:20]
[<<][5d7aade85c6f1185319464][DEFAULT][/lib/testcases/archiveData.php][19/Sep/12 20:43:20][19/Sep/12 20:43:20][took 0.002801 secs]
[>>][5d7aade85d283138755852][DEFAULT][/lib/testcases/archiveData.php][19/Sep/12 20:43:20]
[<<][5d7aade85d283138755852][DEFAULT][/lib/testcases/archiveData.php][19/Sep/12 20:43:20][19/Sep/12 20:43:20][took 0.030128 secs]
[<<][5d7aaf01a033c156203684][DEFAULT][/lib/plan/planUpdateTC.php][19/Sep/12 20:48:01][19/Sep/12 20:48:01][took 0.003134 secs]
[>>][5d7aaf01a1066682687154][DEFAULT][/lib/plan/planUpdateTC.php][19/Sep/12 20:48:01]
[<<][5d7aaf01a1066682687154][DEFAULT][/lib/plan/planUpdateTC.php][19/Sep/12 20:48:01][19/Sep/12 20:48:01][took 0.0031559999999999 secs]
[>>][5d7aaf01a1d5b840349630][DEFAULT][/lib/plan/planUpdateTC.php][19/Sep/12 20:48:01]
[<<][5d7aaf01a1d5b840349630][DEFAULT][/lib/plan/planUpdateTC.php][19/Sep/12 20:48:01][19/Sep/12 20:48:01][took 0.006127 secs]
[<<][5d7aaf078adfc103150156][DEFAULT][/lib/testcases/archiveData.php][19/Sep/12 20:48:07][19/Sep/12 20:48:07][took 0.003449 secs]
[>>][5d7aaf078bc45155709313][DEFAULT][/lib/testcases/archiveData.php][19/Sep/12 20:48:07]
[<<][5d7aaf078bc45155709313][DEFAULT][/lib/testcases/archiveData.php][19/Sep/12 20:48:07][19/Sep/12 20:48:07][took 0.002787 secs]
[>>][5d7aaf078c7c9427839366][DEFAULT][/lib/testcases/archiveData.php][19/Sep/12 20:48:07]
[<<][5d7aaf078c7c9427839366][DEFAULT][/lib/testcases/archiveData.php][19/Sep/12 20:48:07][19/Sep/12 20:48:07][took 0.035874 secs]
[<<][5d7aafbed7d95636810301][DEFAULT][/lib/plan/planUpdateTC.php][19/Sep/12 20:51:10][19/Sep/12 20:51:10][took 0.003872 secs]
[>>][5d7aafbed8d81516633829][DEFAULT][/lib/plan/planUpdateTC.php][19/Sep/12 20:51:10]
[<<][5d7aafbed8d81516633829][DEFAULT][/lib/plan/planUpdateTC.php][19/Sep/12 20:51:10][19/Sep/12 20:51:10][took 0.002576 secs]
[>>][5d7aafbed9832621770510][DEFAULT][/lib/plan/planUpdateTC.php][19/Sep/12 20:51:10]
[<<][5d7aafbed9832621770510][DEFAULT][/lib/plan/planUpdateTC.php][19/Sep/12 20:51:10][19/Sep/12 20:51:10][took 0.0061850000000001 secs]
[<<][5d7aafbf07839598875176][DEFAULT][/lib/plan/planUpdateTC.php][19/Sep/12 20:51:11][19/Sep/12 20:51:11][took 0.003088 secs]
[>>][5d7aafbf08507277765232][DEFAULT][/lib/plan/planUpdateTC.php][19/Sep/12 20:51:11]
[<<][5d7aafbf08507277765232][DEFAULT][/lib/plan/planUpdateTC.php][19/Sep/12 20:51:11][19/Sep/12 20:51:11][took 0.002666 secs]
[>>][5d7aafbf09012107860172][DEFAULT][/lib/plan/planUpdateTC.php][19/Sep/12 20:51:11]
[<<][5d7aafbf09012107860172][DEFAULT][/lib/plan/planUpdateTC.php][19/Sep/12 20:51:11][19/Sep/12 20:51:11][took 0.005048 secs]
[<<][5d7aafc16e2f7615067693][DEFAULT][/lib/execute/execHistory.php][19/Sep/12 20:51:13][19/Sep/12 20:51:13][took 0.003099 secs]
[>>][5d7aafc16efd1041256088][DEFAULT][/lib/execute/execHistory.php][19/Sep/12 20:51:13]
[<<][5d7aafc16efd1041256088][DEFAULT][/lib/execute/execHistory.php][19/Sep/12 20:51:13][19/Sep/12 20:51:13][took 0.002279 secs]
[>>][5d7aafc16f952315587850][DEFAULT][/lib/execute/execHistory.php][19/Sep/12 20:51:13]
[<<][5d7aafc16f952315587850][DEFAULT][/lib/execute/execHistory.php][19/Sep/12 20:51:13][19/Sep/12 20:51:13][took 0.019678 secs]
[<<][5d7aafcfc3481973258754][DEFAULT][/lib/execute/execHistory.php][19/Sep/12 20:51:27][19/Sep/12 20:51:27][took 0.00317 secs]
[>>][5d7aafcfc41b5559873123][DEFAULT][/lib/execute/execHistory.php][19/Sep/12 20:51:27]
[<<][5d7aafcfc41b5559873123][DEFAULT][/lib/execute/execHistory.php][19/Sep/12 20:51:27][19/Sep/12 20:51:27][took 0.0024540000000001 secs]
[>>][5d7aafcfc4c0a082395304][DEFAULT][/lib/execute/execHistory.php][19/Sep/12 20:51:27]
[<<][5d7aafcfc4c0a082395304][DEFAULT][/lib/execute/execHistory.php][19/Sep/12 20:51:27][19/Sep/12 20:51:27][took 0.013008 secs]
[<<][5d7aafd14cfae618447044][DEFAULT][/lib/execute/execHistory.php][19/Sep/12 20:51:29][19/Sep/12 20:51:29][took 0.003385 secs]
[>>][5d7aafd14ddaa412547991][DEFAULT][/lib/execute/execHistory.php][19/Sep/12 20:51:29]
[<<][5d7aafd14ddaa412547991][DEFAULT][/lib/execute/execHistory.php][19/Sep/12 20:51:29][19/Sep/12 20:51:29][took 0.002755 secs]
[>>][5d7aafd14e90d398757123][DEFAULT][/lib/execute/execHistory.php][19/Sep/12 20:51:29]
[<<][5d7aafd14e90d398757123][DEFAULT][/lib/execute/execHistory.php][19/Sep/12 20:51:29][19/Sep/12 20:51:29][took 0.012627 secs]
[<<][5d7aafd7e94c5610942988][DEFAULT][/lib/testcases/archiveData.php][19/Sep/12 20:51:35][19/Sep/12 20:51:35][took 0.003401 secs]
[>>][5d7aafd7ea2d2008300032][DEFAULT][/lib/testcases/archiveData.php][19/Sep/12 20:51:35]
[<<][5d7aafd7ea2d2008300032][DEFAULT][/lib/testcases/archiveData.php][19/Sep/12 20:51:35][19/Sep/12 20:51:35][took 0.0026969999999999 secs]
[>>][5d7aafd7eae00404511411][DEFAULT][/lib/testcases/archiveData.php][19/Sep/12 20:51:35]
[<<][5d7aafd7eae00404511411][DEFAULT][/lib/testcases/archiveData.php][19/Sep/12 20:51:35][19/Sep/12 20:51:35][took 0.032941 secs]
