	[19/Sep/12 19:35:03][AUDIT][aa0mrd8nmr1k90qb3pprlit66a][GUI - Test Project ID : 71110]
		Login for 'alise.jensen' from '209.253.35.146' succeeded
[<<][5d7a9de7b87a3040329023][DEFAULT][/login.php][19/Sep/12 19:35:03][19/Sep/12 19:35:03][took 0.060393 secs]
[<<][5d7a9de7e1bb4937239969][DEFAULT][/index.php][19/Sep/12 19:35:03][19/Sep/12 19:35:03][took 0.003394 secs]
[>>][5d7a9de7e29b2956738010][DEFAULT][/index.php][19/Sep/12 19:35:03]
[<<][5d7a9de7e29b2956738010][DEFAULT][/index.php][19/Sep/12 19:35:03][19/Sep/12 19:35:03][took 0.001823 secs]
[<<][5d7a9de7f0b38836596603][DEFAULT][/lib/general/mainPage.php][19/Sep/12 19:35:03][19/Sep/12 19:35:03][took 0.003703 secs]
[>>][5d7a9de7f1b02099478509][DEFAULT][/lib/general/mainPage.php][19/Sep/12 19:35:03]
[<<][5d7a9de7f1b02099478509][DEFAULT][/lib/general/mainPage.php][19/Sep/12 19:35:03][19/Sep/12 19:35:03][took 0.0027980000000001 secs]
[>>][5d7a9de7f26e3032237892][DEFAULT][/lib/general/mainPage.php][19/Sep/12 19:35:03]
	[19/Sep/12 19:35:04][WARNING][aa0mrd8nmr1k90qb3pprlit66a][GUI - Test Project ID : 71110]
		E_NOTICE
Undefined index: platform_view - in /opt/bitnami/apps/testlink/htdocs/gui/templates_c/835a037b28214872edd369779d57f903f1734c6a.file.mainPageLeft.tpl.php - Line 205
[<<][5d7a9de7f26e3032237892][DEFAULT][/lib/general/mainPage.php][19/Sep/12 19:35:03][19/Sep/12 19:35:04][took 0.057478 secs]
[<<][5d7a9de7f0bd2771244628][DEFAULT][/lib/general/navBar.php][19/Sep/12 19:35:03][19/Sep/12 19:35:04][took 0.09986 secs]
[>>][5d7a9de815060557515072][DEFAULT][/lib/general/navBar.php][19/Sep/12 19:35:04]
[<<][5d7a9de815060557515072][DEFAULT][/lib/general/navBar.php][19/Sep/12 19:35:04][19/Sep/12 19:35:04][took 0.001439 secs]
[>>][5d7a9de815688349828445][DEFAULT][/lib/general/navBar.php][19/Sep/12 19:35:04]
[<<][5d7a9de815688349828445][DEFAULT][/lib/general/navBar.php][19/Sep/12 19:35:04][19/Sep/12 19:35:04][took 0.014716 secs]
[<<][5d7a9df6d14ca356210567][DEFAULT][/lib/issuetrackers/issueTrackerView.php][19/Sep/12 19:35:18][19/Sep/12 19:35:18][took 0.003516 secs]
[>>][5d7a9df6d234d363395039][DEFAULT][/lib/issuetrackers/issueTrackerView.php][19/Sep/12 19:35:18]
[<<][5d7a9df6d234d363395039][DEFAULT][/lib/issuetrackers/issueTrackerView.php][19/Sep/12 19:35:18][19/Sep/12 19:35:18][took 0.001947 secs]
[>>][5d7a9df6d2b8a841925657][DEFAULT][/lib/issuetrackers/issueTrackerView.php][19/Sep/12 19:35:18]
[<<][5d7a9df6d2b8a841925657][DEFAULT][/lib/issuetrackers/issueTrackerView.php][19/Sep/12 19:35:18][19/Sep/12 19:35:18][took 0.001906 secs]
[<<][5d7a9e0413749590276299][DEFAULT][/lib/general/mainPage.php][19/Sep/12 19:35:32][19/Sep/12 19:35:32][took 0.003539 secs]
[>>][5d7a9e04145da037909560][DEFAULT][/lib/general/mainPage.php][19/Sep/12 19:35:32]
[<<][5d7a9e04145da037909560][DEFAULT][/lib/general/mainPage.php][19/Sep/12 19:35:32][19/Sep/12 19:35:32][took 0.002081 secs]
[>>][5d7a9e0414e9b371828679][DEFAULT][/lib/general/mainPage.php][19/Sep/12 19:35:32]
	[19/Sep/12 19:35:32][WARNING][aa0mrd8nmr1k90qb3pprlit66a][GUI - Test Project ID : 71110]
		E_NOTICE
Undefined index: platform_view - in /opt/bitnami/apps/testlink/htdocs/gui/templates_c/835a037b28214872edd369779d57f903f1734c6a.file.mainPageLeft.tpl.php - Line 205
[<<][5d7a9e0414e9b371828679][DEFAULT][/lib/general/mainPage.php][19/Sep/12 19:35:32][19/Sep/12 19:35:32][took 0.044538 secs]
[<<][5d7a9e05a9cb8008914151][DEFAULT][/lib/codetrackers/codeTrackerView.php][19/Sep/12 19:35:33][19/Sep/12 19:35:33][took 0.0033530000000001 secs]
[>>][5d7a9e05aaa9f762526745][DEFAULT][/lib/codetrackers/codeTrackerView.php][19/Sep/12 19:35:33]
[<<][5d7a9e05aaa9f762526745][DEFAULT][/lib/codetrackers/codeTrackerView.php][19/Sep/12 19:35:33][19/Sep/12 19:35:33][took 0.002043 secs]
[>>][5d7a9e05ab337993876200][DEFAULT][/lib/codetrackers/codeTrackerView.php][19/Sep/12 19:35:33]
[<<][5d7a9e05ab337993876200][DEFAULT][/lib/codetrackers/codeTrackerView.php][19/Sep/12 19:35:33][19/Sep/12 19:35:33][took 0.001637 secs]
[<<][5d7a9e156b93f129126292][DEFAULT][/lib/general/mainPage.php][19/Sep/12 19:35:49][19/Sep/12 19:35:49][took 0.003553 secs]
[>>][5d7a9e156c7f0125068391][DEFAULT][/lib/general/mainPage.php][19/Sep/12 19:35:49]
[<<][5d7a9e156c7f0125068391][DEFAULT][/lib/general/mainPage.php][19/Sep/12 19:35:49][19/Sep/12 19:35:49][took 0.001935 secs]
[>>][5d7a9e156d036684370876][DEFAULT][/lib/general/mainPage.php][19/Sep/12 19:35:49]
	[19/Sep/12 19:35:49][WARNING][aa0mrd8nmr1k90qb3pprlit66a][GUI - Test Project ID : 71110]
		E_NOTICE
Undefined index: platform_view - in /opt/bitnami/apps/testlink/htdocs/gui/templates_c/835a037b28214872edd369779d57f903f1734c6a.file.mainPageLeft.tpl.php - Line 205
[<<][5d7a9e156d036684370876][DEFAULT][/lib/general/mainPage.php][19/Sep/12 19:35:49][19/Sep/12 19:35:49][took 0.042241 secs]
[<<][5d7a9e16ddeee348285883][DEFAULT][/lib/keywords/keywordsView.php][19/Sep/12 19:35:50][19/Sep/12 19:35:50][took 0.0035609999999999 secs]
[>>][5d7a9e16ded8f823037099][DEFAULT][/lib/keywords/keywordsView.php][19/Sep/12 19:35:50]
[<<][5d7a9e16ded8f823037099][DEFAULT][/lib/keywords/keywordsView.php][19/Sep/12 19:35:50][19/Sep/12 19:35:50][took 0.0019490000000001 secs]
[>>][5d7a9e16df5cd693227270][DEFAULT][/lib/keywords/keywordsView.php][19/Sep/12 19:35:50]
[<<][5d7a9e16df5cd693227270][DEFAULT][/lib/keywords/keywordsView.php][19/Sep/12 19:35:50][19/Sep/12 19:35:50][took 0.009715 secs]
[<<][5d7a9e1d9257c197358436][DEFAULT][/lib/general/mainPage.php][19/Sep/12 19:35:57][19/Sep/12 19:35:57][took 0.003462 secs]
[>>][5d7a9e1d933df217297049][DEFAULT][/lib/general/mainPage.php][19/Sep/12 19:35:57]
[<<][5d7a9e1d933df217297049][DEFAULT][/lib/general/mainPage.php][19/Sep/12 19:35:57][19/Sep/12 19:35:57][took 0.001933 secs]
[>>][5d7a9e1d93c06313889097][DEFAULT][/lib/general/mainPage.php][19/Sep/12 19:35:57]
	[19/Sep/12 19:35:57][WARNING][aa0mrd8nmr1k90qb3pprlit66a][GUI - Test Project ID : 71110]
		E_NOTICE
Undefined index: platform_view - in /opt/bitnami/apps/testlink/htdocs/gui/templates_c/835a037b28214872edd369779d57f903f1734c6a.file.mainPageLeft.tpl.php - Line 205
[<<][5d7a9e1d93c06313889097][DEFAULT][/lib/general/mainPage.php][19/Sep/12 19:35:57][19/Sep/12 19:35:57][took 0.055693 secs]
[<<][5d7a9e20c31de224574750][DEFAULT][/lib/general/frmWorkArea.php][19/Sep/12 19:36:00][19/Sep/12 19:36:00][took 0.003248 secs]
[>>][5d7a9e20c3f4c540811445][DEFAULT][/lib/general/frmWorkArea.php][19/Sep/12 19:36:00]
[<<][5d7a9e20c3f4c540811445][DEFAULT][/lib/general/frmWorkArea.php][19/Sep/12 19:36:00][19/Sep/12 19:36:00][took 0.0019359999999999 secs]
[>>][5d7a9e20c4779008622973][DEFAULT][/lib/general/frmWorkArea.php][19/Sep/12 19:36:00]
[<<][5d7a9e20c4779008622973][DEFAULT][/lib/general/frmWorkArea.php][19/Sep/12 19:36:00][19/Sep/12 19:36:00][took 0.0008149999999999 secs]
[<<][5d7a9e20d3912498699405][DEFAULT][/lib/testcases/listTestCases.php][19/Sep/12 19:36:00][19/Sep/12 19:36:00][took 0.0031600000000001 secs]
[>>][5d7a9e20d461b195810083][DEFAULT][/lib/testcases/listTestCases.php][19/Sep/12 19:36:00]
[<<][5d7a9e20d461b195810083][DEFAULT][/lib/testcases/listTestCases.php][19/Sep/12 19:36:00][19/Sep/12 19:36:00][took 0.002077 secs]
[>>][5d7a9e20d4ed5386064633][DEFAULT][/lib/testcases/listTestCases.php][19/Sep/12 19:36:00]
[<<][5d7a9e20d4ed5386064633][DEFAULT][/lib/testcases/listTestCases.php][19/Sep/12 19:36:00][19/Sep/12 19:36:00][took 0.011995 secs]
[<<][5d7a9e20df3c0505878133][DEFAULT][/lib/testcases/archiveData.php][19/Sep/12 19:36:00][19/Sep/12 19:36:00][took 0.0029279999999999 secs]
[>>][5d7a9e20e0010234669962][DEFAULT][/lib/testcases/archiveData.php][19/Sep/12 19:36:00]
[<<][5d7a9e20e0010234669962][DEFAULT][/lib/testcases/archiveData.php][19/Sep/12 19:36:00][19/Sep/12 19:36:00][took 0.010469 secs]
[>>][5d7a9e20e2988993799954][DEFAULT][/lib/testcases/archiveData.php][19/Sep/12 19:36:00]
[<<][5d7a9e20e2988993799954][DEFAULT][/lib/testcases/archiveData.php][19/Sep/12 19:36:00][19/Sep/12 19:36:00][took 0.007419 secs]
[<<][5d7a9e214d226144232597][DEFAULT][/lib/ajax/gettprojectnodes.php][19/Sep/12 19:36:01][19/Sep/12 19:36:01][took 0.003297 secs]
[>>][5d7a9e214dfbe751023251][DEFAULT][/lib/ajax/gettprojectnodes.php][19/Sep/12 19:36:01]
[<<][5d7a9e214dfbe751023251][DEFAULT][/lib/ajax/gettprojectnodes.php][19/Sep/12 19:36:01][19/Sep/12 19:36:01][took 0.001818 secs]
[>>][5d7a9e214e7a2378336775][DEFAULT][/lib/ajax/gettprojectnodes.php][19/Sep/12 19:36:01]
[<<][5d7a9e214e7a2378336775][DEFAULT][/lib/ajax/gettprojectnodes.php][19/Sep/12 19:36:01][19/Sep/12 19:36:01][took 0.007726 secs]
[<<][5d7a9e275f316374517715][DEFAULT][/lib/general/mainPage.php][19/Sep/12 19:36:07][19/Sep/12 19:36:07][took 0.003325 secs]
[>>][5d7a9e2760114842664115][DEFAULT][/lib/general/mainPage.php][19/Sep/12 19:36:07]
[<<][5d7a9e2760114842664115][DEFAULT][/lib/general/mainPage.php][19/Sep/12 19:36:07][19/Sep/12 19:36:07][took 0.001771 secs]
[>>][5d7a9e27608a0451027196][DEFAULT][/lib/general/mainPage.php][19/Sep/12 19:36:07]
	[19/Sep/12 19:36:07][WARNING][aa0mrd8nmr1k90qb3pprlit66a][GUI - Test Project ID : 71110]
		E_NOTICE
Undefined index: platform_view - in /opt/bitnami/apps/testlink/htdocs/gui/templates_c/835a037b28214872edd369779d57f903f1734c6a.file.mainPageLeft.tpl.php - Line 205
[<<][5d7a9e27608a0451027196][DEFAULT][/lib/general/mainPage.php][19/Sep/12 19:36:07][19/Sep/12 19:36:07][took 0.047138 secs]
[<<][5d7aa47312a9f821448188][DEFAULT][/index.php][19/Sep/12 20:02:59][19/Sep/12 20:02:59][took 0.002205 secs]
[<<][5d7aa4731fd1b564818189][DEFAULT][/login.php][19/Sep/12 20:02:59][19/Sep/12 20:02:59][took 0.003256 secs]
[>>][5d7aa47320a97608752758][DEFAULT][/login.php][19/Sep/12 20:02:59]
[<<][5d7aa47320a97608752758][DEFAULT][/login.php][19/Sep/12 20:02:59][19/Sep/12 20:02:59][took 0.001837 secs]
