	[19/Aug/16 14:47:09][AUDIT][ohu3eo5hc811g506s3278er4ed][GUI - Test Project ID : 71110]
		Login for 'james.hatch' from '166.21.100.6' succeeded
[<<][5d56c1ed66cb0386738404][DEFAULT][/login.php][19/Aug/16 14:47:09][19/Aug/16 14:47:09][took 0.044009 secs]
[<<][5d56c1edac6bc479551442][DEFAULT][/index.php][19/Aug/16 14:47:09][19/Aug/16 14:47:09][took 0.003264 secs]
[>>][5d56c1edad43d786016438][DEFAULT][/index.php][19/Aug/16 14:47:09]
[<<][5d56c1edad43d786016438][DEFAULT][/index.php][19/Aug/16 14:47:09][19/Aug/16 14:47:09][took 0.001723 secs]
[<<][5d56c1eddcbed569589012][DEFAULT][/lib/general/navBar.php][19/Aug/16 14:47:09][19/Aug/16 14:47:09][took 0.003308 secs]
[>>][5d56c1eddd996375982647][DEFAULT][/lib/general/navBar.php][19/Aug/16 14:47:09]
[<<][5d56c1eddd996375982647][DEFAULT][/lib/general/navBar.php][19/Aug/16 14:47:09][19/Aug/16 14:47:09][took 0.001833 secs]
[>>][5d56c1edde14e229339915][DEFAULT][/lib/general/navBar.php][19/Aug/16 14:47:09]
[<<][5d56c1edde14e229339915][DEFAULT][/lib/general/navBar.php][19/Aug/16 14:47:09][19/Aug/16 14:47:09][took 0.0045440000000001 secs]
[<<][5d56c1ee08b24113740424][DEFAULT][/lib/general/mainPage.php][19/Aug/16 14:47:10][19/Aug/16 14:47:10][took 0.003179 secs]
[>>][5d56c1ee0984e695238119][DEFAULT][/lib/general/mainPage.php][19/Aug/16 14:47:10]
[<<][5d56c1ee0984e695238119][DEFAULT][/lib/general/mainPage.php][19/Aug/16 14:47:10][19/Aug/16 14:47:10][took 0.00218 secs]
[>>][5d56c1ee0a172816068407][DEFAULT][/lib/general/mainPage.php][19/Aug/16 14:47:10]
[<<][5d56c1ee0a172816068407][DEFAULT][/lib/general/mainPage.php][19/Aug/16 14:47:10][19/Aug/16 14:47:10][took 0.00599 secs]
[<<][5d56c1f5da8f2813683504][DEFAULT][/index.php][19/Aug/16 14:47:17][19/Aug/16 14:47:17][took 0.002842 secs]
[>>][5d56c1f5db4be994931545][DEFAULT][/index.php][19/Aug/16 14:47:17]
[<<][5d56c1f5db4be994931545][DEFAULT][/index.php][19/Aug/16 14:47:17][19/Aug/16 14:47:17][took 0.00145 secs]
[<<][5d56c1f61d949619597764][DEFAULT][/lib/general/mainPage.php][19/Aug/16 14:47:18][19/Aug/16 14:47:18][took 0.008123 secs]
[>>][5d56c1f61f9a1934622900][DEFAULT][/lib/general/mainPage.php][19/Aug/16 14:47:18]
[<<][5d56c1f61f9a1934622900][DEFAULT][/lib/general/mainPage.php][19/Aug/16 14:47:18][19/Aug/16 14:47:18][took 0.001462 secs]
[>>][5d56c1f61ffdf177073176][DEFAULT][/lib/general/mainPage.php][19/Aug/16 14:47:18]
[<<][5d56c1f61ffdf177073176][DEFAULT][/lib/general/mainPage.php][19/Aug/16 14:47:18][19/Aug/16 14:47:18][took 0.011338 secs]
[<<][5d56c1f61d3e9096796989][DEFAULT][/lib/general/navBar.php][19/Aug/16 14:47:18][19/Aug/16 14:47:18][took 0.027708 secs]
[>>][5d56c1f6240d9827594037][DEFAULT][/lib/general/navBar.php][19/Aug/16 14:47:18]
[<<][5d56c1f6240d9827594037][DEFAULT][/lib/general/navBar.php][19/Aug/16 14:47:18][19/Aug/16 14:47:18][took 0.002502 secs]
[>>][5d56c1f624b25003301514][DEFAULT][/lib/general/navBar.php][19/Aug/16 14:47:18]
[<<][5d56c1f624b25003301514][DEFAULT][/lib/general/navBar.php][19/Aug/16 14:47:18][19/Aug/16 14:47:18][took 0.007996 secs]
[<<][5d56c1fbc4f73250630922][DEFAULT][/lib/general/navBar.php][19/Aug/16 14:47:23][19/Aug/16 14:47:23][took 0.0031490000000001 secs]
[>>][5d56c1fbc5c7f061664268][DEFAULT][/lib/general/navBar.php][19/Aug/16 14:47:23]
[<<][5d56c1fbc5c7f061664268][DEFAULT][/lib/general/navBar.php][19/Aug/16 14:47:23][19/Aug/16 14:47:23][took 0.0069939999999999 secs]
[>>][5d56c1fbc785f653844298][DEFAULT][/lib/general/navBar.php][19/Aug/16 14:47:23]
	[19/Aug/16 14:47:23][WARNING][ohu3eo5hc811g506s3278er4ed][GUI - Test Project ID : 21]
		E_NOTICE
Undefined property: stdClass::$prefix - in /opt/bitnami/apps/testlink/htdocs/lib/general/navBar.php - Line 173
[<<][5d56c1fbc785f653844298][DEFAULT][/lib/general/navBar.php][19/Aug/16 14:47:23][19/Aug/16 14:47:23][took 0.039668 secs]
[<<][5d56c1fc20966327904080][DEFAULT][/lib/general/mainPage.php][19/Aug/16 14:47:24][19/Aug/16 14:47:24][took 0.003282 secs]
[>>][5d56c1fc216ed695067938][DEFAULT][/lib/general/mainPage.php][19/Aug/16 14:47:24]
[<<][5d56c1fc216ed695067938][DEFAULT][/lib/general/mainPage.php][19/Aug/16 14:47:24][19/Aug/16 14:47:24][took 0.001868 secs]
[>>][5d56c1fc21ee9266837589][DEFAULT][/lib/general/mainPage.php][19/Aug/16 14:47:24]
[<<][5d56c1fc21ee9266837589][DEFAULT][/lib/general/mainPage.php][19/Aug/16 14:47:24][19/Aug/16 14:47:24][took 0.005713 secs]
[<<][5d56c214d2a9b512506813][DEFAULT][/lib/general/mainPage.php][19/Aug/16 14:47:48][19/Aug/16 14:47:48][took 0.0032570000000001 secs]
[>>][5d56c214d3817156859024][DEFAULT][/lib/general/mainPage.php][19/Aug/16 14:47:48]
[<<][5d56c214d3817156859024][DEFAULT][/lib/general/mainPage.php][19/Aug/16 14:47:48][19/Aug/16 14:47:48][took 0.0020239999999999 secs]
[>>][5d56c214d40a0168993812][DEFAULT][/lib/general/mainPage.php][19/Aug/16 14:47:48]
[<<][5d56c214d40a0168993812][DEFAULT][/lib/general/mainPage.php][19/Aug/16 14:47:48][19/Aug/16 14:47:48][took 0.006047 secs]
[<<][5d56c220652d8727951475][DEFAULT][/lib/general/frmWorkArea.php][19/Aug/16 14:48:00][19/Aug/16 14:48:00][took 0.003347 secs]
[>>][5d56c220660a9110673515][DEFAULT][/lib/general/frmWorkArea.php][19/Aug/16 14:48:00]
[<<][5d56c220660a9110673515][DEFAULT][/lib/general/frmWorkArea.php][19/Aug/16 14:48:00][19/Aug/16 14:48:00][took 0.001725 secs]
[>>][5d56c22066804157485738][DEFAULT][/lib/general/frmWorkArea.php][19/Aug/16 14:48:00]
[<<][5d56c22066804157485738][DEFAULT][/lib/general/frmWorkArea.php][19/Aug/16 14:48:00][19/Aug/16 14:48:00][took 0.002449 secs]
[<<][5d56c220941b7407140109][DEFAULT][/lib/execute/execNavigator.php][19/Aug/16 14:48:00][19/Aug/16 14:48:00][took 0.0034959999999999 secs]
[>>][5d56c2209501f540664951][DEFAULT][/lib/execute/execNavigator.php][19/Aug/16 14:48:00]
[<<][5d56c2209501f540664951][DEFAULT][/lib/execute/execNavigator.php][19/Aug/16 14:48:00][19/Aug/16 14:48:00][took 0.001892 secs]
[>>][5d56c22095822870533980][DEFAULT][/lib/execute/execNavigator.php][19/Aug/16 14:48:00]
[<<][5d56c22095822870533980][DEFAULT][/lib/execute/execNavigator.php][19/Aug/16 14:48:00][19/Aug/16 14:48:00][took 0.354961 secs]
[<<][5d56c220c721b078637489][DEFAULT][/lib/execute/execDashboard.php][19/Aug/16 14:48:00][19/Aug/16 14:48:00][took 0.156912 secs]
[>>][5d56c220ed7c1543807479][DEFAULT][/lib/execute/execDashboard.php][19/Aug/16 14:48:00]
[<<][5d56c220ed7c1543807479][DEFAULT][/lib/execute/execDashboard.php][19/Aug/16 14:48:00][19/Aug/16 14:48:00][took 0.001378 secs]
[>>][5d56c220eddac873690009][DEFAULT][/lib/execute/execDashboard.php][19/Aug/16 14:48:00]
[<<][5d56c220eddac873690009][DEFAULT][/lib/execute/execDashboard.php][19/Aug/16 14:48:00][19/Aug/16 14:48:00][took 0.010091 secs]
[<<][5d56c22195188388945070][DEFAULT][/lib/execute/execDashboard.php][19/Aug/16 14:48:01][19/Aug/16 14:48:01][took 0.004035 secs]
[>>][5d56c2219620e838394559][DEFAULT][/lib/execute/execDashboard.php][19/Aug/16 14:48:01]
[<<][5d56c2219620e838394559][DEFAULT][/lib/execute/execDashboard.php][19/Aug/16 14:48:01][19/Aug/16 14:48:01][took 0.0023169999999999 secs]
[>>][5d56c22196bba616037979][DEFAULT][/lib/execute/execDashboard.php][19/Aug/16 14:48:01]
[<<][5d56c22196bba616037979][DEFAULT][/lib/execute/execDashboard.php][19/Aug/16 14:48:01][19/Aug/16 14:48:01][took 0.0084040000000001 secs]
[<<][5d56c22b7b423590138919][DEFAULT][/lib/execute/execNavigator.php][19/Aug/16 14:48:11][19/Aug/16 14:48:11][took 0.0032840000000001 secs]
[>>][5d56c22b7c1b5493966232][DEFAULT][/lib/execute/execNavigator.php][19/Aug/16 14:48:11]
[<<][5d56c22b7c1b5493966232][DEFAULT][/lib/execute/execNavigator.php][19/Aug/16 14:48:11][19/Aug/16 14:48:11][took 0.002304 secs]
[>>][5d56c22b7cb52565446833][DEFAULT][/lib/execute/execNavigator.php][19/Aug/16 14:48:11]
[<<][5d56c22b7cb52565446833][DEFAULT][/lib/execute/execNavigator.php][19/Aug/16 14:48:11][19/Aug/16 14:48:11][took 0.102169 secs]
[<<][5d56c22c10ef7962344833][DEFAULT][/lib/execute/execDashboard.php][19/Aug/16 14:48:12][19/Aug/16 14:48:12][took 0.003397 secs]
[>>][5d56c22c11d05972986761][DEFAULT][/lib/execute/execDashboard.php][19/Aug/16 14:48:12]
[<<][5d56c22c11d05972986761][DEFAULT][/lib/execute/execDashboard.php][19/Aug/16 14:48:12][19/Aug/16 14:48:12][took 0.002069 secs]
[>>][5d56c22c125ba613990550][DEFAULT][/lib/execute/execDashboard.php][19/Aug/16 14:48:12]
[<<][5d56c22c125ba613990550][DEFAULT][/lib/execute/execDashboard.php][19/Aug/16 14:48:12][19/Aug/16 14:48:12][took 0.00491 secs]
