	[19/Aug/16 15:00:23][AUDIT][633c7jfivr1ime98tsorlsddag][GUI - Test Project ID : 71110]
		Login for 'jared.jensen' from '209.253.35.146' succeeded
[<<][5d56c507cec52710752577][DEFAULT][/login.php][19/Aug/16 15:00:23][19/Aug/16 15:00:23][took 0.044365 secs]
[<<][5d56c507e87c0594426638][DEFAULT][/index.php][19/Aug/16 15:00:23][19/Aug/16 15:00:23][took 0.003008 secs]
[>>][5d56c507e9434988498561][DEFAULT][/index.php][19/Aug/16 15:00:23]
[<<][5d56c507e9434988498561][DEFAULT][/index.php][19/Aug/16 15:00:23][19/Aug/16 15:00:23][took 0.001687 secs]
[<<][5d56c507f2fa1514375588][DEFAULT][/lib/general/navBar.php][19/Aug/16 15:00:23][19/Aug/16 15:00:23][took 0.003671 secs]
[>>][5d56c507f3ea9202766987][DEFAULT][/lib/general/navBar.php][19/Aug/16 15:00:23]
[<<][5d56c507f3ea9202766987][DEFAULT][/lib/general/navBar.php][19/Aug/16 15:00:23][19/Aug/16 15:00:23][took 0.0018550000000001 secs]
[>>][5d56c50800448358409720][DEFAULT][/lib/general/navBar.php][19/Aug/16 15:00:23]
[<<][5d56c50800448358409720][DEFAULT][/lib/general/navBar.php][19/Aug/16 15:00:23][19/Aug/16 15:00:24][took 0.007698 secs]
[<<][5d56c5080f3ea472504190][DEFAULT][/lib/general/mainPage.php][19/Aug/16 15:00:24][19/Aug/16 15:00:24][took 0.003244 secs]
[>>][5d56c5081014d164217476][DEFAULT][/lib/general/mainPage.php][19/Aug/16 15:00:24]
[<<][5d56c5081014d164217476][DEFAULT][/lib/general/mainPage.php][19/Aug/16 15:00:24][19/Aug/16 15:00:24][took 0.001968 secs]
[>>][5d56c50810999517605290][DEFAULT][/lib/general/mainPage.php][19/Aug/16 15:00:24]
[<<][5d56c50810999517605290][DEFAULT][/lib/general/mainPage.php][19/Aug/16 15:00:24][19/Aug/16 15:00:24][took 0.006331 secs]
[<<][5d56c51055130551565201][DEFAULT][/index.php][19/Aug/16 15:00:32][19/Aug/16 15:00:32][took 0.00332 secs]
[>>][5d56c51055ee5274728896][DEFAULT][/index.php][19/Aug/16 15:00:32]
[<<][5d56c51055ee5274728896][DEFAULT][/index.php][19/Aug/16 15:00:32][19/Aug/16 15:00:32][took 0.002083 secs]
[<<][5d56c51062dfb586833561][DEFAULT][/lib/general/navBar.php][19/Aug/16 15:00:32][19/Aug/16 15:00:32][took 0.002762 secs]
[>>][5d56c51063976363417960][DEFAULT][/lib/general/navBar.php][19/Aug/16 15:00:32]
[<<][5d56c51063976363417960][DEFAULT][/lib/general/navBar.php][19/Aug/16 15:00:32][19/Aug/16 15:00:32][took 0.004996 secs]
[>>][5d56c51064da5738152945][DEFAULT][/lib/general/navBar.php][19/Aug/16 15:00:32]
[<<][5d56c51064da5738152945][DEFAULT][/lib/general/navBar.php][19/Aug/16 15:00:32][19/Aug/16 15:00:32][took 0.005968 secs]
[<<][5d56c5106f53e880879475][DEFAULT][/lib/general/mainPage.php][19/Aug/16 15:00:32][19/Aug/16 15:00:32][took 0.002824 secs]
[>>][5d56c510700f8978006269][DEFAULT][/lib/general/mainPage.php][19/Aug/16 15:00:32]
[<<][5d56c510700f8978006269][DEFAULT][/lib/general/mainPage.php][19/Aug/16 15:00:32][19/Aug/16 15:00:32][took 0.00198 secs]
[>>][5d56c51070945235068142][DEFAULT][/lib/general/mainPage.php][19/Aug/16 15:00:32]
[<<][5d56c51070945235068142][DEFAULT][/lib/general/mainPage.php][19/Aug/16 15:00:32][19/Aug/16 15:00:32][took 0.0054 secs]
[<<][5d56c702655db221540463][DEFAULT][/logout.php][19/Aug/16 15:08:50][19/Aug/16 15:08:50][took 0.003535 secs]
[>>][5d56c70266476697452995][DEFAULT][/logout.php][19/Aug/16 15:08:50]
[<<][5d56c70266476697452995][DEFAULT][/logout.php][19/Aug/16 15:08:50][19/Aug/16 15:08:50][took 0.00223 secs]
[>>][5d56c70266dcc645819752][DEFAULT][/logout.php][19/Aug/16 15:08:50]
	[19/Aug/16 15:08:50][AUDIT][633c7jfivr1ime98tsorlsddag][GUI - Test Project ID : 71110]
		Logout of 'jared.jensen'
	[19/Sep/11 16:57:29][AUDIT][t9gmfag0n4q1drq9lem7tc4r1m][GUI - Test Project ID : 71110]
		Login for 'jared.jensen' from '209.253.35.146' succeeded
[<<][5d79277959324835601571][DEFAULT][/login.php][19/Sep/11 16:57:29][19/Sep/11 16:57:29][took 0.061336 secs]
[<<][5d7927797cbfc902636352][DEFAULT][/index.php][19/Sep/11 16:57:29][19/Sep/11 16:57:29][took 0.003879 secs]
[>>][5d7927797dbda815064043][DEFAULT][/index.php][19/Sep/11 16:57:29]
[<<][5d7927797dbda815064043][DEFAULT][/index.php][19/Sep/11 16:57:29][19/Sep/11 16:57:29][took 0.003023 secs]
[<<][5d792779889c2002675624][DEFAULT][/lib/general/navBar.php][19/Sep/11 16:57:29][19/Sep/11 16:57:29][took 0.0027729999999999 secs]
[>>][5d7927798954b080008508][DEFAULT][/lib/general/navBar.php][19/Sep/11 16:57:29]
[<<][5d7927798954b080008508][DEFAULT][/lib/general/navBar.php][19/Sep/11 16:57:29][19/Sep/11 16:57:29][took 0.003912 secs]
[>>][5d7927798a526152140201][DEFAULT][/lib/general/navBar.php][19/Sep/11 16:57:29]
[<<][5d7927798a526152140201][DEFAULT][/lib/general/navBar.php][19/Sep/11 16:57:29][19/Sep/11 16:57:29][took 0.008669 secs]
[<<][5d792779945dd456324478][DEFAULT][/lib/general/mainPage.php][19/Sep/11 16:57:29][19/Sep/11 16:57:29][took 0.00288 secs]
[>>][5d792779951cc046139503][DEFAULT][/lib/general/mainPage.php][19/Sep/11 16:57:29]
[<<][5d792779951cc046139503][DEFAULT][/lib/general/mainPage.php][19/Sep/11 16:57:29][19/Sep/11 16:57:29][took 0.00785 secs]
[>>][5d79277997109347267854][DEFAULT][/lib/general/mainPage.php][19/Sep/11 16:57:29]
	[19/Sep/11 16:57:29][WARNING][t9gmfag0n4q1drq9lem7tc4r1m][GUI - Test Project ID : 71110]
		E_NOTICE
Undefined index: platform_view - in /opt/bitnami/apps/testlink/htdocs/gui/templates_c/835a037b28214872edd369779d57f903f1734c6a.file.mainPageLeft.tpl.php - Line 205
[<<][5d79277997109347267854][DEFAULT][/lib/general/mainPage.php][19/Sep/11 16:57:29][19/Sep/11 16:57:29][took 0.087054 secs]
[<<][5d79278ae2b51244398975][DEFAULT][/lib/general/navBar.php][19/Sep/11 16:57:46][19/Sep/11 16:57:46][took 0.003404 secs]
[>>][5d79278ae3962006436256][DEFAULT][/lib/general/navBar.php][19/Sep/11 16:57:46]
[<<][5d79278ae3962006436256][DEFAULT][/lib/general/navBar.php][19/Sep/11 16:57:46][19/Sep/11 16:57:46][took 0.003951 secs]
[>>][5d79278ae4973684425638][DEFAULT][/lib/general/navBar.php][19/Sep/11 16:57:46]
	[19/Sep/11 16:57:46][WARNING][t9gmfag0n4q1drq9lem7tc4r1m][GUI - Test Project ID : 70699]
		E_NOTICE
Undefined property: stdClass::$prefix - in /opt/bitnami/apps/testlink/htdocs/lib/general/navBar.php - Line 173
[<<][5d79278ae4973684425638][DEFAULT][/lib/general/navBar.php][19/Sep/11 16:57:46][19/Sep/11 16:57:46][took 0.034956 secs]
[<<][5d79278b1c624051101027][DEFAULT][/lib/general/mainPage.php][19/Sep/11 16:57:47][19/Sep/11 16:57:47][took 0.003318 secs]
[>>][5d79278b1d3dd393477639][DEFAULT][/lib/general/mainPage.php][19/Sep/11 16:57:47]
[<<][5d79278b1d3dd393477639][DEFAULT][/lib/general/mainPage.php][19/Sep/11 16:57:47][19/Sep/11 16:57:47][took 0.004448 secs]
[>>][5d79278b1e5dd300769590][DEFAULT][/lib/general/mainPage.php][19/Sep/11 16:57:47]
	[19/Sep/11 16:57:47][WARNING][t9gmfag0n4q1drq9lem7tc4r1m][GUI - Test Project ID : 70699]
		E_NOTICE
Undefined index: platform_view - in /opt/bitnami/apps/testlink/htdocs/gui/templates_c/835a037b28214872edd369779d57f903f1734c6a.file.mainPageLeft.tpl.php - Line 205
[<<][5d79278b1e5dd300769590][DEFAULT][/lib/general/mainPage.php][19/Sep/11 16:57:47][19/Sep/11 16:57:47][took 0.052594 secs]
[<<][5d792795eb1da861812109][DEFAULT][/lib/testcases/tcSearch.php][19/Sep/11 16:57:57][19/Sep/11 16:57:57][took 0.003322 secs]
[>>][5d792795ebf94726023273][DEFAULT][/lib/testcases/tcSearch.php][19/Sep/11 16:57:57]
[<<][5d792795ebf94726023273][DEFAULT][/lib/testcases/tcSearch.php][19/Sep/11 16:57:57][19/Sep/11 16:57:57][took 0.007335 secs]
[>>][5d792795edcd9627548016][DEFAULT][/lib/testcases/tcSearch.php][19/Sep/11 16:57:57]
	[19/Sep/11 16:57:57][WARNING][t9gmfag0n4q1drq9lem7tc4r1m][GUI - Test Project ID : 70699]
		E_NOTICE
Undefined variable: emptyTestProject - in /opt/bitnami/apps/testlink/htdocs/lib/testcases/tcSearch.php - Line 288
[<<][5d792795edcd9627548016][DEFAULT][/lib/testcases/tcSearch.php][19/Sep/11 16:57:57][19/Sep/11 16:57:58][took 0.110736 secs]
[<<][5d79279a0677a656970435][DEFAULT][/index.php][19/Sep/11 16:58:02][19/Sep/11 16:58:02][took 0.003559 secs]
[>>][5d79279a0762e664360535][DEFAULT][/index.php][19/Sep/11 16:58:02]
[<<][5d79279a0762e664360535][DEFAULT][/index.php][19/Sep/11 16:58:02][19/Sep/11 16:58:02][took 0.003509 secs]
[<<][5d79279a14d10037080217][DEFAULT][/lib/general/mainPage.php][19/Sep/11 16:58:02][19/Sep/11 16:58:02][took 0.003234 secs]
[>>][5d79279a15a6e855581413][DEFAULT][/lib/general/mainPage.php][19/Sep/11 16:58:02]
[<<][5d79279a15a6e855581413][DEFAULT][/lib/general/mainPage.php][19/Sep/11 16:58:02][19/Sep/11 16:58:02][took 0.003418 secs]
[>>][5d79279a1687d011273321][DEFAULT][/lib/general/mainPage.php][19/Sep/11 16:58:02]
	[19/Sep/11 16:58:02][WARNING][t9gmfag0n4q1drq9lem7tc4r1m][GUI - Test Project ID : 70699]
		E_NOTICE
Undefined index: platform_view - in /opt/bitnami/apps/testlink/htdocs/gui/templates_c/835a037b28214872edd369779d57f903f1734c6a.file.mainPageLeft.tpl.php - Line 205
[<<][5d79279a1687d011273321][DEFAULT][/lib/general/mainPage.php][19/Sep/11 16:58:02][19/Sep/11 16:58:02][took 0.065953 secs]
[<<][5d79279a14d12526062542][DEFAULT][/lib/general/navBar.php][19/Sep/11 16:58:02][19/Sep/11 16:58:02][took 0.093036 secs]
[>>][5d79279a2b928856703287][DEFAULT][/lib/general/navBar.php][19/Sep/11 16:58:02]
[<<][5d79279a2b928856703287][DEFAULT][/lib/general/navBar.php][19/Sep/11 16:58:02][19/Sep/11 16:58:02][took 0.002589 secs]
[>>][5d79279a2c3d1068378687][DEFAULT][/lib/general/navBar.php][19/Sep/11 16:58:02]
[<<][5d79279a2c3d1068378687][DEFAULT][/lib/general/navBar.php][19/Sep/11 16:58:02][19/Sep/11 16:58:02][took 0.008242 secs]
[<<][5d7927a309e55449935698][DEFAULT][/lib/general/frmWorkArea.php][19/Sep/11 16:58:11][19/Sep/11 16:58:11][took 0.002727 secs]
[>>][5d7927a30a999269529241][DEFAULT][/lib/general/frmWorkArea.php][19/Sep/11 16:58:11]
[<<][5d7927a30a999269529241][DEFAULT][/lib/general/frmWorkArea.php][19/Sep/11 16:58:11][19/Sep/11 16:58:11][took 0.007113 secs]
[>>][5d7927a30c5f1742463755][DEFAULT][/lib/general/frmWorkArea.php][19/Sep/11 16:58:11]
[<<][5d7927a30c5f1742463755][DEFAULT][/lib/general/frmWorkArea.php][19/Sep/11 16:58:11][19/Sep/11 16:58:11][took 0.002385 secs]
[<<][5d7927a3189ab178081887][DEFAULT][/lib/results/resultsNavigator.php][19/Sep/11 16:58:11][19/Sep/11 16:58:11][took 0.003184 secs]
[>>][5d7927a319743510842667][DEFAULT][/lib/results/resultsNavigator.php][19/Sep/11 16:58:11]
[<<][5d7927a319743510842667][DEFAULT][/lib/results/resultsNavigator.php][19/Sep/11 16:58:11][19/Sep/11 16:58:11][took 0.003117 secs]
[>>][5d7927a31a416198115495][DEFAULT][/lib/results/resultsNavigator.php][19/Sep/11 16:58:11]
	[19/Sep/11 16:58:11][L18N][t9gmfag0n4q1drq9lem7tc4r1m][GUI - Test Project ID : 70699]
		string 'link_report_test_flat_custom' is not localized for locale 'en_GB' 
	[19/Sep/11 16:58:11][L18N][t9gmfag0n4q1drq9lem7tc4r1m][GUI - Test Project ID : 70699]
		string 'format_pds' is not localized for locale 'en_GB' 
[<<][5d7927a31a416198115495][DEFAULT][/lib/results/resultsNavigator.php][19/Sep/11 16:58:11][19/Sep/11 16:58:11][took 0.053004 secs]
[<<][5d7927a323ac3306457431][DEFAULT][/lib/general/staticPage.php][19/Sep/11 16:58:11][19/Sep/11 16:58:11][took 0.046823 secs]
[>>][5d7927a32f254004098811][DEFAULT][/lib/general/staticPage.php][19/Sep/11 16:58:11]
[<<][5d7927a32f254004098811][DEFAULT][/lib/general/staticPage.php][19/Sep/11 16:58:11][19/Sep/11 16:58:11][took 0.00257 secs]
[>>][5d7927a32fce9157061932][DEFAULT][/lib/general/staticPage.php][19/Sep/11 16:58:11]
[<<][5d7927a32fce9157061932][DEFAULT][/lib/general/staticPage.php][19/Sep/11 16:58:11][19/Sep/11 16:58:11][took 0.00086399999999998 secs]
[<<][5d7927a344a21274824584][DEFAULT][/lib/general/staticPage.php][19/Sep/11 16:58:11][19/Sep/11 16:58:11][took 0.003272 secs]
[>>][5d7927a345799897647326][DEFAULT][/lib/general/staticPage.php][19/Sep/11 16:58:11]
[<<][5d7927a345799897647326][DEFAULT][/lib/general/staticPage.php][19/Sep/11 16:58:11][19/Sep/11 16:58:11][took 0.003212 secs]
[>>][5d7927a3464c4727879179][DEFAULT][/lib/general/staticPage.php][19/Sep/11 16:58:11]
[<<][5d7927a3464c4727879179][DEFAULT][/lib/general/staticPage.php][19/Sep/11 16:58:11][19/Sep/11 16:58:11][took 0.00083699999999998 secs]
[<<][5d7927a71c027397272959][DEFAULT][/lib/results/printDocOptions.php][19/Sep/11 16:58:15][19/Sep/11 16:58:15][took 0.003155 secs]
[>>][5d7927a71cd32163039136][DEFAULT][/lib/results/printDocOptions.php][19/Sep/11 16:58:15]
[<<][5d7927a71cd32163039136][DEFAULT][/lib/results/printDocOptions.php][19/Sep/11 16:58:15][19/Sep/11 16:58:15][took 0.003697 secs]
[>>][5d7927a71dc30051208909][DEFAULT][/lib/results/printDocOptions.php][19/Sep/11 16:58:15]
[<<][5d7927a71dc30051208909][DEFAULT][/lib/results/printDocOptions.php][19/Sep/11 16:58:15][19/Sep/11 16:58:15][took 0.017632 secs]
[<<][5d7927b135f92555430735][DEFAULT][/lib/results/printDocument.php][19/Sep/11 16:58:25][19/Sep/11 16:58:25][took 0.003427 secs]
[>>][5d7927b136d9f485275807][DEFAULT][/lib/results/printDocument.php][19/Sep/11 16:58:25]
[<<][5d7927b136d9f485275807][DEFAULT][/lib/results/printDocument.php][19/Sep/11 16:58:25][19/Sep/11 16:58:25][took 0.003261 secs]
[>>][5d7927b137afe625791509][DEFAULT][/lib/results/printDocument.php][19/Sep/11 16:58:25]
	[19/Sep/11 16:58:25][WARNING][t9gmfag0n4q1drq9lem7tc4r1m][GUI - Test Project ID : 70699]
		E_WARNING
array_merge(): Argument #2 is not an array - in /opt/bitnami/apps/testlink/htdocs/lib/results/printDocument.php - Line 140
[<<][5d7927b137afe625791509][DEFAULT][/lib/results/printDocument.php][19/Sep/11 16:58:25][19/Sep/11 16:58:25][took 0.057683 secs]
[<<][5d7927bc1707a388042950][DEFAULT][/lib/results/printDocOptions.php][19/Sep/11 16:58:36][19/Sep/11 16:58:36][took 0.003168 secs]
[>>][5d7927bc17da5123399751][DEFAULT][/lib/results/printDocOptions.php][19/Sep/11 16:58:36]
[<<][5d7927bc17da5123399751][DEFAULT][/lib/results/printDocOptions.php][19/Sep/11 16:58:36][19/Sep/11 16:58:36][took 0.003565 secs]
[>>][5d7927bc18c4d193239358][DEFAULT][/lib/results/printDocOptions.php][19/Sep/11 16:58:36]
[<<][5d7927bc18c4d193239358][DEFAULT][/lib/results/printDocOptions.php][19/Sep/11 16:58:36][19/Sep/11 16:58:36][took 0.009292 secs]
[<<][5d7927c20454f331260091][DEFAULT][/lib/results/printDocument.php][19/Sep/11 16:58:42][19/Sep/11 16:58:42][took 0.003554 secs]
[>>][5d7927c20540d666873741][DEFAULT][/lib/results/printDocument.php][19/Sep/11 16:58:42]
[<<][5d7927c20540d666873741][DEFAULT][/lib/results/printDocument.php][19/Sep/11 16:58:42][19/Sep/11 16:58:42][took 0.00317 secs]
[>>][5d7927c206113389502282][DEFAULT][/lib/results/printDocument.php][19/Sep/11 16:58:42]
[<<][5d7927c206113389502282][DEFAULT][/lib/results/printDocument.php][19/Sep/11 16:58:42][19/Sep/11 16:58:42][took 0.103312 secs]
[<<][5d7927db63a67213626263][DEFAULT][/lib/results/printDocOptions.php][19/Sep/11 16:59:07][19/Sep/11 16:59:07][took 0.003397 secs]
[>>][5d7927db64887296327731][DEFAULT][/lib/results/printDocOptions.php][19/Sep/11 16:59:07]
[<<][5d7927db64887296327731][DEFAULT][/lib/results/printDocOptions.php][19/Sep/11 16:59:07][19/Sep/11 16:59:07][took 0.00305 secs]
[>>][5d7927db65512306938882][DEFAULT][/lib/results/printDocOptions.php][19/Sep/11 16:59:07]
[<<][5d7927db65512306938882][DEFAULT][/lib/results/printDocOptions.php][19/Sep/11 16:59:07][19/Sep/11 16:59:07][took 0.01791 secs]
[<<][5d7941717d9dd889894620][DEFAULT][/index.php][19/Sep/11 18:48:17][19/Sep/11 18:48:17][took 0.003803 secs]
[>>][5d7941717e983351612763][DEFAULT][/index.php][19/Sep/11 18:48:17]
[<<][5d7941717e983351612763][DEFAULT][/index.php][19/Sep/11 18:48:17][19/Sep/11 18:48:17][took 0.003114 secs]
[<<][5d7941718bd04676650753][DEFAULT][/lib/general/navBar.php][19/Sep/11 18:48:17][19/Sep/11 18:48:17][took 0.002649 secs]
[>>][5d7941718c809345228711][DEFAULT][/lib/general/navBar.php][19/Sep/11 18:48:17]
[<<][5d7941718c809345228711][DEFAULT][/lib/general/navBar.php][19/Sep/11 18:48:17][19/Sep/11 18:48:17][took 0.009247 secs]
[>>][5d7941718ecc4813635437][DEFAULT][/lib/general/navBar.php][19/Sep/11 18:48:17]
[<<][5d7941718ecc4813635437][DEFAULT][/lib/general/navBar.php][19/Sep/11 18:48:17][19/Sep/11 18:48:17][took 0.009713 secs]
[<<][5d79417198dd6730817918][DEFAULT][/lib/general/mainPage.php][19/Sep/11 18:48:17][19/Sep/11 18:48:17][took 0.002718 secs]
[>>][5d7941719992c022018664][DEFAULT][/lib/general/mainPage.php][19/Sep/11 18:48:17]
[<<][5d7941719992c022018664][DEFAULT][/lib/general/mainPage.php][19/Sep/11 18:48:17][19/Sep/11 18:48:17][took 0.006852 secs]
[>>][5d7941719b48d459382285][DEFAULT][/lib/general/mainPage.php][19/Sep/11 18:48:17]
	[19/Sep/11 18:48:17][WARNING][t9gmfag0n4q1drq9lem7tc4r1m][GUI - Test Project ID : 70699]
		E_NOTICE
Undefined index: platform_view - in /opt/bitnami/apps/testlink/htdocs/gui/templates_c/835a037b28214872edd369779d57f903f1734c6a.file.mainPageLeft.tpl.php - Line 205
[<<][5d7941719b48d459382285][DEFAULT][/lib/general/mainPage.php][19/Sep/11 18:48:17][19/Sep/11 18:48:17][took 0.088427 secs]
[<<][5d794178174b3140433861][DEFAULT][/logout.php][19/Sep/11 18:48:24][19/Sep/11 18:48:24][took 0.003358 secs]
[>>][5d794178182a6417517490][DEFAULT][/logout.php][19/Sep/11 18:48:24]
[<<][5d794178182a6417517490][DEFAULT][/logout.php][19/Sep/11 18:48:24][19/Sep/11 18:48:24][took 0.003111 secs]
[>>][5d79417818f72194760024][DEFAULT][/logout.php][19/Sep/11 18:48:24]
	[19/Sep/11 18:48:24][AUDIT][t9gmfag0n4q1drq9lem7tc4r1m][GUI - Test Project ID : 70699]
		Logout of 'jared.jensen'
