	[19/Aug/16 15:23:46][AUDIT][tivuai0kdp8ofa7j18rm54i545][GUI - Test Project ID : 71110]
		Login for 'Geoffrey.Lodder' from '209.253.35.146' succeeded
[<<][5d56ca8253116027431090][DEFAULT][/login.php][19/Aug/16 15:23:46][19/Aug/16 15:23:46][took 0.044901 secs]
[<<][5d56ca82d70e1220143421][DEFAULT][/index.php][19/Aug/16 15:23:46][19/Aug/16 15:23:46][took 0.00356 secs]
[>>][5d56ca82d7f92796730459][DEFAULT][/index.php][19/Aug/16 15:23:46]
[<<][5d56ca82d7f92796730459][DEFAULT][/index.php][19/Aug/16 15:23:46][19/Aug/16 15:23:46][took 0.001309 secs]
[<<][5d56ca83a5dd6070357104][DEFAULT][/lib/general/navBar.php][19/Aug/16 15:23:47][19/Aug/16 15:23:47][took 0.003542 secs]
[>>][5d56ca83a6c87506249140][DEFAULT][/lib/general/navBar.php][19/Aug/16 15:23:47]
[<<][5d56ca83a6c87506249140][DEFAULT][/lib/general/navBar.php][19/Aug/16 15:23:47][19/Aug/16 15:23:47][took 0.001966 secs]
[>>][5d56ca83a74cd649875253][DEFAULT][/lib/general/navBar.php][19/Aug/16 15:23:47]
[<<][5d56ca83a74cd649875253][DEFAULT][/lib/general/navBar.php][19/Aug/16 15:23:47][19/Aug/16 15:23:47][took 0.014554 secs]
[<<][5d56ca83b5407057137205][DEFAULT][/lib/general/mainPage.php][19/Aug/16 15:23:47][19/Aug/16 15:23:47][took 0.006734 secs]
[>>][5d56ca83b6f02490018388][DEFAULT][/lib/general/mainPage.php][19/Aug/16 15:23:47]
[<<][5d56ca83b6f02490018388][DEFAULT][/lib/general/mainPage.php][19/Aug/16 15:23:47][19/Aug/16 15:23:47][took 0.001406 secs]
[>>][5d56ca83b7507474098957][DEFAULT][/lib/general/mainPage.php][19/Aug/16 15:23:47]
[<<][5d56ca83b7507474098957][DEFAULT][/lib/general/mainPage.php][19/Aug/16 15:23:47][19/Aug/16 15:23:47][took 0.010182 secs]
[<<][5d56ca9f3396d107313119][DEFAULT][/lib/general/navBar.php][19/Aug/16 15:24:15][19/Aug/16 15:24:15][took 0.003141 secs]
[>>][5d56ca9f34684149801571][DEFAULT][/lib/general/navBar.php][19/Aug/16 15:24:15]
[<<][5d56ca9f34684149801571][DEFAULT][/lib/general/navBar.php][19/Aug/16 15:24:15][19/Aug/16 15:24:15][took 0.0016 secs]
[>>][5d56ca9f34d56636966511][DEFAULT][/lib/general/navBar.php][19/Aug/16 15:24:15]
	[19/Aug/16 15:24:15][WARNING][tivuai0kdp8ofa7j18rm54i545][GUI - Test Project ID : 21]
		E_NOTICE
Undefined property: stdClass::$prefix - in /opt/bitnami/apps/testlink/htdocs/lib/general/navBar.php - Line 173
[<<][5d56ca9f34d56636966511][DEFAULT][/lib/general/navBar.php][19/Aug/16 15:24:15][19/Aug/16 15:24:15][took 0.045313 secs]
[<<][5d56ca9f58dfc451635329][DEFAULT][/lib/general/mainPage.php][19/Aug/16 15:24:15][19/Aug/16 15:24:15][took 0.003417 secs]
[>>][5d56ca9f59c62438893136][DEFAULT][/lib/general/mainPage.php][19/Aug/16 15:24:15]
[<<][5d56ca9f59c62438893136][DEFAULT][/lib/general/mainPage.php][19/Aug/16 15:24:15][19/Aug/16 15:24:15][took 0.001886 secs]
[>>][5d56ca9f5a45c394697694][DEFAULT][/lib/general/mainPage.php][19/Aug/16 15:24:15]
[<<][5d56ca9f5a45c394697694][DEFAULT][/lib/general/mainPage.php][19/Aug/16 15:24:15][19/Aug/16 15:24:15][took 0.009176 secs]
	[19/Sep/13 18:58:22][AUDIT][mn5du7tvntv55peprppf67p8u7][GUI - Test Project ID : 21]
		Login for 'Geoffrey.Lodder' from '209.253.35.146' succeeded
[<<][5d7be6ce70461174861183][DEFAULT][/login.php][19/Sep/13 18:58:22][19/Sep/13 18:58:22][took 0.041895 secs]
[<<][5d7be6cecb3ad346639887][DEFAULT][/index.php][19/Sep/13 18:58:22][19/Sep/13 18:58:22][took 0.003505 secs]
[>>][5d7be6cecc22f473001399][DEFAULT][/index.php][19/Sep/13 18:58:22]
[<<][5d7be6cecc22f473001399][DEFAULT][/index.php][19/Sep/13 18:58:22][19/Sep/13 18:58:22][took 0.00239 secs]
[<<][5d7be6cf231c2468030763][DEFAULT][/lib/general/navBar.php][19/Sep/13 18:58:23][19/Sep/13 18:58:23][took 0.003394 secs]
[>>][5d7be6cf23fd2845878592][DEFAULT][/lib/general/navBar.php][19/Sep/13 18:58:23]
[<<][5d7be6cf23fd2845878592][DEFAULT][/lib/general/navBar.php][19/Sep/13 18:58:23][19/Sep/13 18:58:23][took 0.002731 secs]
[>>][5d7be6cf24b1e187622027][DEFAULT][/lib/general/navBar.php][19/Sep/13 18:58:23]
[<<][5d7be6cf24b1e187622027][DEFAULT][/lib/general/navBar.php][19/Sep/13 18:58:23][19/Sep/13 18:58:23][took 0.00922 secs]
[<<][5d7be6cf2f152158835733][DEFAULT][/lib/general/mainPage.php][19/Sep/13 18:58:23][19/Sep/13 18:58:23][took 0.002794 secs]
[>>][5d7be6cf2fcf7885448701][DEFAULT][/lib/general/mainPage.php][19/Sep/13 18:58:23]
[<<][5d7be6cf2fcf7885448701][DEFAULT][/lib/general/mainPage.php][19/Sep/13 18:58:23][19/Sep/13 18:58:23][took 0.001953 secs]
[>>][5d7be6cf30523096546550][DEFAULT][/lib/general/mainPage.php][19/Sep/13 18:58:23]
	[19/Sep/13 18:58:23][WARNING][mn5du7tvntv55peprppf67p8u7][GUI - Test Project ID : 21]
		E_NOTICE
Undefined index: platform_view - in /opt/bitnami/apps/testlink/htdocs/gui/templates_c/835a037b28214872edd369779d57f903f1734c6a.file.mainPageLeft.tpl.php - Line 205
[<<][5d7be6cf30523096546550][DEFAULT][/lib/general/mainPage.php][19/Sep/13 18:58:23][19/Sep/13 18:58:23][took 0.087873 secs]
[<<][5d7be6da78eb3991848355][DEFAULT][/lib/general/mainPage.php][19/Sep/13 18:58:34][19/Sep/13 18:58:34][took 0.003649 secs]
[>>][5d7be6da79dbb605460689][DEFAULT][/lib/general/mainPage.php][19/Sep/13 18:58:34]
[<<][5d7be6da79dbb605460689][DEFAULT][/lib/general/mainPage.php][19/Sep/13 18:58:34][19/Sep/13 18:58:34][took 0.002468 secs]
[>>][5d7be6da7a7ff128446730][DEFAULT][/lib/general/mainPage.php][19/Sep/13 18:58:34]
	[19/Sep/13 18:58:34][WARNING][mn5du7tvntv55peprppf67p8u7][GUI - Test Project ID : 21]
		E_NOTICE
Undefined index: platform_view - in /opt/bitnami/apps/testlink/htdocs/gui/templates_c/835a037b28214872edd369779d57f903f1734c6a.file.mainPageLeft.tpl.php - Line 205
[<<][5d7be6da7a7ff128446730][DEFAULT][/lib/general/mainPage.php][19/Sep/13 18:58:34][19/Sep/13 18:58:34][took 0.046417 secs]
[<<][5d7be6ddcb360577390464][DEFAULT][/lib/plan/buildView.php][19/Sep/13 18:58:37][19/Sep/13 18:58:37][took 0.0032720000000001 secs]
[>>][5d7be6ddcc0fb355815068][DEFAULT][/lib/plan/buildView.php][19/Sep/13 18:58:37]
[<<][5d7be6ddcc0fb355815068][DEFAULT][/lib/plan/buildView.php][19/Sep/13 18:58:37][19/Sep/13 18:58:37][took 0.0023249999999999 secs]
[>>][5d7be6ddccab0332806757][DEFAULT][/lib/plan/buildView.php][19/Sep/13 18:58:37]
[<<][5d7be6ddccab0332806757][DEFAULT][/lib/plan/buildView.php][19/Sep/13 18:58:37][19/Sep/13 18:58:37][took 0.008641 secs]
[<<][5d7be6e06662f946022968][DEFAULT][/lib/plan/buildEdit.php][19/Sep/13 18:58:40][19/Sep/13 18:58:40][took 0.003359 secs]
[>>][5d7be6e067452899653303][DEFAULT][/lib/plan/buildEdit.php][19/Sep/13 18:58:40]
[<<][5d7be6e067452899653303][DEFAULT][/lib/plan/buildEdit.php][19/Sep/13 18:58:40][19/Sep/13 18:58:40][took 0.002417 secs]
[>>][5d7be6e067e63223415725][DEFAULT][/lib/plan/buildEdit.php][19/Sep/13 18:58:40]
[<<][5d7be6e067e63223415725][DEFAULT][/lib/plan/buildEdit.php][19/Sep/13 18:58:40][19/Sep/13 18:58:40][took 0.033319 secs]
[<<][5d7be6e469622891141784][DEFAULT][/lib/plan/buildView.php][19/Sep/13 18:58:44][19/Sep/13 18:58:44][took 0.0034 secs]
[>>][5d7be6e46a437599676210][DEFAULT][/lib/plan/buildView.php][19/Sep/13 18:58:44]
[<<][5d7be6e46a437599676210][DEFAULT][/lib/plan/buildView.php][19/Sep/13 18:58:44][19/Sep/13 18:58:44][took 0.002613 secs]
[>>][5d7be6e46af0b894318931][DEFAULT][/lib/plan/buildView.php][19/Sep/13 18:58:44]
[<<][5d7be6e46af0b894318931][DEFAULT][/lib/plan/buildView.php][19/Sep/13 18:58:44][19/Sep/13 18:58:44][took 0.004046 secs]
[<<][5d7be6e6a0d9e809743419][DEFAULT][/lib/general/frmWorkArea.php][19/Sep/13 18:58:46][19/Sep/13 18:58:46][took 0.0033259999999999 secs]
[>>][5d7be6e6a1b72703128499][DEFAULT][/lib/general/frmWorkArea.php][19/Sep/13 18:58:46]
[<<][5d7be6e6a1b72703128499][DEFAULT][/lib/general/frmWorkArea.php][19/Sep/13 18:58:46][19/Sep/13 18:58:46][took 0.0029199999999999 secs]
[>>][5d7be6e6a2853522775275][DEFAULT][/lib/general/frmWorkArea.php][19/Sep/13 18:58:46]
[<<][5d7be6e6a2853522775275][DEFAULT][/lib/general/frmWorkArea.php][19/Sep/13 18:58:46][19/Sep/13 18:58:46][took 0.00095699999999999 secs]
[<<][5d7be6e6aba53265446796][DEFAULT][/lib/requirements/reqSpecListTree.php][19/Sep/13 18:58:46][19/Sep/13 18:58:46][took 0.002766 secs]
[>>][5d7be6e6ac5eb318547060][DEFAULT][/lib/requirements/reqSpecListTree.php][19/Sep/13 18:58:46]
[<<][5d7be6e6ac5eb318547060][DEFAULT][/lib/requirements/reqSpecListTree.php][19/Sep/13 18:58:46][19/Sep/13 18:58:46][took 0.0029020000000001 secs]
[>>][5d7be6e6ad1ec974649492][DEFAULT][/lib/requirements/reqSpecListTree.php][19/Sep/13 18:58:46]
[<<][5d7be6e6ad1ec974649492][DEFAULT][/lib/requirements/reqSpecListTree.php][19/Sep/13 18:58:46][19/Sep/13 18:58:46][took 0.005445 secs]
[<<][5d7be6e6ac0b7243686200][DEFAULT][/lib/project/project_req_spec_mgmt.php][19/Sep/13 18:58:46][19/Sep/13 18:58:46][took 0.010945 secs]
[>>][5d7be6e6aec11167085946][DEFAULT][/lib/project/project_req_spec_mgmt.php][19/Sep/13 18:58:46]
[<<][5d7be6e6aec11167085946][DEFAULT][/lib/project/project_req_spec_mgmt.php][19/Sep/13 18:58:46][19/Sep/13 18:58:46][took 0.009721 secs]
[>>][5d7be6e6b129e864628422][DEFAULT][/lib/project/project_req_spec_mgmt.php][19/Sep/13 18:58:46]
[<<][5d7be6e6b129e864628422][DEFAULT][/lib/project/project_req_spec_mgmt.php][19/Sep/13 18:58:46][19/Sep/13 18:58:46][took 0.0008419999999999 secs]
[<<][5d7be6e6e124b505019229][DEFAULT][/lib/ajax/getrequirementnodes.php][19/Sep/13 18:58:46][19/Sep/13 18:58:46][took 0.00351 secs]
[>>][5d7be6e6e20c1531720040][DEFAULT][/lib/ajax/getrequirementnodes.php][19/Sep/13 18:58:46]
[<<][5d7be6e6e20c1531720040][DEFAULT][/lib/ajax/getrequirementnodes.php][19/Sep/13 18:58:46][19/Sep/13 18:58:46][took 0.0023029999999999 secs]
[>>][5d7be6e6e2a82856168648][DEFAULT][/lib/ajax/getrequirementnodes.php][19/Sep/13 18:58:46]
[<<][5d7be6e6e2a82856168648][DEFAULT][/lib/ajax/getrequirementnodes.php][19/Sep/13 18:58:46][19/Sep/13 18:58:46][took 0.003638 secs]
[<<][5d7be6ea3c27b001106027][DEFAULT][/lib/ajax/getrequirementnodes.php][19/Sep/13 18:58:50][19/Sep/13 18:58:50][took 0.003468 secs]
[>>][5d7be6ea3d0d3649381249][DEFAULT][/lib/ajax/getrequirementnodes.php][19/Sep/13 18:58:50]
[<<][5d7be6ea3d0d3649381249][DEFAULT][/lib/ajax/getrequirementnodes.php][19/Sep/13 18:58:50][19/Sep/13 18:58:50][took 0.002292 secs]
[>>][5d7be6ea3da65092982371][DEFAULT][/lib/ajax/getrequirementnodes.php][19/Sep/13 18:58:50]
[<<][5d7be6ea3da65092982371][DEFAULT][/lib/ajax/getrequirementnodes.php][19/Sep/13 18:58:50][19/Sep/13 18:58:50][took 0.00148 secs]
[<<][5d7be6f26d20a322881862][DEFAULT][/lib/general/navBar.php][19/Sep/13 18:58:58][19/Sep/13 18:58:58][took 0.003334 secs]
[>>][5d7be6f26dfd2974066631][DEFAULT][/lib/general/navBar.php][19/Sep/13 18:58:58]
[<<][5d7be6f26dfd2974066631][DEFAULT][/lib/general/navBar.php][19/Sep/13 18:58:58][19/Sep/13 18:58:58][took 0.002677 secs]
[>>][5d7be6f26eae8727006845][DEFAULT][/lib/general/navBar.php][19/Sep/13 18:58:58]
	[19/Sep/13 18:58:58][WARNING][mn5du7tvntv55peprppf67p8u7][GUI - Test Project ID : 1]
		E_NOTICE
Undefined property: stdClass::$prefix - in /opt/bitnami/apps/testlink/htdocs/lib/general/navBar.php - Line 173
[<<][5d7be6f26eae8727006845][DEFAULT][/lib/general/navBar.php][19/Sep/13 18:58:58][19/Sep/13 18:58:58][took 0.049792 secs]
[<<][5d7be6f292699813451519][DEFAULT][/lib/general/mainPage.php][19/Sep/13 18:58:58][19/Sep/13 18:58:58][took 0.002758 secs]
[>>][5d7be6f293210396350307][DEFAULT][/lib/general/mainPage.php][19/Sep/13 18:58:58]
[<<][5d7be6f293210396350307][DEFAULT][/lib/general/mainPage.php][19/Sep/13 18:58:58][19/Sep/13 18:58:58][took 0.002139 secs]
[>>][5d7be6f293afd078663620][DEFAULT][/lib/general/mainPage.php][19/Sep/13 18:58:58]
	[19/Sep/13 18:58:58][WARNING][mn5du7tvntv55peprppf67p8u7][GUI - Test Project ID : 1]
		E_NOTICE
Undefined index: platform_view - in /opt/bitnami/apps/testlink/htdocs/gui/templates_c/835a037b28214872edd369779d57f903f1734c6a.file.mainPageLeft.tpl.php - Line 205
[<<][5d7be6f293afd078663620][DEFAULT][/lib/general/mainPage.php][19/Sep/13 18:58:58][19/Sep/13 18:58:58][took 0.037632 secs]
[<<][5d7be6f4ea3a0125757784][DEFAULT][/lib/general/frmWorkArea.php][19/Sep/13 18:59:00][19/Sep/13 18:59:00][took 0.00339 secs]
[>>][5d7be6f4eb1a9072702430][DEFAULT][/lib/general/frmWorkArea.php][19/Sep/13 18:59:00]
[<<][5d7be6f4eb1a9072702430][DEFAULT][/lib/general/frmWorkArea.php][19/Sep/13 18:59:00][19/Sep/13 18:59:00][took 0.002649 secs]
[>>][5d7be6f4ebca3946968592][DEFAULT][/lib/general/frmWorkArea.php][19/Sep/13 18:59:00]
[<<][5d7be6f4ebca3946968592][DEFAULT][/lib/general/frmWorkArea.php][19/Sep/13 18:59:00][19/Sep/13 18:59:00][took 0.00093200000000004 secs]
[<<][5d7be6f500f89035219013][DEFAULT][/lib/requirements/reqSpecListTree.php][19/Sep/13 18:59:00][19/Sep/13 18:59:01][took 0.003108 secs]
[>>][5d7be6f501c55602601315][DEFAULT][/lib/requirements/reqSpecListTree.php][19/Sep/13 18:59:01]
[<<][5d7be6f501c55602601315][DEFAULT][/lib/requirements/reqSpecListTree.php][19/Sep/13 18:59:01][19/Sep/13 18:59:01][took 0.002652 secs]
[>>][5d7be6f502750456169945][DEFAULT][/lib/requirements/reqSpecListTree.php][19/Sep/13 18:59:01]
[<<][5d7be6f502750456169945][DEFAULT][/lib/requirements/reqSpecListTree.php][19/Sep/13 18:59:01][19/Sep/13 18:59:01][took 0.008396 secs]
[<<][5d7be6f5010a4643491365][DEFAULT][/lib/project/project_req_spec_mgmt.php][19/Sep/13 18:59:00][19/Sep/13 18:59:01][took 0.018915 secs]
[>>][5d7be6f505b24804800077][DEFAULT][/lib/project/project_req_spec_mgmt.php][19/Sep/13 18:59:01]
[<<][5d7be6f505b24804800077][DEFAULT][/lib/project/project_req_spec_mgmt.php][19/Sep/13 18:59:01][19/Sep/13 18:59:01][took 0.007756 secs]
[>>][5d7be6f507a04694736278][DEFAULT][/lib/project/project_req_spec_mgmt.php][19/Sep/13 18:59:01]
[<<][5d7be6f507a04694736278][DEFAULT][/lib/project/project_req_spec_mgmt.php][19/Sep/13 18:59:01][19/Sep/13 18:59:01][took 0.000792 secs]
[<<][5d7be6f521e8d055992382][DEFAULT][/lib/ajax/getrequirementnodes.php][19/Sep/13 18:59:01][19/Sep/13 18:59:01][took 0.003281 secs]
[>>][5d7be6f522c22395894680][DEFAULT][/lib/ajax/getrequirementnodes.php][19/Sep/13 18:59:01]
[<<][5d7be6f522c22395894680][DEFAULT][/lib/ajax/getrequirementnodes.php][19/Sep/13 18:59:01][19/Sep/13 18:59:01][took 0.00252 secs]
[>>][5d7be6f523698492987829][DEFAULT][/lib/ajax/getrequirementnodes.php][19/Sep/13 18:59:01]
[<<][5d7be6f523698492987829][DEFAULT][/lib/ajax/getrequirementnodes.php][19/Sep/13 18:59:01][19/Sep/13 18:59:01][took 0.001374 secs]
[<<][5d7be6fcdc7f3227646393][DEFAULT][/lib/general/navBar.php][19/Sep/13 18:59:08][19/Sep/13 18:59:08][took 0.003645 secs]
[>>][5d7be6fcdd6ef964065531][DEFAULT][/lib/general/navBar.php][19/Sep/13 18:59:08]
[<<][5d7be6fcdd6ef964065531][DEFAULT][/lib/general/navBar.php][19/Sep/13 18:59:08][19/Sep/13 18:59:08][took 0.0026389999999999 secs]
[>>][5d7be6fcde1df560759033][DEFAULT][/lib/general/navBar.php][19/Sep/13 18:59:08]
	[19/Sep/13 18:59:08][WARNING][mn5du7tvntv55peprppf67p8u7][GUI - Test Project ID : 21]
		E_NOTICE
Undefined property: stdClass::$prefix - in /opt/bitnami/apps/testlink/htdocs/lib/general/navBar.php - Line 173
[<<][5d7be6fcde1df560759033][DEFAULT][/lib/general/navBar.php][19/Sep/13 18:59:08][19/Sep/13 18:59:08][took 0.046026 secs]
[<<][5d7be6fd0d68b525827811][DEFAULT][/lib/general/mainPage.php][19/Sep/13 18:59:09][19/Sep/13 18:59:09][took 0.003221 secs]
[>>][5d7be6fd0e3cd295747739][DEFAULT][/lib/general/mainPage.php][19/Sep/13 18:59:09]
[<<][5d7be6fd0e3cd295747739][DEFAULT][/lib/general/mainPage.php][19/Sep/13 18:59:09][19/Sep/13 18:59:09][took 0.00504 secs]
[>>][5d7be6fd0f811994392326][DEFAULT][/lib/general/mainPage.php][19/Sep/13 18:59:09]
	[19/Sep/13 18:59:09][WARNING][mn5du7tvntv55peprppf67p8u7][GUI - Test Project ID : 21]
		E_NOTICE
Undefined index: platform_view - in /opt/bitnami/apps/testlink/htdocs/gui/templates_c/835a037b28214872edd369779d57f903f1734c6a.file.mainPageLeft.tpl.php - Line 205
[<<][5d7be6fd0f811994392326][DEFAULT][/lib/general/mainPage.php][19/Sep/13 18:59:09][19/Sep/13 18:59:09][took 0.047354 secs]
[<<][5d7be6ff94422511180046][DEFAULT][/lib/general/frmWorkArea.php][19/Sep/13 18:59:11][19/Sep/13 18:59:11][took 0.002807 secs]
[>>][5d7be6ff94fd0653655624][DEFAULT][/lib/general/frmWorkArea.php][19/Sep/13 18:59:11]
[<<][5d7be6ff94fd0653655624][DEFAULT][/lib/general/frmWorkArea.php][19/Sep/13 18:59:11][19/Sep/13 18:59:11][took 0.002126 secs]
[>>][5d7be6ff958ad753669127][DEFAULT][/lib/general/frmWorkArea.php][19/Sep/13 18:59:11]
[<<][5d7be6ff958ad753669127][DEFAULT][/lib/general/frmWorkArea.php][19/Sep/13 18:59:11][19/Sep/13 18:59:11][took 0.00077499999999997 secs]
[<<][5d7be6ff9e710024319865][DEFAULT][/lib/requirements/reqSpecListTree.php][19/Sep/13 18:59:11][19/Sep/13 18:59:11][took 0.002706 secs]
[>>][5d7be6ff9f24e721592187][DEFAULT][/lib/requirements/reqSpecListTree.php][19/Sep/13 18:59:11]
[<<][5d7be6ff9f24e721592187][DEFAULT][/lib/requirements/reqSpecListTree.php][19/Sep/13 18:59:11][19/Sep/13 18:59:11][took 0.002618 secs]
[>>][5d7be6ff9fd29604511678][DEFAULT][/lib/requirements/reqSpecListTree.php][19/Sep/13 18:59:11]
[<<][5d7be6ff9fd29604511678][DEFAULT][/lib/requirements/reqSpecListTree.php][19/Sep/13 18:59:11][19/Sep/13 18:59:11][took 0.009046 secs]
[<<][5d7be6ff9e913244514341][DEFAULT][/lib/project/project_req_spec_mgmt.php][19/Sep/13 18:59:11][19/Sep/13 18:59:11][took 0.015333 secs]
[>>][5d7be6ffa2594654771027][DEFAULT][/lib/project/project_req_spec_mgmt.php][19/Sep/13 18:59:11]
[<<][5d7be6ffa2594654771027][DEFAULT][/lib/project/project_req_spec_mgmt.php][19/Sep/13 18:59:11][19/Sep/13 18:59:11][took 0.001973 secs]
[>>][5d7be6ffa2dd3150803233][DEFAULT][/lib/project/project_req_spec_mgmt.php][19/Sep/13 18:59:11]
[<<][5d7be6ffa2dd3150803233][DEFAULT][/lib/project/project_req_spec_mgmt.php][19/Sep/13 18:59:11][19/Sep/13 18:59:11][took 0.00076300000000007 secs]
[<<][5d7be6ffc9976058826683][DEFAULT][/lib/ajax/getrequirementnodes.php][19/Sep/13 18:59:11][19/Sep/13 18:59:11][took 0.0033850000000001 secs]
[>>][5d7be6ffca767187797477][DEFAULT][/lib/ajax/getrequirementnodes.php][19/Sep/13 18:59:11]
[<<][5d7be6ffca767187797477][DEFAULT][/lib/ajax/getrequirementnodes.php][19/Sep/13 18:59:11][19/Sep/13 18:59:11][took 0.0039399999999999 secs]
[>>][5d7be6ffcb769906435439][DEFAULT][/lib/ajax/getrequirementnodes.php][19/Sep/13 18:59:11]
[<<][5d7be6ffcb769906435439][DEFAULT][/lib/ajax/getrequirementnodes.php][19/Sep/13 18:59:11][19/Sep/13 18:59:11][took 0.002987 secs]
[<<][5d7be7024c915364681089][DEFAULT][/lib/ajax/getrequirementnodes.php][19/Sep/13 18:59:14][19/Sep/13 18:59:14][took 0.002808 secs]
[>>][5d7be7024d4d2248486514][DEFAULT][/lib/ajax/getrequirementnodes.php][19/Sep/13 18:59:14]
[<<][5d7be7024d4d2248486514][DEFAULT][/lib/ajax/getrequirementnodes.php][19/Sep/13 18:59:14][19/Sep/13 18:59:14][took 0.002157 secs]
[>>][5d7be7024ddd2613396387][DEFAULT][/lib/ajax/getrequirementnodes.php][19/Sep/13 18:59:14]
[<<][5d7be7024ddd2613396387][DEFAULT][/lib/ajax/getrequirementnodes.php][19/Sep/13 18:59:14][19/Sep/13 18:59:14][took 0.009266 secs]
[<<][5d7be70e3d40b418735510][DEFAULT][/lib/requirements/reqSpecListTree.php][19/Sep/13 18:59:26][19/Sep/13 18:59:26][took 0.00331 secs]
[>>][5d7be70e3e1b4081095056][DEFAULT][/lib/requirements/reqSpecListTree.php][19/Sep/13 18:59:26]
[<<][5d7be70e3e1b4081095056][DEFAULT][/lib/requirements/reqSpecListTree.php][19/Sep/13 18:59:26][19/Sep/13 18:59:26][took 0.00251 secs]
[>>][5d7be70e3ec21149753232][DEFAULT][/lib/requirements/reqSpecListTree.php][19/Sep/13 18:59:26]
[<<][5d7be70e3ec21149753232][DEFAULT][/lib/requirements/reqSpecListTree.php][19/Sep/13 18:59:26][19/Sep/13 18:59:26][took 0.034835 secs]
[<<][5d7be71251260673005601][DEFAULT][/lib/requirements/reqView.php][19/Sep/13 18:59:30][19/Sep/13 18:59:30][took 0.003368 secs]
[>>][5d7be71252044423429063][DEFAULT][/lib/requirements/reqView.php][19/Sep/13 18:59:30]
[<<][5d7be71252044423429063][DEFAULT][/lib/requirements/reqView.php][19/Sep/13 18:59:30][19/Sep/13 18:59:30][took 0.0033 secs]
[>>][5d7be71252db7851477314][DEFAULT][/lib/requirements/reqView.php][19/Sep/13 18:59:30]
	[19/Sep/13 18:59:30][WARNING][mn5du7tvntv55peprppf67p8u7][GUI - Test Project ID : 21]
		E_NOTICE
Undefined index:  - in /opt/bitnami/apps/testlink/htdocs/gui/templates_c/92bf58d46bf5227f1df7b0e28fc43a65bb99abe9.file.reqViewVersionsViewer.tpl.php - Line 283
	[19/Sep/13 18:59:30][WARNING][mn5du7tvntv55peprppf67p8u7][GUI - Test Project ID : 21]
		E_NOTICE
Undefined index:  - in /opt/bitnami/apps/testlink/htdocs/gui/templates_c/92bf58d46bf5227f1df7b0e28fc43a65bb99abe9.file.reqViewVersionsViewer.tpl.php - Line 289
	[19/Sep/13 18:59:30][WARNING][mn5du7tvntv55peprppf67p8u7][GUI - Test Project ID : 21]
		E_NOTICE
Undefined index:  - in /opt/bitnami/apps/testlink/htdocs/gui/templates_c/92bf58d46bf5227f1df7b0e28fc43a65bb99abe9.file.reqViewVersionsViewer.tpl.php - Line 292
[<<][5d7be71252db7851477314][DEFAULT][/lib/requirements/reqView.php][19/Sep/13 18:59:30][19/Sep/13 18:59:30][took 0.119775 secs]
[<<][5d7be712c58e2512536889][DEFAULT][/lib/ajax/requirements/getreqmonitors.php][19/Sep/13 18:59:30][19/Sep/13 18:59:30][took 0.0028670000000001 secs]
[>>][5d7be712c64ce592091980][DEFAULT][/lib/ajax/requirements/getreqmonitors.php][19/Sep/13 18:59:30]
[<<][5d7be712c64ce592091980][DEFAULT][/lib/ajax/requirements/getreqmonitors.php][19/Sep/13 18:59:30][19/Sep/13 18:59:30][took 0.0021329999999999 secs]
[>>][5d7be712c6db6943009145][DEFAULT][/lib/ajax/requirements/getreqmonitors.php][19/Sep/13 18:59:30]
[<<][5d7be712c6db6943009145][DEFAULT][/lib/ajax/requirements/getreqmonitors.php][19/Sep/13 18:59:30][19/Sep/13 18:59:30][took 0.00095600000000007 secs]
[<<][5d7be7187eae4402579261][DEFAULT][/lib/requirements/reqView.php][19/Sep/13 18:59:36][19/Sep/13 18:59:36][took 0.003311 secs]
[>>][5d7be7187f8a2621101934][DEFAULT][/lib/requirements/reqView.php][19/Sep/13 18:59:36]
[<<][5d7be7187f8a2621101934][DEFAULT][/lib/requirements/reqView.php][19/Sep/13 18:59:36][19/Sep/13 18:59:36][took 0.002707 secs]
[>>][5d7be718803d6646572001][DEFAULT][/lib/requirements/reqView.php][19/Sep/13 18:59:36]
	[19/Sep/13 18:59:36][WARNING][mn5du7tvntv55peprppf67p8u7][GUI - Test Project ID : 21]
		E_NOTICE
Undefined index:  - in /opt/bitnami/apps/testlink/htdocs/gui/templates_c/92bf58d46bf5227f1df7b0e28fc43a65bb99abe9.file.reqViewVersionsViewer.tpl.php - Line 283
	[19/Sep/13 18:59:36][WARNING][mn5du7tvntv55peprppf67p8u7][GUI - Test Project ID : 21]
		E_NOTICE
Undefined index:  - in /opt/bitnami/apps/testlink/htdocs/gui/templates_c/92bf58d46bf5227f1df7b0e28fc43a65bb99abe9.file.reqViewVersionsViewer.tpl.php - Line 289
	[19/Sep/13 18:59:36][WARNING][mn5du7tvntv55peprppf67p8u7][GUI - Test Project ID : 21]
		E_NOTICE
Undefined index:  - in /opt/bitnami/apps/testlink/htdocs/gui/templates_c/92bf58d46bf5227f1df7b0e28fc43a65bb99abe9.file.reqViewVersionsViewer.tpl.php - Line 292
[<<][5d7be718803d6646572001][DEFAULT][/lib/requirements/reqView.php][19/Sep/13 18:59:36][19/Sep/13 18:59:36][took 0.087342 secs]
[<<][5d7be718b26b3911342392][DEFAULT][/lib/requirements/reqView.php][19/Sep/13 18:59:36][19/Sep/13 18:59:36][took 0.0034730000000001 secs]
[>>][5d7be718b34fc531397841][DEFAULT][/lib/requirements/reqView.php][19/Sep/13 18:59:36]
[<<][5d7be718b34fc531397841][DEFAULT][/lib/requirements/reqView.php][19/Sep/13 18:59:36][19/Sep/13 18:59:36][took 0.002428 secs]
[>>][5d7be718b4053536332690][DEFAULT][/lib/requirements/reqView.php][19/Sep/13 18:59:36]
	[19/Sep/13 18:59:36][WARNING][mn5du7tvntv55peprppf67p8u7][GUI - Test Project ID : 21]
		E_NOTICE
Undefined index:  - in /opt/bitnami/apps/testlink/htdocs/gui/templates_c/92bf58d46bf5227f1df7b0e28fc43a65bb99abe9.file.reqViewVersionsViewer.tpl.php - Line 283
	[19/Sep/13 18:59:36][WARNING][mn5du7tvntv55peprppf67p8u7][GUI - Test Project ID : 21]
		E_NOTICE
Undefined index:  - in /opt/bitnami/apps/testlink/htdocs/gui/templates_c/92bf58d46bf5227f1df7b0e28fc43a65bb99abe9.file.reqViewVersionsViewer.tpl.php - Line 289
	[19/Sep/13 18:59:36][WARNING][mn5du7tvntv55peprppf67p8u7][GUI - Test Project ID : 21]
		E_NOTICE
Undefined index:  - in /opt/bitnami/apps/testlink/htdocs/gui/templates_c/92bf58d46bf5227f1df7b0e28fc43a65bb99abe9.file.reqViewVersionsViewer.tpl.php - Line 292
[<<][5d7be718b4053536332690][DEFAULT][/lib/requirements/reqView.php][19/Sep/13 18:59:36][19/Sep/13 18:59:36][took 0.093864 secs]
[<<][5d7be718f1071517102890][DEFAULT][/lib/ajax/requirements/getreqmonitors.php][19/Sep/13 18:59:36][19/Sep/13 18:59:36][took 0.003315 secs]
[>>][5d7be718f1e20924118453][DEFAULT][/lib/ajax/requirements/getreqmonitors.php][19/Sep/13 18:59:36]
[<<][5d7be718f1e20924118453][DEFAULT][/lib/ajax/requirements/getreqmonitors.php][19/Sep/13 18:59:36][19/Sep/13 18:59:36][took 0.002583 secs]
[>>][5d7be718f28ef864487883][DEFAULT][/lib/ajax/requirements/getreqmonitors.php][19/Sep/13 18:59:36]
[<<][5d7be718f28ef864487883][DEFAULT][/lib/ajax/requirements/getreqmonitors.php][19/Sep/13 18:59:36][19/Sep/13 18:59:36][took 0.00098000000000009 secs]
[<<][5d7be7f8e5b17050533478][DEFAULT][/lib/search/searchMgmt.php][19/Sep/13 19:03:20][19/Sep/13 19:03:20][took 0.003787 secs]
[>>][5d7be7f8e6abd174167575][DEFAULT][/lib/search/searchMgmt.php][19/Sep/13 19:03:20]
[<<][5d7be7f8e6abd174167575][DEFAULT][/lib/search/searchMgmt.php][19/Sep/13 19:03:20][19/Sep/13 19:03:20][took 0.002397 secs]
[>>][5d7be7f8e74c1065634865][DEFAULT][/lib/search/searchMgmt.php][19/Sep/13 19:03:20]
	[19/Sep/13 19:03:20][L18N][mn5du7tvntv55peprppf67p8u7][GUI - Test Project ID : 21]
		string 'show_calendar' is not localized for locale 'en_GB' 
[<<][5d7be7f8e74c1065634865][DEFAULT][/lib/search/searchMgmt.php][19/Sep/13 19:03:20][19/Sep/13 19:03:21][took 0.09216 secs]
[<<][5d7be7f936445018260390][DEFAULT][/lib/search/search.php][19/Sep/13 19:03:21][19/Sep/13 19:03:21][took 0.003485 secs]
[>>][5d7be7f93729f135636007][DEFAULT][/lib/search/search.php][19/Sep/13 19:03:21]
[<<][5d7be7f93729f135636007][DEFAULT][/lib/search/search.php][19/Sep/13 19:03:21][19/Sep/13 19:03:21][took 0.002397 secs]
[>>][5d7be7f937c9d696798279][DEFAULT][/lib/search/search.php][19/Sep/13 19:03:21]
[<<][5d7be7f937c9d696798279][DEFAULT][/lib/search/search.php][19/Sep/13 19:03:21][19/Sep/13 19:03:25][took 3.780587 secs]
[<<][5d7be7fccae3a274289300][DEFAULT][/lib/search/search.php][19/Sep/13 19:03:24][19/Sep/13 19:03:25][took 0.179583 secs]
[>>][5d7be7fd02a3a955330424][DEFAULT][/lib/search/search.php][19/Sep/13 19:03:25]
[<<][5d7be7fd02a3a955330424][DEFAULT][/lib/search/search.php][19/Sep/13 19:03:25][19/Sep/13 19:03:25][took 0.009233 secs]
[>>][5d7be7fd04f49610295347][DEFAULT][/lib/search/search.php][19/Sep/13 19:03:25]
[<<][5d7be7fd04f49610295347][DEFAULT][/lib/search/search.php][19/Sep/13 19:03:25][19/Sep/13 19:03:28][took 3.840408 secs]
[<<][5d7be8006c608802672420][DEFAULT][/lib/search/searchMgmt.php][19/Sep/13 19:03:28][19/Sep/13 19:03:28][took 0.41828 secs]
[>>][5d7be800d28b2929821948][DEFAULT][/lib/search/searchMgmt.php][19/Sep/13 19:03:28]
[<<][5d7be800d28b2929821948][DEFAULT][/lib/search/searchMgmt.php][19/Sep/13 19:03:28][19/Sep/13 19:03:28][took 0.002037 secs]
[>>][5d7be800d3133792269598][DEFAULT][/lib/search/searchMgmt.php][19/Sep/13 19:03:28]
[<<][5d7be800d3133792269598][DEFAULT][/lib/search/searchMgmt.php][19/Sep/13 19:03:28][19/Sep/13 19:03:28][took 0.018594 secs]
[<<][5d7be800b716e319102357][DEFAULT][/lib/search/searchMgmt.php][19/Sep/13 19:03:28][19/Sep/13 19:03:28][took 0.134519 secs]
[>>][5d7be800d7fa0320869474][DEFAULT][/lib/search/searchMgmt.php][19/Sep/13 19:03:28]
[<<][5d7be800d7fa0320869474][DEFAULT][/lib/search/searchMgmt.php][19/Sep/13 19:03:28][19/Sep/13 19:03:28][took 0.0025269999999999 secs]
[>>][5d7be800d8a19560441349][DEFAULT][/lib/search/searchMgmt.php][19/Sep/13 19:03:28]
[<<][5d7be800d8a19560441349][DEFAULT][/lib/search/searchMgmt.php][19/Sep/13 19:03:28][19/Sep/13 19:03:28][took 0.019787 secs]
[<<][5d7be800f3961300532148][DEFAULT][/lib/search/search.php][19/Sep/13 19:03:28][19/Sep/13 19:03:28][took 0.003016 secs]
[>>][5d7be801003a7951729952][DEFAULT][/lib/search/search.php][19/Sep/13 19:03:28]
[<<][5d7be801003a7951729952][DEFAULT][/lib/search/search.php][19/Sep/13 19:03:28][19/Sep/13 19:03:29][took 0.002373 secs]
[>>][5d7be80100d7d132749883][DEFAULT][/lib/search/search.php][19/Sep/13 19:03:29]
[<<][5d7be80100d7d132749883][DEFAULT][/lib/search/search.php][19/Sep/13 19:03:29][19/Sep/13 19:03:32][took 3.781623 secs]
[<<][5d7be80119c66059435819][DEFAULT][/lib/search/searchMgmt.php][19/Sep/13 19:03:29][19/Sep/13 19:03:32][took 3.687887 secs]
[>>][5d7be804c1cd8114818836][DEFAULT][/lib/search/searchMgmt.php][19/Sep/13 19:03:32]
[<<][5d7be804c1cd8114818836][DEFAULT][/lib/search/searchMgmt.php][19/Sep/13 19:03:32][19/Sep/13 19:03:32][took 0.0078710000000001 secs]
[>>][5d7be804c3c34441892210][DEFAULT][/lib/search/searchMgmt.php][19/Sep/13 19:03:32]
[<<][5d7be804c3c34441892210][DEFAULT][/lib/search/searchMgmt.php][19/Sep/13 19:03:32][19/Sep/13 19:03:32][took 0.015742 secs]
[<<][5d7be804dc75a291172636][DEFAULT][/lib/search/search.php][19/Sep/13 19:03:32][19/Sep/13 19:03:32][took 0.0032509999999999 secs]
[>>][5d7be804dd4db219080476][DEFAULT][/lib/search/search.php][19/Sep/13 19:03:32]
[<<][5d7be804dd4db219080476][DEFAULT][/lib/search/search.php][19/Sep/13 19:03:32][19/Sep/13 19:03:32][took 0.0023989999999999 secs]
[>>][5d7be804dded7464728064][DEFAULT][/lib/search/search.php][19/Sep/13 19:03:32]
[<<][5d7be804dded7464728064][DEFAULT][/lib/search/search.php][19/Sep/13 19:03:32][19/Sep/13 19:03:36][took 3.755978 secs]
[<<][5d7be8084246b359357566][DEFAULT][/lib/search/search.php][19/Sep/13 19:03:36][19/Sep/13 19:03:36][took 0.395 secs]
[>>][5d7be808a2c22284006163][DEFAULT][/lib/search/search.php][19/Sep/13 19:03:36]
[<<][5d7be808a2c22284006163][DEFAULT][/lib/search/search.php][19/Sep/13 19:03:36][19/Sep/13 19:03:36][took 0.003184 secs]
[>>][5d7be808a3927856504550][DEFAULT][/lib/search/search.php][19/Sep/13 19:03:36]
[<<][5d7be808a3927856504550][DEFAULT][/lib/search/search.php][19/Sep/13 19:03:36][19/Sep/13 19:03:40][took 3.766924 secs]
	[19/Sep/13 19:05:29][AUDIT][eb0uj7644qukttih39tufjkj3a][GUI - Test Project ID : 71110]
		Login for 'Geoffrey.Lodder' from '209.253.35.146' succeeded
[<<][5d7be87961c93109548710][DEFAULT][/login.php][19/Sep/13 19:05:29][19/Sep/13 19:05:29][took 0.047685 secs]
[<<][5d7be8799f2be424585488][DEFAULT][/index.php][19/Sep/13 19:05:29][19/Sep/13 19:05:29][took 0.003474 secs]
[>>][5d7be879a011c348378218][DEFAULT][/index.php][19/Sep/13 19:05:29]
[<<][5d7be879a011c348378218][DEFAULT][/index.php][19/Sep/13 19:05:29][19/Sep/13 19:05:29][took 0.002406 secs]
[<<][5d7be879c7151078586432][DEFAULT][/lib/general/navBar.php][19/Sep/13 19:05:29][19/Sep/13 19:05:29][took 0.003344 secs]
[>>][5d7be879c7f25400143428][DEFAULT][/lib/general/navBar.php][19/Sep/13 19:05:29]
[<<][5d7be879c7f25400143428][DEFAULT][/lib/general/navBar.php][19/Sep/13 19:05:29][19/Sep/13 19:05:29][took 0.002651 secs]
[>>][5d7be879c8a1f219086492][DEFAULT][/lib/general/navBar.php][19/Sep/13 19:05:29]
[<<][5d7be879c8a1f219086492][DEFAULT][/lib/general/navBar.php][19/Sep/13 19:05:29][19/Sep/13 19:05:29][took 0.008568 secs]
[<<][5d7be879d3d5f937307205][DEFAULT][/lib/general/mainPage.php][19/Sep/13 19:05:29][19/Sep/13 19:05:29][took 0.0031089999999999 secs]
[>>][5d7be879d4a38590279544][DEFAULT][/lib/general/mainPage.php][19/Sep/13 19:05:29]
[<<][5d7be879d4a38590279544][DEFAULT][/lib/general/mainPage.php][19/Sep/13 19:05:29][19/Sep/13 19:05:29][took 0.002261 secs]
[>>][5d7be879d633b776946682][DEFAULT][/lib/general/mainPage.php][19/Sep/13 19:05:29]
	[19/Sep/13 19:05:29][WARNING][eb0uj7644qukttih39tufjkj3a][GUI - Test Project ID : 71110]
		E_NOTICE
Undefined index: platform_view - in /opt/bitnami/apps/testlink/htdocs/gui/templates_c/835a037b28214872edd369779d57f903f1734c6a.file.mainPageLeft.tpl.php - Line 205
[<<][5d7be879d633b776946682][DEFAULT][/lib/general/mainPage.php][19/Sep/13 19:05:29][19/Sep/13 19:05:29][took 0.055923 secs]
[<<][5d7be88b4077c017969754][DEFAULT][/lib/general/navBar.php][19/Sep/13 19:05:47][19/Sep/13 19:05:47][took 0.003339 secs]
[>>][5d7be88b41556158189367][DEFAULT][/lib/general/navBar.php][19/Sep/13 19:05:47]
[<<][5d7be88b41556158189367][DEFAULT][/lib/general/navBar.php][19/Sep/13 19:05:47][19/Sep/13 19:05:47][took 0.002589 secs]
[>>][5d7be88b42013464883343][DEFAULT][/lib/general/navBar.php][19/Sep/13 19:05:47]
	[19/Sep/13 19:05:47][WARNING][eb0uj7644qukttih39tufjkj3a][GUI - Test Project ID : 21]
		E_NOTICE
Undefined property: stdClass::$prefix - in /opt/bitnami/apps/testlink/htdocs/lib/general/navBar.php - Line 173
[<<][5d7be88b42013464883343][DEFAULT][/lib/general/navBar.php][19/Sep/13 19:05:47][19/Sep/13 19:05:47][took 0.03893 secs]
[<<][5d7be88b8e617935562526][DEFAULT][/lib/general/mainPage.php][19/Sep/13 19:05:47][19/Sep/13 19:05:47][took 0.003598 secs]
[>>][5d7be88b8f4ed107364063][DEFAULT][/lib/general/mainPage.php][19/Sep/13 19:05:47]
[<<][5d7be88b8f4ed107364063][DEFAULT][/lib/general/mainPage.php][19/Sep/13 19:05:47][19/Sep/13 19:05:47][took 0.002464 secs]
[>>][5d7be88b8ff36556917528][DEFAULT][/lib/general/mainPage.php][19/Sep/13 19:05:47]
	[19/Sep/13 19:05:47][WARNING][eb0uj7644qukttih39tufjkj3a][GUI - Test Project ID : 21]
		E_NOTICE
Undefined index: platform_view - in /opt/bitnami/apps/testlink/htdocs/gui/templates_c/835a037b28214872edd369779d57f903f1734c6a.file.mainPageLeft.tpl.php - Line 205
[<<][5d7be88b8ff36556917528][DEFAULT][/lib/general/mainPage.php][19/Sep/13 19:05:47][19/Sep/13 19:05:47][took 0.046888 secs]
[<<][5d7be88c6c9b8550619739][DEFAULT][/lib/general/frmWorkArea.php][19/Sep/13 19:05:48][19/Sep/13 19:05:48][took 0.003424 secs]
[>>][5d7be88c6d7e4364621916][DEFAULT][/lib/general/frmWorkArea.php][19/Sep/13 19:05:48]
[<<][5d7be88c6d7e4364621916][DEFAULT][/lib/general/frmWorkArea.php][19/Sep/13 19:05:48][19/Sep/13 19:05:48][took 0.00244 secs]
[>>][5d7be88c6e20b286474557][DEFAULT][/lib/general/frmWorkArea.php][19/Sep/13 19:05:48]
[<<][5d7be88c6e20b286474557][DEFAULT][/lib/general/frmWorkArea.php][19/Sep/13 19:05:48][19/Sep/13 19:05:48][took 0.000803 secs]
[<<][5d7be88c90ce2886845592][DEFAULT][/lib/requirements/reqSpecListTree.php][19/Sep/13 19:05:48][19/Sep/13 19:05:48][took 0.0028710000000001 secs]
[>>][5d7be88c918d9554087138][DEFAULT][/lib/requirements/reqSpecListTree.php][19/Sep/13 19:05:48]
[<<][5d7be88c918d9554087138][DEFAULT][/lib/requirements/reqSpecListTree.php][19/Sep/13 19:05:48][19/Sep/13 19:05:48][took 0.003099 secs]
[>>][5d7be88c92591329133712][DEFAULT][/lib/requirements/reqSpecListTree.php][19/Sep/13 19:05:48]
[<<][5d7be88c92591329133712][DEFAULT][/lib/requirements/reqSpecListTree.php][19/Sep/13 19:05:48][19/Sep/13 19:05:48][took 0.006 secs]
[<<][5d7be88c91116354033676][DEFAULT][/lib/project/project_req_spec_mgmt.php][19/Sep/13 19:05:48][19/Sep/13 19:05:48][took 0.019679 secs]
[>>][5d7be88c95ea3295518257][DEFAULT][/lib/project/project_req_spec_mgmt.php][19/Sep/13 19:05:48]
[<<][5d7be88c95ea3295518257][DEFAULT][/lib/project/project_req_spec_mgmt.php][19/Sep/13 19:05:48][19/Sep/13 19:05:48][took 0.0059330000000001 secs]
[>>][5d7be88c9765d457453988][DEFAULT][/lib/project/project_req_spec_mgmt.php][19/Sep/13 19:05:48]
[<<][5d7be88c9765d457453988][DEFAULT][/lib/project/project_req_spec_mgmt.php][19/Sep/13 19:05:48][19/Sep/13 19:05:48][took 0.00083199999999994 secs]
[<<][5d7be88d6e0f3595802250][DEFAULT][/lib/ajax/getrequirementnodes.php][19/Sep/13 19:05:49][19/Sep/13 19:05:49][took 0.002946 secs]
[>>][5d7be88d6ed35263652270][DEFAULT][/lib/ajax/getrequirementnodes.php][19/Sep/13 19:05:49]
[<<][5d7be88d6ed35263652270][DEFAULT][/lib/ajax/getrequirementnodes.php][19/Sep/13 19:05:49][19/Sep/13 19:05:49][took 0.002942 secs]
[>>][5d7be88d6f955714477938][DEFAULT][/lib/ajax/getrequirementnodes.php][19/Sep/13 19:05:49]
[<<][5d7be88d6f955714477938][DEFAULT][/lib/ajax/getrequirementnodes.php][19/Sep/13 19:05:49][19/Sep/13 19:05:49][took 0.004282 secs]
[<<][5d7be8932439a329094878][DEFAULT][/lib/requirements/reqSpecListTree.php][19/Sep/13 19:05:55][19/Sep/13 19:05:55][took 0.003359 secs]
[>>][5d7be8932517f273188095][DEFAULT][/lib/requirements/reqSpecListTree.php][19/Sep/13 19:05:55]
[<<][5d7be8932517f273188095][DEFAULT][/lib/requirements/reqSpecListTree.php][19/Sep/13 19:05:55][19/Sep/13 19:05:55][took 0.002608 secs]
[>>][5d7be89325c52261882900][DEFAULT][/lib/requirements/reqSpecListTree.php][19/Sep/13 19:05:55]
[<<][5d7be89325c52261882900][DEFAULT][/lib/requirements/reqSpecListTree.php][19/Sep/13 19:05:55][19/Sep/13 19:05:55][took 0.019339 secs]
[<<][5d7be8981d7c6897789675][DEFAULT][/lib/requirements/reqView.php][19/Sep/13 19:06:00][19/Sep/13 19:06:00][took 0.003329 secs]
[>>][5d7be8981e58f601937280][DEFAULT][/lib/requirements/reqView.php][19/Sep/13 19:06:00]
[<<][5d7be8981e58f601937280][DEFAULT][/lib/requirements/reqView.php][19/Sep/13 19:06:00][19/Sep/13 19:06:00][took 0.002877 secs]
[>>][5d7be8981f16c606062920][DEFAULT][/lib/requirements/reqView.php][19/Sep/13 19:06:00]
	[19/Sep/13 19:06:00][WARNING][eb0uj7644qukttih39tufjkj3a][GUI - Test Project ID : 21]
		E_NOTICE
Undefined index:  - in /opt/bitnami/apps/testlink/htdocs/gui/templates_c/92bf58d46bf5227f1df7b0e28fc43a65bb99abe9.file.reqViewVersionsViewer.tpl.php - Line 283
	[19/Sep/13 19:06:00][WARNING][eb0uj7644qukttih39tufjkj3a][GUI - Test Project ID : 21]
		E_NOTICE
Undefined index:  - in /opt/bitnami/apps/testlink/htdocs/gui/templates_c/92bf58d46bf5227f1df7b0e28fc43a65bb99abe9.file.reqViewVersionsViewer.tpl.php - Line 289
	[19/Sep/13 19:06:00][WARNING][eb0uj7644qukttih39tufjkj3a][GUI - Test Project ID : 21]
		E_NOTICE
Undefined index:  - in /opt/bitnami/apps/testlink/htdocs/gui/templates_c/92bf58d46bf5227f1df7b0e28fc43a65bb99abe9.file.reqViewVersionsViewer.tpl.php - Line 292
[<<][5d7be8981f16c606062920][DEFAULT][/lib/requirements/reqView.php][19/Sep/13 19:06:00][19/Sep/13 19:06:00][took 0.10406 secs]
[<<][5d7be898b5208571472536][DEFAULT][/lib/ajax/requirements/getreqmonitors.php][19/Sep/13 19:06:00][19/Sep/13 19:06:00][took 0.003327 secs]
[>>][5d7be898b5fd6455384308][DEFAULT][/lib/ajax/requirements/getreqmonitors.php][19/Sep/13 19:06:00]
[<<][5d7be898b5fd6455384308][DEFAULT][/lib/ajax/requirements/getreqmonitors.php][19/Sep/13 19:06:00][19/Sep/13 19:06:00][took 0.002476 secs]
[>>][5d7be898b6a25364232205][DEFAULT][/lib/ajax/requirements/getreqmonitors.php][19/Sep/13 19:06:00]
[<<][5d7be898b6a25364232205][DEFAULT][/lib/ajax/requirements/getreqmonitors.php][19/Sep/13 19:06:00][19/Sep/13 19:06:00][took 0.00098500000000001 secs]
[<<][5d7be89ba56dd323901756][DEFAULT][/lib/execute/execHistory.php][19/Sep/13 19:06:03][19/Sep/13 19:06:03][took 0.0034999999999999 secs]
[>>][5d7be89ba6551462960139][DEFAULT][/lib/execute/execHistory.php][19/Sep/13 19:06:03]
[<<][5d7be89ba6551462960139][DEFAULT][/lib/execute/execHistory.php][19/Sep/13 19:06:03][19/Sep/13 19:06:03][took 0.002636 secs]
[>>][5d7be89ba703f192339025][DEFAULT][/lib/execute/execHistory.php][19/Sep/13 19:06:03]
[<<][5d7be89ba703f192339025][DEFAULT][/lib/execute/execHistory.php][19/Sep/13 19:06:03][19/Sep/13 19:06:03][took 0.010422 secs]
[<<][5d7be8a1d71d9263382886][DEFAULT][/lib/testcases/archiveData.php][19/Sep/13 19:06:09][19/Sep/13 19:06:09][took 0.003392 secs]
[>>][5d7be8a1d7fde775633451][DEFAULT][/lib/testcases/archiveData.php][19/Sep/13 19:06:09]
[<<][5d7be8a1d7fde775633451][DEFAULT][/lib/testcases/archiveData.php][19/Sep/13 19:06:09][19/Sep/13 19:06:09][took 0.00252 secs]
[>>][5d7be8a1d8a57067420583][DEFAULT][/lib/testcases/archiveData.php][19/Sep/13 19:06:09]
[<<][5d7be8a1d8a57067420583][DEFAULT][/lib/testcases/archiveData.php][19/Sep/13 19:06:09][19/Sep/13 19:06:09][took 0.040117 secs]
	[19/Sep/18 16:21:56][AUDIT][oclam0vqngnkt0hecmcclddrt3][GUI - Test Project ID : 21]
		Login for 'Geoffrey.Lodder' from '209.253.35.146' succeeded
[<<][5d8259a489174538907677][DEFAULT][/login.php][19/Sep/18 16:21:56][19/Sep/18 16:21:56][took 0.063755 secs]
[<<][5d8259a4c2219561029540][DEFAULT][/index.php][19/Sep/18 16:21:56][19/Sep/18 16:21:56][took 0.0034010000000001 secs]
[>>][5d8259a4c301e069923762][DEFAULT][/index.php][19/Sep/18 16:21:56]
[<<][5d8259a4c301e069923762][DEFAULT][/index.php][19/Sep/18 16:21:56][19/Sep/18 16:21:56][took 0.00225 secs]
[<<][5d8259a50674f408379131][DEFAULT][/lib/general/navBar.php][19/Sep/18 16:21:57][19/Sep/18 16:21:57][took 0.003195 secs]
[>>][5d8259a507485582245724][DEFAULT][/lib/general/navBar.php][19/Sep/18 16:21:57]
[<<][5d8259a507485582245724][DEFAULT][/lib/general/navBar.php][19/Sep/18 16:21:57][19/Sep/18 16:21:57][took 0.002436 secs]
[>>][5d8259a507ea7973951875][DEFAULT][/lib/general/navBar.php][19/Sep/18 16:21:57]
[<<][5d8259a507ea7973951875][DEFAULT][/lib/general/navBar.php][19/Sep/18 16:21:57][19/Sep/18 16:21:57][took 0.005325 secs]
[<<][5d8259a512232846252089][DEFAULT][/lib/general/mainPage.php][19/Sep/18 16:21:57][19/Sep/18 16:21:57][took 0.002812 secs]
[>>][5d8259a512ddd324510831][DEFAULT][/lib/general/mainPage.php][19/Sep/18 16:21:57]
[<<][5d8259a512ddd324510831][DEFAULT][/lib/general/mainPage.php][19/Sep/18 16:21:57][19/Sep/18 16:21:57][took 0.002041 secs]
[>>][5d8259a513660870182384][DEFAULT][/lib/general/mainPage.php][19/Sep/18 16:21:57]
	[19/Sep/18 16:21:57][WARNING][oclam0vqngnkt0hecmcclddrt3][GUI - Test Project ID : 21]
		E_NOTICE
Undefined index: platform_view - in /opt/bitnami/apps/testlink/htdocs/gui/templates_c/835a037b28214872edd369779d57f903f1734c6a.file.mainPageLeft.tpl.php - Line 205
[<<][5d8259a513660870182384][DEFAULT][/lib/general/mainPage.php][19/Sep/18 16:21:57][19/Sep/18 16:21:57][took 0.109716 secs]
[<<][5d8259a8ed5d3940536165][DEFAULT][/lib/general/frmWorkArea.php][19/Sep/18 16:22:00][19/Sep/18 16:22:00][took 0.003338 secs]
[>>][5d8259a8ee3b1173336472][DEFAULT][/lib/general/frmWorkArea.php][19/Sep/18 16:22:00]
[<<][5d8259a8ee3b1173336472][DEFAULT][/lib/general/frmWorkArea.php][19/Sep/18 16:22:00][19/Sep/18 16:22:00][took 0.0024989999999999 secs]
[>>][5d8259a8eee17811201353][DEFAULT][/lib/general/frmWorkArea.php][19/Sep/18 16:22:00]
[<<][5d8259a8eee17811201353][DEFAULT][/lib/general/frmWorkArea.php][19/Sep/18 16:22:00][19/Sep/18 16:22:00][took 0.000807 secs]
[<<][5d8259a9169df120550590][DEFAULT][/lib/requirements/reqSpecListTree.php][19/Sep/18 16:22:01][19/Sep/18 16:22:01][took 0.003186 secs]
[>>][5d8259a91770e326865260][DEFAULT][/lib/requirements/reqSpecListTree.php][19/Sep/18 16:22:01]
[<<][5d8259a91770e326865260][DEFAULT][/lib/requirements/reqSpecListTree.php][19/Sep/18 16:22:01][19/Sep/18 16:22:01][took 0.002606 secs]
[>>][5d8259a9181db127683625][DEFAULT][/lib/requirements/reqSpecListTree.php][19/Sep/18 16:22:01]
[<<][5d8259a9181db127683625][DEFAULT][/lib/requirements/reqSpecListTree.php][19/Sep/18 16:22:01][19/Sep/18 16:22:01][took 0.005124 secs]
[<<][5d8259a924d58709978833][DEFAULT][/lib/project/project_req_spec_mgmt.php][19/Sep/18 16:22:01][19/Sep/18 16:22:01][took 0.003365 secs]
[>>][5d8259a925b4f463079583][DEFAULT][/lib/project/project_req_spec_mgmt.php][19/Sep/18 16:22:01]
[<<][5d8259a925b4f463079583][DEFAULT][/lib/project/project_req_spec_mgmt.php][19/Sep/18 16:22:01][19/Sep/18 16:22:01][took 0.002678 secs]
[>>][5d8259a926661733026818][DEFAULT][/lib/project/project_req_spec_mgmt.php][19/Sep/18 16:22:01]
[<<][5d8259a926661733026818][DEFAULT][/lib/project/project_req_spec_mgmt.php][19/Sep/18 16:22:01][19/Sep/18 16:22:01][took 0.00095300000000001 secs]
[<<][5d8259a9dd1b3626426811][DEFAULT][/lib/ajax/getrequirementnodes.php][19/Sep/18 16:22:01][19/Sep/18 16:22:01][took 0.003319 secs]
[>>][5d8259a9ddf80518071749][DEFAULT][/lib/ajax/getrequirementnodes.php][19/Sep/18 16:22:01]
[<<][5d8259a9ddf80518071749][DEFAULT][/lib/ajax/getrequirementnodes.php][19/Sep/18 16:22:01][19/Sep/18 16:22:01][took 0.0021709999999999 secs]
[>>][5d8259a9de894425017640][DEFAULT][/lib/ajax/getrequirementnodes.php][19/Sep/18 16:22:01]
[<<][5d8259a9de894425017640][DEFAULT][/lib/ajax/getrequirementnodes.php][19/Sep/18 16:22:01][19/Sep/18 16:22:01][took 0.002706 secs]
[<<][5d8259ac21777854620718][DEFAULT][/lib/ajax/getrequirementnodes.php][19/Sep/18 16:22:04][19/Sep/18 16:22:04][took 0.003378 secs]
[>>][5d8259ac2257e352058386][DEFAULT][/lib/ajax/getrequirementnodes.php][19/Sep/18 16:22:04]
[<<][5d8259ac2257e352058386][DEFAULT][/lib/ajax/getrequirementnodes.php][19/Sep/18 16:22:04][19/Sep/18 16:22:04][took 0.002533 secs]
[>>][5d8259ac23004184267145][DEFAULT][/lib/ajax/getrequirementnodes.php][19/Sep/18 16:22:04]
[<<][5d8259ac23004184267145][DEFAULT][/lib/ajax/getrequirementnodes.php][19/Sep/18 16:22:04][19/Sep/18 16:22:04][took 0.003395 secs]
[<<][5d8259aecba33030545187][DEFAULT][/lib/ajax/getrequirementnodes.php][19/Sep/18 16:22:06][19/Sep/18 16:22:06][took 0.0033580000000001 secs]
[>>][5d8259aecc81e940181868][DEFAULT][/lib/ajax/getrequirementnodes.php][19/Sep/18 16:22:06]
[<<][5d8259aecc81e940181868][DEFAULT][/lib/ajax/getrequirementnodes.php][19/Sep/18 16:22:06][19/Sep/18 16:22:06][took 0.002756 secs]
[>>][5d8259aecd382241858356][DEFAULT][/lib/ajax/getrequirementnodes.php][19/Sep/18 16:22:06]
[<<][5d8259aecd382241858356][DEFAULT][/lib/ajax/getrequirementnodes.php][19/Sep/18 16:22:06][19/Sep/18 16:22:06][took 0.0076689999999999 secs]
[<<][5d8259b59fb5b091339018][DEFAULT][/lib/ajax/getrequirementnodes.php][19/Sep/18 16:22:13][19/Sep/18 16:22:13][took 0.003302 secs]
[>>][5d8259b5a0915107372136][DEFAULT][/lib/ajax/getrequirementnodes.php][19/Sep/18 16:22:13]
[<<][5d8259b5a0915107372136][DEFAULT][/lib/ajax/getrequirementnodes.php][19/Sep/18 16:22:13][19/Sep/18 16:22:13][took 0.002776 secs]
[>>][5d8259b5a1487918111415][DEFAULT][/lib/ajax/getrequirementnodes.php][19/Sep/18 16:22:13]
[<<][5d8259b5a1487918111415][DEFAULT][/lib/ajax/getrequirementnodes.php][19/Sep/18 16:22:13][19/Sep/18 16:22:13][took 0.001319 secs]
[<<][5d8259be33ca3050595932][DEFAULT][/index.php][19/Sep/18 16:22:22][19/Sep/18 16:22:22][took 0.00373 secs]
[>>][5d8259be34bf8662682023][DEFAULT][/index.php][19/Sep/18 16:22:22]
[<<][5d8259be34bf8662682023][DEFAULT][/index.php][19/Sep/18 16:22:22][19/Sep/18 16:22:22][took 0.002434 secs]
[<<][5d8259be5b4f9831150649][DEFAULT][/lib/general/navBar.php][19/Sep/18 16:22:22][19/Sep/18 16:22:22][took 0.003117 secs]
[>>][5d8259be5c1d2683093865][DEFAULT][/lib/general/navBar.php][19/Sep/18 16:22:22]
[<<][5d8259be5c1d2683093865][DEFAULT][/lib/general/navBar.php][19/Sep/18 16:22:22][19/Sep/18 16:22:22][took 0.002584 secs]
[>>][5d8259be5cc89161629964][DEFAULT][/lib/general/navBar.php][19/Sep/18 16:22:22]
[<<][5d8259be5cc89161629964][DEFAULT][/lib/general/navBar.php][19/Sep/18 16:22:22][19/Sep/18 16:22:22][took 0.003703 secs]
[<<][5d8259be67763188881437][DEFAULT][/lib/general/mainPage.php][19/Sep/18 16:22:22][19/Sep/18 16:22:22][took 0.003096 secs]
[>>][5d8259be68426238233310][DEFAULT][/lib/general/mainPage.php][19/Sep/18 16:22:22]
[<<][5d8259be68426238233310][DEFAULT][/lib/general/mainPage.php][19/Sep/18 16:22:22][19/Sep/18 16:22:22][took 0.002523 secs]
[>>][5d8259be68eac735638249][DEFAULT][/lib/general/mainPage.php][19/Sep/18 16:22:22]
	[19/Sep/18 16:22:22][WARNING][oclam0vqngnkt0hecmcclddrt3][GUI - Test Project ID : 21]
		E_NOTICE
Undefined index: platform_view - in /opt/bitnami/apps/testlink/htdocs/gui/templates_c/835a037b28214872edd369779d57f903f1734c6a.file.mainPageLeft.tpl.php - Line 205
[<<][5d8259be68eac735638249][DEFAULT][/lib/general/mainPage.php][19/Sep/18 16:22:22][19/Sep/18 16:22:22][took 0.087563 secs]
[<<][5d8259c7d96fe875900576][DEFAULT][/lib/general/mainPage.php][19/Sep/18 16:22:31][19/Sep/18 16:22:31][took 0.0032770000000001 secs]
[>>][5d8259c7da491734438155][DEFAULT][/lib/general/mainPage.php][19/Sep/18 16:22:31]
[<<][5d8259c7da491734438155][DEFAULT][/lib/general/mainPage.php][19/Sep/18 16:22:31][19/Sep/18 16:22:31][took 0.002547 secs]
[>>][5d8259c7daf23983394083][DEFAULT][/lib/general/mainPage.php][19/Sep/18 16:22:31]
	[19/Sep/18 16:22:31][WARNING][oclam0vqngnkt0hecmcclddrt3][GUI - Test Project ID : 21]
		E_NOTICE
Undefined index: platform_view - in /opt/bitnami/apps/testlink/htdocs/gui/templates_c/835a037b28214872edd369779d57f903f1734c6a.file.mainPageLeft.tpl.php - Line 205
[<<][5d8259c7daf23983394083][DEFAULT][/lib/general/mainPage.php][19/Sep/18 16:22:31][19/Sep/18 16:22:31][took 0.057598 secs]
[<<][5d8259ca0433e171888872][DEFAULT][/lib/general/frmWorkArea.php][19/Sep/18 16:22:34][19/Sep/18 16:22:34][took 0.003346 secs]
[>>][5d8259ca05117687471441][DEFAULT][/lib/general/frmWorkArea.php][19/Sep/18 16:22:34]
[<<][5d8259ca05117687471441][DEFAULT][/lib/general/frmWorkArea.php][19/Sep/18 16:22:34][19/Sep/18 16:22:34][took 0.002714 secs]
[>>][5d8259ca05c53468409789][DEFAULT][/lib/general/frmWorkArea.php][19/Sep/18 16:22:34]
[<<][5d8259ca05c53468409789][DEFAULT][/lib/general/frmWorkArea.php][19/Sep/18 16:22:34][19/Sep/18 16:22:34][took 0.000922 secs]
[<<][5d8259ca3fc16074458584][DEFAULT][/lib/requirements/reqSpecListTree.php][19/Sep/18 16:22:34][19/Sep/18 16:22:34][took 0.003495 secs]
[>>][5d8259ca40a77425524132][DEFAULT][/lib/requirements/reqSpecListTree.php][19/Sep/18 16:22:34]
[<<][5d8259ca40a77425524132][DEFAULT][/lib/requirements/reqSpecListTree.php][19/Sep/18 16:22:34][19/Sep/18 16:22:34][took 0.002603 secs]
[>>][5d8259ca41561810705172][DEFAULT][/lib/requirements/reqSpecListTree.php][19/Sep/18 16:22:34]
[<<][5d8259ca41561810705172][DEFAULT][/lib/requirements/reqSpecListTree.php][19/Sep/18 16:22:34][19/Sep/18 16:22:34][took 0.005243 secs]
[<<][5d8259ca51307962385670][DEFAULT][/lib/project/project_req_spec_mgmt.php][19/Sep/18 16:22:34][19/Sep/18 16:22:34][took 0.003302 secs]
[>>][5d8259ca520a9943251116][DEFAULT][/lib/project/project_req_spec_mgmt.php][19/Sep/18 16:22:34]
[<<][5d8259ca520a9943251116][DEFAULT][/lib/project/project_req_spec_mgmt.php][19/Sep/18 16:22:34][19/Sep/18 16:22:34][took 0.002718 secs]
[>>][5d8259ca52bf7917341482][DEFAULT][/lib/project/project_req_spec_mgmt.php][19/Sep/18 16:22:34]
[<<][5d8259ca52bf7917341482][DEFAULT][/lib/project/project_req_spec_mgmt.php][19/Sep/18 16:22:34][19/Sep/18 16:22:34][took 0.000832 secs]
[<<][5d8259cb1bb08728561420][DEFAULT][/lib/ajax/getrequirementnodes.php][19/Sep/18 16:22:35][19/Sep/18 16:22:35][took 0.003292 secs]
[>>][5d8259cb1c8a5986119941][DEFAULT][/lib/ajax/getrequirementnodes.php][19/Sep/18 16:22:35]
[<<][5d8259cb1c8a5986119941][DEFAULT][/lib/ajax/getrequirementnodes.php][19/Sep/18 16:22:35][19/Sep/18 16:22:35][took 0.002563 secs]
[>>][5d8259cb1d348238490792][DEFAULT][/lib/ajax/getrequirementnodes.php][19/Sep/18 16:22:35]
[<<][5d8259cb1d348238490792][DEFAULT][/lib/ajax/getrequirementnodes.php][19/Sep/18 16:22:35][19/Sep/18 16:22:35][took 0.006507 secs]
[<<][5d8259cf577ab003760343][DEFAULT][/index.php][19/Sep/18 16:22:39][19/Sep/18 16:22:39][took 0.003369 secs]
[>>][5d8259cf5859c402956086][DEFAULT][/index.php][19/Sep/18 16:22:39]
[<<][5d8259cf5859c402956086][DEFAULT][/index.php][19/Sep/18 16:22:39][19/Sep/18 16:22:39][took 0.002363 secs]
[<<][5d8259cf80285338606131][DEFAULT][/lib/general/navBar.php][19/Sep/18 16:22:39][19/Sep/18 16:22:39][took 0.0033529999999999 secs]
[>>][5d8259cf81059833298486][DEFAULT][/lib/general/navBar.php][19/Sep/18 16:22:39]
[<<][5d8259cf81059833298486][DEFAULT][/lib/general/navBar.php][19/Sep/18 16:22:39][19/Sep/18 16:22:39][took 0.0026579999999999 secs]
[>>][5d8259cf81b5d497466201][DEFAULT][/lib/general/navBar.php][19/Sep/18 16:22:39]
[<<][5d8259cf81b5d497466201][DEFAULT][/lib/general/navBar.php][19/Sep/18 16:22:39][19/Sep/18 16:22:39][took 0.0083249999999999 secs]
[<<][5d8259cf8c536265868390][DEFAULT][/lib/general/mainPage.php][19/Sep/18 16:22:39][19/Sep/18 16:22:39][took 0.003382 secs]
[>>][5d8259cf8d31d971756377][DEFAULT][/lib/general/mainPage.php][19/Sep/18 16:22:39]
[<<][5d8259cf8d31d971756377][DEFAULT][/lib/general/mainPage.php][19/Sep/18 16:22:39][19/Sep/18 16:22:39][took 0.002848 secs]
[>>][5d8259cf8dedf006855937][DEFAULT][/lib/general/mainPage.php][19/Sep/18 16:22:39]
	[19/Sep/18 16:22:39][WARNING][oclam0vqngnkt0hecmcclddrt3][GUI - Test Project ID : 21]
		E_NOTICE
Undefined index: platform_view - in /opt/bitnami/apps/testlink/htdocs/gui/templates_c/835a037b28214872edd369779d57f903f1734c6a.file.mainPageLeft.tpl.php - Line 205
[<<][5d8259cf8dedf006855937][DEFAULT][/lib/general/mainPage.php][19/Sep/18 16:22:39][19/Sep/18 16:22:39][took 0.060575 secs]
[<<][5d8259d387d88437448684][DEFAULT][/lib/plan/planView.php][19/Sep/18 16:22:43][19/Sep/18 16:22:43][took 0.003318 secs]
[>>][5d8259d388bae691671303][DEFAULT][/lib/plan/planView.php][19/Sep/18 16:22:43]
[<<][5d8259d388bae691671303][DEFAULT][/lib/plan/planView.php][19/Sep/18 16:22:43][19/Sep/18 16:22:43][took 0.0039929999999999 secs]
[>>][5d8259d389be3484001693][DEFAULT][/lib/plan/planView.php][19/Sep/18 16:22:43]
[<<][5d8259d389be3484001693][DEFAULT][/lib/plan/planView.php][19/Sep/18 16:22:43][19/Sep/18 16:22:43][took 0.0075499999999999 secs]
[<<][5d8259dc9d513884009403][DEFAULT][/lib/plan/planEdit.php][19/Sep/18 16:22:52][19/Sep/18 16:22:52][took 0.00363 secs]
[>>][5d8259dc9e401447949359][DEFAULT][/lib/plan/planEdit.php][19/Sep/18 16:22:52]
[<<][5d8259dc9e401447949359][DEFAULT][/lib/plan/planEdit.php][19/Sep/18 16:22:52][19/Sep/18 16:22:52][took 0.002685 secs]
[>>][5d8259dc9ef21945852744][DEFAULT][/lib/plan/planEdit.php][19/Sep/18 16:22:52]
[<<][5d8259dc9ef21945852744][DEFAULT][/lib/plan/planEdit.php][19/Sep/18 16:22:52][19/Sep/18 16:22:52][took 0.0095299999999999 secs]
[<<][5d8259e197873653269597][DEFAULT][/lib/plan/planView.php][19/Sep/18 16:22:57][19/Sep/18 16:22:57][took 0.0036929999999999 secs]
[>>][5d8259e1987a8116293395][DEFAULT][/lib/plan/planView.php][19/Sep/18 16:22:57]
[<<][5d8259e1987a8116293395][DEFAULT][/lib/plan/planView.php][19/Sep/18 16:22:57][19/Sep/18 16:22:57][took 0.0032089999999999 secs]
[>>][5d8259e1994d3892531984][DEFAULT][/lib/plan/planView.php][19/Sep/18 16:22:57]
[<<][5d8259e1994d3892531984][DEFAULT][/lib/plan/planView.php][19/Sep/18 16:22:57][19/Sep/18 16:22:57][took 0.012454 secs]
[<<][5d8259eeaa99c721933204][DEFAULT][/index.php][19/Sep/18 16:23:10][19/Sep/18 16:23:10][took 0.003416 secs]
[>>][5d8259eeab7cc363432435][DEFAULT][/index.php][19/Sep/18 16:23:10]
[<<][5d8259eeab7cc363432435][DEFAULT][/index.php][19/Sep/18 16:23:10][19/Sep/18 16:23:10][took 0.0023919999999999 secs]
[<<][5d8259eed1ae2035978832][DEFAULT][/lib/general/navBar.php][19/Sep/18 16:23:10][19/Sep/18 16:23:10][took 0.003136 secs]
[>>][5d8259eed27d0653673641][DEFAULT][/lib/general/navBar.php][19/Sep/18 16:23:10]
[<<][5d8259eed27d0653673641][DEFAULT][/lib/general/navBar.php][19/Sep/18 16:23:10][19/Sep/18 16:23:10][took 0.002579 secs]
[>>][5d8259eed3282521213338][DEFAULT][/lib/general/navBar.php][19/Sep/18 16:23:10]
[<<][5d8259eed3282521213338][DEFAULT][/lib/general/navBar.php][19/Sep/18 16:23:10][19/Sep/18 16:23:10][took 0.004322 secs]
[<<][5d8259eede1d3603957233][DEFAULT][/lib/general/mainPage.php][19/Sep/18 16:23:10][19/Sep/18 16:23:10][took 0.003053 secs]
[>>][5d8259eedee66669942445][DEFAULT][/lib/general/mainPage.php][19/Sep/18 16:23:10]
[<<][5d8259eedee66669942445][DEFAULT][/lib/general/mainPage.php][19/Sep/18 16:23:10][19/Sep/18 16:23:10][took 0.002548 secs]
[>>][5d8259eedf8f9600021915][DEFAULT][/lib/general/mainPage.php][19/Sep/18 16:23:10]
	[19/Sep/18 16:23:10][WARNING][oclam0vqngnkt0hecmcclddrt3][GUI - Test Project ID : 21]
		E_NOTICE
Undefined index: platform_view - in /opt/bitnami/apps/testlink/htdocs/gui/templates_c/835a037b28214872edd369779d57f903f1734c6a.file.mainPageLeft.tpl.php - Line 205
[<<][5d8259eedf8f9600021915][DEFAULT][/lib/general/mainPage.php][19/Sep/18 16:23:10][19/Sep/18 16:23:10][took 0.05792 secs]
[<<][5d8259fd24efb081534604][DEFAULT][/lib/general/frmWorkArea.php][19/Sep/18 16:23:25][19/Sep/18 16:23:25][took 0.003385 secs]
[>>][5d8259fd25cf8049167256][DEFAULT][/lib/general/frmWorkArea.php][19/Sep/18 16:23:25]
[<<][5d8259fd25cf8049167256][DEFAULT][/lib/general/frmWorkArea.php][19/Sep/18 16:23:25][19/Sep/18 16:23:25][took 0.002646 secs]
[>>][5d8259fd267f0784432018][DEFAULT][/lib/general/frmWorkArea.php][19/Sep/18 16:23:25]
[<<][5d8259fd267f0784432018][DEFAULT][/lib/general/frmWorkArea.php][19/Sep/18 16:23:25][19/Sep/18 16:23:25][took 0.007034 secs]
[<<][5d8259fd49ab2639451650][DEFAULT][/lib/results/resultsNavigator.php][19/Sep/18 16:23:25][19/Sep/18 16:23:25][took 0.003526 secs]
[>>][5d8259fd4a947109999484][DEFAULT][/lib/results/resultsNavigator.php][19/Sep/18 16:23:25]
[<<][5d8259fd4a947109999484][DEFAULT][/lib/results/resultsNavigator.php][19/Sep/18 16:23:25][19/Sep/18 16:23:25][took 0.002461 secs]
[>>][5d8259fd4b385501117607][DEFAULT][/lib/results/resultsNavigator.php][19/Sep/18 16:23:25]
	[19/Sep/18 16:23:25][L18N][oclam0vqngnkt0hecmcclddrt3][GUI - Test Project ID : 21]
		string 'link_report_test_flat_custom' is not localized for locale 'en_GB' 
	[19/Sep/18 16:23:25][L18N][oclam0vqngnkt0hecmcclddrt3][GUI - Test Project ID : 21]
		string 'format_pds' is not localized for locale 'en_GB' 
[<<][5d8259fd4b385501117607][DEFAULT][/lib/results/resultsNavigator.php][19/Sep/18 16:23:25][19/Sep/18 16:23:25][took 0.086092 secs]
[<<][5d8259fd55ef4671358172][DEFAULT][/lib/general/staticPage.php][19/Sep/18 16:23:25][19/Sep/18 16:23:25][took 0.076116 secs]
[>>][5d8259fd688eb515183381][DEFAULT][/lib/general/staticPage.php][19/Sep/18 16:23:25]
[<<][5d8259fd688eb515183381][DEFAULT][/lib/general/staticPage.php][19/Sep/18 16:23:25][19/Sep/18 16:23:25][took 0.00823 secs]
[>>][5d8259fd6a9af572294254][DEFAULT][/lib/general/staticPage.php][19/Sep/18 16:23:25]
[<<][5d8259fd6a9af572294254][DEFAULT][/lib/general/staticPage.php][19/Sep/18 16:23:25][19/Sep/18 16:23:25][took 0.000919 secs]
[<<][5d8259fdadefb604568253][DEFAULT][/lib/general/staticPage.php][19/Sep/18 16:23:25][19/Sep/18 16:23:25][took 0.0032489999999999 secs]
[>>][5d8259fdaec60838080397][DEFAULT][/lib/general/staticPage.php][19/Sep/18 16:23:25]
[<<][5d8259fdaec60838080397][DEFAULT][/lib/general/staticPage.php][19/Sep/18 16:23:25][19/Sep/18 16:23:25][took 0.002657 secs]
[>>][5d8259fdaf770466885361][DEFAULT][/lib/general/staticPage.php][19/Sep/18 16:23:25]
[<<][5d8259fdaf770466885361][DEFAULT][/lib/general/staticPage.php][19/Sep/18 16:23:25][19/Sep/18 16:23:25][took 0.001378 secs]
[<<][5d825a086818c160254010][DEFAULT][/lib/results/printDocOptions.php][19/Sep/18 16:23:36][19/Sep/18 16:23:36][took 0.003289 secs]
[>>][5d825a0868f2b068778299][DEFAULT][/lib/results/printDocOptions.php][19/Sep/18 16:23:36]
[<<][5d825a0868f2b068778299][DEFAULT][/lib/results/printDocOptions.php][19/Sep/18 16:23:36][19/Sep/18 16:23:36][took 0.002595 secs]
[>>][5d825a08699ed461632481][DEFAULT][/lib/results/printDocOptions.php][19/Sep/18 16:23:36]
[<<][5d825a08699ed461632481][DEFAULT][/lib/results/printDocOptions.php][19/Sep/18 16:23:36][19/Sep/18 16:23:36][took 0.292198 secs]
[<<][5d825a10ae60e476494916][DEFAULT][/index.php][19/Sep/18 16:23:44][19/Sep/18 16:23:44][took 0.003039 secs]
[>>][5d825a10af335578924084][DEFAULT][/index.php][19/Sep/18 16:23:44]
[<<][5d825a10af335578924084][DEFAULT][/index.php][19/Sep/18 16:23:44][19/Sep/18 16:23:44][took 0.002045 secs]
[<<][5d825a10d30e3752453768][DEFAULT][/lib/general/navBar.php][19/Sep/18 16:23:44][19/Sep/18 16:23:44][took 0.002783 secs]
[>>][5d825a10d3c6d803213146][DEFAULT][/lib/general/navBar.php][19/Sep/18 16:23:44]
[<<][5d825a10d3c6d803213146][DEFAULT][/lib/general/navBar.php][19/Sep/18 16:23:44][19/Sep/18 16:23:44][took 0.0020020000000001 secs]
[>>][5d825a10d53fe755912850][DEFAULT][/lib/general/navBar.php][19/Sep/18 16:23:44]
[<<][5d825a10d53fe755912850][DEFAULT][/lib/general/navBar.php][19/Sep/18 16:23:44][19/Sep/18 16:23:44][took 0.004782 secs]
[<<][5d825a10e26d1570503891][DEFAULT][/lib/general/mainPage.php][19/Sep/18 16:23:44][19/Sep/18 16:23:44][took 0.002658 secs]
[>>][5d825a10e31d6072596593][DEFAULT][/lib/general/mainPage.php][19/Sep/18 16:23:44]
[<<][5d825a10e31d6072596593][DEFAULT][/lib/general/mainPage.php][19/Sep/18 16:23:44][19/Sep/18 16:23:44][took 0.002159 secs]
[>>][5d825a10e3acf754134806][DEFAULT][/lib/general/mainPage.php][19/Sep/18 16:23:44]
	[19/Sep/18 16:23:44][WARNING][oclam0vqngnkt0hecmcclddrt3][GUI - Test Project ID : 21]
		E_NOTICE
Undefined index: platform_view - in /opt/bitnami/apps/testlink/htdocs/gui/templates_c/835a037b28214872edd369779d57f903f1734c6a.file.mainPageLeft.tpl.php - Line 205
[<<][5d825a10e3acf754134806][DEFAULT][/lib/general/mainPage.php][19/Sep/18 16:23:44][19/Sep/18 16:23:45][took 0.07126 secs]
[<<][5d825a1423bd1656601574][DEFAULT][/lib/general/frmWorkArea.php][19/Sep/18 16:23:48][19/Sep/18 16:23:48][took 0.002766 secs]
[>>][5d825a142475d440541712][DEFAULT][/lib/general/frmWorkArea.php][19/Sep/18 16:23:48]
[<<][5d825a142475d440541712][DEFAULT][/lib/general/frmWorkArea.php][19/Sep/18 16:23:48][19/Sep/18 16:23:48][took 0.002129 secs]
[>>][5d825a1425046467965871][DEFAULT][/lib/general/frmWorkArea.php][19/Sep/18 16:23:48]
[<<][5d825a1425046467965871][DEFAULT][/lib/general/frmWorkArea.php][19/Sep/18 16:23:48][19/Sep/18 16:23:48][took 0.00082699999999999 secs]
[<<][5d825a144913b906884388][DEFAULT][/lib/requirements/reqSpecListTree.php][19/Sep/18 16:23:48][19/Sep/18 16:23:48][took 0.002769 secs]
[>>][5d825a1449cc0688481341][DEFAULT][/lib/requirements/reqSpecListTree.php][19/Sep/18 16:23:48]
[<<][5d825a1449cc0688481341][DEFAULT][/lib/requirements/reqSpecListTree.php][19/Sep/18 16:23:48][19/Sep/18 16:23:48][took 0.00199 secs]
[>>][5d825a144a510636455590][DEFAULT][/lib/requirements/reqSpecListTree.php][19/Sep/18 16:23:48]
[<<][5d825a144a510636455590][DEFAULT][/lib/requirements/reqSpecListTree.php][19/Sep/18 16:23:48][19/Sep/18 16:23:48][took 0.009129 secs]
[<<][5d825a14492e9501461175][DEFAULT][/lib/project/project_req_spec_mgmt.php][19/Sep/18 16:23:48][19/Sep/18 16:23:48][took 0.029683 secs]
[>>][5d825a1450796956302778][DEFAULT][/lib/project/project_req_spec_mgmt.php][19/Sep/18 16:23:48]
[<<][5d825a1450796956302778][DEFAULT][/lib/project/project_req_spec_mgmt.php][19/Sep/18 16:23:48][19/Sep/18 16:23:48][took 0.002024 secs]
[>>][5d825a145100d572066135][DEFAULT][/lib/project/project_req_spec_mgmt.php][19/Sep/18 16:23:48]
[<<][5d825a145100d572066135][DEFAULT][/lib/project/project_req_spec_mgmt.php][19/Sep/18 16:23:48][19/Sep/18 16:23:48][took 0.00088199999999999 secs]
[<<][5d825a1513b7b827380792][DEFAULT][/lib/ajax/getrequirementnodes.php][19/Sep/18 16:23:49][19/Sep/18 16:23:49][took 0.002732 secs]
[>>][5d825a15146d2233595810][DEFAULT][/lib/ajax/getrequirementnodes.php][19/Sep/18 16:23:49]
[<<][5d825a15146d2233595810][DEFAULT][/lib/ajax/getrequirementnodes.php][19/Sep/18 16:23:49][19/Sep/18 16:23:49][took 0.006562 secs]
[>>][5d825a1516112749539671][DEFAULT][/lib/ajax/getrequirementnodes.php][19/Sep/18 16:23:49]
[<<][5d825a1516112749539671][DEFAULT][/lib/ajax/getrequirementnodes.php][19/Sep/18 16:23:49][19/Sep/18 16:23:49][took 0.00689 secs]
[<<][5d825a16df93a619110698][DEFAULT][/lib/ajax/getrequirementnodes.php][19/Sep/18 16:23:50][19/Sep/18 16:23:50][took 0.002771 secs]
[>>][5d825a16e04c6978540725][DEFAULT][/lib/ajax/getrequirementnodes.php][19/Sep/18 16:23:50]
[<<][5d825a16e04c6978540725][DEFAULT][/lib/ajax/getrequirementnodes.php][19/Sep/18 16:23:50][19/Sep/18 16:23:50][took 0.0021650000000001 secs]
[>>][5d825a16e0dc7066450671][DEFAULT][/lib/ajax/getrequirementnodes.php][19/Sep/18 16:23:50]
[<<][5d825a16e0dc7066450671][DEFAULT][/lib/ajax/getrequirementnodes.php][19/Sep/18 16:23:50][19/Sep/18 16:23:50][took 0.004254 secs]
[<<][5d825a1e7df8e758160812][DEFAULT][/lib/general/mainPage.php][19/Sep/18 16:23:58][19/Sep/18 16:23:58][took 0.0035890000000001 secs]
[>>][5d825a1e7ee80705674786][DEFAULT][/lib/general/mainPage.php][19/Sep/18 16:23:58]
[<<][5d825a1e7ee80705674786][DEFAULT][/lib/general/mainPage.php][19/Sep/18 16:23:58][19/Sep/18 16:23:58][took 0.002625 secs]
[>>][5d825a1e7f961940282713][DEFAULT][/lib/general/mainPage.php][19/Sep/18 16:23:58]
	[19/Sep/18 16:23:58][WARNING][oclam0vqngnkt0hecmcclddrt3][GUI - Test Project ID : 21]
		E_NOTICE
Undefined index: platform_view - in /opt/bitnami/apps/testlink/htdocs/gui/templates_c/835a037b28214872edd369779d57f903f1734c6a.file.mainPageLeft.tpl.php - Line 205
[<<][5d825a1e7f961940282713][DEFAULT][/lib/general/mainPage.php][19/Sep/18 16:23:58][19/Sep/18 16:23:58][took 0.058995 secs]
[<<][5d825a20a564a610241992][DEFAULT][/index.php][19/Sep/18 16:24:00][19/Sep/18 16:24:00][took 0.003426 secs]
[>>][5d825a20a649d478513221][DEFAULT][/index.php][19/Sep/18 16:24:00]
[<<][5d825a20a649d478513221][DEFAULT][/index.php][19/Sep/18 16:24:00][19/Sep/18 16:24:00][took 0.0023879999999999 secs]
[<<][5d825a20c93d3486494245][DEFAULT][/lib/general/navBar.php][19/Sep/18 16:24:00][19/Sep/18 16:24:00][took 0.003139 secs]
[>>][5d825a20ca0d2627997027][DEFAULT][/lib/general/navBar.php][19/Sep/18 16:24:00]
[<<][5d825a20ca0d2627997027][DEFAULT][/lib/general/navBar.php][19/Sep/18 16:24:00][19/Sep/18 16:24:00][took 0.002667 secs]
[>>][5d825a20cabde193566985][DEFAULT][/lib/general/navBar.php][19/Sep/18 16:24:00]
[<<][5d825a20cabde193566985][DEFAULT][/lib/general/navBar.php][19/Sep/18 16:24:00][19/Sep/18 16:24:00][took 0.004281 secs]
[<<][5d825a20d5120240763716][DEFAULT][/lib/general/frmWorkArea.php][19/Sep/18 16:24:00][19/Sep/18 16:24:00][took 0.0031819999999999 secs]
[>>][5d825a20d5e3f929572634][DEFAULT][/lib/general/frmWorkArea.php][19/Sep/18 16:24:00]
[<<][5d825a20d5e3f929572634][DEFAULT][/lib/general/frmWorkArea.php][19/Sep/18 16:24:00][19/Sep/18 16:24:00][took 0.002274 secs]
[>>][5d825a20d67b9723827157][DEFAULT][/lib/general/frmWorkArea.php][19/Sep/18 16:24:00]
[<<][5d825a20d67b9723827157][DEFAULT][/lib/general/frmWorkArea.php][19/Sep/18 16:24:00][19/Sep/18 16:24:00][took 0.002146 secs]
[<<][5d825a211bb5a767328558][DEFAULT][/lib/results/resultsNavigator.php][19/Sep/18 16:24:01][19/Sep/18 16:24:01][took 0.003323 secs]
[>>][5d825a211c909570881813][DEFAULT][/lib/results/resultsNavigator.php][19/Sep/18 16:24:01]
[<<][5d825a211c909570881813][DEFAULT][/lib/results/resultsNavigator.php][19/Sep/18 16:24:01][19/Sep/18 16:24:01][took 0.002972 secs]
[>>][5d825a211d545050680398][DEFAULT][/lib/results/resultsNavigator.php][19/Sep/18 16:24:01]
[<<][5d825a211d545050680398][DEFAULT][/lib/results/resultsNavigator.php][19/Sep/18 16:24:01][19/Sep/18 16:24:01][took 0.007066 secs]
[<<][5d825a211e0a2165908624][DEFAULT][/lib/general/staticPage.php][19/Sep/18 16:24:01][19/Sep/18 16:24:01][took 0.011306 secs]
[>>][5d825a2120d6f161094331][DEFAULT][/lib/general/staticPage.php][19/Sep/18 16:24:01]
[<<][5d825a2120d6f161094331][DEFAULT][/lib/general/staticPage.php][19/Sep/18 16:24:01][19/Sep/18 16:24:01][took 0.002978 secs]
[>>][5d825a212199c249861547][DEFAULT][/lib/general/staticPage.php][19/Sep/18 16:24:01]
[<<][5d825a212199c249861547][DEFAULT][/lib/general/staticPage.php][19/Sep/18 16:24:01][19/Sep/18 16:24:01][took 0.000781 secs]
[<<][5d825a21c974d669677032][DEFAULT][/lib/general/staticPage.php][19/Sep/18 16:24:01][19/Sep/18 16:24:01][took 0.0035149999999999 secs]
[>>][5d825a21ca5dd254204500][DEFAULT][/lib/general/staticPage.php][19/Sep/18 16:24:01]
[<<][5d825a21ca5dd254204500][DEFAULT][/lib/general/staticPage.php][19/Sep/18 16:24:01][19/Sep/18 16:24:01][took 0.002529 secs]
[>>][5d825a21cb083501811159][DEFAULT][/lib/general/staticPage.php][19/Sep/18 16:24:01]
[<<][5d825a21cb083501811159][DEFAULT][/lib/general/staticPage.php][19/Sep/18 16:24:01][19/Sep/18 16:24:01][took 0.00088200000000005 secs]
[<<][5d825a2533cc7345942272][DEFAULT][/lib/results/printDocOptions.php][19/Sep/18 16:24:05][19/Sep/18 16:24:05][took 0.003252 secs]
[>>][5d825a2534a47981264064][DEFAULT][/lib/results/printDocOptions.php][19/Sep/18 16:24:05]
[<<][5d825a2534a47981264064][DEFAULT][/lib/results/printDocOptions.php][19/Sep/18 16:24:05][19/Sep/18 16:24:05][took 0.002637 secs]
[>>][5d825a2535539515599617][DEFAULT][/lib/results/printDocOptions.php][19/Sep/18 16:24:05]
[<<][5d825a2535539515599617][DEFAULT][/lib/results/printDocOptions.php][19/Sep/18 16:24:05][19/Sep/18 16:24:05][took 0.043357 secs]
[<<][5d825a27ad164461033708][DEFAULT][/lib/results/printDocument.php][19/Sep/18 16:24:07][19/Sep/18 16:24:07][took 0.003691 secs]
[>>][5d825a27ae0ab527798786][DEFAULT][/lib/results/printDocument.php][19/Sep/18 16:24:07]
[<<][5d825a27ae0ab527798786][DEFAULT][/lib/results/printDocument.php][19/Sep/18 16:24:07][19/Sep/18 16:24:07][took 0.0025700000000001 secs]
[>>][5d825a27aeb56896078306][DEFAULT][/lib/results/printDocument.php][19/Sep/18 16:24:07]
[<<][5d825a27aeb56896078306][DEFAULT][/lib/results/printDocument.php][19/Sep/18 16:24:07][19/Sep/18 16:24:08][took 0.722685 secs]
[<<][5d825a324c92a157013953][DEFAULT][/lib/results/printDocOptions.php][19/Sep/18 16:24:18][19/Sep/18 16:24:18][took 0.003174 secs]
[>>][5d825a324d661645893667][DEFAULT][/lib/results/printDocOptions.php][19/Sep/18 16:24:18]
[<<][5d825a324d661645893667][DEFAULT][/lib/results/printDocOptions.php][19/Sep/18 16:24:18][19/Sep/18 16:24:18][took 0.002515 secs]
[>>][5d825a324e0db712628465][DEFAULT][/lib/results/printDocOptions.php][19/Sep/18 16:24:18]
[<<][5d825a324e0db712628465][DEFAULT][/lib/results/printDocOptions.php][19/Sep/18 16:24:18][19/Sep/18 16:24:18][took 0.041466 secs]
[<<][5d825a343afd6986136033][DEFAULT][/lib/results/printDocument.php][19/Sep/18 16:24:20][19/Sep/18 16:24:20][took 0.003237 secs]
[>>][5d825a343bd3f689745099][DEFAULT][/lib/results/printDocument.php][19/Sep/18 16:24:20]
[<<][5d825a343bd3f689745099][DEFAULT][/lib/results/printDocument.php][19/Sep/18 16:24:20][19/Sep/18 16:24:20][took 0.00269 secs]
[>>][5d825a343c855869000968][DEFAULT][/lib/results/printDocument.php][19/Sep/18 16:24:20]
[<<][5d825a343c855869000968][DEFAULT][/lib/results/printDocument.php][19/Sep/18 16:24:20][19/Sep/18 16:24:20][took 0.071518 secs]
[<<][5d825a3a3ed16149819916][DEFAULT][/lib/results/printDocOptions.php][19/Sep/18 16:24:26][19/Sep/18 16:24:26][took 0.003096 secs]
[>>][5d825a3a3fa3d288591451][DEFAULT][/lib/results/printDocOptions.php][19/Sep/18 16:24:26]
[<<][5d825a3a3fa3d288591451][DEFAULT][/lib/results/printDocOptions.php][19/Sep/18 16:24:26][19/Sep/18 16:24:26][took 0.002492 secs]
[>>][5d825a3a4049e678536814][DEFAULT][/lib/results/printDocOptions.php][19/Sep/18 16:24:26]
[<<][5d825a3a4049e678536814][DEFAULT][/lib/results/printDocOptions.php][19/Sep/18 16:24:26][19/Sep/18 16:24:26][took 0.04342 secs]
[<<][5d825a4179cf7153661525][DEFAULT][/lib/results/printDocument.php][19/Sep/18 16:24:33][19/Sep/18 16:24:33][took 0.0038629999999999 secs]
[>>][5d825a417acdb059592795][DEFAULT][/lib/results/printDocument.php][19/Sep/18 16:24:33]
[<<][5d825a417acdb059592795][DEFAULT][/lib/results/printDocument.php][19/Sep/18 16:24:33][19/Sep/18 16:24:33][took 0.0032110000000001 secs]
[>>][5d825a417ba07159899997][DEFAULT][/lib/results/printDocument.php][19/Sep/18 16:24:33]
[<<][5d825a417ba07159899997][DEFAULT][/lib/results/printDocument.php][19/Sep/18 16:24:33][19/Sep/18 16:24:34][took 0.938271 secs]
[<<][5d825a56889ef231265271][DEFAULT][/lib/general/frmWorkArea.php][19/Sep/18 16:24:54][19/Sep/18 16:24:54][took 0.0040359999999999 secs]
[>>][5d825a5689a77276867484][DEFAULT][/lib/general/frmWorkArea.php][19/Sep/18 16:24:54]
[<<][5d825a5689a77276867484][DEFAULT][/lib/general/frmWorkArea.php][19/Sep/18 16:24:54][19/Sep/18 16:24:54][took 0.0025029999999999 secs]
[>>][5d825a568a4e1230178890][DEFAULT][/lib/general/frmWorkArea.php][19/Sep/18 16:24:54]
[<<][5d825a568a4e1230178890][DEFAULT][/lib/general/frmWorkArea.php][19/Sep/18 16:24:54][19/Sep/18 16:24:54][took 0.002155 secs]
[<<][5d825a56a7b63418388358][DEFAULT][/lib/results/resultsNavigator.php][19/Sep/18 16:24:54][19/Sep/18 16:24:54][took 0.003989 secs]
[>>][5d825a56a8c47724074296][DEFAULT][/lib/results/resultsNavigator.php][19/Sep/18 16:24:54]
[<<][5d825a56a8c47724074296][DEFAULT][/lib/results/resultsNavigator.php][19/Sep/18 16:24:54][19/Sep/18 16:24:54][took 0.0026010000000001 secs]
[>>][5d825a56a970f475376826][DEFAULT][/lib/results/resultsNavigator.php][19/Sep/18 16:24:54]
[<<][5d825a56a970f475376826][DEFAULT][/lib/results/resultsNavigator.php][19/Sep/18 16:24:54][19/Sep/18 16:24:54][took 0.009117 secs]
[<<][5d825a56b4428023553099][DEFAULT][/lib/general/staticPage.php][19/Sep/18 16:24:54][19/Sep/18 16:24:54][took 0.0028590000000001 secs]
[>>][5d825a56b502d836600396][DEFAULT][/lib/general/staticPage.php][19/Sep/18 16:24:54]
[<<][5d825a56b502d836600396][DEFAULT][/lib/general/staticPage.php][19/Sep/18 16:24:54][19/Sep/18 16:24:54][took 0.0021420000000001 secs]
[>>][5d825a56b5922522906115][DEFAULT][/lib/general/staticPage.php][19/Sep/18 16:24:54]
[<<][5d825a56b5922522906115][DEFAULT][/lib/general/staticPage.php][19/Sep/18 16:24:54][19/Sep/18 16:24:54][took 0.0013580000000001 secs]
[<<][5d825a5706a57716398396][DEFAULT][/lib/general/staticPage.php][19/Sep/18 16:24:55][19/Sep/18 16:24:55][took 0.003425 secs]
[>>][5d825a570787f697923873][DEFAULT][/lib/general/staticPage.php][19/Sep/18 16:24:55]
[<<][5d825a570787f697923873][DEFAULT][/lib/general/staticPage.php][19/Sep/18 16:24:55][19/Sep/18 16:24:55][took 0.002703 secs]
[>>][5d825a57083ad520174606][DEFAULT][/lib/general/staticPage.php][19/Sep/18 16:24:55]
[<<][5d825a57083ad520174606][DEFAULT][/lib/general/staticPage.php][19/Sep/18 16:24:55][19/Sep/18 16:24:55][took 0.001182 secs]
[<<][5d825a5ee896c111115946][DEFAULT][/index.php][19/Sep/18 16:25:02][19/Sep/18 16:25:02][took 0.003938 secs]
[>>][5d825a5ee9997137208689][DEFAULT][/index.php][19/Sep/18 16:25:02]
[<<][5d825a5ee9997137208689][DEFAULT][/index.php][19/Sep/18 16:25:02][19/Sep/18 16:25:02][took 0.0029119999999999 secs]
[<<][5d825a5f19bf6689400972][DEFAULT][/lib/general/navBar.php][19/Sep/18 16:25:03][19/Sep/18 16:25:03][took 0.003398 secs]
[>>][5d825a5f1a9fd174952539][DEFAULT][/lib/general/navBar.php][19/Sep/18 16:25:03]
[<<][5d825a5f1a9fd174952539][DEFAULT][/lib/general/navBar.php][19/Sep/18 16:25:03][19/Sep/18 16:25:03][took 0.002636 secs]
[>>][5d825a5f1b4f1027968006][DEFAULT][/lib/general/navBar.php][19/Sep/18 16:25:03]
[<<][5d825a5f1b4f1027968006][DEFAULT][/lib/general/navBar.php][19/Sep/18 16:25:03][19/Sep/18 16:25:03][took 0.004388 secs]
[<<][5d825a5f2582b850801750][DEFAULT][/lib/general/mainPage.php][19/Sep/18 16:25:03][19/Sep/18 16:25:03][took 0.003302 secs]
[>>][5d825a5f265c2304843077][DEFAULT][/lib/general/mainPage.php][19/Sep/18 16:25:03]
[<<][5d825a5f265c2304843077][DEFAULT][/lib/general/mainPage.php][19/Sep/18 16:25:03][19/Sep/18 16:25:03][took 0.002345 secs]
[>>][5d825a5f26f87935985164][DEFAULT][/lib/general/mainPage.php][19/Sep/18 16:25:03]
	[19/Sep/18 16:25:03][WARNING][oclam0vqngnkt0hecmcclddrt3][GUI - Test Project ID : 21]
		E_NOTICE
Undefined index: platform_view - in /opt/bitnami/apps/testlink/htdocs/gui/templates_c/835a037b28214872edd369779d57f903f1734c6a.file.mainPageLeft.tpl.php - Line 205
[<<][5d825a5f26f87935985164][DEFAULT][/lib/general/mainPage.php][19/Sep/18 16:25:03][19/Sep/18 16:25:03][took 0.047724 secs]
[<<][5d825a6947382274229494][DEFAULT][/lib/testcases/tcAssignedToUser.php][19/Sep/18 16:25:13][19/Sep/18 16:25:13][took 0.003509 secs]
[>>][5d825a69481fc572920148][DEFAULT][/lib/testcases/tcAssignedToUser.php][19/Sep/18 16:25:13]
[<<][5d825a69481fc572920148][DEFAULT][/lib/testcases/tcAssignedToUser.php][19/Sep/18 16:25:13][19/Sep/18 16:25:13][took 0.003177 secs]
[>>][5d825a6948f06692929138][DEFAULT][/lib/testcases/tcAssignedToUser.php][19/Sep/18 16:25:13]
[<<][5d825a6948f06692929138][DEFAULT][/lib/testcases/tcAssignedToUser.php][19/Sep/18 16:25:13][19/Sep/18 16:25:13][took 0.021414 secs]
[<<][5d825a6b8a8fe287192689][DEFAULT][/index.php][19/Sep/18 16:25:15][19/Sep/18 16:25:15][took 0.003543 secs]
[>>][5d825a6b8b7a3333605609][DEFAULT][/index.php][19/Sep/18 16:25:15]
[<<][5d825a6b8b7a3333605609][DEFAULT][/index.php][19/Sep/18 16:25:15][19/Sep/18 16:25:15][took 0.0027440000000001 secs]
[<<][5d825a6bab78b906395673][DEFAULT][/lib/general/navBar.php][19/Sep/18 16:25:15][19/Sep/18 16:25:15][took 0.003525 secs]
[>>][5d825a6bac610576576731][DEFAULT][/lib/general/navBar.php][19/Sep/18 16:25:15]
[<<][5d825a6bac610576576731][DEFAULT][/lib/general/navBar.php][19/Sep/18 16:25:15][19/Sep/18 16:25:15][took 0.0024559999999999 secs]
[>>][5d825a6bad046515648023][DEFAULT][/lib/general/navBar.php][19/Sep/18 16:25:15]
[<<][5d825a6bad046515648023][DEFAULT][/lib/general/navBar.php][19/Sep/18 16:25:15][19/Sep/18 16:25:15][took 0.003757 secs]
[<<][5d825a6bbab03647124356][DEFAULT][/lib/general/mainPage.php][19/Sep/18 16:25:15][19/Sep/18 16:25:15][took 0.003297 secs]
[>>][5d825a6bbb88b173643752][DEFAULT][/lib/general/mainPage.php][19/Sep/18 16:25:15]
[<<][5d825a6bbb88b173643752][DEFAULT][/lib/general/mainPage.php][19/Sep/18 16:25:15][19/Sep/18 16:25:15][took 0.002447 secs]
[>>][5d825a6bbc2bb551826673][DEFAULT][/lib/general/mainPage.php][19/Sep/18 16:25:15]
	[19/Sep/18 16:25:15][WARNING][oclam0vqngnkt0hecmcclddrt3][GUI - Test Project ID : 21]
		E_NOTICE
Undefined index: platform_view - in /opt/bitnami/apps/testlink/htdocs/gui/templates_c/835a037b28214872edd369779d57f903f1734c6a.file.mainPageLeft.tpl.php - Line 205
[<<][5d825a6bbc2bb551826673][DEFAULT][/lib/general/mainPage.php][19/Sep/18 16:25:15][19/Sep/18 16:25:15][took 0.046268 secs]
[<<][5d825a7fab83f510975357][DEFAULT][/lib/general/mainPage.php][19/Sep/18 16:25:35][19/Sep/18 16:25:35][took 0.003452 secs]
[>>][5d825a7fac69a868890066][DEFAULT][/lib/general/mainPage.php][19/Sep/18 16:25:35]
[<<][5d825a7fac69a868890066][DEFAULT][/lib/general/mainPage.php][19/Sep/18 16:25:35][19/Sep/18 16:25:35][took 0.01158 secs]
[>>][5d825a7faf477969287750][DEFAULT][/lib/general/mainPage.php][19/Sep/18 16:25:35]
	[19/Sep/18 16:25:35][WARNING][oclam0vqngnkt0hecmcclddrt3][GUI - Test Project ID : 21]
		E_NOTICE
Undefined index: platform_view - in /opt/bitnami/apps/testlink/htdocs/gui/templates_c/835a037b28214872edd369779d57f903f1734c6a.file.mainPageLeft.tpl.php - Line 205
[<<][5d825a7faf477969287750][DEFAULT][/lib/general/mainPage.php][19/Sep/18 16:25:35][19/Sep/18 16:25:35][took 0.052732 secs]
[<<][5d825a8495ba0728633861][DEFAULT][/lib/general/frmWorkArea.php][19/Sep/18 16:25:40][19/Sep/18 16:25:40][took 0.0034770000000001 secs]
[>>][5d825a84969fb358622489][DEFAULT][/lib/general/frmWorkArea.php][19/Sep/18 16:25:40]
[<<][5d825a84969fb358622489][DEFAULT][/lib/general/frmWorkArea.php][19/Sep/18 16:25:40][19/Sep/18 16:25:40][took 0.0025470000000001 secs]
[>>][5d825a8497495560365203][DEFAULT][/lib/general/frmWorkArea.php][19/Sep/18 16:25:40]
[<<][5d825a8497495560365203][DEFAULT][/lib/general/frmWorkArea.php][19/Sep/18 16:25:40][19/Sep/18 16:25:40][took 0.0029750000000001 secs]
[<<][5d825a84cf7fa570439899][DEFAULT][/lib/results/resultsNavigator.php][19/Sep/18 16:25:40][19/Sep/18 16:25:40][took 0.0034580000000001 secs]
[>>][5d825a84d064b432961766][DEFAULT][/lib/results/resultsNavigator.php][19/Sep/18 16:25:40]
[<<][5d825a84d064b432961766][DEFAULT][/lib/results/resultsNavigator.php][19/Sep/18 16:25:40][19/Sep/18 16:25:40][took 0.002628 secs]
[>>][5d825a84d112d550233981][DEFAULT][/lib/results/resultsNavigator.php][19/Sep/18 16:25:40]
[<<][5d825a84d112d550233981][DEFAULT][/lib/results/resultsNavigator.php][19/Sep/18 16:25:40][19/Sep/18 16:25:40][took 0.0060020000000001 secs]
[<<][5d825a84db4e8830096315][DEFAULT][/lib/general/staticPage.php][19/Sep/18 16:25:40][19/Sep/18 16:25:40][took 0.0029399999999999 secs]
[>>][5d825a84dc110287066087][DEFAULT][/lib/general/staticPage.php][19/Sep/18 16:25:40]
[<<][5d825a84dc110287066087][DEFAULT][/lib/general/staticPage.php][19/Sep/18 16:25:40][19/Sep/18 16:25:40][took 0.002128 secs]
[>>][5d825a84dca16915701238][DEFAULT][/lib/general/staticPage.php][19/Sep/18 16:25:40]
[<<][5d825a84dca16915701238][DEFAULT][/lib/general/staticPage.php][19/Sep/18 16:25:40][19/Sep/18 16:25:40][took 0.00116 secs]
[<<][5d825a853dc39277246737][DEFAULT][/lib/general/staticPage.php][19/Sep/18 16:25:41][19/Sep/18 16:25:41][took 0.003427 secs]
[>>][5d825a853ea62526396151][DEFAULT][/lib/general/staticPage.php][19/Sep/18 16:25:41]
[<<][5d825a853ea62526396151][DEFAULT][/lib/general/staticPage.php][19/Sep/18 16:25:41][19/Sep/18 16:25:41][took 0.002666 secs]
[>>][5d825a853f56c149843721][DEFAULT][/lib/general/staticPage.php][19/Sep/18 16:25:41]
[<<][5d825a853f56c149843721][DEFAULT][/lib/general/staticPage.php][19/Sep/18 16:25:41][19/Sep/18 16:25:41][took 0.001386 secs]
[<<][5d825a884f465909637473][DEFAULT][/lib/results/printDocOptions.php][19/Sep/18 16:25:44][19/Sep/18 16:25:44][took 0.003442 secs]
[>>][5d825a88502a1688315522][DEFAULT][/lib/results/printDocOptions.php][19/Sep/18 16:25:44]
[<<][5d825a88502a1688315522][DEFAULT][/lib/results/printDocOptions.php][19/Sep/18 16:25:44][19/Sep/18 16:25:44][took 0.002997 secs]
[>>][5d825a8850ef5961022584][DEFAULT][/lib/results/printDocOptions.php][19/Sep/18 16:25:44]
[<<][5d825a8850ef5961022584][DEFAULT][/lib/results/printDocOptions.php][19/Sep/18 16:25:44][19/Sep/18 16:25:44][took 0.256595 secs]
[<<][5d825a8e3a393533737178][DEFAULT][/lib/results/printDocument.php][19/Sep/18 16:25:50][19/Sep/18 16:25:50][took 0.003813 secs]
[>>][5d825a8e3b357160213962][DEFAULT][/lib/results/printDocument.php][19/Sep/18 16:25:50]
[<<][5d825a8e3b357160213962][DEFAULT][/lib/results/printDocument.php][19/Sep/18 16:25:50][19/Sep/18 16:25:50][took 0.002584 secs]
[>>][5d825a8e3be0f134240357][DEFAULT][/lib/results/printDocument.php][19/Sep/18 16:25:50]
	[19/Sep/18 16:25:50][WARNING][oclam0vqngnkt0hecmcclddrt3][GUI - Test Project ID : 21]
		E_WARNING
array_merge(): Argument #2 is not an array - in /opt/bitnami/apps/testlink/htdocs/lib/results/printDocument.php - Line 140
[<<][5d825a8e3be0f134240357][DEFAULT][/lib/results/printDocument.php][19/Sep/18 16:25:50][19/Sep/18 16:25:50][took 0.08651 secs]
