	[19/Aug/15 21:35:45][AUDIT][esubmbbkbdg54f53244am0tbtq][GUI - Test Project ID : 71110]
		Login for 'joey.maxfield' from '209.253.35.146' succeeded
[<<][5d55d031c1362549233905][DEFAULT][/login.php][19/Aug/15 21:35:45][19/Aug/15 21:35:45][took 0.043275 secs]
[<<][5d55d031dd272891284010][DEFAULT][/index.php][19/Aug/15 21:35:45][19/Aug/15 21:35:45][took 0.003409 secs]
[>>][5d55d031de080283446121][DEFAULT][/index.php][19/Aug/15 21:35:45]
[<<][5d55d031de080283446121][DEFAULT][/index.php][19/Aug/15 21:35:45][19/Aug/15 21:35:45][took 0.0016620000000001 secs]
[<<][5d55d031eb995854771297][DEFAULT][/lib/general/navBar.php][19/Aug/15 21:35:45][19/Aug/15 21:35:45][took 0.002811 secs]
[>>][5d55d031ec5b8615957566][DEFAULT][/lib/general/navBar.php][19/Aug/15 21:35:45]
[<<][5d55d031ec5b8615957566][DEFAULT][/lib/general/navBar.php][19/Aug/15 21:35:45][19/Aug/15 21:35:45][took 0.001556 secs]
[>>][5d55d031ecc5f166085992][DEFAULT][/lib/general/navBar.php][19/Aug/15 21:35:45]
[<<][5d55d031ecc5f166085992][DEFAULT][/lib/general/navBar.php][19/Aug/15 21:35:45][19/Aug/15 21:35:45][took 0.0057199999999999 secs]
[<<][5d55d032043a0534010331][DEFAULT][/lib/general/mainPage.php][19/Aug/15 21:35:46][19/Aug/15 21:35:46][took 0.003093 secs]
[>>][5d55d03205063615878823][DEFAULT][/lib/general/mainPage.php][19/Aug/15 21:35:46]
[<<][5d55d03205063615878823][DEFAULT][/lib/general/mainPage.php][19/Aug/15 21:35:46][19/Aug/15 21:35:46][took 0.001909 secs]
[>>][5d55d03205873461392048][DEFAULT][/lib/general/mainPage.php][19/Aug/15 21:35:46]
[<<][5d55d03205873461392048][DEFAULT][/lib/general/mainPage.php][19/Aug/15 21:35:46][19/Aug/15 21:35:46][took 0.012738 secs]
[<<][5d55d0383b7e9885883077][DEFAULT][/index.php][19/Aug/15 21:35:52][19/Aug/15 21:35:52][took 0.003256 secs]
[>>][5d55d0383c578844364027][DEFAULT][/index.php][19/Aug/15 21:35:52]
[<<][5d55d0383c578844364027][DEFAULT][/index.php][19/Aug/15 21:35:52][19/Aug/15 21:35:52][took 0.001416 secs]
[<<][5d55d03845528895406689][DEFAULT][/lib/general/navBar.php][19/Aug/15 21:35:52][19/Aug/15 21:35:52][took 0.003198 secs]
[>>][5d55d0384629d894585200][DEFAULT][/lib/general/navBar.php][19/Aug/15 21:35:52]
[<<][5d55d0384629d894585200][DEFAULT][/lib/general/navBar.php][19/Aug/15 21:35:52][19/Aug/15 21:35:52][took 0.001877 secs]
[>>][5d55d03846a8f189121606][DEFAULT][/lib/general/navBar.php][19/Aug/15 21:35:52]
[<<][5d55d03846a8f189121606][DEFAULT][/lib/general/navBar.php][19/Aug/15 21:35:52][19/Aug/15 21:35:52][took 0.007427 secs]
[<<][5d55d038509fd467926258][DEFAULT][/lib/general/mainPage.php][19/Aug/15 21:35:52][19/Aug/15 21:35:52][took 0.003378 secs]
[>>][5d55d038517f1916004116][DEFAULT][/lib/general/mainPage.php][19/Aug/15 21:35:52]
[<<][5d55d038517f1916004116][DEFAULT][/lib/general/mainPage.php][19/Aug/15 21:35:52][19/Aug/15 21:35:52][took 0.001842 secs]
[>>][5d55d03851fbe223060557][DEFAULT][/lib/general/mainPage.php][19/Aug/15 21:35:52]
[<<][5d55d03851fbe223060557][DEFAULT][/lib/general/mainPage.php][19/Aug/15 21:35:52][19/Aug/15 21:35:52][took 0.008346 secs]
[<<][5d55d07980d26804885801][DEFAULT][/lib/general/navBar.php][19/Aug/15 21:36:57][19/Aug/15 21:36:57][took 0.0035809999999999 secs]
[>>][5d55d07981bec458601253][DEFAULT][/lib/general/navBar.php][19/Aug/15 21:36:57]
[<<][5d55d07981bec458601253][DEFAULT][/lib/general/navBar.php][19/Aug/15 21:36:57][19/Aug/15 21:36:57][took 0.0018630000000001 secs]
[>>][5d55d079823d3129419184][DEFAULT][/lib/general/navBar.php][19/Aug/15 21:36:57]
	[19/Aug/15 21:36:57][WARNING][esubmbbkbdg54f53244am0tbtq][GUI - Test Project ID : 1]
		E_NOTICE
Undefined property: stdClass::$prefix - in /opt/bitnami/apps/testlink/htdocs/lib/general/navBar.php - Line 173
[<<][5d55d079823d3129419184][DEFAULT][/lib/general/navBar.php][19/Aug/15 21:36:57][19/Aug/15 21:36:57][took 0.036969 secs]
[<<][5d55d079ad398466458336][DEFAULT][/lib/general/mainPage.php][19/Aug/15 21:36:57][19/Aug/15 21:36:57][took 0.002951 secs]
[>>][5d55d079adfd3075528802][DEFAULT][/lib/general/mainPage.php][19/Aug/15 21:36:57]
[<<][5d55d079adfd3075528802][DEFAULT][/lib/general/mainPage.php][19/Aug/15 21:36:57][19/Aug/15 21:36:57][took 0.0015080000000001 secs]
[>>][5d55d079ae656809746955][DEFAULT][/lib/general/mainPage.php][19/Aug/15 21:36:57]
[<<][5d55d079ae656809746955][DEFAULT][/lib/general/mainPage.php][19/Aug/15 21:36:57][19/Aug/15 21:36:57][took 0.008946 secs]
[<<][5d55d07b71e94761058780][DEFAULT][/lib/general/navBar.php][19/Aug/15 21:36:59][19/Aug/15 21:36:59][took 0.003021 secs]
[>>][5d55d07b72b25009652265][DEFAULT][/lib/general/navBar.php][19/Aug/15 21:36:59]
[<<][5d55d07b72b25009652265][DEFAULT][/lib/general/navBar.php][19/Aug/15 21:36:59][19/Aug/15 21:36:59][took 0.001519 secs]
[>>][5d55d07b731aa369983264][DEFAULT][/lib/general/navBar.php][19/Aug/15 21:36:59]
	[19/Aug/15 21:36:59][WARNING][esubmbbkbdg54f53244am0tbtq][GUI - Test Project ID : 21]
		E_NOTICE
Undefined property: stdClass::$prefix - in /opt/bitnami/apps/testlink/htdocs/lib/general/navBar.php - Line 173
[<<][5d55d07b731aa369983264][DEFAULT][/lib/general/navBar.php][19/Aug/15 21:36:59][19/Aug/15 21:36:59][took 0.052075 secs]
[<<][5d55d07b933bc817667951][DEFAULT][/lib/general/mainPage.php][19/Aug/15 21:36:59][19/Aug/15 21:36:59][took 0.0032720000000001 secs]
[>>][5d55d07b9414d737055710][DEFAULT][/lib/general/mainPage.php][19/Aug/15 21:36:59]
[<<][5d55d07b9414d737055710][DEFAULT][/lib/general/mainPage.php][19/Aug/15 21:36:59][19/Aug/15 21:36:59][took 0.0015550000000001 secs]
[>>][5d55d07b947ee754990496][DEFAULT][/lib/general/mainPage.php][19/Aug/15 21:36:59]
[<<][5d55d07b947ee754990496][DEFAULT][/lib/general/mainPage.php][19/Aug/15 21:36:59][19/Aug/15 21:36:59][took 0.009603 secs]
[<<][5d55d07f50461415565494][DEFAULT][/lib/general/mainPage.php][19/Aug/15 21:37:03][19/Aug/15 21:37:03][took 0.003341 secs]
[>>][5d55d07f5122e436726582][DEFAULT][/lib/general/mainPage.php][19/Aug/15 21:37:03]
[<<][5d55d07f5122e436726582][DEFAULT][/lib/general/mainPage.php][19/Aug/15 21:37:03][19/Aug/15 21:37:03][took 0.001905 secs]
[>>][5d55d07f51a3d465307890][DEFAULT][/lib/general/mainPage.php][19/Aug/15 21:37:03]
[<<][5d55d07f51a3d465307890][DEFAULT][/lib/general/mainPage.php][19/Aug/15 21:37:03][19/Aug/15 21:37:03][took 0.008238 secs]
[<<][5d55d0831fcf8316822067][DEFAULT][/lib/testcases/tcAssignedToUser.php][19/Aug/15 21:37:07][19/Aug/15 21:37:07][took 0.004154 secs]
[>>][5d55d08320de0592601692][DEFAULT][/lib/testcases/tcAssignedToUser.php][19/Aug/15 21:37:07]
[<<][5d55d08320de0592601692][DEFAULT][/lib/testcases/tcAssignedToUser.php][19/Aug/15 21:37:07][19/Aug/15 21:37:07][took 0.001993 secs]
[>>][5d55d08321647331878419][DEFAULT][/lib/testcases/tcAssignedToUser.php][19/Aug/15 21:37:07]
[<<][5d55d08321647331878419][DEFAULT][/lib/testcases/tcAssignedToUser.php][19/Aug/15 21:37:07][19/Aug/15 21:37:07][took 0.019782 secs]
[<<][5d55d08a189b6615220302][DEFAULT][/lib/general/frmWorkArea.php][19/Aug/15 21:37:14][19/Aug/15 21:37:14][took 0.003181 secs]
[>>][5d55d08a196ed249139653][DEFAULT][/lib/general/frmWorkArea.php][19/Aug/15 21:37:14]
[<<][5d55d08a196ed249139653][DEFAULT][/lib/general/frmWorkArea.php][19/Aug/15 21:37:14][19/Aug/15 21:37:14][took 0.00187 secs]
[>>][5d55d08a19ed9858815305][DEFAULT][/lib/general/frmWorkArea.php][19/Aug/15 21:37:14]
[<<][5d55d08a19ed9858815305][DEFAULT][/lib/general/frmWorkArea.php][19/Aug/15 21:37:14][19/Aug/15 21:37:14][took 0.006557 secs]
[<<][5d55d08a2dedd772755119][DEFAULT][/lib/execute/execNavigator.php][19/Aug/15 21:37:14][19/Aug/15 21:37:14][took 0.003311 secs]
[>>][5d55d08a2ec88103044274][DEFAULT][/lib/execute/execNavigator.php][19/Aug/15 21:37:14]
[<<][5d55d08a2ec88103044274][DEFAULT][/lib/execute/execNavigator.php][19/Aug/15 21:37:14][19/Aug/15 21:37:14][took 0.002045 secs]
[>>][5d55d08a2f522966677339][DEFAULT][/lib/execute/execNavigator.php][19/Aug/15 21:37:14]
[<<][5d55d08a2f522966677339][DEFAULT][/lib/execute/execNavigator.php][19/Aug/15 21:37:14][19/Aug/15 21:37:14][took 0.30969 secs]
[<<][5d55d08a398d9572279018][DEFAULT][/lib/execute/execDashboard.php][19/Aug/15 21:37:14][19/Aug/15 21:37:14][took 0.270265 secs]
[>>][5d55d08a7b936342667216][DEFAULT][/lib/execute/execDashboard.php][19/Aug/15 21:37:14]
[<<][5d55d08a7b936342667216][DEFAULT][/lib/execute/execDashboard.php][19/Aug/15 21:37:14][19/Aug/15 21:37:14][took 0.001393 secs]
[>>][5d55d08a7bf3b460632712][DEFAULT][/lib/execute/execDashboard.php][19/Aug/15 21:37:14]
[<<][5d55d08a7bf3b460632712][DEFAULT][/lib/execute/execDashboard.php][19/Aug/15 21:37:14][19/Aug/15 21:37:14][took 0.016576 secs]
[<<][5d55d08ac8bfb108190148][DEFAULT][/lib/execute/execDashboard.php][19/Aug/15 21:37:14][19/Aug/15 21:37:14][took 0.00331 secs]
[>>][5d55d08ac99a7139909403][DEFAULT][/lib/execute/execDashboard.php][19/Aug/15 21:37:14]
[<<][5d55d08ac99a7139909403][DEFAULT][/lib/execute/execDashboard.php][19/Aug/15 21:37:14][19/Aug/15 21:37:14][took 0.001964 secs]
[>>][5d55d08aca1f1821630157][DEFAULT][/lib/execute/execDashboard.php][19/Aug/15 21:37:14]
[<<][5d55d08aca1f1821630157][DEFAULT][/lib/execute/execDashboard.php][19/Aug/15 21:37:14][19/Aug/15 21:37:14][took 0.003811 secs]
[<<][5d55d08d879ff830883636][DEFAULT][/index.php][19/Aug/15 21:37:17][19/Aug/15 21:37:17][took 0.003385 secs]
[>>][5d55d08d887f9718484894][DEFAULT][/index.php][19/Aug/15 21:37:17]
[<<][5d55d08d887f9718484894][DEFAULT][/index.php][19/Aug/15 21:37:17][19/Aug/15 21:37:17][took 0.001709 secs]
[<<][5d55d08da0f6a089967374][DEFAULT][/lib/general/navBar.php][19/Aug/15 21:37:17][19/Aug/15 21:37:17][took 0.002931 secs]
[>>][5d55d08da1b88266041484][DEFAULT][/lib/general/navBar.php][19/Aug/15 21:37:17]
[<<][5d55d08da1b88266041484][DEFAULT][/lib/general/navBar.php][19/Aug/15 21:37:17][19/Aug/15 21:37:17][took 0.0016660000000001 secs]
[>>][5d55d08da228f263733311][DEFAULT][/lib/general/navBar.php][19/Aug/15 21:37:17]
[<<][5d55d08da228f263733311][DEFAULT][/lib/general/navBar.php][19/Aug/15 21:37:17][19/Aug/15 21:37:17][took 0.008375 secs]
[<<][5d55d08da14c5002002346][DEFAULT][/lib/general/mainPage.php][19/Aug/15 21:37:17][19/Aug/15 21:37:17][took 0.013352 secs]
[>>][5d55d08da49ac696892818][DEFAULT][/lib/general/mainPage.php][19/Aug/15 21:37:17]
[<<][5d55d08da49ac696892818][DEFAULT][/lib/general/mainPage.php][19/Aug/15 21:37:17][19/Aug/15 21:37:17][took 0.0017429999999999 secs]
[>>][5d55d08da5129419234844][DEFAULT][/lib/general/mainPage.php][19/Aug/15 21:37:17]
[<<][5d55d08da5129419234844][DEFAULT][/lib/general/mainPage.php][19/Aug/15 21:37:17][19/Aug/15 21:37:17][took 0.005252 secs]
