	[19/Oct/3 18:47:34][AUDIT][1cia01tm70p3op3n3sj1rths0r][GUI - Test Project ID : 71110]
		Login for 'benjamin.spendlove' from '209.253.35.146' succeeded
[<<][5d9642462d981202540698][DEFAULT][/login.php][19/Oct/3 18:47:34][19/Oct/3 18:47:34][took 0.057496 secs]
[<<][5d9642465daf2998016013][DEFAULT][/index.php][19/Oct/3 18:47:34][19/Oct/3 18:47:34][took 0.017688 secs]
[>>][5d964246620dc052371335][DEFAULT][/index.php][19/Oct/3 18:47:34]
[<<][5d964246620dc052371335][DEFAULT][/index.php][19/Oct/3 18:47:34][19/Oct/3 18:47:34][took 0.019688 secs]
[<<][5d96424685b00813729121][DEFAULT][/lib/general/navBar.php][19/Oct/3 18:47:34][19/Oct/3 18:47:34][took 0.020764 secs]
[>>][5d9642468acfc841353100][DEFAULT][/lib/general/navBar.php][19/Oct/3 18:47:34]
[<<][5d9642468acfc841353100][DEFAULT][/lib/general/navBar.php][19/Oct/3 18:47:34][19/Oct/3 18:47:34][took 0.010498 secs]
[>>][5d9642468d697169187165][DEFAULT][/lib/general/navBar.php][19/Oct/3 18:47:34]
[<<][5d9642468d697169187165][DEFAULT][/lib/general/navBar.php][19/Oct/3 18:47:34][19/Oct/3 18:47:34][took 0.015552 secs]
[<<][5d96424687ee2494241105][DEFAULT][/lib/general/mainPage.php][19/Oct/3 18:47:34][19/Oct/3 18:47:34][took 0.039288 secs]
[>>][5d96424691901625339306][DEFAULT][/lib/general/mainPage.php][19/Oct/3 18:47:34]
[<<][5d96424691901625339306][DEFAULT][/lib/general/mainPage.php][19/Oct/3 18:47:34][19/Oct/3 18:47:34][took 0.027569 secs]
[>>][5d96424698577134158139][DEFAULT][/lib/general/mainPage.php][19/Oct/3 18:47:34]
	[19/Oct/3 18:47:34][WARNING][1cia01tm70p3op3n3sj1rths0r][GUI - Test Project ID : 71110]
		E_NOTICE
Undefined index: platform_view - in /opt/bitnami/apps/testlink/htdocs/gui/templates_c/54795a4051e7db4e5f36ef2f81b2a8e590588f81_0.file.mainPageLeft.tpl.php - Line 181
[<<][5d96424698577134158139][DEFAULT][/lib/general/mainPage.php][19/Oct/3 18:47:34][19/Oct/3 18:47:34][took 0.170705 secs]
[<<][5d96462316567057532830][DEFAULT][/lib/issuetrackers/issueTrackerView.php][19/Oct/3 19:04:03][19/Oct/3 19:04:03][took 0.020234 secs]
[>>][5d9646231b54c790822374][DEFAULT][/lib/issuetrackers/issueTrackerView.php][19/Oct/3 19:04:03]
[<<][5d9646231b54c790822374][DEFAULT][/lib/issuetrackers/issueTrackerView.php][19/Oct/3 19:04:03][19/Oct/3 19:04:03][took 0.001601 secs]
[>>][5d9646231bc1b179629037][DEFAULT][/lib/issuetrackers/issueTrackerView.php][19/Oct/3 19:04:03]
[<<][5d9646231bc1b179629037][DEFAULT][/lib/issuetrackers/issueTrackerView.php][19/Oct/3 19:04:03][19/Oct/3 19:04:03][took 0.01321 secs]
[<<][5d96462ae46d2340236099][DEFAULT][/lib/general/mainPage.php][19/Oct/3 19:04:10][19/Oct/3 19:04:10][took 0.003437 secs]
[>>][5d96462ae54fc022460394][DEFAULT][/lib/general/mainPage.php][19/Oct/3 19:04:10]
[<<][5d96462ae54fc022460394][DEFAULT][/lib/general/mainPage.php][19/Oct/3 19:04:10][19/Oct/3 19:04:10][took 0.009747 secs]
[>>][5d96462ae8b32615879349][DEFAULT][/lib/general/mainPage.php][19/Oct/3 19:04:10]
	[19/Oct/3 19:04:10][WARNING][1cia01tm70p3op3n3sj1rths0r][GUI - Test Project ID : 71110]
		E_NOTICE
Undefined index: platform_view - in /opt/bitnami/apps/testlink/htdocs/gui/templates_c/54795a4051e7db4e5f36ef2f81b2a8e590588f81_0.file.mainPageLeft.tpl.php - Line 181
[<<][5d96462ae8b32615879349][DEFAULT][/lib/general/mainPage.php][19/Oct/3 19:04:10][19/Oct/3 19:04:11][took 0.072487 secs]
[<<][5d96465fbb112354781662][DEFAULT][/lib/general/frmWorkArea.php][19/Oct/3 19:05:03][19/Oct/3 19:05:03][took 0.008625 secs]
[>>][5d96465fbd3ae888811432][DEFAULT][/lib/general/frmWorkArea.php][19/Oct/3 19:05:03]
[<<][5d96465fbd3ae888811432][DEFAULT][/lib/general/frmWorkArea.php][19/Oct/3 19:05:03][19/Oct/3 19:05:03][took 0.00158 secs]
[>>][5d96465fbda63168724139][DEFAULT][/lib/general/frmWorkArea.php][19/Oct/3 19:05:03]
[<<][5d96465fbda63168724139][DEFAULT][/lib/general/frmWorkArea.php][19/Oct/3 19:05:03][19/Oct/3 19:05:03][took 0.001129 secs]
[<<][5d96465fd31d4794499942][DEFAULT][/lib/requirements/reqSpecListTree.php][19/Oct/3 19:05:03][19/Oct/3 19:05:03][took 0.0086120000000001 secs]
[>>][5d96465fd543e037781827][DEFAULT][/lib/requirements/reqSpecListTree.php][19/Oct/3 19:05:03]
[<<][5d96465fd543e037781827][DEFAULT][/lib/requirements/reqSpecListTree.php][19/Oct/3 19:05:03][19/Oct/3 19:05:03][took 0.0016729999999999 secs]
[>>][5d96465fd5b65852853746][DEFAULT][/lib/requirements/reqSpecListTree.php][19/Oct/3 19:05:03]
[<<][5d96465fd5b65852853746][DEFAULT][/lib/requirements/reqSpecListTree.php][19/Oct/3 19:05:03][19/Oct/3 19:05:03][took 0.011568 secs]
[<<][5d96465fe1a0d776351832][DEFAULT][/lib/project/project_req_spec_mgmt.php][19/Oct/3 19:05:03][19/Oct/3 19:05:03][took 0.014201 secs]
[>>][5d96465fe523b801192879][DEFAULT][/lib/project/project_req_spec_mgmt.php][19/Oct/3 19:05:03]
[<<][5d96465fe523b801192879][DEFAULT][/lib/project/project_req_spec_mgmt.php][19/Oct/3 19:05:03][19/Oct/3 19:05:03][took 0.016516 secs]
[>>][5d96465fea2e0620587170][DEFAULT][/lib/project/project_req_spec_mgmt.php][19/Oct/3 19:05:03]
[<<][5d96465fea2e0620587170][DEFAULT][/lib/project/project_req_spec_mgmt.php][19/Oct/3 19:05:03][19/Oct/3 19:05:03][took 0.0032760000000001 secs]
[<<][5d9646601d110323217430][DEFAULT][/lib/ajax/getrequirementnodes.php][19/Oct/3 19:05:04][19/Oct/3 19:05:04][took 0.011435 secs]
[>>][5d9646601fe7e313509754][DEFAULT][/lib/ajax/getrequirementnodes.php][19/Oct/3 19:05:04]
[<<][5d9646601fe7e313509754][DEFAULT][/lib/ajax/getrequirementnodes.php][19/Oct/3 19:05:04][19/Oct/3 19:05:04][took 0.005417 secs]
[>>][5d964660214ba914532272][DEFAULT][/lib/ajax/getrequirementnodes.php][19/Oct/3 19:05:04]
[<<][5d964660214ba914532272][DEFAULT][/lib/ajax/getrequirementnodes.php][19/Oct/3 19:05:04][19/Oct/3 19:05:04][took 0.00087200000000001 secs]
[<<][5d96466571777214268926][DEFAULT][/lib/general/mainPage.php][19/Oct/3 19:05:09][19/Oct/3 19:05:09][took 0.002921 secs]
[>>][5d9646657239e131641351][DEFAULT][/lib/general/mainPage.php][19/Oct/3 19:05:09]
[<<][5d9646657239e131641351][DEFAULT][/lib/general/mainPage.php][19/Oct/3 19:05:09][19/Oct/3 19:05:09][took 0.005556 secs]
[>>][5d964665739f0577194593][DEFAULT][/lib/general/mainPage.php][19/Oct/3 19:05:09]
	[19/Oct/3 19:05:09][WARNING][1cia01tm70p3op3n3sj1rths0r][GUI - Test Project ID : 71110]
		E_NOTICE
Undefined index: platform_view - in /opt/bitnami/apps/testlink/htdocs/gui/templates_c/54795a4051e7db4e5f36ef2f81b2a8e590588f81_0.file.mainPageLeft.tpl.php - Line 181
[<<][5d964665739f0577194593][DEFAULT][/lib/general/mainPage.php][19/Oct/3 19:05:09][19/Oct/3 19:05:09][took 0.111059 secs]
[<<][5d964779ceba4594178510][DEFAULT][/lib/general/frmWorkArea.php][19/Oct/3 19:09:45][19/Oct/3 19:09:45][took 0.008831 secs]
[>>][5d964779d0ee7308739677][DEFAULT][/lib/general/frmWorkArea.php][19/Oct/3 19:09:45]
[<<][5d964779d0ee7308739677][DEFAULT][/lib/general/frmWorkArea.php][19/Oct/3 19:09:45][19/Oct/3 19:09:45][took 0.001656 secs]
[>>][5d964779d15ed076146328][DEFAULT][/lib/general/frmWorkArea.php][19/Oct/3 19:09:45]
[<<][5d964779d15ed076146328][DEFAULT][/lib/general/frmWorkArea.php][19/Oct/3 19:09:45][19/Oct/3 19:09:45][took 0.001247 secs]
[<<][5d964779e62c7654938686][DEFAULT][/lib/testcases/listTestCases.php][19/Oct/3 19:09:45][19/Oct/3 19:09:45][took 0.018069 secs]
[>>][5d964779eaa21491414762][DEFAULT][/lib/testcases/listTestCases.php][19/Oct/3 19:09:45]
[<<][5d964779eaa21491414762][DEFAULT][/lib/testcases/listTestCases.php][19/Oct/3 19:09:45][19/Oct/3 19:09:45][took 0.008259 secs]
[>>][5d964779ecb47995198639][DEFAULT][/lib/testcases/listTestCases.php][19/Oct/3 19:09:45]
	[19/Oct/3 19:09:46][WARNING][1cia01tm70p3op3n3sj1rths0r][GUI - Test Project ID : 71110]
		E_NOTICE
Undefined index: size - in /opt/bitnami/apps/testlink/htdocs/gui/templates_c/4d44099b25dab983863446db4f45347e3ce108c7_0.file.inc_filter_panel.tpl.php - Line 351
[<<][5d964779ecb47995198639][DEFAULT][/lib/testcases/listTestCases.php][19/Oct/3 19:09:45][19/Oct/3 19:09:46][took 0.119968 secs]
[<<][5d964779f2090213068610][DEFAULT][/lib/testcases/archiveData.php][19/Oct/3 19:09:45][19/Oct/3 19:09:46][took 0.146832 secs]
[>>][5d96477a21cb9881306402][DEFAULT][/lib/testcases/archiveData.php][19/Oct/3 19:09:46]
[<<][5d96477a21cb9881306402][DEFAULT][/lib/testcases/archiveData.php][19/Oct/3 19:09:46][19/Oct/3 19:09:46][took 0.008893 secs]
[>>][5d96477a24019612240440][DEFAULT][/lib/testcases/archiveData.php][19/Oct/3 19:09:46]
[<<][5d96477a24019612240440][DEFAULT][/lib/testcases/archiveData.php][19/Oct/3 19:09:46][19/Oct/3 19:09:46][took 0.01774 secs]
[<<][5d96477a6600b046338845][DEFAULT][/lib/ajax/gettprojectnodes.php][19/Oct/3 19:09:46][19/Oct/3 19:09:46][took 0.018441 secs]
[>>][5d96477a6a8cc063592390][DEFAULT][/lib/ajax/gettprojectnodes.php][19/Oct/3 19:09:46]
[<<][5d96477a6a8cc063592390][DEFAULT][/lib/ajax/gettprojectnodes.php][19/Oct/3 19:09:46][19/Oct/3 19:09:46][took 0.016197 secs]
[>>][5d96477a6e8a7448012319][DEFAULT][/lib/ajax/gettprojectnodes.php][19/Oct/3 19:09:46]
[<<][5d96477a6e8a7448012319][DEFAULT][/lib/ajax/gettprojectnodes.php][19/Oct/3 19:09:46][19/Oct/3 19:09:46][took 0.013648 secs]
[<<][5d96478b996c0700913381][DEFAULT][/lib/ajax/gettprojectnodes.php][19/Oct/3 19:10:03][19/Oct/3 19:10:03][took 0.0080009999999999 secs]
[>>][5d96478b9b6c0342983695][DEFAULT][/lib/ajax/gettprojectnodes.php][19/Oct/3 19:10:03]
[<<][5d96478b9b6c0342983695][DEFAULT][/lib/ajax/gettprojectnodes.php][19/Oct/3 19:10:03][19/Oct/3 19:10:03][took 0.001552 secs]
[>>][5d96478b9bd6d370193419][DEFAULT][/lib/ajax/gettprojectnodes.php][19/Oct/3 19:10:03]
[<<][5d96478b9bd6d370193419][DEFAULT][/lib/ajax/gettprojectnodes.php][19/Oct/3 19:10:03][19/Oct/3 19:10:03][took 0.015586 secs]
[<<][5d96484ed5043299961005][DEFAULT][/lib/ajax/gettprojectnodes.php][19/Oct/3 19:13:18][19/Oct/3 19:13:18][took 0.003229 secs]
[>>][5d96484ed5d93828303688][DEFAULT][/lib/ajax/gettprojectnodes.php][19/Oct/3 19:13:18]
[<<][5d96484ed5d93828303688][DEFAULT][/lib/ajax/gettprojectnodes.php][19/Oct/3 19:13:18][19/Oct/3 19:13:18][took 0.001538 secs]
[>>][5d96484ed641f200356177][DEFAULT][/lib/ajax/gettprojectnodes.php][19/Oct/3 19:13:18]
[<<][5d96484ed641f200356177][DEFAULT][/lib/ajax/gettprojectnodes.php][19/Oct/3 19:13:18][19/Oct/3 19:13:18][took 0.002412 secs]
[<<][5d96485819223121039616][DEFAULT][/index.php][19/Oct/3 19:13:28][19/Oct/3 19:13:28][took 0.003861 secs]
[>>][5d9648581b088493962964][DEFAULT][/index.php][19/Oct/3 19:13:28]
[<<][5d9648581b088493962964][DEFAULT][/index.php][19/Oct/3 19:13:28][19/Oct/3 19:13:28][took 0.001565 secs]
[<<][5d96485830487504449875][DEFAULT][/lib/general/navBar.php][19/Oct/3 19:13:28][19/Oct/3 19:13:28][took 0.002785 secs]
[>>][5d9648583101d282928702][DEFAULT][/lib/general/navBar.php][19/Oct/3 19:13:28]
[<<][5d9648583101d282928702][DEFAULT][/lib/general/navBar.php][19/Oct/3 19:13:28][19/Oct/3 19:13:28][took 0.005828 secs]
[>>][5d9648583277a185816626][DEFAULT][/lib/general/navBar.php][19/Oct/3 19:13:28]
[<<][5d9648583277a185816626][DEFAULT][/lib/general/navBar.php][19/Oct/3 19:13:28][19/Oct/3 19:13:28][took 0.00457 secs]
[<<][5d9648583e8b2583185704][DEFAULT][/lib/general/mainPage.php][19/Oct/3 19:13:28][19/Oct/3 19:13:28][took 0.002654 secs]
[>>][5d9648583f447092036604][DEFAULT][/lib/general/mainPage.php][19/Oct/3 19:13:28]
[<<][5d9648583f447092036604][DEFAULT][/lib/general/mainPage.php][19/Oct/3 19:13:28][19/Oct/3 19:13:28][took 0.001689 secs]
[>>][5d9648583fb6c365389468][DEFAULT][/lib/general/mainPage.php][19/Oct/3 19:13:28]
	[19/Oct/3 19:13:28][WARNING][1cia01tm70p3op3n3sj1rths0r][GUI - Test Project ID : 71110]
		E_NOTICE
Undefined index: platform_view - in /opt/bitnami/apps/testlink/htdocs/gui/templates_c/54795a4051e7db4e5f36ef2f81b2a8e590588f81_0.file.mainPageLeft.tpl.php - Line 181
[<<][5d9648583fb6c365389468][DEFAULT][/lib/general/mainPage.php][19/Oct/3 19:13:28][19/Oct/3 19:13:28][took 0.086482 secs]
[<<][5d9648727a5a4101045326][DEFAULT][/lib/general/navBar.php][19/Oct/3 19:13:54][19/Oct/3 19:13:54][took 0.002764 secs]
[>>][5d9648727b130289900750][DEFAULT][/lib/general/navBar.php][19/Oct/3 19:13:54]
[<<][5d9648727b130289900750][DEFAULT][/lib/general/navBar.php][19/Oct/3 19:13:54][19/Oct/3 19:13:54][took 0.0014960000000001 secs]
[>>][5d9648727b791192469192][DEFAULT][/lib/general/navBar.php][19/Oct/3 19:13:54]
[<<][5d9648727b791192469192][DEFAULT][/lib/general/navBar.php][19/Oct/3 19:13:54][19/Oct/3 19:13:54][took 0.029231 secs]
[<<][5d964872ac222819450282][DEFAULT][/lib/general/mainPage.php][19/Oct/3 19:13:54][19/Oct/3 19:13:54][took 0.03862 secs]
[>>][5d964872b59fb042451707][DEFAULT][/lib/general/mainPage.php][19/Oct/3 19:13:54]
[<<][5d964872b59fb042451707][DEFAULT][/lib/general/mainPage.php][19/Oct/3 19:13:54][19/Oct/3 19:13:54][took 0.020434 secs]
[>>][5d964872baa83047900671][DEFAULT][/lib/general/mainPage.php][19/Oct/3 19:13:54]
	[19/Oct/3 19:13:54][WARNING][1cia01tm70p3op3n3sj1rths0r][GUI - Test Project ID : 21]
		E_NOTICE
Undefined index: platform_view - in /opt/bitnami/apps/testlink/htdocs/gui/templates_c/54795a4051e7db4e5f36ef2f81b2a8e590588f81_0.file.mainPageLeft.tpl.php - Line 181
[<<][5d964872baa83047900671][DEFAULT][/lib/general/mainPage.php][19/Oct/3 19:13:54][19/Oct/3 19:13:54][took 0.109899 secs]
[<<][5d964881d53b7747434205][DEFAULT][/lib/general/frmWorkArea.php][19/Oct/3 19:14:09][19/Oct/3 19:14:09][took 0.002761 secs]
[>>][5d964881d5f34759727427][DEFAULT][/lib/general/frmWorkArea.php][19/Oct/3 19:14:09]
[<<][5d964881d5f34759727427][DEFAULT][/lib/general/frmWorkArea.php][19/Oct/3 19:14:09][19/Oct/3 19:14:09][took 0.001603 secs]
[>>][5d964881d6600101686799][DEFAULT][/lib/general/frmWorkArea.php][19/Oct/3 19:14:09]
[<<][5d964881d6600101686799][DEFAULT][/lib/general/frmWorkArea.php][19/Oct/3 19:14:09][19/Oct/3 19:14:09][took 0.0050589999999999 secs]
[<<][5d964881e4619541762156][DEFAULT][/lib/testcases/listTestCases.php][19/Oct/3 19:14:09][19/Oct/3 19:14:09][took 0.01453 secs]
[>>][5d964881e7f9e169130928][DEFAULT][/lib/testcases/listTestCases.php][19/Oct/3 19:14:09]
[<<][5d964881e7f9e169130928][DEFAULT][/lib/testcases/listTestCases.php][19/Oct/3 19:14:09][19/Oct/3 19:14:09][took 0.001544 secs]
[>>][5d964881e862e048541916][DEFAULT][/lib/testcases/listTestCases.php][19/Oct/3 19:14:09]
	[19/Oct/3 19:14:09][WARNING][1cia01tm70p3op3n3sj1rths0r][GUI - Test Project ID : 21]
		E_NOTICE
Undefined index: size - in /opt/bitnami/apps/testlink/htdocs/gui/templates_c/4d44099b25dab983863446db4f45347e3ce108c7_0.file.inc_filter_panel.tpl.php - Line 351
[<<][5d964881e862e048541916][DEFAULT][/lib/testcases/listTestCases.php][19/Oct/3 19:14:09][19/Oct/3 19:14:10][took 0.07875 secs]
[<<][5d964881efe15787968020][DEFAULT][/lib/testcases/archiveData.php][19/Oct/3 19:14:09][19/Oct/3 19:14:10][took 0.092156 secs]
[>>][5d96488212634977364316][DEFAULT][/lib/testcases/archiveData.php][19/Oct/3 19:14:10]
[<<][5d96488212634977364316][DEFAULT][/lib/testcases/archiveData.php][19/Oct/3 19:14:10][19/Oct/3 19:14:10][took 0.015951 secs]
[>>][5d9648821654e229991444][DEFAULT][/lib/testcases/archiveData.php][19/Oct/3 19:14:10]
[<<][5d9648821654e229991444][DEFAULT][/lib/testcases/archiveData.php][19/Oct/3 19:14:10][19/Oct/3 19:14:10][took 0.005224 secs]
[<<][5d96488249c96531487264][DEFAULT][/lib/ajax/gettprojectnodes.php][19/Oct/3 19:14:10][19/Oct/3 19:14:10][took 0.009432 secs]
[>>][5d9648824c23a262489945][DEFAULT][/lib/ajax/gettprojectnodes.php][19/Oct/3 19:14:10]
[<<][5d9648824c23a262489945][DEFAULT][/lib/ajax/gettprojectnodes.php][19/Oct/3 19:14:10][19/Oct/3 19:14:10][took 0.001483 secs]
[>>][5d9648824d72d395754032][DEFAULT][/lib/ajax/gettprojectnodes.php][19/Oct/3 19:14:10]
[<<][5d9648824d72d395754032][DEFAULT][/lib/ajax/gettprojectnodes.php][19/Oct/3 19:14:10][19/Oct/3 19:14:10][took 0.025677 secs]
[<<][5d964884c4908262202839][DEFAULT][/lib/ajax/gettprojectnodes.php][19/Oct/3 19:14:12][19/Oct/3 19:14:12][took 0.027858 secs]
[>>][5d964884cb69b182607865][DEFAULT][/lib/ajax/gettprojectnodes.php][19/Oct/3 19:14:12]
[<<][5d964884cb69b182607865][DEFAULT][/lib/ajax/gettprojectnodes.php][19/Oct/3 19:14:12][19/Oct/3 19:14:12][took 0.0016700000000001 secs]
[>>][5d964884cbdb6792766510][DEFAULT][/lib/ajax/gettprojectnodes.php][19/Oct/3 19:14:12]
[<<][5d964884cbdb6792766510][DEFAULT][/lib/ajax/gettprojectnodes.php][19/Oct/3 19:14:12][19/Oct/3 19:14:12][took 0.007393 secs]
[<<][5d964886b7109897755291][DEFAULT][/lib/ajax/gettprojectnodes.php][19/Oct/3 19:14:14][19/Oct/3 19:14:14][took 0.014359 secs]
[>>][5d964886ba9e3900114892][DEFAULT][/lib/ajax/gettprojectnodes.php][19/Oct/3 19:14:14]
[<<][5d964886ba9e3900114892][DEFAULT][/lib/ajax/gettprojectnodes.php][19/Oct/3 19:14:14][19/Oct/3 19:14:14][took 0.0015580000000001 secs]
[>>][5d964886bb0a4026638224][DEFAULT][/lib/ajax/gettprojectnodes.php][19/Oct/3 19:14:14]
[<<][5d964886bb0a4026638224][DEFAULT][/lib/ajax/gettprojectnodes.php][19/Oct/3 19:14:14][19/Oct/3 19:14:14][took 0.00058900000000006 secs]
[<<][5d96488ba00d8930153704][DEFAULT][/lib/ajax/gettprojectnodes.php][19/Oct/3 19:14:19][19/Oct/3 19:14:19][took 0.009652 secs]
[>>][5d96488ba2734971069748][DEFAULT][/lib/ajax/gettprojectnodes.php][19/Oct/3 19:14:19]
[<<][5d96488ba2734971069748][DEFAULT][/lib/ajax/gettprojectnodes.php][19/Oct/3 19:14:19][19/Oct/3 19:14:19][took 0.0044649999999999 secs]
[>>][5d96488ba3932732830602][DEFAULT][/lib/ajax/gettprojectnodes.php][19/Oct/3 19:14:19]
[<<][5d96488ba3932732830602][DEFAULT][/lib/ajax/gettprojectnodes.php][19/Oct/3 19:14:19][19/Oct/3 19:14:19][took 0.0050750000000001 secs]
[<<][5d96488e7c4fa280481706][DEFAULT][/index.php][19/Oct/3 19:14:22][19/Oct/3 19:14:22][took 0.01172 secs]
[>>][5d96488e7f3a8670713443][DEFAULT][/index.php][19/Oct/3 19:14:22]
[<<][5d96488e7f3a8670713443][DEFAULT][/index.php][19/Oct/3 19:14:22][19/Oct/3 19:14:22][took 0.0015839999999999 secs]
[<<][5d96488e906bd308064030][DEFAULT][/lib/general/navBar.php][19/Oct/3 19:14:22][19/Oct/3 19:14:22][took 0.008969 secs]
[>>][5d96488e92a74311198139][DEFAULT][/lib/general/navBar.php][19/Oct/3 19:14:22]
[<<][5d96488e92a74311198139][DEFAULT][/lib/general/navBar.php][19/Oct/3 19:14:22][19/Oct/3 19:14:22][took 0.001758 secs]
[>>][5d96488e931df464503269][DEFAULT][/lib/general/navBar.php][19/Oct/3 19:14:22]
[<<][5d96488e931df464503269][DEFAULT][/lib/general/navBar.php][19/Oct/3 19:14:22][19/Oct/3 19:14:22][took 0.021085 secs]
[<<][5d96488e9c8c1074082366][DEFAULT][/lib/general/mainPage.php][19/Oct/3 19:14:22][19/Oct/3 19:14:22][took 0.011723 secs]
[>>][5d96488e9f766312426683][DEFAULT][/lib/general/mainPage.php][19/Oct/3 19:14:22]
[<<][5d96488e9f766312426683][DEFAULT][/lib/general/mainPage.php][19/Oct/3 19:14:22][19/Oct/3 19:14:22][took 0.001687 secs]
[>>][5d96488e9fe89082227688][DEFAULT][/lib/general/mainPage.php][19/Oct/3 19:14:22]
	[19/Oct/3 19:14:22][WARNING][1cia01tm70p3op3n3sj1rths0r][GUI - Test Project ID : 21]
		E_NOTICE
Undefined index: platform_view - in /opt/bitnami/apps/testlink/htdocs/gui/templates_c/54795a4051e7db4e5f36ef2f81b2a8e590588f81_0.file.mainPageLeft.tpl.php - Line 181
[<<][5d96488e9fe89082227688][DEFAULT][/lib/general/mainPage.php][19/Oct/3 19:14:22][19/Oct/3 19:14:22][took 0.075407 secs]
