	[19/Aug/16 14:45:15][AUDIT][kt7m62nvu7cas0j6uemdecbhq7][GUI - Test Project ID : 71110]
		Login for 'jeff.ferrin' from '209.253.35.146' succeeded
[<<][5d56c17b4b269243206005][DEFAULT][/login.php][19/Aug/16 14:45:15][19/Aug/16 14:45:15][took 0.076462 secs]
[<<][5d56c17c0b608692382806][DEFAULT][/index.php][19/Aug/16 14:45:16][19/Aug/16 14:45:16][took 0.003411 secs]
[>>][5d56c17c0c42b419070169][DEFAULT][/index.php][19/Aug/16 14:45:16]
[<<][5d56c17c0c42b419070169][DEFAULT][/index.php][19/Aug/16 14:45:16][19/Aug/16 14:45:16][took 0.001567 secs]
[<<][5d56c17c1b791822777816][DEFAULT][/lib/general/navBar.php][19/Aug/16 14:45:16][19/Aug/16 14:45:16][took 0.003773 secs]
[>>][5d56c17c1c71a271241194][DEFAULT][/lib/general/navBar.php][19/Aug/16 14:45:16]
[<<][5d56c17c1c71a271241194][DEFAULT][/lib/general/navBar.php][19/Aug/16 14:45:16][19/Aug/16 14:45:16][took 0.00152 secs]
[>>][5d56c17c1cd99130763827][DEFAULT][/lib/general/navBar.php][19/Aug/16 14:45:16]
[<<][5d56c17c1cd99130763827][DEFAULT][/lib/general/navBar.php][19/Aug/16 14:45:16][19/Aug/16 14:45:16][took 0.00472 secs]
[<<][5d56c17c2e5fe970995996][DEFAULT][/lib/general/mainPage.php][19/Aug/16 14:45:16][19/Aug/16 14:45:16][took 0.003174 secs]
[>>][5d56c17c2f326669247784][DEFAULT][/lib/general/mainPage.php][19/Aug/16 14:45:16]
[<<][5d56c17c2f326669247784][DEFAULT][/lib/general/mainPage.php][19/Aug/16 14:45:16][19/Aug/16 14:45:16][took 0.001555 secs]
[>>][5d56c17c2f9d0595664193][DEFAULT][/lib/general/mainPage.php][19/Aug/16 14:45:16]
[<<][5d56c17c2f9d0595664193][DEFAULT][/lib/general/mainPage.php][19/Aug/16 14:45:16][19/Aug/16 14:45:16][took 0.009478 secs]
[<<][5d56c1bf50c9e640912765][DEFAULT][/lib/general/navBar.php][19/Aug/16 14:46:23][19/Aug/16 14:46:23][took 0.003555 secs]
[>>][5d56c1bf51b56205741385][DEFAULT][/lib/general/navBar.php][19/Aug/16 14:46:23]
[<<][5d56c1bf51b56205741385][DEFAULT][/lib/general/navBar.php][19/Aug/16 14:46:23][19/Aug/16 14:46:23][took 0.002068 secs]
[>>][5d56c1bf52409510193453][DEFAULT][/lib/general/navBar.php][19/Aug/16 14:46:23]
	[19/Aug/16 14:46:23][WARNING][kt7m62nvu7cas0j6uemdecbhq7][GUI - Test Project ID : 21]
		E_NOTICE
Undefined property: stdClass::$prefix - in /opt/bitnami/apps/testlink/htdocs/lib/general/navBar.php - Line 173
[<<][5d56c1bf52409510193453][DEFAULT][/lib/general/navBar.php][19/Aug/16 14:46:23][19/Aug/16 14:46:23][took 0.049932 secs]
[<<][5d56c1bf85ec9729021252][DEFAULT][/lib/general/mainPage.php][19/Aug/16 14:46:23][19/Aug/16 14:46:23][took 0.003264 secs]
[>>][5d56c1bf86c4c307679721][DEFAULT][/lib/general/mainPage.php][19/Aug/16 14:46:23]
[<<][5d56c1bf86c4c307679721][DEFAULT][/lib/general/mainPage.php][19/Aug/16 14:46:23][19/Aug/16 14:46:23][took 0.00182 secs]
[>>][5d56c1bf87407698836566][DEFAULT][/lib/general/mainPage.php][19/Aug/16 14:46:23]
[<<][5d56c1bf87407698836566][DEFAULT][/lib/general/mainPage.php][19/Aug/16 14:46:23][19/Aug/16 14:46:23][took 0.009387 secs]
[<<][5d56c1c905c6c808639269][DEFAULT][/lib/general/frmWorkArea.php][19/Aug/16 14:46:33][19/Aug/16 14:46:33][took 0.003125 secs]
[>>][5d56c1c90696c772131915][DEFAULT][/lib/general/frmWorkArea.php][19/Aug/16 14:46:33]
[<<][5d56c1c90696c772131915][DEFAULT][/lib/general/frmWorkArea.php][19/Aug/16 14:46:33][19/Aug/16 14:46:33][took 0.001901 secs]
[>>][5d56c1c907194275742841][DEFAULT][/lib/general/frmWorkArea.php][19/Aug/16 14:46:33]
[<<][5d56c1c907194275742841][DEFAULT][/lib/general/frmWorkArea.php][19/Aug/16 14:46:33][19/Aug/16 14:46:33][took 0.006751 secs]
[<<][5d56c1c91582f688541222][DEFAULT][/lib/execute/execNavigator.php][19/Aug/16 14:46:33][19/Aug/16 14:46:33][took 0.00324 secs]
[>>][5d56c1c916596489485826][DEFAULT][/lib/execute/execNavigator.php][19/Aug/16 14:46:33]
[<<][5d56c1c916596489485826][DEFAULT][/lib/execute/execNavigator.php][19/Aug/16 14:46:33][19/Aug/16 14:46:33][took 0.001963 secs]
[>>][5d56c1c916dde528856872][DEFAULT][/lib/execute/execNavigator.php][19/Aug/16 14:46:33]
[<<][5d56c1c916dde528856872][DEFAULT][/lib/execute/execNavigator.php][19/Aug/16 14:46:33][19/Aug/16 14:46:33][took 0.144856 secs]
[<<][5d56c1c92713f548578322][DEFAULT][/lib/execute/execDashboard.php][19/Aug/16 14:46:33][19/Aug/16 14:46:33][took 0.084437 secs]
[>>][5d56c1c93bc02642357924][DEFAULT][/lib/execute/execDashboard.php][19/Aug/16 14:46:33]
[<<][5d56c1c93bc02642357924][DEFAULT][/lib/execute/execDashboard.php][19/Aug/16 14:46:33][19/Aug/16 14:46:33][took 0.001571 secs]
[>>][5d56c1c93c2af018964825][DEFAULT][/lib/execute/execDashboard.php][19/Aug/16 14:46:33]
[<<][5d56c1c93c2af018964825][DEFAULT][/lib/execute/execDashboard.php][19/Aug/16 14:46:33][19/Aug/16 14:46:33][took 0.018551 secs]
[<<][5d56c1c9ed522988144961][DEFAULT][/lib/execute/execDashboard.php][19/Aug/16 14:46:33][19/Aug/16 14:46:33][took 0.0032880000000001 secs]
[>>][5d56c1c9ee2d4950011864][DEFAULT][/lib/execute/execDashboard.php][19/Aug/16 14:46:33]
[<<][5d56c1c9ee2d4950011864][DEFAULT][/lib/execute/execDashboard.php][19/Aug/16 14:46:33][19/Aug/16 14:46:33][took 0.002224 secs]
[>>][5d56c1c9eec1f367384127][DEFAULT][/lib/execute/execDashboard.php][19/Aug/16 14:46:33]
[<<][5d56c1c9eec1f367384127][DEFAULT][/lib/execute/execDashboard.php][19/Aug/16 14:46:33][19/Aug/16 14:46:33][took 0.0045809999999999 secs]
[<<][5d56c1d488082336930498][DEFAULT][/lib/execute/execNavigator.php][19/Aug/16 14:46:44][19/Aug/16 14:46:44][took 0.0034449999999999 secs]
[>>][5d56c1d488ed3520087940][DEFAULT][/lib/execute/execNavigator.php][19/Aug/16 14:46:44]
[<<][5d56c1d488ed3520087940][DEFAULT][/lib/execute/execNavigator.php][19/Aug/16 14:46:44][19/Aug/16 14:46:44][took 0.0017060000000001 secs]
[>>][5d56c1d48961b866072995][DEFAULT][/lib/execute/execNavigator.php][19/Aug/16 14:46:44]
[<<][5d56c1d48961b866072995][DEFAULT][/lib/execute/execNavigator.php][19/Aug/16 14:46:44][19/Aug/16 14:46:44][took 0.317092 secs]
[<<][5d56c1d598161908964690][DEFAULT][/lib/execute/execDashboard.php][19/Aug/16 14:46:45][19/Aug/16 14:46:45][took 0.0032460000000001 secs]
[>>][5d56c1d598ed3251276721][DEFAULT][/lib/execute/execDashboard.php][19/Aug/16 14:46:45]
[<<][5d56c1d598ed3251276721][DEFAULT][/lib/execute/execDashboard.php][19/Aug/16 14:46:45][19/Aug/16 14:46:45][took 0.001725 secs]
[>>][5d56c1d59962b460806031][DEFAULT][/lib/execute/execDashboard.php][19/Aug/16 14:46:45]
[<<][5d56c1d59962b460806031][DEFAULT][/lib/execute/execDashboard.php][19/Aug/16 14:46:45][19/Aug/16 14:46:45][took 0.010677 secs]
[<<][5d56c2fdbbbe3683658815][DEFAULT][/index.php][19/Aug/16 14:51:41][19/Aug/16 14:51:41][took 0.003333 secs]
[>>][5d56c2fdbc9bc117612388][DEFAULT][/index.php][19/Aug/16 14:51:41]
[<<][5d56c2fdbc9bc117612388][DEFAULT][/index.php][19/Aug/16 14:51:41][19/Aug/16 14:51:41][took 0.001808 secs]
[<<][5d56c2fdca958347748521][DEFAULT][/lib/general/navBar.php][19/Aug/16 14:51:41][19/Aug/16 14:51:41][took 0.003285 secs]
[>>][5d56c2fdcb6e8098685688][DEFAULT][/lib/general/navBar.php][19/Aug/16 14:51:41]
[<<][5d56c2fdcb6e8098685688][DEFAULT][/lib/general/navBar.php][19/Aug/16 14:51:41][19/Aug/16 14:51:41][took 0.002009 secs]
[>>][5d56c2fdcbf61380720801][DEFAULT][/lib/general/navBar.php][19/Aug/16 14:51:41]
[<<][5d56c2fdcbf61380720801][DEFAULT][/lib/general/navBar.php][19/Aug/16 14:51:41][19/Aug/16 14:51:41][took 0.0087400000000001 secs]
[<<][5d56c2fdd8510754816714][DEFAULT][/lib/general/mainPage.php][19/Aug/16 14:51:41][19/Aug/16 14:51:41][took 0.0031059999999999 secs]
[>>][5d56c2fdd91e8802480032][DEFAULT][/lib/general/mainPage.php][19/Aug/16 14:51:41]
[<<][5d56c2fdd91e8802480032][DEFAULT][/lib/general/mainPage.php][19/Aug/16 14:51:41][19/Aug/16 14:51:41][took 0.0025839999999999 secs]
[>>][5d56c2fdd9c98890455546][DEFAULT][/lib/general/mainPage.php][19/Aug/16 14:51:41]
	[19/Aug/16 14:51:41][WARNING][kt7m62nvu7cas0j6uemdecbhq7][GUI - Test Project ID : 21]
		E_NOTICE
Undefined index: platform_view - in /opt/bitnami/apps/testlink/htdocs/gui/templates_c/835a037b28214872edd369779d57f903f1734c6a.file.mainPageLeft.tpl.php - Line 205
[<<][5d56c2fdd9c98890455546][DEFAULT][/lib/general/mainPage.php][19/Aug/16 14:51:41][19/Aug/16 14:51:41][took 0.048818 secs]
[<<][5d56c30526c95831231212][DEFAULT][/lib/general/navBar.php][19/Aug/16 14:51:49][19/Aug/16 14:51:49][took 0.003279 secs]
[>>][5d56c30527a2d026704421][DEFAULT][/lib/general/navBar.php][19/Aug/16 14:51:49]
[<<][5d56c30527a2d026704421][DEFAULT][/lib/general/navBar.php][19/Aug/16 14:51:49][19/Aug/16 14:51:49][took 0.002189 secs]
[>>][5d56c30528369455414276][DEFAULT][/lib/general/navBar.php][19/Aug/16 14:51:49]
	[19/Aug/16 14:51:49][WARNING][kt7m62nvu7cas0j6uemdecbhq7][GUI - Test Project ID : 70699]
		E_NOTICE
Undefined property: stdClass::$prefix - in /opt/bitnami/apps/testlink/htdocs/lib/general/navBar.php - Line 173
[<<][5d56c30528369455414276][DEFAULT][/lib/general/navBar.php][19/Aug/16 14:51:49][19/Aug/16 14:51:49][took 0.058551 secs]
[<<][5d56c3055ee15202036576][DEFAULT][/lib/general/mainPage.php][19/Aug/16 14:51:49][19/Aug/16 14:51:49][took 0.003692 secs]
[>>][5d56c3055fd3d631764994][DEFAULT][/lib/general/mainPage.php][19/Aug/16 14:51:49]
[<<][5d56c3055fd3d631764994][DEFAULT][/lib/general/mainPage.php][19/Aug/16 14:51:49][19/Aug/16 14:51:49][took 0.002208 secs]
[>>][5d56c30560679341928115][DEFAULT][/lib/general/mainPage.php][19/Aug/16 14:51:49]
	[19/Aug/16 14:51:49][WARNING][kt7m62nvu7cas0j6uemdecbhq7][GUI - Test Project ID : 70699]
		E_NOTICE
Undefined index: platform_view - in /opt/bitnami/apps/testlink/htdocs/gui/templates_c/835a037b28214872edd369779d57f903f1734c6a.file.mainPageLeft.tpl.php - Line 205
[<<][5d56c30560679341928115][DEFAULT][/lib/general/mainPage.php][19/Aug/16 14:51:49][19/Aug/16 14:51:49][took 0.046541 secs]
[<<][5d56c30f9bedc798053366][DEFAULT][/lib/general/navBar.php][19/Aug/16 14:51:59][19/Aug/16 14:51:59][took 0.0033880000000001 secs]
[>>][5d56c30f9ccda821603818][DEFAULT][/lib/general/navBar.php][19/Aug/16 14:51:59]
[<<][5d56c30f9ccda821603818][DEFAULT][/lib/general/navBar.php][19/Aug/16 14:51:59][19/Aug/16 14:51:59][took 0.002139 secs]
[>>][5d56c30f9d5d4385218469][DEFAULT][/lib/general/navBar.php][19/Aug/16 14:51:59]
	[19/Aug/16 14:51:59][WARNING][kt7m62nvu7cas0j6uemdecbhq7][GUI - Test Project ID : 21]
		E_NOTICE
Undefined property: stdClass::$prefix - in /opt/bitnami/apps/testlink/htdocs/lib/general/navBar.php - Line 173
[<<][5d56c30f9d5d4385218469][DEFAULT][/lib/general/navBar.php][19/Aug/16 14:51:59][19/Aug/16 14:51:59][took 0.063175 secs]
[<<][5d56c30fd1b75957411210][DEFAULT][/lib/general/mainPage.php][19/Aug/16 14:51:59][19/Aug/16 14:51:59][took 0.003588 secs]
[>>][5d56c30fd2a2f172952805][DEFAULT][/lib/general/mainPage.php][19/Aug/16 14:51:59]
[<<][5d56c30fd2a2f172952805][DEFAULT][/lib/general/mainPage.php][19/Aug/16 14:51:59][19/Aug/16 14:51:59][took 0.001992 secs]
[>>][5d56c30fd3295842784607][DEFAULT][/lib/general/mainPage.php][19/Aug/16 14:51:59]
	[19/Aug/16 14:51:59][WARNING][kt7m62nvu7cas0j6uemdecbhq7][GUI - Test Project ID : 21]
		E_NOTICE
Undefined index: platform_view - in /opt/bitnami/apps/testlink/htdocs/gui/templates_c/835a037b28214872edd369779d57f903f1734c6a.file.mainPageLeft.tpl.php - Line 205
[<<][5d56c30fd3295842784607][DEFAULT][/lib/general/mainPage.php][19/Aug/16 14:51:59][19/Aug/16 14:51:59][took 0.045801 secs]
[<<][5d56c31490650818755012][DEFAULT][/lib/general/frmWorkArea.php][19/Aug/16 14:52:04][19/Aug/16 14:52:04][took 0.003621 secs]
[>>][5d56c31491542648969554][DEFAULT][/lib/general/frmWorkArea.php][19/Aug/16 14:52:04]
[<<][5d56c31491542648969554][DEFAULT][/lib/general/frmWorkArea.php][19/Aug/16 14:52:04][19/Aug/16 14:52:04][took 0.002186 secs]
[>>][5d56c31491e6a393910283][DEFAULT][/lib/general/frmWorkArea.php][19/Aug/16 14:52:04]
[<<][5d56c31491e6a393910283][DEFAULT][/lib/general/frmWorkArea.php][19/Aug/16 14:52:04][19/Aug/16 14:52:04][took 0.00080800000000003 secs]
[<<][5d56c3149c1d1731009840][DEFAULT][/lib/testcases/listTestCases.php][19/Aug/16 14:52:04][19/Aug/16 14:52:04][took 0.002961 secs]
[>>][5d56c3149ce1a688927089][DEFAULT][/lib/testcases/listTestCases.php][19/Aug/16 14:52:04]
[<<][5d56c3149ce1a688927089][DEFAULT][/lib/testcases/listTestCases.php][19/Aug/16 14:52:04][19/Aug/16 14:52:04][took 0.0021409999999999 secs]
[>>][5d56c3149d71a280575675][DEFAULT][/lib/testcases/listTestCases.php][19/Aug/16 14:52:04]
[<<][5d56c3149d71a280575675][DEFAULT][/lib/testcases/listTestCases.php][19/Aug/16 14:52:04][19/Aug/16 14:52:04][took 0.014963 secs]
[<<][5d56c3149c23d780193459][DEFAULT][/lib/testcases/archiveData.php][19/Aug/16 14:52:04][19/Aug/16 14:52:04][took 0.025104 secs]
[>>][5d56c314a24e7445201878][DEFAULT][/lib/testcases/archiveData.php][19/Aug/16 14:52:04]
[<<][5d56c314a24e7445201878][DEFAULT][/lib/testcases/archiveData.php][19/Aug/16 14:52:04][19/Aug/16 14:52:04][took 0.0015470000000001 secs]
[>>][5d56c314a2b78587251305][DEFAULT][/lib/testcases/archiveData.php][19/Aug/16 14:52:04]
[<<][5d56c314a2b78587251305][DEFAULT][/lib/testcases/archiveData.php][19/Aug/16 14:52:04][19/Aug/16 14:52:04][took 0.0082300000000001 secs]
[<<][5d56c314dfea4425188583][DEFAULT][/lib/ajax/gettprojectnodes.php][19/Aug/16 14:52:04][19/Aug/16 14:52:04][took 0.0029600000000001 secs]
[>>][5d56c314e0af4301273458][DEFAULT][/lib/ajax/gettprojectnodes.php][19/Aug/16 14:52:04]
[<<][5d56c314e0af4301273458][DEFAULT][/lib/ajax/gettprojectnodes.php][19/Aug/16 14:52:04][19/Aug/16 14:52:04][took 0.002618 secs]
[>>][5d56c314e15c3344906078][DEFAULT][/lib/ajax/gettprojectnodes.php][19/Aug/16 14:52:04]
[<<][5d56c314e15c3344906078][DEFAULT][/lib/ajax/gettprojectnodes.php][19/Aug/16 14:52:04][19/Aug/16 14:52:04][took 0.012701 secs]
[<<][5d56c3197ad63584969281][DEFAULT][/lib/general/frmWorkArea.php][19/Aug/16 14:52:09][19/Aug/16 14:52:09][took 0.0033110000000001 secs]
[>>][5d56c3197bb1a135360973][DEFAULT][/lib/general/frmWorkArea.php][19/Aug/16 14:52:09]
[<<][5d56c3197bb1a135360973][DEFAULT][/lib/general/frmWorkArea.php][19/Aug/16 14:52:09][19/Aug/16 14:52:09][took 0.0021910000000001 secs]
[>>][5d56c3197c449429347151][DEFAULT][/lib/general/frmWorkArea.php][19/Aug/16 14:52:09]
[<<][5d56c3197c449429347151][DEFAULT][/lib/general/frmWorkArea.php][19/Aug/16 14:52:09][19/Aug/16 14:52:09][took 0.00077499999999997 secs]
[<<][5d56c3198654f648033566][DEFAULT][/lib/testcases/listTestCases.php][19/Aug/16 14:52:09][19/Aug/16 14:52:09][took 0.003041 secs]
[>>][5d56c319871db774413834][DEFAULT][/lib/testcases/listTestCases.php][19/Aug/16 14:52:09]
[<<][5d56c319871db774413834][DEFAULT][/lib/testcases/listTestCases.php][19/Aug/16 14:52:09][19/Aug/16 14:52:09][took 0.00227 secs]
[>>][5d56c31987b56627960360][DEFAULT][/lib/testcases/listTestCases.php][19/Aug/16 14:52:09]
[<<][5d56c31987b56627960360][DEFAULT][/lib/testcases/listTestCases.php][19/Aug/16 14:52:09][19/Aug/16 14:52:09][took 0.014314 secs]
[<<][5d56c31986673513964181][DEFAULT][/lib/testcases/archiveData.php][19/Aug/16 14:52:09][19/Aug/16 14:52:09][took 0.023819 secs]
[>>][5d56c3198c41e583750743][DEFAULT][/lib/testcases/archiveData.php][19/Aug/16 14:52:09]
[<<][5d56c3198c41e583750743][DEFAULT][/lib/testcases/archiveData.php][19/Aug/16 14:52:09][19/Aug/16 14:52:09][took 0.001626 secs]
[>>][5d56c3198cb01140088884][DEFAULT][/lib/testcases/archiveData.php][19/Aug/16 14:52:09]
[<<][5d56c3198cb01140088884][DEFAULT][/lib/testcases/archiveData.php][19/Aug/16 14:52:09][19/Aug/16 14:52:09][took 0.005799 secs]
[<<][5d56c319a7e54884676531][DEFAULT][/lib/ajax/gettprojectnodes.php][19/Aug/16 14:52:09][19/Aug/16 14:52:09][took 0.0043920000000001 secs]
[>>][5d56c319a90a7533484330][DEFAULT][/lib/ajax/gettprojectnodes.php][19/Aug/16 14:52:09]
[<<][5d56c319a90a7533484330][DEFAULT][/lib/ajax/gettprojectnodes.php][19/Aug/16 14:52:09][19/Aug/16 14:52:09][took 0.002017 secs]
[>>][5d56c319a9926455506620][DEFAULT][/lib/ajax/gettprojectnodes.php][19/Aug/16 14:52:09]
[<<][5d56c319a9926455506620][DEFAULT][/lib/ajax/gettprojectnodes.php][19/Aug/16 14:52:09][19/Aug/16 14:52:09][took 0.0177 secs]
[<<][5d56c3246ed05139450792][DEFAULT][/lib/ajax/gettprojectnodes.php][19/Aug/16 14:52:20][19/Aug/16 14:52:20][took 0.003391 secs]
[>>][5d56c3246fb07395672439][DEFAULT][/lib/ajax/gettprojectnodes.php][19/Aug/16 14:52:20]
[<<][5d56c3246fb07395672439][DEFAULT][/lib/ajax/gettprojectnodes.php][19/Aug/16 14:52:20][19/Aug/16 14:52:20][took 0.002181 secs]
[>>][5d56c3247042a674501681][DEFAULT][/lib/ajax/gettprojectnodes.php][19/Aug/16 14:52:20]
[<<][5d56c3247042a674501681][DEFAULT][/lib/ajax/gettprojectnodes.php][19/Aug/16 14:52:20][19/Aug/16 14:52:20][took 0.001984 secs]
[<<][5d56c32825868696152657][DEFAULT][/lib/ajax/gettprojectnodes.php][19/Aug/16 14:52:24][19/Aug/16 14:52:24][took 0.003317 secs]
[>>][5d56c3282662f816850060][DEFAULT][/lib/ajax/gettprojectnodes.php][19/Aug/16 14:52:24]
[<<][5d56c3282662f816850060][DEFAULT][/lib/ajax/gettprojectnodes.php][19/Aug/16 14:52:24][19/Aug/16 14:52:24][took 0.001887 secs]
[>>][5d56c32826e2d827568313][DEFAULT][/lib/ajax/gettprojectnodes.php][19/Aug/16 14:52:24]
[<<][5d56c32826e2d827568313][DEFAULT][/lib/ajax/gettprojectnodes.php][19/Aug/16 14:52:24][19/Aug/16 14:52:24][took 0.002073 secs]
[<<][5d56c32ba9cec149890363][DEFAULT][/lib/ajax/gettprojectnodes.php][19/Aug/16 14:52:27][19/Aug/16 14:52:27][took 0.003006 secs]
[>>][5d56c32baa966920520897][DEFAULT][/lib/ajax/gettprojectnodes.php][19/Aug/16 14:52:27]
[<<][5d56c32baa966920520897][DEFAULT][/lib/ajax/gettprojectnodes.php][19/Aug/16 14:52:27][19/Aug/16 14:52:27][took 0.001793 secs]
[>>][5d56c32bab100466075866][DEFAULT][/lib/ajax/gettprojectnodes.php][19/Aug/16 14:52:27]
[<<][5d56c32bab100466075866][DEFAULT][/lib/ajax/gettprojectnodes.php][19/Aug/16 14:52:27][19/Aug/16 14:52:27][took 0.00179 secs]
[<<][5d56c32ecd834157312548][DEFAULT][/lib/ajax/gettprojectnodes.php][19/Aug/16 14:52:30][19/Aug/16 14:52:30][took 0.003514 secs]
[>>][5d56c32ece6b8927433510][DEFAULT][/lib/ajax/gettprojectnodes.php][19/Aug/16 14:52:30]
[<<][5d56c32ece6b8927433510][DEFAULT][/lib/ajax/gettprojectnodes.php][19/Aug/16 14:52:30][19/Aug/16 14:52:30][took 0.003267 secs]
[>>][5d56c32ecf424507520556][DEFAULT][/lib/ajax/gettprojectnodes.php][19/Aug/16 14:52:30]
[<<][5d56c32ecf424507520556][DEFAULT][/lib/ajax/gettprojectnodes.php][19/Aug/16 14:52:30][19/Aug/16 14:52:30][took 0.0011409999999999 secs]
[<<][5d56c3315f00e512266429][DEFAULT][/lib/ajax/gettprojectnodes.php][19/Aug/16 14:52:33][19/Aug/16 14:52:33][took 0.003134 secs]
[>>][5d56c3315fd06876178429][DEFAULT][/lib/ajax/gettprojectnodes.php][19/Aug/16 14:52:33]
[<<][5d56c3315fd06876178429][DEFAULT][/lib/ajax/gettprojectnodes.php][19/Aug/16 14:52:33][19/Aug/16 14:52:33][took 0.001994 secs]
[>>][5d56c33160567910779641][DEFAULT][/lib/ajax/gettprojectnodes.php][19/Aug/16 14:52:33]
[<<][5d56c33160567910779641][DEFAULT][/lib/ajax/gettprojectnodes.php][19/Aug/16 14:52:33][19/Aug/16 14:52:33][took 0.001228 secs]
[<<][5d56c34928b49192492556][DEFAULT][/lib/testcases/archiveData.php][19/Aug/16 14:52:57][19/Aug/16 14:52:57][took 0.003848 secs]
[>>][5d56c34929b1c770455443][DEFAULT][/lib/testcases/archiveData.php][19/Aug/16 14:52:57]
[<<][5d56c34929b1c770455443][DEFAULT][/lib/testcases/archiveData.php][19/Aug/16 14:52:57][19/Aug/16 14:52:57][took 0.0023 secs]
[>>][5d56c3492a4ba659712545][DEFAULT][/lib/testcases/archiveData.php][19/Aug/16 14:52:57]
[<<][5d56c3492a4ba659712545][DEFAULT][/lib/testcases/archiveData.php][19/Aug/16 14:52:57][19/Aug/16 14:52:57][took 0.031365 secs]
[<<][5d56c351c8836699278366][DEFAULT][/lib/ajax/gettprojectnodes.php][19/Aug/16 14:53:05][19/Aug/16 14:53:05][took 0.00335 secs]
[>>][5d56c351c9611619983745][DEFAULT][/lib/ajax/gettprojectnodes.php][19/Aug/16 14:53:05]
[<<][5d56c351c9611619983745][DEFAULT][/lib/ajax/gettprojectnodes.php][19/Aug/16 14:53:05][19/Aug/16 14:53:05][took 0.00203 secs]
[>>][5d56c351c9eb8195981561][DEFAULT][/lib/ajax/gettprojectnodes.php][19/Aug/16 14:53:05]
[<<][5d56c351c9eb8195981561][DEFAULT][/lib/ajax/gettprojectnodes.php][19/Aug/16 14:53:05][19/Aug/16 14:53:05][took 0.001984 secs]
[<<][5d56c35901a0e602148724][DEFAULT][/lib/testcases/archiveData.php][19/Aug/16 14:53:13][19/Aug/16 14:53:13][took 0.003034 secs]
[>>][5d56c3590269f665785426][DEFAULT][/lib/testcases/archiveData.php][19/Aug/16 14:53:13]
[<<][5d56c3590269f665785426][DEFAULT][/lib/testcases/archiveData.php][19/Aug/16 14:53:13][19/Aug/16 14:53:13][took 0.002007 secs]
[>>][5d56c35902f14615646452][DEFAULT][/lib/testcases/archiveData.php][19/Aug/16 14:53:13]
[<<][5d56c35902f14615646452][DEFAULT][/lib/testcases/archiveData.php][19/Aug/16 14:53:13][19/Aug/16 14:53:13][took 0.040282 secs]
[<<][5d56c35a7f62d855961600][DEFAULT][/lib/testcases/archiveData.php][19/Aug/16 14:53:14][19/Aug/16 14:53:14][took 0.003233 secs]
[>>][5d56c35a803a0181275292][DEFAULT][/lib/testcases/archiveData.php][19/Aug/16 14:53:14]
[<<][5d56c35a803a0181275292][DEFAULT][/lib/testcases/archiveData.php][19/Aug/16 14:53:14][19/Aug/16 14:53:14][took 0.0021019999999999 secs]
[>>][5d56c35a80c73160226185][DEFAULT][/lib/testcases/archiveData.php][19/Aug/16 14:53:14]
[<<][5d56c35a80c73160226185][DEFAULT][/lib/testcases/archiveData.php][19/Aug/16 14:53:14][19/Aug/16 14:53:14][took 0.041768 secs]
[<<][5d56c38f9df49143377797][DEFAULT][/lib/testcases/listTestCases.php][19/Aug/16 14:54:07][19/Aug/16 14:54:07][took 0.003579 secs]
[>>][5d56c38f9ee13944381864][DEFAULT][/lib/testcases/listTestCases.php][19/Aug/16 14:54:07]
[<<][5d56c38f9ee13944381864][DEFAULT][/lib/testcases/listTestCases.php][19/Aug/16 14:54:07][19/Aug/16 14:54:07][took 0.0022960000000001 secs]
[>>][5d56c38f9f7ab791257654][DEFAULT][/lib/testcases/listTestCases.php][19/Aug/16 14:54:07]
[<<][5d56c38f9f7ab791257654][DEFAULT][/lib/testcases/listTestCases.php][19/Aug/16 14:54:07][19/Aug/16 14:54:08][took 0.376782 secs]
[<<][5d56c3974afc3375588822][DEFAULT][/lib/testcases/archiveData.php][19/Aug/16 14:54:15][19/Aug/16 14:54:15][took 0.003063 secs]
[>>][5d56c3974bc92773497451][DEFAULT][/lib/testcases/archiveData.php][19/Aug/16 14:54:15]
[<<][5d56c3974bc92773497451][DEFAULT][/lib/testcases/archiveData.php][19/Aug/16 14:54:15][19/Aug/16 14:54:15][took 0.002329 secs]
[>>][5d56c3974c64a914703285][DEFAULT][/lib/testcases/archiveData.php][19/Aug/16 14:54:15]
[<<][5d56c3974c64a914703285][DEFAULT][/lib/testcases/archiveData.php][19/Aug/16 14:54:15][19/Aug/16 14:54:15][took 0.031688 secs]
[<<][5d56c3a93e42c442999264][DEFAULT][/lib/testcases/archiveData.php][19/Aug/16 14:54:33][19/Aug/16 14:54:33][took 0.003317 secs]
[>>][5d56c3a93f1e6961840244][DEFAULT][/lib/testcases/archiveData.php][19/Aug/16 14:54:33]
[<<][5d56c3a93f1e6961840244][DEFAULT][/lib/testcases/archiveData.php][19/Aug/16 14:54:33][19/Aug/16 14:54:33][took 0.002343 secs]
[>>][5d56c3a93fba1609284872][DEFAULT][/lib/testcases/archiveData.php][19/Aug/16 14:54:33]
[<<][5d56c3a93fba1609284872][DEFAULT][/lib/testcases/archiveData.php][19/Aug/16 14:54:33][19/Aug/16 14:54:33][took 0.038526 secs]
[<<][5d56c3ad9bd29055093408][DEFAULT][/lib/testcases/archiveData.php][19/Aug/16 14:54:37][19/Aug/16 14:54:37][took 0.0033160000000001 secs]
[>>][5d56c3ad9cadd970445717][DEFAULT][/lib/testcases/archiveData.php][19/Aug/16 14:54:37]
[<<][5d56c3ad9cadd970445717][DEFAULT][/lib/testcases/archiveData.php][19/Aug/16 14:54:37][19/Aug/16 14:54:37][took 0.002206 secs]
[>>][5d56c3ad9d432313435013][DEFAULT][/lib/testcases/archiveData.php][19/Aug/16 14:54:37]
[<<][5d56c3ad9d432313435013][DEFAULT][/lib/testcases/archiveData.php][19/Aug/16 14:54:37][19/Aug/16 14:54:37][took 0.033029 secs]
[<<][5d56c3af07f0c733249616][DEFAULT][/lib/testcases/archiveData.php][19/Aug/16 14:54:39][19/Aug/16 14:54:39][took 0.005546 secs]
[>>][5d56c3af09576160955452][DEFAULT][/lib/testcases/archiveData.php][19/Aug/16 14:54:39]
[<<][5d56c3af09576160955452][DEFAULT][/lib/testcases/archiveData.php][19/Aug/16 14:54:39][19/Aug/16 14:54:39][took 0.001922 secs]
[>>][5d56c3af09d98632193186][DEFAULT][/lib/testcases/archiveData.php][19/Aug/16 14:54:39]
[<<][5d56c3af09d98632193186][DEFAULT][/lib/testcases/archiveData.php][19/Aug/16 14:54:39][19/Aug/16 14:54:39][took 0.037263 secs]
[<<][5d56c3b118cec756590572][DEFAULT][/lib/testcases/archiveData.php][19/Aug/16 14:54:41][19/Aug/16 14:54:41][took 0.003356 secs]
[>>][5d56c3b119acd856342509][DEFAULT][/lib/testcases/archiveData.php][19/Aug/16 14:54:41]
[<<][5d56c3b119acd856342509][DEFAULT][/lib/testcases/archiveData.php][19/Aug/16 14:54:41][19/Aug/16 14:54:41][took 0.002575 secs]
[>>][5d56c3b11a57c126435102][DEFAULT][/lib/testcases/archiveData.php][19/Aug/16 14:54:41]
[<<][5d56c3b11a57c126435102][DEFAULT][/lib/testcases/archiveData.php][19/Aug/16 14:54:41][19/Aug/16 14:54:41][took 0.034172 secs]
[<<][5d56c3b3584c1097598682][DEFAULT][/lib/testcases/archiveData.php][19/Aug/16 14:54:43][19/Aug/16 14:54:43][took 0.00336 secs]
[>>][5d56c3b3592aa688567438][DEFAULT][/lib/testcases/archiveData.php][19/Aug/16 14:54:43]
[<<][5d56c3b3592aa688567438][DEFAULT][/lib/testcases/archiveData.php][19/Aug/16 14:54:43][19/Aug/16 14:54:43][took 0.002182 secs]
[>>][5d56c3b359be0227556081][DEFAULT][/lib/testcases/archiveData.php][19/Aug/16 14:54:43]
[<<][5d56c3b359be0227556081][DEFAULT][/lib/testcases/archiveData.php][19/Aug/16 14:54:43][19/Aug/16 14:54:43][took 0.029324 secs]
[<<][5d56c3b5ab274275645963][DEFAULT][/lib/testcases/archiveData.php][19/Aug/16 14:54:45][19/Aug/16 14:54:45][took 0.0034 secs]
[>>][5d56c3b5ac07c983852172][DEFAULT][/lib/testcases/archiveData.php][19/Aug/16 14:54:45]
[<<][5d56c3b5ac07c983852172][DEFAULT][/lib/testcases/archiveData.php][19/Aug/16 14:54:45][19/Aug/16 14:54:45][took 0.0022180000000001 secs]
[>>][5d56c3b5ac9c4350650853][DEFAULT][/lib/testcases/archiveData.php][19/Aug/16 14:54:45]
[<<][5d56c3b5ac9c4350650853][DEFAULT][/lib/testcases/archiveData.php][19/Aug/16 14:54:45][19/Aug/16 14:54:45][took 0.0093760000000001 secs]
[<<][5d56c3b657c17401997523][DEFAULT][/lib/testcases/archiveData.php][19/Aug/16 14:54:46][19/Aug/16 14:54:46][took 0.003334 secs]
[>>][5d56c3b6589e0636167542][DEFAULT][/lib/testcases/archiveData.php][19/Aug/16 14:54:46]
[<<][5d56c3b6589e0636167542][DEFAULT][/lib/testcases/archiveData.php][19/Aug/16 14:54:46][19/Aug/16 14:54:46][took 0.002342 secs]
[>>][5d56c3b6593a5973980383][DEFAULT][/lib/testcases/archiveData.php][19/Aug/16 14:54:46]
[<<][5d56c3b6593a5973980383][DEFAULT][/lib/testcases/archiveData.php][19/Aug/16 14:54:46][19/Aug/16 14:54:46][took 0.022818 secs]
[<<][5d56c3bc58e64920336608][DEFAULT][/lib/testcases/listTestCases.php][19/Aug/16 14:54:52][19/Aug/16 14:54:52][took 0.003348 secs]
[>>][5d56c3bc59c43501288950][DEFAULT][/lib/testcases/listTestCases.php][19/Aug/16 14:54:52]
[<<][5d56c3bc59c43501288950][DEFAULT][/lib/testcases/listTestCases.php][19/Aug/16 14:54:52][19/Aug/16 14:54:52][took 0.002019 secs]
[>>][5d56c3bc5a4cb169698988][DEFAULT][/lib/testcases/listTestCases.php][19/Aug/16 14:54:52]
[<<][5d56c3bc5a4cb169698988][DEFAULT][/lib/testcases/listTestCases.php][19/Aug/16 14:54:52][19/Aug/16 14:54:52][took 0.015044 secs]
[<<][5d56c3bc7b654340708299][DEFAULT][/lib/ajax/gettprojectnodes.php][19/Aug/16 14:54:52][19/Aug/16 14:54:52][took 0.0033669999999999 secs]
[>>][5d56c3bc7c444081366266][DEFAULT][/lib/ajax/gettprojectnodes.php][19/Aug/16 14:54:52]
[<<][5d56c3bc7c444081366266][DEFAULT][/lib/ajax/gettprojectnodes.php][19/Aug/16 14:54:52][19/Aug/16 14:54:52][took 0.002043 secs]
[>>][5d56c3bc7cce4000447377][DEFAULT][/lib/ajax/gettprojectnodes.php][19/Aug/16 14:54:52]
[<<][5d56c3bc7cce4000447377][DEFAULT][/lib/ajax/gettprojectnodes.php][19/Aug/16 14:54:52][19/Aug/16 14:54:52][took 0.014674 secs]
[<<][5d56c3bc94bb1185168926][DEFAULT][/lib/ajax/gettprojectnodes.php][19/Aug/16 14:54:52][19/Aug/16 14:54:52][took 0.003312 secs]
[>>][5d56c3bc95966265356132][DEFAULT][/lib/ajax/gettprojectnodes.php][19/Aug/16 14:54:52]
[<<][5d56c3bc95966265356132][DEFAULT][/lib/ajax/gettprojectnodes.php][19/Aug/16 14:54:52][19/Aug/16 14:54:52][took 0.002153 secs]
[>>][5d56c3bc9626c372946968][DEFAULT][/lib/ajax/gettprojectnodes.php][19/Aug/16 14:54:52]
[<<][5d56c3bc9626c372946968][DEFAULT][/lib/ajax/gettprojectnodes.php][19/Aug/16 14:54:52][19/Aug/16 14:54:52][took 0.002072 secs]
[<<][5d56c3bca1dd0908056805][DEFAULT][/lib/ajax/gettprojectnodes.php][19/Aug/16 14:54:52][19/Aug/16 14:54:52][took 0.003304 secs]
[>>][5d56c3bca2b66685490271][DEFAULT][/lib/ajax/gettprojectnodes.php][19/Aug/16 14:54:52]
[<<][5d56c3bca2b66685490271][DEFAULT][/lib/ajax/gettprojectnodes.php][19/Aug/16 14:54:52][19/Aug/16 14:54:52][took 0.002238 secs]
[>>][5d56c3bca34c1776178813][DEFAULT][/lib/ajax/gettprojectnodes.php][19/Aug/16 14:54:52]
[<<][5d56c3bca34c1776178813][DEFAULT][/lib/ajax/gettprojectnodes.php][19/Aug/16 14:54:52][19/Aug/16 14:54:52][took 0.00225 secs]
[<<][5d56c3bcac116221476950][DEFAULT][/lib/ajax/gettprojectnodes.php][19/Aug/16 14:54:52][19/Aug/16 14:54:52][took 0.002987 secs]
[>>][5d56c3bcacd6c785050576][DEFAULT][/lib/ajax/gettprojectnodes.php][19/Aug/16 14:54:52]
[<<][5d56c3bcacd6c785050576][DEFAULT][/lib/ajax/gettprojectnodes.php][19/Aug/16 14:54:52][19/Aug/16 14:54:52][took 0.001772 secs]
[>>][5d56c3bcad4f8340488325][DEFAULT][/lib/ajax/gettprojectnodes.php][19/Aug/16 14:54:52]
[<<][5d56c3bcad4f8340488325][DEFAULT][/lib/ajax/gettprojectnodes.php][19/Aug/16 14:54:52][19/Aug/16 14:54:52][took 0.0038849999999999 secs]
[<<][5d56c3bcb96cb086475133][DEFAULT][/lib/ajax/gettprojectnodes.php][19/Aug/16 14:54:52][19/Aug/16 14:54:52][took 0.003232 secs]
[>>][5d56c3bcba416057699164][DEFAULT][/lib/ajax/gettprojectnodes.php][19/Aug/16 14:54:52]
[<<][5d56c3bcba416057699164][DEFAULT][/lib/ajax/gettprojectnodes.php][19/Aug/16 14:54:52][19/Aug/16 14:54:52][took 0.002198 secs]
[>>][5d56c3bcbad48861468806][DEFAULT][/lib/ajax/gettprojectnodes.php][19/Aug/16 14:54:52]
[<<][5d56c3bcbad48861468806][DEFAULT][/lib/ajax/gettprojectnodes.php][19/Aug/16 14:54:52][19/Aug/16 14:54:52][took 0.004483 secs]
[<<][5d56c3bcbb657898430140][DEFAULT][/lib/ajax/gettprojectnodes.php][19/Aug/16 14:54:52][19/Aug/16 14:54:52][took 0.007862 secs]
[>>][5d56c3bcbd5a9217161059][DEFAULT][/lib/ajax/gettprojectnodes.php][19/Aug/16 14:54:52]
[<<][5d56c3bcbd5a9217161059][DEFAULT][/lib/ajax/gettprojectnodes.php][19/Aug/16 14:54:52][19/Aug/16 14:54:52][took 0.0017060000000001 secs]
[>>][5d56c3bcbdce0273797750][DEFAULT][/lib/ajax/gettprojectnodes.php][19/Aug/16 14:54:52]
[<<][5d56c3bcbdce0273797750][DEFAULT][/lib/ajax/gettprojectnodes.php][19/Aug/16 14:54:52][19/Aug/16 14:54:52][took 0.002347 secs]
[<<][5d56c3bcdd903855164981][DEFAULT][/lib/ajax/gettprojectnodes.php][19/Aug/16 14:54:52][19/Aug/16 14:54:52][took 0.004264 secs]
[>>][5d56c3bcdea67878697342][DEFAULT][/lib/ajax/gettprojectnodes.php][19/Aug/16 14:54:52]
[<<][5d56c3bcdea67878697342][DEFAULT][/lib/ajax/gettprojectnodes.php][19/Aug/16 14:54:52][19/Aug/16 14:54:52][took 0.002013 secs]
[>>][5d56c3bcdf2e0965919676][DEFAULT][/lib/ajax/gettprojectnodes.php][19/Aug/16 14:54:52]
[<<][5d56c3bcdf2e0965919676][DEFAULT][/lib/ajax/gettprojectnodes.php][19/Aug/16 14:54:52][19/Aug/16 14:54:52][took 0.0010960000000001 secs]
[<<][5d56c3bcdda5d681489808][DEFAULT][/lib/ajax/gettprojectnodes.php][19/Aug/16 14:54:52][19/Aug/16 14:54:52][took 0.010057 secs]
[>>][5d56c3bce0241749720500][DEFAULT][/lib/ajax/gettprojectnodes.php][19/Aug/16 14:54:52]
[<<][5d56c3bce0241749720500][DEFAULT][/lib/ajax/gettprojectnodes.php][19/Aug/16 14:54:52][19/Aug/16 14:54:52][took 0.0016890000000001 secs]
[>>][5d56c3bce0969053188807][DEFAULT][/lib/ajax/gettprojectnodes.php][19/Aug/16 14:54:52]
[<<][5d56c3bce0969053188807][DEFAULT][/lib/ajax/gettprojectnodes.php][19/Aug/16 14:54:52][19/Aug/16 14:54:52][took 0.001094 secs]
[<<][5d56c3c75bfe9198711745][DEFAULT][/lib/ajax/gettprojectnodes.php][19/Aug/16 14:55:03][19/Aug/16 14:55:03][took 0.003624 secs]
[>>][5d56c3c75ced5127665313][DEFAULT][/lib/ajax/gettprojectnodes.php][19/Aug/16 14:55:03]
[<<][5d56c3c75ced5127665313][DEFAULT][/lib/ajax/gettprojectnodes.php][19/Aug/16 14:55:03][19/Aug/16 14:55:03][took 0.002397 secs]
[>>][5d56c3c75d937212965461][DEFAULT][/lib/ajax/gettprojectnodes.php][19/Aug/16 14:55:03]
[<<][5d56c3c75d937212965461][DEFAULT][/lib/ajax/gettprojectnodes.php][19/Aug/16 14:55:03][19/Aug/16 14:55:03][took 0.00062299999999998 secs]
[<<][5d56c3c90fdb1360096334][DEFAULT][/lib/ajax/gettprojectnodes.php][19/Aug/16 14:55:05][19/Aug/16 14:55:05][took 0.003476 secs]
[>>][5d56c3c910bff795658304][DEFAULT][/lib/ajax/gettprojectnodes.php][19/Aug/16 14:55:05]
[<<][5d56c3c910bff795658304][DEFAULT][/lib/ajax/gettprojectnodes.php][19/Aug/16 14:55:05][19/Aug/16 14:55:05][took 0.002265 secs]
[>>][5d56c3c911576280796426][DEFAULT][/lib/ajax/gettprojectnodes.php][19/Aug/16 14:55:05]
[<<][5d56c3c911576280796426][DEFAULT][/lib/ajax/gettprojectnodes.php][19/Aug/16 14:55:05][19/Aug/16 14:55:05][took 0.00044000000000001 secs]
[<<][5d56c3c9f096f014545560][DEFAULT][/lib/ajax/gettprojectnodes.php][19/Aug/16 14:55:05][19/Aug/16 14:55:05][took 0.003374 secs]
[>>][5d56c3c9f176e877453193][DEFAULT][/lib/ajax/gettprojectnodes.php][19/Aug/16 14:55:05]
[<<][5d56c3c9f176e877453193][DEFAULT][/lib/ajax/gettprojectnodes.php][19/Aug/16 14:55:05][19/Aug/16 14:55:05][took 0.002211 secs]
[>>][5d56c3c9f20c6567332797][DEFAULT][/lib/ajax/gettprojectnodes.php][19/Aug/16 14:55:05]
[<<][5d56c3c9f20c6567332797][DEFAULT][/lib/ajax/gettprojectnodes.php][19/Aug/16 14:55:05][19/Aug/16 14:55:05][took 0.0011679999999999 secs]
[<<][5d56c3d7b5a5e136166740][DEFAULT][/lib/testcases/archiveData.php][19/Aug/16 14:55:19][19/Aug/16 14:55:19][took 0.003482 secs]
[>>][5d56c3d7b68e1383835732][DEFAULT][/lib/testcases/archiveData.php][19/Aug/16 14:55:19]
[<<][5d56c3d7b68e1383835732][DEFAULT][/lib/testcases/archiveData.php][19/Aug/16 14:55:19][19/Aug/16 14:55:19][took 0.002088 secs]
[>>][5d56c3d7b71a5426450893][DEFAULT][/lib/testcases/archiveData.php][19/Aug/16 14:55:19]
[<<][5d56c3d7b71a5426450893][DEFAULT][/lib/testcases/archiveData.php][19/Aug/16 14:55:19][19/Aug/16 14:55:19][took 0.087173 secs]
[<<][5d56c3deaafd3574211326][DEFAULT][/lib/testcases/archiveData.php][19/Aug/16 14:55:26][19/Aug/16 14:55:26][took 0.0030079999999999 secs]
[>>][5d56c3deabc48297914959][DEFAULT][/lib/testcases/archiveData.php][19/Aug/16 14:55:26]
[<<][5d56c3deabc48297914959][DEFAULT][/lib/testcases/archiveData.php][19/Aug/16 14:55:26][19/Aug/16 14:55:26][took 0.0016919999999999 secs]
[>>][5d56c3deac370128156543][DEFAULT][/lib/testcases/archiveData.php][19/Aug/16 14:55:26]
[<<][5d56c3deac370128156543][DEFAULT][/lib/testcases/archiveData.php][19/Aug/16 14:55:26][19/Aug/16 14:55:26][took 0.090376 secs]
[<<][5d56c3df9ae4d669084373][DEFAULT][/lib/testcases/archiveData.php][19/Aug/16 14:55:27][19/Aug/16 14:55:27][took 0.00345 secs]
[>>][5d56c3df9bcba647777980][DEFAULT][/lib/testcases/archiveData.php][19/Aug/16 14:55:27]
[<<][5d56c3df9bcba647777980][DEFAULT][/lib/testcases/archiveData.php][19/Aug/16 14:55:27][19/Aug/16 14:55:27][took 0.002104 secs]
[>>][5d56c3df9c590932236323][DEFAULT][/lib/testcases/archiveData.php][19/Aug/16 14:55:27]
[<<][5d56c3df9c590932236323][DEFAULT][/lib/testcases/archiveData.php][19/Aug/16 14:55:27][19/Aug/16 14:55:27][took 0.059588 secs]
[<<][5d56c3e7260c4690243424][DEFAULT][/lib/testcases/archiveData.php][19/Aug/16 14:55:35][19/Aug/16 14:55:35][took 0.003203 secs]
[>>][5d56c3e726e13088280771][DEFAULT][/lib/testcases/archiveData.php][19/Aug/16 14:55:35]
[<<][5d56c3e726e13088280771][DEFAULT][/lib/testcases/archiveData.php][19/Aug/16 14:55:35][19/Aug/16 14:55:35][took 0.001822 secs]
[>>][5d56c3e7275cb926099611][DEFAULT][/lib/testcases/archiveData.php][19/Aug/16 14:55:35]
[<<][5d56c3e7275cb926099611][DEFAULT][/lib/testcases/archiveData.php][19/Aug/16 14:55:35][19/Aug/16 14:55:35][took 0.052393 secs]
[<<][5d56c3ea3fa03310606972][DEFAULT][/lib/testcases/archiveData.php][19/Aug/16 14:55:38][19/Aug/16 14:55:38][took 0.003406 secs]
[>>][5d56c3ea40813625441441][DEFAULT][/lib/testcases/archiveData.php][19/Aug/16 14:55:38]
[<<][5d56c3ea40813625441441][DEFAULT][/lib/testcases/archiveData.php][19/Aug/16 14:55:38][19/Aug/16 14:55:38][took 0.002278 secs]
[>>][5d56c3ea41197459670495][DEFAULT][/lib/testcases/archiveData.php][19/Aug/16 14:55:38]
[<<][5d56c3ea41197459670495][DEFAULT][/lib/testcases/archiveData.php][19/Aug/16 14:55:38][19/Aug/16 14:55:38][took 0.046929 secs]
[<<][5d56c3eaaf31c190064713][DEFAULT][/lib/testcases/archiveData.php][19/Aug/16 14:55:38][19/Aug/16 14:55:38][took 0.002891 secs]
[>>][5d56c3eaaff26567015222][DEFAULT][/lib/testcases/archiveData.php][19/Aug/16 14:55:38]
[<<][5d56c3eaaff26567015222][DEFAULT][/lib/testcases/archiveData.php][19/Aug/16 14:55:38][19/Aug/16 14:55:38][took 0.001795 secs]
[>>][5d56c3eab06b8442759539][DEFAULT][/lib/testcases/archiveData.php][19/Aug/16 14:55:38]
[<<][5d56c3eab06b8442759539][DEFAULT][/lib/testcases/archiveData.php][19/Aug/16 14:55:38][19/Aug/16 14:55:38][took 0.061129 secs]
[<<][5d56c3f6da7dd971750841][DEFAULT][/index.php][19/Aug/16 14:55:50][19/Aug/16 14:55:50][took 0.003671 secs]
[>>][5d56c3f6db6f1786291604][DEFAULT][/index.php][19/Aug/16 14:55:50]
[<<][5d56c3f6db6f1786291604][DEFAULT][/index.php][19/Aug/16 14:55:50][19/Aug/16 14:55:50][took 0.001663 secs]
[<<][5d56c3f6e7ae5288321936][DEFAULT][/lib/general/navBar.php][19/Aug/16 14:55:50][19/Aug/16 14:55:50][took 0.003251 secs]
[>>][5d56c3f6e8859448769982][DEFAULT][/lib/general/navBar.php][19/Aug/16 14:55:50]
[<<][5d56c3f6e8859448769982][DEFAULT][/lib/general/navBar.php][19/Aug/16 14:55:50][19/Aug/16 14:55:50][took 0.0022179999999999 secs]
[>>][5d56c3f6e919d796716643][DEFAULT][/lib/general/navBar.php][19/Aug/16 14:55:50]
[<<][5d56c3f6e919d796716643][DEFAULT][/lib/general/navBar.php][19/Aug/16 14:55:50][19/Aug/16 14:55:50][took 0.004614 secs]
[<<][5d56c3f700a6d528423936][DEFAULT][/lib/general/mainPage.php][19/Aug/16 14:55:50][19/Aug/16 14:55:51][took 0.002861 secs]
[>>][5d56c3f70165e213422515][DEFAULT][/lib/general/mainPage.php][19/Aug/16 14:55:51]
[<<][5d56c3f70165e213422515][DEFAULT][/lib/general/mainPage.php][19/Aug/16 14:55:51][19/Aug/16 14:55:51][took 0.001807 secs]
[>>][5d56c3f701e8e013117101][DEFAULT][/lib/general/mainPage.php][19/Aug/16 14:55:51]
	[19/Aug/16 14:55:51][WARNING][kt7m62nvu7cas0j6uemdecbhq7][GUI - Test Project ID : 21]
		E_NOTICE
Undefined index: platform_view - in /opt/bitnami/apps/testlink/htdocs/gui/templates_c/835a037b28214872edd369779d57f903f1734c6a.file.mainPageLeft.tpl.php - Line 205
[<<][5d56c3f701e8e013117101][DEFAULT][/lib/general/mainPage.php][19/Aug/16 14:55:51][19/Aug/16 14:55:51][took 0.064605 secs]
[<<][5d56c4033d69b856658988][DEFAULT][/lib/general/mainPage.php][19/Aug/16 14:56:03][19/Aug/16 14:56:03][took 0.002927 secs]
[>>][5d56c4033e2c6860018192][DEFAULT][/lib/general/mainPage.php][19/Aug/16 14:56:03]
[<<][5d56c4033e2c6860018192][DEFAULT][/lib/general/mainPage.php][19/Aug/16 14:56:03][19/Aug/16 14:56:03][took 0.002244 secs]
[>>][5d56c4033ec1f134139901][DEFAULT][/lib/general/mainPage.php][19/Aug/16 14:56:03]
	[19/Aug/16 14:56:03][WARNING][kt7m62nvu7cas0j6uemdecbhq7][GUI - Test Project ID : 21]
		E_NOTICE
Undefined index: platform_view - in /opt/bitnami/apps/testlink/htdocs/gui/templates_c/835a037b28214872edd369779d57f903f1734c6a.file.mainPageLeft.tpl.php - Line 205
[<<][5d56c4033ec1f134139901][DEFAULT][/lib/general/mainPage.php][19/Aug/16 14:56:03][19/Aug/16 14:56:03][took 0.049557 secs]
[<<][5d56c40b9107c425270500][DEFAULT][/lib/plan/planView.php][19/Aug/16 14:56:11][19/Aug/16 14:56:11][took 0.003279 secs]
[>>][5d56c40b91df9091833040][DEFAULT][/lib/plan/planView.php][19/Aug/16 14:56:11]
[<<][5d56c40b91df9091833040][DEFAULT][/lib/plan/planView.php][19/Aug/16 14:56:11][19/Aug/16 14:56:11][took 0.001698 secs]
[>>][5d56c40b92523595159238][DEFAULT][/lib/plan/planView.php][19/Aug/16 14:56:11]
[<<][5d56c40b92523595159238][DEFAULT][/lib/plan/planView.php][19/Aug/16 14:56:11][19/Aug/16 14:56:11][took 0.019487 secs]
[<<][5d56c41e89a90526032231][DEFAULT][/lib/plan/planEdit.php][19/Aug/16 14:56:30][19/Aug/16 14:56:30][took 0.006762 secs]
[>>][5d56c41e8b5bc754477699][DEFAULT][/lib/plan/planEdit.php][19/Aug/16 14:56:30]
[<<][5d56c41e8b5bc754477699][DEFAULT][/lib/plan/planEdit.php][19/Aug/16 14:56:30][19/Aug/16 14:56:30][took 0.001977 secs]
[>>][5d56c41e8be15314133823][DEFAULT][/lib/plan/planEdit.php][19/Aug/16 14:56:30]
[<<][5d56c41e8be15314133823][DEFAULT][/lib/plan/planEdit.php][19/Aug/16 14:56:30][19/Aug/16 14:56:30][took 0.011308 secs]
[<<][5d56c4212aaa5010001951][DEFAULT][/lib/plan/planView.php][19/Aug/16 14:56:33][19/Aug/16 14:56:33][took 0.003424 secs]
[>>][5d56c4212b8c5462803323][DEFAULT][/lib/plan/planView.php][19/Aug/16 14:56:33]
[<<][5d56c4212b8c5462803323][DEFAULT][/lib/plan/planView.php][19/Aug/16 14:56:33][19/Aug/16 14:56:33][took 0.003196 secs]
[>>][5d56c4212c5df361338117][DEFAULT][/lib/plan/planView.php][19/Aug/16 14:56:33]
[<<][5d56c4212c5df361338117][DEFAULT][/lib/plan/planView.php][19/Aug/16 14:56:33][19/Aug/16 14:56:33][took 0.007528 secs]
[<<][5d56c42b1bff4666462396][DEFAULT][/lib/plan/planEdit.php][19/Aug/16 14:56:43][19/Aug/16 14:56:43][took 0.003855 secs]
[>>][5d56c42b1cfdd304386563][DEFAULT][/lib/plan/planEdit.php][19/Aug/16 14:56:43]
[<<][5d56c42b1cfdd304386563][DEFAULT][/lib/plan/planEdit.php][19/Aug/16 14:56:43][19/Aug/16 14:56:43][took 0.002123 secs]
[>>][5d56c42b1d8c7923979997][DEFAULT][/lib/plan/planEdit.php][19/Aug/16 14:56:43]
[<<][5d56c42b1d8c7923979997][DEFAULT][/lib/plan/planEdit.php][19/Aug/16 14:56:43][19/Aug/16 14:56:43][took 0.005264 secs]
[<<][5d56c43175b00666608254][DEFAULT][/lib/plan/planView.php][19/Aug/16 14:56:49][19/Aug/16 14:56:49][took 0.003551 secs]
[>>][5d56c431769c2379971933][DEFAULT][/lib/plan/planView.php][19/Aug/16 14:56:49]
[<<][5d56c431769c2379971933][DEFAULT][/lib/plan/planView.php][19/Aug/16 14:56:49][19/Aug/16 14:56:49][took 0.002311 secs]
[>>][5d56c43177367418444861][DEFAULT][/lib/plan/planView.php][19/Aug/16 14:56:49]
[<<][5d56c43177367418444861][DEFAULT][/lib/plan/planView.php][19/Aug/16 14:56:49][19/Aug/16 14:56:49][took 0.009796 secs]
[<<][5d56c43532b90427093540][DEFAULT][/index.php][19/Aug/16 14:56:53][19/Aug/16 14:56:53][took 0.003817 secs]
[>>][5d56c43533b4d658016940][DEFAULT][/index.php][19/Aug/16 14:56:53]
[<<][5d56c43533b4d658016940][DEFAULT][/index.php][19/Aug/16 14:56:53][19/Aug/16 14:56:53][took 0.002252 secs]
[<<][5d56c4354533d320530493][DEFAULT][/lib/general/navBar.php][19/Aug/16 14:56:53][19/Aug/16 14:56:53][took 0.004342 secs]
[>>][5d56c435464f8632862134][DEFAULT][/lib/general/navBar.php][19/Aug/16 14:56:53]
[<<][5d56c435464f8632862134][DEFAULT][/lib/general/navBar.php][19/Aug/16 14:56:53][19/Aug/16 14:56:53][took 0.00222 secs]
[>>][5d56c43546e43557420909][DEFAULT][/lib/general/navBar.php][19/Aug/16 14:56:53]
[<<][5d56c43546e43557420909][DEFAULT][/lib/general/navBar.php][19/Aug/16 14:56:53][19/Aug/16 14:56:53][took 0.004153 secs]
[<<][5d56c43554605211002408][DEFAULT][/lib/general/mainPage.php][19/Aug/16 14:56:53][19/Aug/16 14:56:53][took 0.003144 secs]
[>>][5d56c43555309555364058][DEFAULT][/lib/general/mainPage.php][19/Aug/16 14:56:53]
[<<][5d56c43555309555364058][DEFAULT][/lib/general/mainPage.php][19/Aug/16 14:56:53][19/Aug/16 14:56:53][took 0.001967 secs]
[>>][5d56c43555b46041465686][DEFAULT][/lib/general/mainPage.php][19/Aug/16 14:56:53]
	[19/Aug/16 14:56:53][WARNING][kt7m62nvu7cas0j6uemdecbhq7][GUI - Test Project ID : 21]
		E_NOTICE
Undefined index: platform_view - in /opt/bitnami/apps/testlink/htdocs/gui/templates_c/835a037b28214872edd369779d57f903f1734c6a.file.mainPageLeft.tpl.php - Line 205
[<<][5d56c43555b46041465686][DEFAULT][/lib/general/mainPage.php][19/Aug/16 14:56:53][19/Aug/16 14:56:53][took 0.066664 secs]
[<<][5d56c43c305ed055851116][DEFAULT][/lib/general/frmWorkArea.php][19/Aug/16 14:57:00][19/Aug/16 14:57:00][took 0.003487 secs]
[>>][5d56c43c31456689320553][DEFAULT][/lib/general/frmWorkArea.php][19/Aug/16 14:57:00]
[<<][5d56c43c31456689320553][DEFAULT][/lib/general/frmWorkArea.php][19/Aug/16 14:57:00][19/Aug/16 14:57:00][took 0.001877 secs]
[>>][5d56c43c31c48912614449][DEFAULT][/lib/general/frmWorkArea.php][19/Aug/16 14:57:00]
[<<][5d56c43c31c48912614449][DEFAULT][/lib/general/frmWorkArea.php][19/Aug/16 14:57:00][19/Aug/16 14:57:00][took 0.002599 secs]
[<<][5d56c43c40ccb384618430][DEFAULT][/lib/results/resultsNavigator.php][19/Aug/16 14:57:00][19/Aug/16 14:57:00][took 0.003349 secs]
[>>][5d56c43c41aa4652580108][DEFAULT][/lib/results/resultsNavigator.php][19/Aug/16 14:57:00]
[<<][5d56c43c41aa4652580108][DEFAULT][/lib/results/resultsNavigator.php][19/Aug/16 14:57:00][19/Aug/16 14:57:00][took 0.002053 secs]
[>>][5d56c43c4233f311621351][DEFAULT][/lib/results/resultsNavigator.php][19/Aug/16 14:57:00]
	[19/Aug/16 14:57:00][L18N][kt7m62nvu7cas0j6uemdecbhq7][GUI - Test Project ID : 21]
		string 'link_report_test_flat_custom' is not localized for locale 'en_GB' 
	[19/Aug/16 14:57:00][L18N][kt7m62nvu7cas0j6uemdecbhq7][GUI - Test Project ID : 21]
		string 'format_pds' is not localized for locale 'en_GB' 
[<<][5d56c43c4233f311621351][DEFAULT][/lib/results/resultsNavigator.php][19/Aug/16 14:57:00][19/Aug/16 14:57:00][took 0.056418 secs]
[<<][5d56c43c4d5c8800337079][DEFAULT][/lib/general/staticPage.php][19/Aug/16 14:57:00][19/Aug/16 14:57:00][took 0.039695 secs]
[>>][5d56c43c5717d484125605][DEFAULT][/lib/general/staticPage.php][19/Aug/16 14:57:00]
[<<][5d56c43c5717d484125605][DEFAULT][/lib/general/staticPage.php][19/Aug/16 14:57:00][19/Aug/16 14:57:00][took 0.001593 secs]
[>>][5d56c43c579ed040767449][DEFAULT][/lib/general/staticPage.php][19/Aug/16 14:57:00]
[<<][5d56c43c579ed040767449][DEFAULT][/lib/general/staticPage.php][19/Aug/16 14:57:00][19/Aug/16 14:57:00][took 0.00092600000000004 secs]
[<<][5d56c43c6d189105729726][DEFAULT][/lib/general/staticPage.php][19/Aug/16 14:57:00][19/Aug/16 14:57:00][took 0.00388 secs]
[>>][5d56c43c6e1c2213789898][DEFAULT][/lib/general/staticPage.php][19/Aug/16 14:57:00]
[<<][5d56c43c6e1c2213789898][DEFAULT][/lib/general/staticPage.php][19/Aug/16 14:57:00][19/Aug/16 14:57:00][took 0.002514 secs]
[>>][5d56c43c6ecd9856448194][DEFAULT][/lib/general/staticPage.php][19/Aug/16 14:57:00]
[<<][5d56c43c6ecd9856448194][DEFAULT][/lib/general/staticPage.php][19/Aug/16 14:57:00][19/Aug/16 14:57:00][took 0.001348 secs]
[<<][5d56c44493223795304017][DEFAULT][/lib/results/printDocOptions.php][19/Aug/16 14:57:08][19/Aug/16 14:57:08][took 0.0036930000000001 secs]
[>>][5d56c4449415f672966933][DEFAULT][/lib/results/printDocOptions.php][19/Aug/16 14:57:08]
[<<][5d56c4449415f672966933][DEFAULT][/lib/results/printDocOptions.php][19/Aug/16 14:57:08][19/Aug/16 14:57:08][took 0.002275 secs]
[>>][5d56c44494aef428563833][DEFAULT][/lib/results/printDocOptions.php][19/Aug/16 14:57:08]
[<<][5d56c44494aef428563833][DEFAULT][/lib/results/printDocOptions.php][19/Aug/16 14:57:08][19/Aug/16 14:57:08][took 0.044109 secs]
[<<][5d56c449526ca266669779][DEFAULT][/lib/results/printDocOptions.php][19/Aug/16 14:57:13][19/Aug/16 14:57:13][took 0.003402 secs]
[>>][5d56c449534d0655555027][DEFAULT][/lib/results/printDocOptions.php][19/Aug/16 14:57:13]
[<<][5d56c449534d0655555027][DEFAULT][/lib/results/printDocOptions.php][19/Aug/16 14:57:13][19/Aug/16 14:57:13][took 0.002257 secs]
[>>][5d56c44953e3f569289412][DEFAULT][/lib/results/printDocOptions.php][19/Aug/16 14:57:13]
[<<][5d56c44953e3f569289412][DEFAULT][/lib/results/printDocOptions.php][19/Aug/16 14:57:13][19/Aug/16 14:57:13][took 0.047685 secs]
[<<][5d56c44c5e7d8283585001][DEFAULT][/lib/results/printDocument.php][19/Aug/16 14:57:16][19/Aug/16 14:57:16][took 0.003782 secs]
[>>][5d56c44c5f75f462666240][DEFAULT][/lib/results/printDocument.php][19/Aug/16 14:57:16]
[<<][5d56c44c5f75f462666240][DEFAULT][/lib/results/printDocument.php][19/Aug/16 14:57:16][19/Aug/16 14:57:16][took 0.002196 secs]
[>>][5d56c44c60093432172343][DEFAULT][/lib/results/printDocument.php][19/Aug/16 14:57:16]
[<<][5d56c44c60093432172343][DEFAULT][/lib/results/printDocument.php][19/Aug/16 14:57:16][19/Aug/16 14:57:17][took 1.475132 secs]
[<<][5d56c47436f24963401531][DEFAULT][/index.php][19/Aug/16 14:57:56][19/Aug/16 14:57:56][took 0.003964 secs]
[>>][5d56c47437f6c989780387][DEFAULT][/index.php][19/Aug/16 14:57:56]
[<<][5d56c47437f6c989780387][DEFAULT][/index.php][19/Aug/16 14:57:56][19/Aug/16 14:57:56][took 0.005839 secs]
[<<][5d56c4744590e550200923][DEFAULT][/lib/general/navBar.php][19/Aug/16 14:57:56][19/Aug/16 14:57:56][took 0.002968 secs]
[>>][5d56c47446572348749901][DEFAULT][/lib/general/navBar.php][19/Aug/16 14:57:56]
[<<][5d56c47446572348749901][DEFAULT][/lib/general/navBar.php][19/Aug/16 14:57:56][19/Aug/16 14:57:56][took 0.001742 secs]
[>>][5d56c47446cd4160279614][DEFAULT][/lib/general/navBar.php][19/Aug/16 14:57:56]
[<<][5d56c47446cd4160279614][DEFAULT][/lib/general/navBar.php][19/Aug/16 14:57:56][19/Aug/16 14:57:56][took 0.008888 secs]
[<<][5d56c4745364d032919832][DEFAULT][/lib/general/mainPage.php][19/Aug/16 14:57:56][19/Aug/16 14:57:56][took 0.002996 secs]
[>>][5d56c474542b2778497185][DEFAULT][/lib/general/mainPage.php][19/Aug/16 14:57:56]
[<<][5d56c474542b2778497185][DEFAULT][/lib/general/mainPage.php][19/Aug/16 14:57:56][19/Aug/16 14:57:56][took 0.00177 secs]
[>>][5d56c47454a2c194016140][DEFAULT][/lib/general/mainPage.php][19/Aug/16 14:57:56]
	[19/Aug/16 14:57:56][WARNING][kt7m62nvu7cas0j6uemdecbhq7][GUI - Test Project ID : 21]
		E_NOTICE
Undefined index: platform_view - in /opt/bitnami/apps/testlink/htdocs/gui/templates_c/835a037b28214872edd369779d57f903f1734c6a.file.mainPageLeft.tpl.php - Line 205
[<<][5d56c47454a2c194016140][DEFAULT][/lib/general/mainPage.php][19/Aug/16 14:57:56][19/Aug/16 14:57:56][took 0.073482 secs]
[<<][5d56c4760bc6f008197382][DEFAULT][/lib/general/frmWorkArea.php][19/Aug/16 14:57:58][19/Aug/16 14:57:58][took 0.003436 secs]
[>>][5d56c4760ca97792125011][DEFAULT][/lib/general/frmWorkArea.php][19/Aug/16 14:57:58]
[<<][5d56c4760ca97792125011][DEFAULT][/lib/general/frmWorkArea.php][19/Aug/16 14:57:58][19/Aug/16 14:57:58][took 0.002218 secs]
[>>][5d56c4760d3e0713602392][DEFAULT][/lib/general/frmWorkArea.php][19/Aug/16 14:57:58]
[<<][5d56c4760d3e0713602392][DEFAULT][/lib/general/frmWorkArea.php][19/Aug/16 14:57:58][19/Aug/16 14:57:58][took 0.000787 secs]
[<<][5d56c476177d1310358922][DEFAULT][/lib/results/printDocOptions.php][19/Aug/16 14:57:58][19/Aug/16 14:57:58][took 0.003264 secs]
[>>][5d56c47618559353932019][DEFAULT][/lib/results/printDocOptions.php][19/Aug/16 14:57:58]
[<<][5d56c47618559353932019][DEFAULT][/lib/results/printDocOptions.php][19/Aug/16 14:57:58][19/Aug/16 14:57:58][took 0.002359 secs]
[>>][5d56c47618f2d409076720][DEFAULT][/lib/results/printDocOptions.php][19/Aug/16 14:57:58]
[<<][5d56c47618f2d409076720][DEFAULT][/lib/results/printDocOptions.php][19/Aug/16 14:57:58][19/Aug/16 14:57:58][took 0.045668 secs]
[<<][5d56c47617b07039444534][DEFAULT][/lib/plan/planAddTCNavigator.php][19/Aug/16 14:57:58][19/Aug/16 14:57:58][took 0.052965 secs]
[>>][5d56c47624adc810347131][DEFAULT][/lib/plan/planAddTCNavigator.php][19/Aug/16 14:57:58]
[<<][5d56c47624adc810347131][DEFAULT][/lib/plan/planAddTCNavigator.php][19/Aug/16 14:57:58][19/Aug/16 14:57:58][took 0.001578 secs]
[>>][5d56c47625190379555913][DEFAULT][/lib/plan/planAddTCNavigator.php][19/Aug/16 14:57:58]
[<<][5d56c47625190379555913][DEFAULT][/lib/plan/planAddTCNavigator.php][19/Aug/16 14:57:58][19/Aug/16 14:57:58][took 0.020439 secs]
[<<][5d56c476529ba849104145][DEFAULT][/lib/ajax/gettprojectnodes.php][19/Aug/16 14:57:58][19/Aug/16 14:57:58][took 0.003256 secs]
[>>][5d56c47653735577193729][DEFAULT][/lib/ajax/gettprojectnodes.php][19/Aug/16 14:57:58]
[<<][5d56c47653735577193729][DEFAULT][/lib/ajax/gettprojectnodes.php][19/Aug/16 14:57:58][19/Aug/16 14:57:58][took 0.001771 secs]
[>>][5d56c47653eb1966544191][DEFAULT][/lib/ajax/gettprojectnodes.php][19/Aug/16 14:57:58]
[<<][5d56c47653eb1966544191][DEFAULT][/lib/ajax/gettprojectnodes.php][19/Aug/16 14:57:58][19/Aug/16 14:57:58][took 0.013418 secs]
[<<][5d56c4782fb95991020501][DEFAULT][/lib/results/printDocument.php][19/Aug/16 14:58:00][19/Aug/16 14:58:00][took 0.003902 secs]
[>>][5d56c47830b99009383704][DEFAULT][/lib/results/printDocument.php][19/Aug/16 14:58:00]
[<<][5d56c47830b99009383704][DEFAULT][/lib/results/printDocument.php][19/Aug/16 14:58:00][19/Aug/16 14:58:00][took 0.002301 secs]
[>>][5d56c47831534981035069][DEFAULT][/lib/results/printDocument.php][19/Aug/16 14:58:00]
[<<][5d56c47831534981035069][DEFAULT][/lib/results/printDocument.php][19/Aug/16 14:58:00][19/Aug/16 14:58:00][took 0.439851 secs]
[<<][5d56c47de9948369702454][DEFAULT][/lib/results/printDocOptions.php][19/Aug/16 14:58:05][19/Aug/16 14:58:05][took 0.003793 secs]
[>>][5d56c47dea8d9795625358][DEFAULT][/lib/results/printDocOptions.php][19/Aug/16 14:58:05]
[<<][5d56c47dea8d9795625358][DEFAULT][/lib/results/printDocOptions.php][19/Aug/16 14:58:05][19/Aug/16 14:58:05][took 0.0017659999999999 secs]
[>>][5d56c47debfa3788040645][DEFAULT][/lib/results/printDocOptions.php][19/Aug/16 14:58:05]
[<<][5d56c47debfa3788040645][DEFAULT][/lib/results/printDocOptions.php][19/Aug/16 14:58:05][19/Aug/16 14:58:06][took 0.043076 secs]
[<<][5d56c4a198140430795552][DEFAULT][/index.php][19/Aug/16 14:58:41][19/Aug/16 14:58:41][took 0.0035189999999999 secs]
[>>][5d56c4a198fca398981603][DEFAULT][/index.php][19/Aug/16 14:58:41]
[<<][5d56c4a198fca398981603][DEFAULT][/index.php][19/Aug/16 14:58:41][19/Aug/16 14:58:41][took 0.001789 secs]
[<<][5d56c4a1a5133261015521][DEFAULT][/lib/general/navBar.php][19/Aug/16 14:58:41][19/Aug/16 14:58:41][took 0.003324 secs]
[>>][5d56c4a1a5ef9579448846][DEFAULT][/lib/general/navBar.php][19/Aug/16 14:58:41]
[<<][5d56c4a1a5ef9579448846][DEFAULT][/lib/general/navBar.php][19/Aug/16 14:58:41][19/Aug/16 14:58:41][took 0.002112 secs]
[>>][5d56c4a1a6874058115825][DEFAULT][/lib/general/navBar.php][19/Aug/16 14:58:41]
[<<][5d56c4a1a6874058115825][DEFAULT][/lib/general/navBar.php][19/Aug/16 14:58:41][19/Aug/16 14:58:41][took 0.0076679999999999 secs]
[<<][5d56c4a1b62cb342010526][DEFAULT][/lib/general/mainPage.php][19/Aug/16 14:58:41][19/Aug/16 14:58:41][took 0.007158 secs]
[>>][5d56c4a1b7f7e284274118][DEFAULT][/lib/general/mainPage.php][19/Aug/16 14:58:41]
[<<][5d56c4a1b7f7e284274118][DEFAULT][/lib/general/mainPage.php][19/Aug/16 14:58:41][19/Aug/16 14:58:41][took 0.001719 secs]
[>>][5d56c4a1b86c1471776835][DEFAULT][/lib/general/mainPage.php][19/Aug/16 14:58:41]
	[19/Aug/16 14:58:41][WARNING][kt7m62nvu7cas0j6uemdecbhq7][GUI - Test Project ID : 21]
		E_NOTICE
Undefined index: platform_view - in /opt/bitnami/apps/testlink/htdocs/gui/templates_c/835a037b28214872edd369779d57f903f1734c6a.file.mainPageLeft.tpl.php - Line 205
[<<][5d56c4a1b86c1471776835][DEFAULT][/lib/general/mainPage.php][19/Aug/16 14:58:41][19/Aug/16 14:58:41][took 0.056086 secs]
	[19/Aug/27 15:40:51][AUDIT][hk57qiir54bubc0col9okr8iur][GUI - Test Project ID : 21]
		Login for 'jeff.ferrin' from '209.253.35.146' succeeded
[<<][5d654f034a377980438083][DEFAULT][/login.php][19/Aug/27 15:40:51][19/Aug/27 15:40:51][took 0.039896 secs]
[<<][5d654f03b0001098391764][DEFAULT][/index.php][19/Aug/27 15:40:51][19/Aug/27 15:40:51][took 0.0034069999999999 secs]
[>>][5d654f03b0e21336782240][DEFAULT][/index.php][19/Aug/27 15:40:51]
[<<][5d654f03b0e21336782240][DEFAULT][/index.php][19/Aug/27 15:40:51][19/Aug/27 15:40:51][took 0.002459 secs]
[<<][5d654f03ee69a818342442][DEFAULT][/lib/general/navBar.php][19/Aug/27 15:40:51][19/Aug/27 15:40:51][took 0.00331 secs]
[>>][5d654f03ef460728448941][DEFAULT][/lib/general/navBar.php][19/Aug/27 15:40:51]
[<<][5d654f03ef460728448941][DEFAULT][/lib/general/navBar.php][19/Aug/27 15:40:51][19/Aug/27 15:40:51][took 0.003053 secs]
[>>][5d654f03f00ee767253476][DEFAULT][/lib/general/navBar.php][19/Aug/27 15:40:51]
[<<][5d654f03f00ee767253476][DEFAULT][/lib/general/navBar.php][19/Aug/27 15:40:51][19/Aug/27 15:40:51][took 0.0050439999999999 secs]
[<<][5d654f03ee69a972050947][DEFAULT][/lib/general/mainPage.php][19/Aug/27 15:40:51][19/Aug/27 15:40:51][took 0.015473 secs]
[>>][5d654f03f23d4599153590][DEFAULT][/lib/general/mainPage.php][19/Aug/27 15:40:51]
[<<][5d654f03f23d4599153590][DEFAULT][/lib/general/mainPage.php][19/Aug/27 15:40:51][19/Aug/27 15:40:51][took 0.0022260000000001 secs]
[>>][5d654f03f2d13658294173][DEFAULT][/lib/general/mainPage.php][19/Aug/27 15:40:51]
	[19/Aug/27 15:40:52][WARNING][hk57qiir54bubc0col9okr8iur][GUI - Test Project ID : 21]
		E_NOTICE
Undefined index: platform_view - in /opt/bitnami/apps/testlink/htdocs/gui/templates_c/835a037b28214872edd369779d57f903f1734c6a.file.mainPageLeft.tpl.php - Line 205
[<<][5d654f03f2d13658294173][DEFAULT][/lib/general/mainPage.php][19/Aug/27 15:40:51][19/Aug/27 15:40:52][took 0.083717 secs]
	[19/Aug/27 19:20:53][AUDIT][hk57qiir54bubc0col9okr8iur][GUI - Test Project ID : 21]
		Login for 'jeff.ferrin' from '209.253.35.146' succeeded
[<<][5d6582951bba0410554828][DEFAULT][/login.php][19/Aug/27 19:20:53][19/Aug/27 19:20:53][took 0.063377 secs]
[<<][5d65829552ab2471620566][DEFAULT][/index.php][19/Aug/27 19:20:53][19/Aug/27 19:20:53][took 0.003367 secs]
[>>][5d6582955389c804976273][DEFAULT][/index.php][19/Aug/27 19:20:53]
[<<][5d6582955389c804976273][DEFAULT][/index.php][19/Aug/27 19:20:53][19/Aug/27 19:20:53][took 0.002347 secs]
[<<][5d6582955ce47334461527][DEFAULT][/lib/general/navBar.php][19/Aug/27 19:20:53][19/Aug/27 19:20:53][took 0.003028 secs]
[>>][5d6582955dad2377965096][DEFAULT][/lib/general/navBar.php][19/Aug/27 19:20:53]
[<<][5d6582955dad2377965096][DEFAULT][/lib/general/navBar.php][19/Aug/27 19:20:53][19/Aug/27 19:20:53][took 0.002593 secs]
[>>][5d6582955e595600491467][DEFAULT][/lib/general/navBar.php][19/Aug/27 19:20:53]
[<<][5d6582955e595600491467][DEFAULT][/lib/general/navBar.php][19/Aug/27 19:20:53][19/Aug/27 19:20:53][took 0.009049 secs]
[<<][5d6582956aaaa041164737][DEFAULT][/lib/general/mainPage.php][19/Aug/27 19:20:53][19/Aug/27 19:20:53][took 0.003457 secs]
[>>][5d6582956b8f2652915884][DEFAULT][/lib/general/mainPage.php][19/Aug/27 19:20:53]
[<<][5d6582956b8f2652915884][DEFAULT][/lib/general/mainPage.php][19/Aug/27 19:20:53][19/Aug/27 19:20:53][took 0.002528 secs]
[>>][5d6582956c375929153256][DEFAULT][/lib/general/mainPage.php][19/Aug/27 19:20:53]
	[19/Aug/27 19:20:53][WARNING][hk57qiir54bubc0col9okr8iur][GUI - Test Project ID : 21]
		E_NOTICE
Undefined index: platform_view - in /opt/bitnami/apps/testlink/htdocs/gui/templates_c/835a037b28214872edd369779d57f903f1734c6a.file.mainPageLeft.tpl.php - Line 205
[<<][5d6582956c375929153256][DEFAULT][/lib/general/mainPage.php][19/Aug/27 19:20:53][19/Aug/27 19:20:53][took 0.046548 secs]
[<<][5d6598d565731399303747][DEFAULT][/lib/general/mainPage.php][19/Aug/27 20:55:49][19/Aug/27 20:55:49][took 0.003622 secs]
[>>][5d6598d56662b284281271][DEFAULT][/lib/general/mainPage.php][19/Aug/27 20:55:49]
[<<][5d6598d56662b284281271][DEFAULT][/lib/general/mainPage.php][19/Aug/27 20:55:49][19/Aug/27 20:55:49][took 0.002904 secs]
[>>][5d6598d567225127789296][DEFAULT][/lib/general/mainPage.php][19/Aug/27 20:55:49]
	[19/Aug/27 20:55:49][WARNING][hk57qiir54bubc0col9okr8iur][GUI - Test Project ID : 21]
		E_NOTICE
Undefined index: platform_view - in /opt/bitnami/apps/testlink/htdocs/gui/templates_c/835a037b28214872edd369779d57f903f1734c6a.file.mainPageLeft.tpl.php - Line 205
[<<][5d6598d567225127789296][DEFAULT][/lib/general/mainPage.php][19/Aug/27 20:55:49][19/Aug/27 20:55:49][took 0.059598 secs]
[<<][5d659907b0628503658281][DEFAULT][/lib/general/frmWorkArea.php][19/Aug/27 20:56:39][19/Aug/27 20:56:39][took 0.003305 secs]
[>>][5d659907b13f8080632034][DEFAULT][/lib/general/frmWorkArea.php][19/Aug/27 20:56:39]
[<<][5d659907b13f8080632034][DEFAULT][/lib/general/frmWorkArea.php][19/Aug/27 20:56:39][19/Aug/27 20:56:39][took 0.0042030000000001 secs]
[>>][5d659907b24f6970393807][DEFAULT][/lib/general/frmWorkArea.php][19/Aug/27 20:56:39]
[<<][5d659907b24f6970393807][DEFAULT][/lib/general/frmWorkArea.php][19/Aug/27 20:56:39][19/Aug/27 20:56:39][took 0.00082300000000002 secs]
[<<][5d659907d18c6671040487][DEFAULT][/lib/testcases/listTestCases.php][19/Aug/27 20:56:39][19/Aug/27 20:56:39][took 0.003263 secs]
[>>][5d659907d2646675567988][DEFAULT][/lib/testcases/listTestCases.php][19/Aug/27 20:56:39]
[<<][5d659907d2646675567988][DEFAULT][/lib/testcases/listTestCases.php][19/Aug/27 20:56:39][19/Aug/27 20:56:39][took 0.002632 secs]
[>>][5d659907d3131967446198][DEFAULT][/lib/testcases/listTestCases.php][19/Aug/27 20:56:39]
[<<][5d659907d3131967446198][DEFAULT][/lib/testcases/listTestCases.php][19/Aug/27 20:56:39][19/Aug/27 20:56:39][took 0.01517 secs]
[<<][5d6599080a58e160093362][DEFAULT][/lib/testcases/archiveData.php][19/Aug/27 20:56:40][19/Aug/27 20:56:40][took 0.003273 secs]
[>>][5d6599080b324982768098][DEFAULT][/lib/testcases/archiveData.php][19/Aug/27 20:56:40]
[<<][5d6599080b324982768098][DEFAULT][/lib/testcases/archiveData.php][19/Aug/27 20:56:40][19/Aug/27 20:56:40][took 0.002394 secs]
[>>][5d6599080bd36398443223][DEFAULT][/lib/testcases/archiveData.php][19/Aug/27 20:56:40]
[<<][5d6599080bd36398443223][DEFAULT][/lib/testcases/archiveData.php][19/Aug/27 20:56:40][19/Aug/27 20:56:40][took 0.003287 secs]
[<<][5d6599088310c318821635][DEFAULT][/lib/ajax/gettprojectnodes.php][19/Aug/27 20:56:40][19/Aug/27 20:56:40][took 0.003603 secs]
[>>][5d65990883fe1517024419][DEFAULT][/lib/ajax/gettprojectnodes.php][19/Aug/27 20:56:40]
[<<][5d65990883fe1517024419][DEFAULT][/lib/ajax/gettprojectnodes.php][19/Aug/27 20:56:40][19/Aug/27 20:56:40][took 0.002655 secs]
[>>][5d65990884ae3305355639][DEFAULT][/lib/ajax/gettprojectnodes.php][19/Aug/27 20:56:40]
[<<][5d65990884ae3305355639][DEFAULT][/lib/ajax/gettprojectnodes.php][19/Aug/27 20:56:40][19/Aug/27 20:56:40][took 0.016529 secs]
[<<][5d65990e1b428754766178][DEFAULT][/index.php][19/Aug/27 20:56:46][19/Aug/27 20:56:46][took 0.003026 secs]
[>>][5d65990e1c0bd466387343][DEFAULT][/index.php][19/Aug/27 20:56:46]
[<<][5d65990e1c0bd466387343][DEFAULT][/index.php][19/Aug/27 20:56:46][19/Aug/27 20:56:46][took 0.002446 secs]
[<<][5d65990e26916155891262][DEFAULT][/lib/general/navBar.php][19/Aug/27 20:56:46][19/Aug/27 20:56:46][took 0.003253 secs]
[>>][5d65990e2768c548845173][DEFAULT][/lib/general/navBar.php][19/Aug/27 20:56:46]
[<<][5d65990e2768c548845173][DEFAULT][/lib/general/navBar.php][19/Aug/27 20:56:46][19/Aug/27 20:56:46][took 0.002646 secs]
[>>][5d65990e28182149451364][DEFAULT][/lib/general/navBar.php][19/Aug/27 20:56:46]
[<<][5d65990e28182149451364][DEFAULT][/lib/general/navBar.php][19/Aug/27 20:56:46][19/Aug/27 20:56:46][took 0.004767 secs]
[<<][5d65990e2d2d3145245963][DEFAULT][/lib/general/mainPage.php][19/Aug/27 20:56:46][19/Aug/27 20:56:46][took 0.00264 secs]
[>>][5d65990e2ddc3231202921][DEFAULT][/lib/general/mainPage.php][19/Aug/27 20:56:46]
[<<][5d65990e2ddc3231202921][DEFAULT][/lib/general/mainPage.php][19/Aug/27 20:56:46][19/Aug/27 20:56:46][took 0.002218 secs]
[>>][5d65990e2e6fe260648223][DEFAULT][/lib/general/mainPage.php][19/Aug/27 20:56:46]
	[19/Aug/27 20:56:46][WARNING][hk57qiir54bubc0col9okr8iur][GUI - Test Project ID : 21]
		E_NOTICE
Undefined index: platform_view - in /opt/bitnami/apps/testlink/htdocs/gui/templates_c/835a037b28214872edd369779d57f903f1734c6a.file.mainPageLeft.tpl.php - Line 205
[<<][5d65990e2e6fe260648223][DEFAULT][/lib/general/mainPage.php][19/Aug/27 20:56:46][19/Aug/27 20:56:46][took 0.059893 secs]
[<<][5d659941dd189184742531][DEFAULT][/lib/general/frmWorkArea.php][19/Aug/27 20:57:37][19/Aug/27 20:57:37][took 0.0032310000000001 secs]
[>>][5d659941ddeed289933177][DEFAULT][/lib/general/frmWorkArea.php][19/Aug/27 20:57:37]
[<<][5d659941ddeed289933177][DEFAULT][/lib/general/frmWorkArea.php][19/Aug/27 20:57:37][19/Aug/27 20:57:37][took 0.002745 secs]
[>>][5d659941dea48148039622][DEFAULT][/lib/general/frmWorkArea.php][19/Aug/27 20:57:37]
[<<][5d659941dea48148039622][DEFAULT][/lib/general/frmWorkArea.php][19/Aug/27 20:57:37][19/Aug/27 20:57:37][took 0.00094499999999997 secs]
[<<][5d65994a4fc7b470201458][DEFAULT][/lib/general/navBar.php][19/Aug/27 20:57:46][19/Aug/27 20:57:46][took 0.003274 secs]
[>>][5d65994a50a16507239237][DEFAULT][/lib/general/navBar.php][19/Aug/27 20:57:46]
[<<][5d65994a50a16507239237][DEFAULT][/lib/general/navBar.php][19/Aug/27 20:57:46][19/Aug/27 20:57:46][took 0.002401 secs]
[>>][5d65994a51414037750465][DEFAULT][/lib/general/navBar.php][19/Aug/27 20:57:46]
	[19/Aug/27 20:57:46][WARNING][hk57qiir54bubc0col9okr8iur][GUI - Test Project ID : 71110]
		E_NOTICE
Undefined offset: 0 - in /opt/bitnami/apps/testlink/htdocs/lib/general/navBar.php - Line 143
	[19/Aug/27 20:57:46][WARNING][hk57qiir54bubc0col9okr8iur][GUI - Test Project ID : 71110]
		E_NOTICE
Undefined offset: 0 - in /opt/bitnami/apps/testlink/htdocs/lib/general/navBar.php - Line 144
	[19/Aug/27 20:57:46][WARNING][hk57qiir54bubc0col9okr8iur][GUI - Test Project ID : 71110]
		E_NOTICE
Undefined property: stdClass::$prefix - in /opt/bitnami/apps/testlink/htdocs/lib/general/navBar.php - Line 173
[<<][5d65994a51414037750465][DEFAULT][/lib/general/navBar.php][19/Aug/27 20:57:46][19/Aug/27 20:57:46][took 0.091592 secs]
[<<][5d65994eab187308187116][DEFAULT][/lib/general/navBar.php][19/Aug/27 20:57:50][19/Aug/27 20:57:50][took 0.003179 secs]
[>>][5d65994eabea9116828137][DEFAULT][/lib/general/navBar.php][19/Aug/27 20:57:50]
[<<][5d65994eabea9116828137][DEFAULT][/lib/general/navBar.php][19/Aug/27 20:57:50][19/Aug/27 20:57:50][took 0.002684 secs]
[>>][5d65994eac9c6245123707][DEFAULT][/lib/general/navBar.php][19/Aug/27 20:57:50]
	[19/Aug/27 20:57:50][WARNING][hk57qiir54bubc0col9okr8iur][GUI - Test Project ID : 21]
		E_NOTICE
Undefined property: stdClass::$prefix - in /opt/bitnami/apps/testlink/htdocs/lib/general/navBar.php - Line 173
[<<][5d65994eac9c6245123707][DEFAULT][/lib/general/navBar.php][19/Aug/27 20:57:50][19/Aug/27 20:57:50][took 0.076402 secs]
[<<][5d659951a6302395269351][DEFAULT][/lib/general/mainPage.php][19/Aug/27 20:57:53][19/Aug/27 20:57:53][took 0.003309 secs]
[>>][5d659951a70ac332814717][DEFAULT][/lib/general/mainPage.php][19/Aug/27 20:57:53]
[<<][5d659951a70ac332814717][DEFAULT][/lib/general/mainPage.php][19/Aug/27 20:57:53][19/Aug/27 20:57:53][took 0.002765 secs]
[>>][5d659951a7c2f651822311][DEFAULT][/lib/general/mainPage.php][19/Aug/27 20:57:53]
	[19/Aug/27 20:57:53][WARNING][hk57qiir54bubc0col9okr8iur][GUI - Test Project ID : 21]
		E_NOTICE
Undefined index: platform_view - in /opt/bitnami/apps/testlink/htdocs/gui/templates_c/835a037b28214872edd369779d57f903f1734c6a.file.mainPageLeft.tpl.php - Line 205
[<<][5d659951a7c2f651822311][DEFAULT][/lib/general/mainPage.php][19/Aug/27 20:57:53][19/Aug/27 20:57:53][took 0.048651 secs]
[<<][5d65996337abd745043187][DEFAULT][/lib/general/mainPage.php][19/Aug/27 20:58:11][19/Aug/27 20:58:11][took 0.003241 secs]
[>>][5d6599633883c737232523][DEFAULT][/lib/general/mainPage.php][19/Aug/27 20:58:11]
[<<][5d6599633883c737232523][DEFAULT][/lib/general/mainPage.php][19/Aug/27 20:58:11][19/Aug/27 20:58:11][took 0.002829 secs]
[>>][5d659963393e5669959647][DEFAULT][/lib/general/mainPage.php][19/Aug/27 20:58:11]
	[19/Aug/27 20:58:11][WARNING][hk57qiir54bubc0col9okr8iur][GUI - Test Project ID : 21]
		E_NOTICE
Undefined index: platform_view - in /opt/bitnami/apps/testlink/htdocs/gui/templates_c/835a037b28214872edd369779d57f903f1734c6a.file.mainPageLeft.tpl.php - Line 205
[<<][5d659963393e5669959647][DEFAULT][/lib/general/mainPage.php][19/Aug/27 20:58:11][19/Aug/27 20:58:11][took 0.0496 secs]
[<<][5d6599671ec27833906775][DEFAULT][/lib/general/frmWorkArea.php][19/Aug/27 20:58:15][19/Aug/27 20:58:15][took 0.002993 secs]
[>>][5d6599671f896575826996][DEFAULT][/lib/general/frmWorkArea.php][19/Aug/27 20:58:15]
[<<][5d6599671f896575826996][DEFAULT][/lib/general/frmWorkArea.php][19/Aug/27 20:58:15][19/Aug/27 20:58:15][took 0.002577 secs]
[>>][5d65996720350523851200][DEFAULT][/lib/general/frmWorkArea.php][19/Aug/27 20:58:15]
[<<][5d65996720350523851200][DEFAULT][/lib/general/frmWorkArea.php][19/Aug/27 20:58:15][19/Aug/27 20:58:15][took 0.00078700000000001 secs]
[<<][5d659982bcf51685664136][DEFAULT][/lib/general/frmWorkArea.php][19/Aug/27 20:58:42][19/Aug/27 20:58:42][took 0.003536 secs]
[>>][5d659982bddfa653197845][DEFAULT][/lib/general/frmWorkArea.php][19/Aug/27 20:58:42]
[<<][5d659982bddfa653197845][DEFAULT][/lib/general/frmWorkArea.php][19/Aug/27 20:58:42][19/Aug/27 20:58:42][took 0.0033070000000001 secs]
[>>][5d659982beb84054835520][DEFAULT][/lib/general/frmWorkArea.php][19/Aug/27 20:58:42]
[<<][5d659982beb84054835520][DEFAULT][/lib/general/frmWorkArea.php][19/Aug/27 20:58:42][19/Aug/27 20:58:42][took 0.00080600000000008 secs]
[<<][5d65998384f41973025445][DEFAULT][/lib/general/frmWorkArea.php][19/Aug/27 20:58:43][19/Aug/27 20:58:43][took 0.003421 secs]
[>>][5d65998385d7b078771586][DEFAULT][/lib/general/frmWorkArea.php][19/Aug/27 20:58:43]
[<<][5d65998385d7b078771586][DEFAULT][/lib/general/frmWorkArea.php][19/Aug/27 20:58:43][19/Aug/27 20:58:43][took 0.00278 secs]
[>>][5d659983868f8832501141][DEFAULT][/lib/general/frmWorkArea.php][19/Aug/27 20:58:43]
[<<][5d659983868f8832501141][DEFAULT][/lib/general/frmWorkArea.php][19/Aug/27 20:58:43][19/Aug/27 20:58:43][took 0.00078699999999998 secs]
[<<][5d65998462481287515659][DEFAULT][/lib/testcases/tcSearch.php][19/Aug/27 20:58:44][19/Aug/27 20:58:44][took 0.003504 secs]
[>>][5d659984632ff676849660][DEFAULT][/lib/testcases/tcSearch.php][19/Aug/27 20:58:44]
[<<][5d659984632ff676849660][DEFAULT][/lib/testcases/tcSearch.php][19/Aug/27 20:58:44][19/Aug/27 20:58:44][took 0.002718 secs]
[>>][5d65998463e3d651514615][DEFAULT][/lib/testcases/tcSearch.php][19/Aug/27 20:58:44]
	[19/Aug/27 20:58:44][WARNING][hk57qiir54bubc0col9okr8iur][GUI - Test Project ID : 21]
		E_NOTICE
Undefined variable: emptyTestProject - in /opt/bitnami/apps/testlink/htdocs/lib/testcases/tcSearch.php - Line 288
[<<][5d65998463e3d651514615][DEFAULT][/lib/testcases/tcSearch.php][19/Aug/27 20:58:44][19/Aug/27 20:58:44][took 0.047309 secs]
[<<][5d65998549680703622369][DEFAULT][/lib/general/frmWorkArea.php][19/Aug/27 20:58:45][19/Aug/27 20:58:45][took 0.003289 secs]
[>>][5d6599854a41c600364980][DEFAULT][/lib/general/frmWorkArea.php][19/Aug/27 20:58:45]
[<<][5d6599854a41c600364980][DEFAULT][/lib/general/frmWorkArea.php][19/Aug/27 20:58:45][19/Aug/27 20:58:45][took 0.002782 secs]
[>>][5d6599854afab592940390][DEFAULT][/lib/general/frmWorkArea.php][19/Aug/27 20:58:45]
[<<][5d6599854afab592940390][DEFAULT][/lib/general/frmWorkArea.php][19/Aug/27 20:58:45][19/Aug/27 20:58:45][took 0.00076099999999996 secs]
[<<][5d6599898e4af141301026][DEFAULT][/lib/general/frmWorkArea.php][19/Aug/27 20:58:49][19/Aug/27 20:58:49][took 0.003252 secs]
[>>][5d6599898f243501361889][DEFAULT][/lib/general/frmWorkArea.php][19/Aug/27 20:58:49]
[<<][5d6599898f243501361889][DEFAULT][/lib/general/frmWorkArea.php][19/Aug/27 20:58:49][19/Aug/27 20:58:49][took 0.002606 secs]
[>>][5d6599898fd13569730848][DEFAULT][/lib/general/frmWorkArea.php][19/Aug/27 20:58:49]
[<<][5d6599898fd13569730848][DEFAULT][/lib/general/frmWorkArea.php][19/Aug/27 20:58:49][19/Aug/27 20:58:49][took 0.00080100000000005 secs]
[<<][5d659989998f6627928764][DEFAULT][/lib/testcases/listTestCases.php][19/Aug/27 20:58:49][19/Aug/27 20:58:49][took 0.003286 secs]
[>>][5d6599899a695706951301][DEFAULT][/lib/testcases/listTestCases.php][19/Aug/27 20:58:49]
[<<][5d6599899a695706951301][DEFAULT][/lib/testcases/listTestCases.php][19/Aug/27 20:58:49][19/Aug/27 20:58:49][took 0.002572 secs]
[>>][5d6599899b13d235755625][DEFAULT][/lib/testcases/listTestCases.php][19/Aug/27 20:58:49]
[<<][5d6599899b13d235755625][DEFAULT][/lib/testcases/listTestCases.php][19/Aug/27 20:58:49][19/Aug/27 20:58:49][took 0.018815 secs]
[<<][5d659989a7415695880300][DEFAULT][/lib/testcases/archiveData.php][19/Aug/27 20:58:49][19/Aug/27 20:58:49][took 0.002865 secs]
[>>][5d659989a7fee135547359][DEFAULT][/lib/testcases/archiveData.php][19/Aug/27 20:58:49]
[<<][5d659989a7fee135547359][DEFAULT][/lib/testcases/archiveData.php][19/Aug/27 20:58:49][19/Aug/27 20:58:49][took 0.002325 secs]
[>>][5d659989a8995355827243][DEFAULT][/lib/testcases/archiveData.php][19/Aug/27 20:58:49]
[<<][5d659989a8995355827243][DEFAULT][/lib/testcases/archiveData.php][19/Aug/27 20:58:49][19/Aug/27 20:58:49][took 0.003616 secs]
[<<][5d659989c7b40959792908][DEFAULT][/lib/ajax/gettprojectnodes.php][19/Aug/27 20:58:49][19/Aug/27 20:58:49][took 0.003325 secs]
[>>][5d659989c8903037561418][DEFAULT][/lib/ajax/gettprojectnodes.php][19/Aug/27 20:58:49]
[<<][5d659989c8903037561418][DEFAULT][/lib/ajax/gettprojectnodes.php][19/Aug/27 20:58:49][19/Aug/27 20:58:49][took 0.002633 secs]
[>>][5d659989c93ee653931618][DEFAULT][/lib/ajax/gettprojectnodes.php][19/Aug/27 20:58:49]
[<<][5d659989c93ee653931618][DEFAULT][/lib/ajax/gettprojectnodes.php][19/Aug/27 20:58:49][19/Aug/27 20:58:49][took 0.013746 secs]
[<<][5d65999c3d8a5625714029][DEFAULT][/lib/ajax/gettprojectnodes.php][19/Aug/27 20:59:08][19/Aug/27 20:59:08][took 0.003441 secs]
[>>][5d65999c3e6e2050972891][DEFAULT][/lib/ajax/gettprojectnodes.php][19/Aug/27 20:59:08]
[<<][5d65999c3e6e2050972891][DEFAULT][/lib/ajax/gettprojectnodes.php][19/Aug/27 20:59:08][19/Aug/27 20:59:08][took 0.002635 secs]
[>>][5d65999c3f1bf657947092][DEFAULT][/lib/ajax/gettprojectnodes.php][19/Aug/27 20:59:08]
[<<][5d65999c3f1bf657947092][DEFAULT][/lib/ajax/gettprojectnodes.php][19/Aug/27 20:59:08][19/Aug/27 20:59:08][took 0.0023 secs]
[<<][5d65999ddc0a6339519142][DEFAULT][/lib/ajax/gettprojectnodes.php][19/Aug/27 20:59:09][19/Aug/27 20:59:09][took 0.002732 secs]
[>>][5d65999ddcc01357232508][DEFAULT][/lib/ajax/gettprojectnodes.php][19/Aug/27 20:59:09]
[<<][5d65999ddcc01357232508][DEFAULT][/lib/ajax/gettprojectnodes.php][19/Aug/27 20:59:09][19/Aug/27 20:59:09][took 0.0062070000000001 secs]
[>>][5d65999dde4db228510552][DEFAULT][/lib/ajax/gettprojectnodes.php][19/Aug/27 20:59:09]
[<<][5d65999dde4db228510552][DEFAULT][/lib/ajax/gettprojectnodes.php][19/Aug/27 20:59:09][19/Aug/27 20:59:09][took 0.002351 secs]
[<<][5d6599a04b716126806156][DEFAULT][/lib/testcases/archiveData.php][19/Aug/27 20:59:12][19/Aug/27 20:59:12][took 0.00348 secs]
[>>][5d6599a04c572348422914][DEFAULT][/lib/testcases/archiveData.php][19/Aug/27 20:59:12]
[<<][5d6599a04c572348422914][DEFAULT][/lib/testcases/archiveData.php][19/Aug/27 20:59:12][19/Aug/27 20:59:12][took 0.002595 secs]
[>>][5d6599a04d0a4091673352][DEFAULT][/lib/testcases/archiveData.php][19/Aug/27 20:59:12]
[<<][5d6599a04d0a4091673352][DEFAULT][/lib/testcases/archiveData.php][19/Aug/27 20:59:12][19/Aug/27 20:59:12][took 0.035247 secs]
[<<][5d6599a291425825286479][DEFAULT][/lib/testcases/archiveData.php][19/Aug/27 20:59:14][19/Aug/27 20:59:14][took 0.003675 secs]
[>>][5d6599a29235f193311858][DEFAULT][/lib/testcases/archiveData.php][19/Aug/27 20:59:14]
[<<][5d6599a29235f193311858][DEFAULT][/lib/testcases/archiveData.php][19/Aug/27 20:59:14][19/Aug/27 20:59:14][took 0.00286 secs]
[>>][5d6599a292f6d001154135][DEFAULT][/lib/testcases/archiveData.php][19/Aug/27 20:59:14]
[<<][5d6599a292f6d001154135][DEFAULT][/lib/testcases/archiveData.php][19/Aug/27 20:59:14][19/Aug/27 20:59:14][took 0.0083380000000001 secs]
[<<][5d6599a4aae56806508006][DEFAULT][/lib/testcases/archiveData.php][19/Aug/27 20:59:16][19/Aug/27 20:59:16][took 0.00341 secs]
[>>][5d6599a4abc6a196340503][DEFAULT][/lib/testcases/archiveData.php][19/Aug/27 20:59:16]
[<<][5d6599a4abc6a196340503][DEFAULT][/lib/testcases/archiveData.php][19/Aug/27 20:59:16][19/Aug/27 20:59:16][took 0.002773 secs]
[>>][5d6599a4ac7df635367301][DEFAULT][/lib/testcases/archiveData.php][19/Aug/27 20:59:16]
[<<][5d6599a4ac7df635367301][DEFAULT][/lib/testcases/archiveData.php][19/Aug/27 20:59:16][19/Aug/27 20:59:16][took 0.030776 secs]
[<<][5d6599aec647d599035390][DEFAULT][/lib/testcases/archiveData.php][19/Aug/27 20:59:26][19/Aug/27 20:59:26][took 0.003335 secs]
[>>][5d6599aec72b6743556653][DEFAULT][/lib/testcases/archiveData.php][19/Aug/27 20:59:26]
[<<][5d6599aec72b6743556653][DEFAULT][/lib/testcases/archiveData.php][19/Aug/27 20:59:26][19/Aug/27 20:59:26][took 0.002522 secs]
[>>][5d6599aec7d30791227999][DEFAULT][/lib/testcases/archiveData.php][19/Aug/27 20:59:26]
[<<][5d6599aec7d30791227999][DEFAULT][/lib/testcases/archiveData.php][19/Aug/27 20:59:26][19/Aug/27 20:59:26][took 0.0092380000000001 secs]
[<<][5d659aa42634b893450847][DEFAULT][/lib/general/frmWorkArea.php][19/Aug/27 21:03:32][19/Aug/27 21:03:32][took 0.00336 secs]
[>>][5d659aa427133901775414][DEFAULT][/lib/general/frmWorkArea.php][19/Aug/27 21:03:32]
[<<][5d659aa427133901775414][DEFAULT][/lib/general/frmWorkArea.php][19/Aug/27 21:03:32][19/Aug/27 21:03:32][took 0.002898 secs]
[>>][5d659aa427d28440468739][DEFAULT][/lib/general/frmWorkArea.php][19/Aug/27 21:03:32]
[<<][5d659aa427d28440468739][DEFAULT][/lib/general/frmWorkArea.php][19/Aug/27 21:03:32][19/Aug/27 21:03:32][took 0.002198 secs]
[<<][5d659aa68b28f697981766][DEFAULT][/lib/general/frmWorkArea.php][19/Aug/27 21:03:34][19/Aug/27 21:03:34][took 0.004061 secs]
[>>][5d659aa68c352947493994][DEFAULT][/lib/general/frmWorkArea.php][19/Aug/27 21:03:34]
[<<][5d659aa68c352947493994][DEFAULT][/lib/general/frmWorkArea.php][19/Aug/27 21:03:34][19/Aug/27 21:03:34][took 0.0028870000000001 secs]
[>>][5d659aa68cf38695374388][DEFAULT][/lib/general/frmWorkArea.php][19/Aug/27 21:03:34]
[<<][5d659aa68cf38695374388][DEFAULT][/lib/general/frmWorkArea.php][19/Aug/27 21:03:34][19/Aug/27 21:03:34][took 0.003237 secs]
[<<][5d659aa87ddd4219583687][DEFAULT][/lib/general/frmWorkArea.php][19/Aug/27 21:03:36][19/Aug/27 21:03:36][took 0.003289 secs]
[>>][5d659aa87eb8d356689701][DEFAULT][/lib/general/frmWorkArea.php][19/Aug/27 21:03:36]
[<<][5d659aa87eb8d356689701][DEFAULT][/lib/general/frmWorkArea.php][19/Aug/27 21:03:36][19/Aug/27 21:03:36][took 0.002735 secs]
[>>][5d659aa87f6fa286567563][DEFAULT][/lib/general/frmWorkArea.php][19/Aug/27 21:03:36]
[<<][5d659aa87f6fa286567563][DEFAULT][/lib/general/frmWorkArea.php][19/Aug/27 21:03:36][19/Aug/27 21:03:36][took 0.0024390000000001 secs]
[<<][5d659aa91a6eb498235484][DEFAULT][/lib/general/frmWorkArea.php][19/Aug/27 21:03:37][19/Aug/27 21:03:37][took 0.00297 secs]
[>>][5d659aa91b39e810457473][DEFAULT][/lib/general/frmWorkArea.php][19/Aug/27 21:03:37]
[<<][5d659aa91b39e810457473][DEFAULT][/lib/general/frmWorkArea.php][19/Aug/27 21:03:37][19/Aug/27 21:03:37][took 0.002246 secs]
[>>][5d659aa91bd0f870389233][DEFAULT][/lib/general/frmWorkArea.php][19/Aug/27 21:03:37]
[<<][5d659aa91bd0f870389233][DEFAULT][/lib/general/frmWorkArea.php][19/Aug/27 21:03:37][19/Aug/27 21:03:37][took 0.00273 secs]
[<<][5d659aa95f7f0017914621][DEFAULT][/lib/general/frmWorkArea.php][19/Aug/27 21:03:37][19/Aug/27 21:03:37][took 0.003286 secs]
[>>][5d659aa960591404451048][DEFAULT][/lib/general/frmWorkArea.php][19/Aug/27 21:03:37]
[<<][5d659aa960591404451048][DEFAULT][/lib/general/frmWorkArea.php][19/Aug/27 21:03:37][19/Aug/27 21:03:37][took 0.002803 secs]
[>>][5d659aa961124756757822][DEFAULT][/lib/general/frmWorkArea.php][19/Aug/27 21:03:37]
[<<][5d659aa961124756757822][DEFAULT][/lib/general/frmWorkArea.php][19/Aug/27 21:03:37][19/Aug/27 21:03:37][took 0.00217 secs]
[<<][5d659aa998341537689167][DEFAULT][/lib/general/frmWorkArea.php][19/Aug/27 21:03:37][19/Aug/27 21:03:37][took 0.003055 secs]
[>>][5d659aa998ffa776640262][DEFAULT][/lib/general/frmWorkArea.php][19/Aug/27 21:03:37]
[<<][5d659aa998ffa776640262][DEFAULT][/lib/general/frmWorkArea.php][19/Aug/27 21:03:37][19/Aug/27 21:03:37][took 0.002571 secs]
[>>][5d659aa999aa6600734504][DEFAULT][/lib/general/frmWorkArea.php][19/Aug/27 21:03:37]
[<<][5d659aa999aa6600734504][DEFAULT][/lib/general/frmWorkArea.php][19/Aug/27 21:03:37][19/Aug/27 21:03:37][took 0.0023260000000001 secs]
[<<][5d659aa9c352c416840684][DEFAULT][/lib/general/frmWorkArea.php][19/Aug/27 21:03:37][19/Aug/27 21:03:37][took 0.003459 secs]
[>>][5d659aa9c4384633143296][DEFAULT][/lib/general/frmWorkArea.php][19/Aug/27 21:03:37]
[<<][5d659aa9c4384633143296][DEFAULT][/lib/general/frmWorkArea.php][19/Aug/27 21:03:37][19/Aug/27 21:03:37][took 0.002964 secs]
[>>][5d659aa9c4fb9945666744][DEFAULT][/lib/general/frmWorkArea.php][19/Aug/27 21:03:37]
[<<][5d659aa9c4fb9945666744][DEFAULT][/lib/general/frmWorkArea.php][19/Aug/27 21:03:37][19/Aug/27 21:03:37][took 0.00212 secs]
[<<][5d659aaa04c07557241757][DEFAULT][/lib/general/frmWorkArea.php][19/Aug/27 21:03:38][19/Aug/27 21:03:38][took 0.003941 secs]
[>>][5d659aaa05c79280334553][DEFAULT][/lib/general/frmWorkArea.php][19/Aug/27 21:03:38]
[<<][5d659aaa05c79280334553][DEFAULT][/lib/general/frmWorkArea.php][19/Aug/27 21:03:38][19/Aug/27 21:03:38][took 0.002814 secs]
[>>][5d659aaa0681c843915377][DEFAULT][/lib/general/frmWorkArea.php][19/Aug/27 21:03:38]
[<<][5d659aaa0681c843915377][DEFAULT][/lib/general/frmWorkArea.php][19/Aug/27 21:03:38][19/Aug/27 21:03:38][took 0.006606 secs]
[<<][5d659aaa397d0276097463][DEFAULT][/lib/general/frmWorkArea.php][19/Aug/27 21:03:38][19/Aug/27 21:03:38][took 0.003341 secs]
[>>][5d659aaa3a5a9457476095][DEFAULT][/lib/general/frmWorkArea.php][19/Aug/27 21:03:38]
[<<][5d659aaa3a5a9457476095][DEFAULT][/lib/general/frmWorkArea.php][19/Aug/27 21:03:38][19/Aug/27 21:03:38][took 0.0051 secs]
[>>][5d659aaa3ba2f585952205][DEFAULT][/lib/general/frmWorkArea.php][19/Aug/27 21:03:38]
[<<][5d659aaa3ba2f585952205][DEFAULT][/lib/general/frmWorkArea.php][19/Aug/27 21:03:38][19/Aug/27 21:03:38][took 0.002227 secs]
[<<][5d659aaa6ec77605659298][DEFAULT][/lib/general/frmWorkArea.php][19/Aug/27 21:03:38][19/Aug/27 21:03:38][took 0.003302 secs]
[>>][5d659aaa6fa1f480564346][DEFAULT][/lib/general/frmWorkArea.php][19/Aug/27 21:03:38]
[<<][5d659aaa6fa1f480564346][DEFAULT][/lib/general/frmWorkArea.php][19/Aug/27 21:03:38][19/Aug/27 21:03:38][took 0.003247 secs]
[>>][5d659aaa7076a941296123][DEFAULT][/lib/general/frmWorkArea.php][19/Aug/27 21:03:38]
[<<][5d659aaa7076a941296123][DEFAULT][/lib/general/frmWorkArea.php][19/Aug/27 21:03:38][19/Aug/27 21:03:38][took 0.002173 secs]
[<<][5d659aaaa64b6850112236][DEFAULT][/lib/general/frmWorkArea.php][19/Aug/27 21:03:38][19/Aug/27 21:03:38][took 0.003231 secs]
[>>][5d659aaaa720f682624977][DEFAULT][/lib/general/frmWorkArea.php][19/Aug/27 21:03:38]
[<<][5d659aaaa720f682624977][DEFAULT][/lib/general/frmWorkArea.php][19/Aug/27 21:03:38][19/Aug/27 21:03:38][took 0.003259 secs]
[>>][5d659aaaa7f96422306127][DEFAULT][/lib/general/frmWorkArea.php][19/Aug/27 21:03:38]
[<<][5d659aaaa7f96422306127][DEFAULT][/lib/general/frmWorkArea.php][19/Aug/27 21:03:38][19/Aug/27 21:03:38][took 0.002142 secs]
[<<][5d659aacf0ab0315300405][DEFAULT][/lib/general/frmWorkArea.php][19/Aug/27 21:03:40][19/Aug/27 21:03:40][took 0.003448 secs]
[>>][5d659aacf18fb160765007][DEFAULT][/lib/general/frmWorkArea.php][19/Aug/27 21:03:40]
[<<][5d659aacf18fb160765007][DEFAULT][/lib/general/frmWorkArea.php][19/Aug/27 21:03:40][19/Aug/27 21:03:40][took 0.002872 secs]
[>>][5d659aacf24d5492676967][DEFAULT][/lib/general/frmWorkArea.php][19/Aug/27 21:03:40]
[<<][5d659aacf24d5492676967][DEFAULT][/lib/general/frmWorkArea.php][19/Aug/27 21:03:40][19/Aug/27 21:03:40][took 0.002185 secs]
[<<][5d659aad093a2245828011][DEFAULT][/lib/execute/execNavigator.php][19/Aug/27 21:03:41][19/Aug/27 21:03:41][took 0.003304 secs]
[>>][5d659aad0a13d137184262][DEFAULT][/lib/execute/execNavigator.php][19/Aug/27 21:03:41]
[<<][5d659aad0a13d137184262][DEFAULT][/lib/execute/execNavigator.php][19/Aug/27 21:03:41][19/Aug/27 21:03:41][took 0.002815 secs]
[>>][5d659aad0acdc986976968][DEFAULT][/lib/execute/execNavigator.php][19/Aug/27 21:03:41]
[<<][5d659aad0acdc986976968][DEFAULT][/lib/execute/execNavigator.php][19/Aug/27 21:03:41][19/Aug/27 21:03:41][took 0.112678 secs]
[<<][5d659aad16462198499718][DEFAULT][/lib/execute/execDashboard.php][19/Aug/27 21:03:41][19/Aug/27 21:03:41][took 0.075123 secs]
[>>][5d659aad28a88173412057][DEFAULT][/lib/execute/execDashboard.php][19/Aug/27 21:03:41]
[<<][5d659aad28a88173412057][DEFAULT][/lib/execute/execDashboard.php][19/Aug/27 21:03:41][19/Aug/27 21:03:41][took 0.002698 secs]
[>>][5d659aad2959b512319405][DEFAULT][/lib/execute/execDashboard.php][19/Aug/27 21:03:41]
[<<][5d659aad2959b512319405][DEFAULT][/lib/execute/execDashboard.php][19/Aug/27 21:03:41][19/Aug/27 21:03:41][took 0.00811 secs]
[<<][5d659aad72734603716300][DEFAULT][/lib/execute/execDashboard.php][19/Aug/27 21:03:41][19/Aug/27 21:03:41][took 0.002845 secs]
[>>][5d659aad7330d542213114][DEFAULT][/lib/execute/execDashboard.php][19/Aug/27 21:03:41]
[<<][5d659aad7330d542213114][DEFAULT][/lib/execute/execDashboard.php][19/Aug/27 21:03:41][19/Aug/27 21:03:41][took 0.003122 secs]
[>>][5d659aad73fdf993268533][DEFAULT][/lib/execute/execDashboard.php][19/Aug/27 21:03:41]
[<<][5d659aad73fdf993268533][DEFAULT][/lib/execute/execDashboard.php][19/Aug/27 21:03:41][19/Aug/27 21:03:41][took 0.004415 secs]
[<<][5d659ab620f44951724881][DEFAULT][/lib/general/frmWorkArea.php][19/Aug/27 21:03:50][19/Aug/27 21:03:50][took 0.003313 secs]
[>>][5d659ab621cf7736798184][DEFAULT][/lib/general/frmWorkArea.php][19/Aug/27 21:03:50]
[<<][5d659ab621cf7736798184][DEFAULT][/lib/general/frmWorkArea.php][19/Aug/27 21:03:50][19/Aug/27 21:03:50][took 0.002783 secs]
[>>][5d659ab622876413502366][DEFAULT][/lib/general/frmWorkArea.php][19/Aug/27 21:03:50]
[<<][5d659ab622876413502366][DEFAULT][/lib/general/frmWorkArea.php][19/Aug/27 21:03:50][19/Aug/27 21:03:50][took 0.002169 secs]
[<<][5d659ab7df732402113062][DEFAULT][/lib/general/frmWorkArea.php][19/Aug/27 21:03:51][19/Aug/27 21:03:51][took 0.003264 secs]
[>>][5d659ab7e04c0205866841][DEFAULT][/lib/general/frmWorkArea.php][19/Aug/27 21:03:51]
[<<][5d659ab7e04c0205866841][DEFAULT][/lib/general/frmWorkArea.php][19/Aug/27 21:03:51][19/Aug/27 21:03:51][took 0.002503 secs]
[>>][5d659ab7e0f2a271572844][DEFAULT][/lib/general/frmWorkArea.php][19/Aug/27 21:03:51]
[<<][5d659ab7e0f2a271572844][DEFAULT][/lib/general/frmWorkArea.php][19/Aug/27 21:03:51][19/Aug/27 21:03:51][took 0.0061380000000001 secs]
[<<][5d659ab816f5c189166063][DEFAULT][/lib/execute/execNavigator.php][19/Aug/27 21:03:52][19/Aug/27 21:03:52][took 0.003398 secs]
[>>][5d659ab817d66488382705][DEFAULT][/lib/execute/execNavigator.php][19/Aug/27 21:03:52]
[<<][5d659ab817d66488382705][DEFAULT][/lib/execute/execNavigator.php][19/Aug/27 21:03:52][19/Aug/27 21:03:52][took 0.00277 secs]
[>>][5d659ab8188d8044000098][DEFAULT][/lib/execute/execNavigator.php][19/Aug/27 21:03:52]
[<<][5d659ab8188d8044000098][DEFAULT][/lib/execute/execNavigator.php][19/Aug/27 21:03:52][19/Aug/27 21:03:52][took 0.110426 secs]
[<<][5d659ab84392c168948322][DEFAULT][/lib/execute/execDashboard.php][19/Aug/27 21:03:52][19/Aug/27 21:03:52][took 0.003388 secs]
[>>][5d659ab844724695818706][DEFAULT][/lib/execute/execDashboard.php][19/Aug/27 21:03:52]
[<<][5d659ab844724695818706][DEFAULT][/lib/execute/execDashboard.php][19/Aug/27 21:03:52][19/Aug/27 21:03:52][took 0.00257 secs]
[>>][5d659ab8451dd820668150][DEFAULT][/lib/execute/execDashboard.php][19/Aug/27 21:03:52]
[<<][5d659ab8451dd820668150][DEFAULT][/lib/execute/execDashboard.php][19/Aug/27 21:03:52][19/Aug/27 21:03:52][took 0.0053 secs]
[<<][5d659ab88fe1b881673908][DEFAULT][/lib/execute/execDashboard.php][19/Aug/27 21:03:52][19/Aug/27 21:03:52][took 0.003378 secs]
[>>][5d659ab890c0d505653342][DEFAULT][/lib/execute/execDashboard.php][19/Aug/27 21:03:52]
[<<][5d659ab890c0d505653342][DEFAULT][/lib/execute/execDashboard.php][19/Aug/27 21:03:52][19/Aug/27 21:03:52][took 0.002536 secs]
[>>][5d659ab891694004633697][DEFAULT][/lib/execute/execDashboard.php][19/Aug/27 21:03:52]
[<<][5d659ab891694004633697][DEFAULT][/lib/execute/execDashboard.php][19/Aug/27 21:03:52][19/Aug/27 21:03:52][took 0.004273 secs]
[<<][5d659aca37d40161423573][DEFAULT][/lib/plan/planExport.php][19/Aug/27 21:04:10][19/Aug/27 21:04:10][took 0.003391 secs]
[>>][5d659aca38b61882170553][DEFAULT][/lib/plan/planExport.php][19/Aug/27 21:04:10]
[<<][5d659aca38b61882170553][DEFAULT][/lib/plan/planExport.php][19/Aug/27 21:04:10][19/Aug/27 21:04:10][took 0.002732 secs]
[>>][5d659aca396ae431733688][DEFAULT][/lib/plan/planExport.php][19/Aug/27 21:04:10]
	[19/Aug/27 21:04:10][WARNING][hk57qiir54bubc0col9okr8iur][GUI - Test Project ID : 21]
		E_NOTICE
Undefined index: testcases_to_show - in /opt/bitnami/apps/testlink/htdocs/lib/plan/planExport.php - Line 150
[<<][5d659aca396ae431733688][DEFAULT][/lib/plan/planExport.php][19/Aug/27 21:04:10][19/Aug/27 21:04:10][took 0.057428 secs]
[<<][5d659acd8cb7d157249304][DEFAULT][/lib/plan/planExport.php][19/Aug/27 21:04:13][19/Aug/27 21:04:13][took 0.003336 secs]
[>>][5d659acd8d95d633670293][DEFAULT][/lib/plan/planExport.php][19/Aug/27 21:04:13]
[<<][5d659acd8d95d633670293][DEFAULT][/lib/plan/planExport.php][19/Aug/27 21:04:13][19/Aug/27 21:04:13][took 0.002661 secs]
[>>][5d659acd8e466062094653][DEFAULT][/lib/plan/planExport.php][19/Aug/27 21:04:13]
	[19/Aug/27 21:04:13][WARNING][hk57qiir54bubc0col9okr8iur][GUI - Test Project ID : 21]
		E_NOTICE
Undefined index: testcases_to_show - in /opt/bitnami/apps/testlink/htdocs/lib/plan/planExport.php - Line 150
[<<][5d659acd8e466062094653][DEFAULT][/lib/plan/planExport.php][19/Aug/27 21:04:13][19/Aug/27 21:04:13][took 0.093566 secs]
	[19/Aug/27 23:04:30][AUDIT][hk57qiir54bubc0col9okr8iur][GUI - Test Project ID : 21]
		Login for 'jeff.ferrin' from '209.253.35.146' succeeded
[<<][5d65b6feec6cc478249027][DEFAULT][/login.php][19/Aug/27 23:04:30][19/Aug/27 23:04:31][took 0.062698 secs]
[<<][5d65b6ff20dd1165300863][DEFAULT][/index.php][19/Aug/27 23:04:31][19/Aug/27 23:04:31][took 0.003508 secs]
[>>][5d65b6ff21c4f323228487][DEFAULT][/index.php][19/Aug/27 23:04:31]
[<<][5d65b6ff21c4f323228487][DEFAULT][/index.php][19/Aug/27 23:04:31][19/Aug/27 23:04:31][took 0.00261 secs]
[<<][5d65b6ff2d7be707818820][DEFAULT][/lib/general/navBar.php][19/Aug/27 23:04:31][19/Aug/27 23:04:31][took 0.003248 secs]
[>>][5d65b6ff2e524981654955][DEFAULT][/lib/general/navBar.php][19/Aug/27 23:04:31]
[<<][5d65b6ff2e524981654955][DEFAULT][/lib/general/navBar.php][19/Aug/27 23:04:31][19/Aug/27 23:04:31][took 0.002742 secs]
[>>][5d65b6ff2f07b042934151][DEFAULT][/lib/general/navBar.php][19/Aug/27 23:04:31]
[<<][5d65b6ff2f07b042934151][DEFAULT][/lib/general/navBar.php][19/Aug/27 23:04:31][19/Aug/27 23:04:31][took 0.004303 secs]
[<<][5d65b6ff3ce86314774685][DEFAULT][/lib/general/mainPage.php][19/Aug/27 23:04:31][19/Aug/27 23:04:31][took 0.002652 secs]
[>>][5d65b6ff3d990496199474][DEFAULT][/lib/general/mainPage.php][19/Aug/27 23:04:31]
[<<][5d65b6ff3d990496199474][DEFAULT][/lib/general/mainPage.php][19/Aug/27 23:04:31][19/Aug/27 23:04:31][took 0.002355 secs]
[>>][5d65b6ff3e406657526144][DEFAULT][/lib/general/mainPage.php][19/Aug/27 23:04:31]
	[19/Aug/27 23:04:31][WARNING][hk57qiir54bubc0col9okr8iur][GUI - Test Project ID : 21]
		E_NOTICE
Undefined index: platform_view - in /opt/bitnami/apps/testlink/htdocs/gui/templates_c/835a037b28214872edd369779d57f903f1734c6a.file.mainPageLeft.tpl.php - Line 205
[<<][5d65b6ff3e406657526144][DEFAULT][/lib/general/mainPage.php][19/Aug/27 23:04:31][19/Aug/27 23:04:31][took 0.073929 secs]
[<<][5d65b701aeb9f705147397][DEFAULT][/lib/general/frmWorkArea.php][19/Aug/27 23:04:33][19/Aug/27 23:04:33][took 0.003279 secs]
[>>][5d65b701af93c105843643][DEFAULT][/lib/general/frmWorkArea.php][19/Aug/27 23:04:33]
[<<][5d65b701af93c105843643][DEFAULT][/lib/general/frmWorkArea.php][19/Aug/27 23:04:33][19/Aug/27 23:04:33][took 0.002852 secs]
[>>][5d65b701b0503771468741][DEFAULT][/lib/general/frmWorkArea.php][19/Aug/27 23:04:33]
[<<][5d65b701b0503771468741][DEFAULT][/lib/general/frmWorkArea.php][19/Aug/27 23:04:33][19/Aug/27 23:04:33][took 0.00079899999999999 secs]
[<<][5d65b701c0d5a679873033][DEFAULT][/lib/testcases/listTestCases.php][19/Aug/27 23:04:33][19/Aug/27 23:04:33][took 0.002706 secs]
[>>][5d65b701c18bb925520373][DEFAULT][/lib/testcases/listTestCases.php][19/Aug/27 23:04:33]
[<<][5d65b701c18bb925520373][DEFAULT][/lib/testcases/listTestCases.php][19/Aug/27 23:04:33][19/Aug/27 23:04:33][took 0.003134 secs]
[>>][5d65b701c2591625572569][DEFAULT][/lib/testcases/listTestCases.php][19/Aug/27 23:04:33]
[<<][5d65b701c2591625572569][DEFAULT][/lib/testcases/listTestCases.php][19/Aug/27 23:04:33][19/Aug/27 23:04:33][took 0.015079 secs]
[<<][5d65b701c1199581747139][DEFAULT][/lib/testcases/archiveData.php][19/Aug/27 23:04:33][19/Aug/27 23:04:33][took 0.025218 secs]
[>>][5d65b701c74b7212998091][DEFAULT][/lib/testcases/archiveData.php][19/Aug/27 23:04:33]
[<<][5d65b701c74b7212998091][DEFAULT][/lib/testcases/archiveData.php][19/Aug/27 23:04:33][19/Aug/27 23:04:33][took 0.002131 secs]
[>>][5d65b701c7d98658861255][DEFAULT][/lib/testcases/archiveData.php][19/Aug/27 23:04:33]
[<<][5d65b701c7d98658861255][DEFAULT][/lib/testcases/archiveData.php][19/Aug/27 23:04:33][19/Aug/27 23:04:33][took 0.008238 secs]
[<<][5d65b701e5356791965055][DEFAULT][/lib/ajax/gettprojectnodes.php][19/Aug/27 23:04:33][19/Aug/27 23:04:33][took 0.002672 secs]
[>>][5d65b701e5e6b930024304][DEFAULT][/lib/ajax/gettprojectnodes.php][19/Aug/27 23:04:33]
[<<][5d65b701e5e6b930024304][DEFAULT][/lib/ajax/gettprojectnodes.php][19/Aug/27 23:04:33][19/Aug/27 23:04:33][took 0.002123 secs]
[>>][5d65b701e673f400380920][DEFAULT][/lib/ajax/gettprojectnodes.php][19/Aug/27 23:04:33]
[<<][5d65b701e673f400380920][DEFAULT][/lib/ajax/gettprojectnodes.php][19/Aug/27 23:04:33][19/Aug/27 23:04:33][took 0.019303 secs]
[<<][5d65b719ad4fc879027444][DEFAULT][/lib/ajax/gettprojectnodes.php][19/Aug/27 23:04:57][19/Aug/27 23:04:57][took 0.0033569999999999 secs]
[>>][5d65b719ae311396278409][DEFAULT][/lib/ajax/gettprojectnodes.php][19/Aug/27 23:04:57]
[<<][5d65b719ae311396278409][DEFAULT][/lib/ajax/gettprojectnodes.php][19/Aug/27 23:04:57][19/Aug/27 23:04:57][took 0.003305 secs]
[>>][5d65b719af1ce985788968][DEFAULT][/lib/ajax/gettprojectnodes.php][19/Aug/27 23:04:57]
[<<][5d65b719af1ce985788968][DEFAULT][/lib/ajax/gettprojectnodes.php][19/Aug/27 23:04:57][19/Aug/27 23:04:57][took 0.0023839999999999 secs]
[<<][5d65b71bdd21d696386224][DEFAULT][/lib/ajax/gettprojectnodes.php][19/Aug/27 23:04:59][19/Aug/27 23:04:59][took 0.003324 secs]
[>>][5d65b71bddfe4180896077][DEFAULT][/lib/ajax/gettprojectnodes.php][19/Aug/27 23:04:59]
[<<][5d65b71bddfe4180896077][DEFAULT][/lib/ajax/gettprojectnodes.php][19/Aug/27 23:04:59][19/Aug/27 23:04:59][took 0.002516 secs]
[>>][5d65b71bdea58319529914][DEFAULT][/lib/ajax/gettprojectnodes.php][19/Aug/27 23:04:59]
[<<][5d65b71bdea58319529914][DEFAULT][/lib/ajax/gettprojectnodes.php][19/Aug/27 23:04:59][19/Aug/27 23:04:59][took 0.002342 secs]
[<<][5d65b71e0ef74843451473][DEFAULT][/lib/ajax/gettprojectnodes.php][19/Aug/27 23:05:02][19/Aug/27 23:05:02][took 0.003359 secs]
[>>][5d65b71e0fd5f231448332][DEFAULT][/lib/ajax/gettprojectnodes.php][19/Aug/27 23:05:02]
[<<][5d65b71e0fd5f231448332][DEFAULT][/lib/ajax/gettprojectnodes.php][19/Aug/27 23:05:02][19/Aug/27 23:05:02][took 0.002608 secs]
[>>][5d65b71e10831149359910][DEFAULT][/lib/ajax/gettprojectnodes.php][19/Aug/27 23:05:02]
[<<][5d65b71e10831149359910][DEFAULT][/lib/ajax/gettprojectnodes.php][19/Aug/27 23:05:02][19/Aug/27 23:05:02][took 0.001611 secs]
[<<][5d65b72209827334214482][DEFAULT][/lib/testcases/archiveData.php][19/Aug/27 23:05:06][19/Aug/27 23:05:06][took 0.003313 secs]
[>>][5d65b7220a5e5239613460][DEFAULT][/lib/testcases/archiveData.php][19/Aug/27 23:05:06]
[<<][5d65b7220a5e5239613460][DEFAULT][/lib/testcases/archiveData.php][19/Aug/27 23:05:06][19/Aug/27 23:05:06][took 0.002877 secs]
[>>][5d65b7220b1c1645975897][DEFAULT][/lib/testcases/archiveData.php][19/Aug/27 23:05:06]
[<<][5d65b7220b1c1645975897][DEFAULT][/lib/testcases/archiveData.php][19/Aug/27 23:05:06][19/Aug/27 23:05:06][took 0.009044 secs]
[<<][5d65b72696598807703755][DEFAULT][/lib/testcases/archiveData.php][19/Aug/27 23:05:10][19/Aug/27 23:05:10][took 0.003386 secs]
[>>][5d65b72697395955543350][DEFAULT][/lib/testcases/archiveData.php][19/Aug/27 23:05:10]
[<<][5d65b72697395955543350][DEFAULT][/lib/testcases/archiveData.php][19/Aug/27 23:05:10][19/Aug/27 23:05:10][took 0.0026710000000001 secs]
[>>][5d65b72697ea5188980545][DEFAULT][/lib/testcases/archiveData.php][19/Aug/27 23:05:10]
[<<][5d65b72697ea5188980545][DEFAULT][/lib/testcases/archiveData.php][19/Aug/27 23:05:10][19/Aug/27 23:05:10][took 0.03379 secs]
[<<][5d65b729a92ee580631032][DEFAULT][/lib/testcases/archiveData.php][19/Aug/27 23:05:13][19/Aug/27 23:05:13][took 0.0032140000000001 secs]
[>>][5d65b729aa034061737205][DEFAULT][/lib/testcases/archiveData.php][19/Aug/27 23:05:13]
[<<][5d65b729aa034061737205][DEFAULT][/lib/testcases/archiveData.php][19/Aug/27 23:05:13][19/Aug/27 23:05:13][took 0.002705 secs]
[>>][5d65b729aab66439528749][DEFAULT][/lib/testcases/archiveData.php][19/Aug/27 23:05:13]
[<<][5d65b729aab66439528749][DEFAULT][/lib/testcases/archiveData.php][19/Aug/27 23:05:13][19/Aug/27 23:05:13][took 0.035627 secs]
[<<][5d65b72a7c042718152483][DEFAULT][/lib/testcases/archiveData.php][19/Aug/27 23:05:14][19/Aug/27 23:05:14][took 0.003335 secs]
[>>][5d65b72a7ce11742145517][DEFAULT][/lib/testcases/archiveData.php][19/Aug/27 23:05:14]
[<<][5d65b72a7ce11742145517][DEFAULT][/lib/testcases/archiveData.php][19/Aug/27 23:05:14][19/Aug/27 23:05:14][took 0.0028900000000001 secs]
[>>][5d65b72a7d9fb788664986][DEFAULT][/lib/testcases/archiveData.php][19/Aug/27 23:05:14]
[<<][5d65b72a7d9fb788664986][DEFAULT][/lib/testcases/archiveData.php][19/Aug/27 23:05:14][19/Aug/27 23:05:14][took 0.034006 secs]
[<<][5d65b72b24025429314200][DEFAULT][/lib/testcases/archiveData.php][19/Aug/27 23:05:15][19/Aug/27 23:05:15][took 0.00321 secs]
[>>][5d65b72b24d5f383529517][DEFAULT][/lib/testcases/archiveData.php][19/Aug/27 23:05:15]
[<<][5d65b72b24d5f383529517][DEFAULT][/lib/testcases/archiveData.php][19/Aug/27 23:05:15][19/Aug/27 23:05:15][took 0.00229 secs]
[>>][5d65b72b2578a324649362][DEFAULT][/lib/testcases/archiveData.php][19/Aug/27 23:05:15]
[<<][5d65b72b2578a324649362][DEFAULT][/lib/testcases/archiveData.php][19/Aug/27 23:05:15][19/Aug/27 23:05:15][took 0.05077 secs]
[<<][5d65b72cdb839067763680][DEFAULT][/lib/testcases/archiveData.php][19/Aug/27 23:05:16][19/Aug/27 23:05:16][took 0.0033300000000001 secs]
[>>][5d65b72cdc603739767162][DEFAULT][/lib/testcases/archiveData.php][19/Aug/27 23:05:16]
[<<][5d65b72cdc603739767162][DEFAULT][/lib/testcases/archiveData.php][19/Aug/27 23:05:16][19/Aug/27 23:05:16][took 0.002783 secs]
[>>][5d65b72cdd18a431815067][DEFAULT][/lib/testcases/archiveData.php][19/Aug/27 23:05:16]
[<<][5d65b72cdd18a431815067][DEFAULT][/lib/testcases/archiveData.php][19/Aug/27 23:05:16][19/Aug/27 23:05:16][took 0.030805 secs]
[<<][5d65b72e1dbfa274618203][DEFAULT][/lib/testcases/archiveData.php][19/Aug/27 23:05:18][19/Aug/27 23:05:18][took 0.003437 secs]
[>>][5d65b72e1ea4c491384114][DEFAULT][/lib/testcases/archiveData.php][19/Aug/27 23:05:18]
[<<][5d65b72e1ea4c491384114][DEFAULT][/lib/testcases/archiveData.php][19/Aug/27 23:05:18][19/Aug/27 23:05:18][took 0.00283 secs]
[>>][5d65b72e1f5fa094384359][DEFAULT][/lib/testcases/archiveData.php][19/Aug/27 23:05:18]
[<<][5d65b72e1f5fa094384359][DEFAULT][/lib/testcases/archiveData.php][19/Aug/27 23:05:18][19/Aug/27 23:05:18][took 0.028572 secs]
